1000
0000
1111
1011
0000
0000
0010
0000
0111
0111
1111
0000
0000
1011
0101
1001
0000
1100
0000
0000
0100
1100
0000
0000
1110
0000
0100
0000
1111
0110
0000
0000
0111
0000
0000
0000
0001
1000
0001
0001
0100
0000
0000
1011
0000
0110
0110
1100
0111
0110
0000
1110
1010
0000
0100
0000
0000
0000
1001
0100
1101
0000
0000
0000
1111
0000
0100
0110
1111
1011
0101
0000
0000
0000
1110
0101
0000
1101
0000
0000
0110
1100
0000
1111
0000
1101
0000
0001
0000
0111
0001
1111
0000
1101
1110
0111
0000
0000
1101
1110
0010
0000
1011
1000
1011
0000
0000
0001
0000
1110
1000
0000
1100
1011
1001
0000
0000
0001
1111
0000
1011
0000
0000
0000
0111
0111
0100
1100
1111
0000
1110
0000
0000
1110
0011
0000
1110
0111
0000
1111
1000
0000
0000
1111
1001
0011
0010
1101
0101
0000
1011
0000
0101
0000
0000
0010
0100
0000
0011
0010
1111
0000
1011
1001
0010
0000
0000
0000
1000
0000
1111
1001
0111
1111
1000
0000
0000
1111
0011
0000
1000
0000
1101
0101
0000
0010
0000
0000
0001
1111
1110
1000
0101
0110
0000
0011
0110
0111
0101
0000
0100
0000
0011
0000
0000
1100
0000
1010
1000
0000
1001
0000
1110
0000
1011
0000
1101
0000
0000
1100
0000
0000
0000
1001
1101
0000
0000
0000
1111
1111
1101
0011
1010
0000
1111
0000
0110
0000
0000
0000
1000
0000
0000
0000
0000
0000
0000
0000
0101
1101
0001
0000
1010
0101
1111
0000
0000
0000
0000
0000
1000
0000
0111
0111
1110
