0011111110101000000010000010000
0100110101000000001100000100000
0100101100100000011010100000000
1011101111101000000001010110100
0110101001111111111011011111111
0000000000000000000000000000000
0000011000101100101011000100100
0100110101110111011000010100001
1001010100001001000000000000100
0001110111010111110010101101110
1010001011110100100011111100010
0101001010001101101100101110001
0000000000000000000000000000000
0110111111010111111111111011110
1010000000000000000000001001000
1100111111011000111110111110110
0000000000000000000000000000000
0101001000111101111101010001101
0001000011000011100001110001001
0001001101001101110110011000000
0000000000000000000000011110011
0111001100111100111111000001111
0111111001010110001001001111101
0000000000000000000000000000000
0110000001010100001001000000100
1111001111111001011101111101100
0010000010000000000001000000001
0000000000000000000000000000000
0000001000000100000000000000101
1110011011110011110110011011000
0000110010000001000111100100000
0000000000000000001001001100101
0000000101010111011000100011010
0000000000000000001011000011110
0000000000000000000000000000000
0100100001100000000000000101000
0000100101001000111100100001001
0000000000000000000000000000000
0000000000000000000000000000000
0000000000000000000000000000000
1111110001111110111111011011011
1110111011111010001111010111101
1101111010111001000111000000000
1000100001001000110001000000000
0100000000000000000000000000000
0000000000000000000000000000000
0000010100000000001000000000100
0010101000000000101000000000110
1010011111001111111111011110111
1111111111001011111011110111010
0000111111011111000011001110110
0000000000100110100010001000010
0000000011000000001000000001001
0001110001111110101001000101000
1011101100111111111101111101110
0000000000000000000000000000000
1010000000010000000000000000100
1110111111011111111011111011000
0000000000000000000000000000000
1111110111100011010110111111011
0000000000000000000000101001001
0000000000000000000000000000000
0000000000010001011000010100001
1000110010000101011111110001000
1000000011000000111001001000000
0000000000110110011011110001010
0000100000000001100010000001001
0000000000000000000010111001011
1111111010111101111101011111111
0001101110110100011111110100101
1001111011100111100101111111111
1001000011000011000000001000000
0000000000000000000000000000000
0000100011000011011010010000001
0100000010101100001010000001100
0001110001010100100000000100100
1001111000011010111111100100101
1010001101010000101110111101011
0110010010000000000010001000000
0000000000000000000000000000000
0000000000000000000000000000000
0100110011010000101111000000100
0000000000000000000000000000000
0010111111110001111100011001000
1111111111001111110111111110111
1110110001111111111110111011110
0000000000000111000001111101011
0000000001100000101100010000000
1100010001110000001101100011011
0000000000000000001010101110000
0100000110010010010001010000010
0101111101111111111111111111111
0001100001000001001010000010000
1101100111100100100100101001101
0000000000000000010010100000000
0000000000000000000000000000000
0110011110000000000000000000000
0000000000000000000000000000000
0000000000000000000000000000000
0000000000000000000000000000000
0000000000000000000000000000011
0001001000011000000010000000010
0110101111110110111100111001111
1100000100110110000000000000000
0000000000000000000001011111001
0000000000000000000000000000000
0010011110010111100111010010011
1011101101011101011000011101111
0000000000000000000000000101111
0111111111111101110011101111111
0010000010000000101001001100011
0000000000000000000000000000000
0110000011111100000000000000000
0000010100000010001101011011001
1011100000011000000110111110001
1110100111000110101001111001111
0000000000000000000000000000000
0000000000000000000000000000000
0000000000000000000000000000000
0000000000000000000000000000000
0000000000000000000000000000000
0000100110001100100010101111000
1011101000100010100101101110000
0000000000000000000000000000000
0001110000000010010000001100010
0110000001011010110011010100010
1011111000000100111100011100110
0000000000000000000000000101111
0000000000000000000000000000000
1100011110110101011100010111110
1010000010111011101111110001010
0000000000000000000000000000000
1010111111010111110011010101101
1000000100000000000000000000000
0011101010000001000100001110000
0000010000000010011101100100001
1111001000100111100010000000000
0100010111110000101000000000000
1000010100000010001000011011101
0000000000000000000000000000001
1010100110010110111001011111111
0100011100001001001111101100001
1101011111101101111110011111010
0000000000000000000000000000000
0000000000000000000000000000010
1001111011110011001001101111101
0100000001100000010000001000011
0000010000000000000000000000000
0111111111110011111111111110111
1101010110010000000000000000000
0000000000000000000000000000000
1111001111111010011111101111111
0000000000000000000000000000000
1010000010000000110001010010000
1000000001010000010010100100110
1111111110010111011111000011111
1110001010001001001000000111010
0000000000000011011011010011100
0011011001001100011011111111101
1011011011101010110100111011010
0000000000000000000000000000000
0010001011111000101011011111111
1000001100001011010110101011010
0000000010010111001011101000000
0011011111110011000010110111011
0000000000000000000000000000000
1111000000000000000000000000000
1001011011000101001011110100000
0000000000000000000000000000000
0000000000000000000000000000000
1000000101110110001010100110101
1000011010110000001001101110111
0011000100010010100010010110100
1111111011011110111111110001111
0000011000000000100000100110000
1101100001111111111011011111111
0011111101011111101011111110110
0011001111101110011001111101001
1110000000000000000000000000000
0001100011000001000010000000000
0000000000000000000000000000000
1110011110110011111011111110111
0000000000000000000000000000000
0100011110100110100010101001100
0101111110101111111011011011100
0000000000000000000000000000000
1001111000000111100001001101100
0000000000000000000100001010000
0000000000000000000000000000000
1000000001100001100000001000000
0000100001100010001001000101000
1110110000110011000000000000000
0000000000000000000000110001111
1000000100010000001000011000000
0010010100000111010110110011001
0110011110011111011010110111100
1001101001110010111100000000000
0000000000000000000000000000000
0000000000000000000000000000000
0000000000000000000000000000000
1011110111110000011110111010111
0000000000101110001010111000010
0001110000000010100100010000011
0000000000000000000000000000000
0100101110110110111000000000000
0111001111011111101101110110111
0010000000000000010001100001001
1001010100101100111100011100001
0000000000000000000000000000000
1111001111011111011111011011111
0000101100010010111110100110100
1111011111101110110011110111111
1010110001010001111111101011110
0011001100110111001111111111010
1101111011111001110011001110111
0010010000011000010110000111000
0000000001010000110100010100001
0000000000000000000000000000011
1101110111111110111111111011110
0011000000010101000000001101000
0000000000000000000000000000000
0100101101000100001000011001100
1111110011111111111011111011111
0110100101111010100101110100111
0110000000000000000100000000000
0000000000000000000000000000000
0101101010011100010100100000101
0010101101111010101100010010000
0011000000000001100010100000101
0000000000000000000000000000000
1101110101101010010100100000101
1101111110111011111111111001101
0000000000000000000000000000000
1011101110110111111101110000100
1111111110011011111010101101101
1011001100110111101111111111111
0111010011110000100010011001001
1000100110111010000110000110111
0000000000000000000000000000000
0000000000000000000000000111000
1010010001101100011110001101110
1110011000010010100111000111111
1101111010011111111111111111111
1101011111111011000000000000000
0000000000000000111011010101111
1111111011111111110110111101011
0010000001110011000000100001000
0000000000000000000000000000000
0000000000000000000000000000000
1010101000100000001000000000001
1111111010010101110110111111111
0000000000000000000000000000000
0100111001100000101011110010110
1100110101111110111111111111101
0101110111111010111101011011111
1001010100001000000010000010010
0000001111100101101100010100101
1101000101010010110010001100100
0000000000000000001101100101011
0001011010011000001010010100010
0110001101011001111010101011001
1010111111001111111100100111011
1001011010010000000111010011011
1111111111110101101011111111111
0000000000000000000000000000000
0000000000000000000111110010101
0010100010011000000000000001101
1100100000000000010100100001011
0110011011111110101111111111101
0110111110011111100101101110111
0101010001010110101000001001001
0000000011110000000010100001110
1101000111001000011011000101100
1011110100111000101010101111111
0000000000000000000000000000000
0000000000000000000000000000000
1000011000000000000000000000000
0000000000000000000000000000000
0011010000000000000000000000000
1111110111111001101101111111111
0000100010000000010100000110000
0100100000011010101010100101000
1000000110000010100111000111010
0000000000000000000000000000000
1011011100001010011010010110010
1111101010011010001110111111000
1110010010010001110100001111110
0101111110001011001010111000111
0100101000001001100010011001010
0000000000000000000000000000000
1101001111011100000000111010111
1000100000001010010000011110001
0000000000000000000000000000000
1110110011111001101101101111100
0011111011110110010110011011011
0000001001010010000101100011001
0100101111010101010100100100000
0110111010100000000011010110010
0000000000000000000000000000000
1000100010101000100001000010000
1111110001000000000000000000000
1000001010010000000010010100000
1111111110110111111010111011110
0101100010010000010100110011000
0000000000000000000000000000000
0000010110100101001011101001011
0000000000000000000000000000000
1100000010000000010000000000100
1111111111011111111111110101111
1000100000010010010000001001010
0000000000000000000000000000000
0010000000000000100000100000001
0100000100000101011010000000101
1000000011001000000000000101010
1000100111010110010000011101111
0100000000000000000000000000000
0010001010000100001111010101001
1100011001001000110011110111001
0000000000000000000000000000000
0110111111110011111101101111101
1100111010010100101111111111111
0100111111110111111111010111111
1101000111101111111111101111110
0000000000000000000000000000000
0000111010000100100110000101001
0000000011001101001100000001010
0110100100101011011011101010001
0000000000000000000000000000000
0011001001110001001000000100000
0000000000000000000000000000000
0010001001001011101111101111111
0000000000000000000000000000000
0110101110101111111101010111011
1000000101011101100110011100001
1101101011010101111110101111111
1111111111100101001111111011011
1110100101000011001111110111111
0000000000000000000000000000000
0110111110100011110111101111010
1111010111011110011111111111111
0010000010110100110100000000000
0000000000000000000000000000000
1000101111111001000010000010101
0000000001101000001010001100001
0000000000000000000000000000000
0010000000000001001000001000010
0010111100110100011011101011111
1111101110000000111111010111011
0000000000000000000000000000000
1010011001000000000000000000000
1010101000101001000000100100000
1101001110110110011000011111111
0100100100000010000001011000100
0000000000000000000000000000000
0000000000000000000000000000000
1110001000011001110000001110010
