1110000000100000100111010111001011100000001000001001110
1000001110011001110111011111010010000011100110011101110
0000000000000000000000000000000000000000000000000000000
0111100100101001000000010100011001111001001010010000000
0101111101011111011111111111001001011111010111110111111
1011111101011111111001111000110010111111010111111110011
0000000100101000000000010100000000000001001010000000000
0101101000111010010110100001011101011010001110100101101
0000010011100011110001111110101100000100111000111100011
0000000000000000000000010000000000000000000000000000000
0000011000100100111100110000000000000110001001001111001
1111110111011101111111111111111111111101110111011111111
1000001000000010001001011000111110000010000000100010010
0111001100011100101111110110100001110011000111001011111
0000000000000000000000010110110000000000000000000000000
1101110110100000000111010000101011011101101000000001110
0011110111011101111011110101111100111101110111011110111
0000000000000000000000000000000000000000000000000000000
1010000000000000000000001100000010100000000000000000000
0110001110010100000101100000000001100011100101000001011
1100111101011011111000111110111111001111010110111110001
0111111111111111111011111101101101111111111111111110111
0000010000010001000001111100110000000100000100010000011
1111111101111011010011111101011011111111011110110100111
0101010111000000000000000000001001010101110000000000000
1000101000000000100001011100000110001010000000001000010
0000000000000000000011000000000000000000000000000000110
0101010010110001000001011000110001010100101100010000010
0010000001011000000000011011001000100000010110000000000
0000010110000000001111011011111000000101100000000011110
1011011001110111011100111110011010110110011101110111001
1110011010100010001110111100010111100110101000100011101
1011101001110011000100100000010010111010011100110001001
0000000000000000000000010000000000000000000000000000000
0100011110101111001011110111010001000111101011110010111
0000000000000000000100100000000000000000000000000001001
0011111010001001011001100001101100111110100010010110011
1001101111101111111011110111110010011011111011111110111
0000000000000000000000000000000000000000000000000000000
1001100011111111110111111100111110011000111111111101111
1110001000100000000010110100001011100010001000000000101
0010000001000000001010010001100000100000010000000010100
0001111100010110110011011001100000011111000101101100110
0000000000000000000000010111100000000000000000000000000
1111111111111011011011011111111111111111111110110110110
0000000000000001001100000000000000000000000000010011000
0000000000000000000000000000000000000000000000000000000
0011000000001000000100010010000000110000000010000001000
0000000100010011001101100000000000000001000100110011011
1111101011010111110111111111010111111010110101111101111
0000000000000000000000010010110000000000000000000000000
0000110000000100110010011000001000001100000001001100100
1111011011111111111111111101111111110110111111111111111
1000111111000101000011111111001110001111110001010000111
1101011100011111001111010101111111010111000111110011110
0000000000000000000000000000000000000000000000000000000
0011111111101111101101111011011100111111111011111011011
0110000000100000000001011101001001100000001000000000010
0101000000000010011110010000001101010000000000100111100
0000000000000000000000000000000000000000000000000000000
1001111111111111010110110110011110011111111111110101101
0111001000011110000110110101100001110010000111100001101
1110111011101111011111110101011011101110111011110111111
0000001010101001000101011100000000000010101010010001010
0001100010000010000010010000001000011000100000100000100
1110011110101001100011110001000011100111101010011000111
1000100000111000010000010001111010001000001110000100000
0111010010111110010111111111110101110100101111100101111
1110111110111110010111111110101111101111101111100101111
0000000000000101100000000000000000000000000001011000000
0000110001111110101100100000011100001100011111101011001
0001101101101011010011010100001100011011011010110100110
1111100000101010100110111000101011111000001010101001101
1111000100011010101111011001001011110001000110101011110
0000000000000000010010100000000000000000000000000100101
1010000000000000000000001110000110100000000000000000000
0000000110000000000000001101000000000001100000000000000
0110000000001000100010010001000001100000000010001000100
0000000000000000000000000110000000000000000000000000000
0000000000000000000000000000000000000000000000000000000
1001100000010001010010010010010010011000000100010100100
0000101000000001000000110000000100001010000000010000001
0110001000010000010000110010011001100010000100000100001
1110000000001100001100111001000111100000000011000011001
0000000000000000000101010010001000000000000000000001010
0000000000010000010100110001111100000000000100000101001
0011111001100101010111110011111100111110011001010101111
0000000010010110101111000000000000000000100101101011110
0001000000000100100000010100011000010000000001001000000
1110011110111101011011110011110011100111101111010110111
1000110011101110111111011111111110001100111011101111110
1000000000110000000000110010000010000000001100000000001
1100101110101100000010100000001011001011101011000000101
0001000000001000001100010000000000010000000010000011000
1011011010001000010100110001101110110110100010000101001
1000110010010110101111011010110110001100100101101011110
0000000000000000000000010000000000000000000000000000000
0000000000000000000000001100110000000000000000000000000
1110011110110010000110011000111111100111101100100001100
1000000000001100100010111010101110000000000011001000101
1101111110001011111111011111110111011111100010111111110
1000010000111001011100010100011110000100001110010111000
1001101110010000110011000000011010011011100100001100110
1011010001010100111111110101011110110100010101001111111
0000000101000100001011010000110000000001010001000010110
0011010000110111100100010111001100110100001101111001000
1010111110101111101111111100111110101111101011111011111
1111000011111111111100111111001111110000111111111111001
0100010001000000000000111111101101000100010000000000001
0000011000010111011001111100110000000110000101110110011
0000000000000000000000000000000000000000000000000000000
0000000000000000000000000000000000000000000000000000000
0000000000000000000000010000000000000000000000000000000
0000000000000000000100010000100000000000000000000001000
1011111001101001111001110101010010111110011010011110011
1111101110111111111111111001101111111011101111111111111
0000111000001101010001111110001100001110000011010100011
0000000000000000000000000000000000000000000000000000000
0000101000000001101101010011000000001010000000011011010
1101101101110110110111111111111011011011011101101101111
0010000100000101000100111001000100100001000001010001001
0000111100000011011010011001000000001111000000110110100
0000000100000000100000010100011100000001000000001000000
0000000000000011101110000000000000000000000000111011100
1000000000000000000000011111101010000000000000000000000
0011000011001010001100010010110100110000110010100011000
1101101010001001111010010111111011011010100010011110100
1011101011001101101011110101010110111010110011011010111
1101011100100000001000110101111011010111001000000010001
0110110000110101001110111001111101101100001101010011101
1001111001100111110101011100101110011110011001111101010
0000000000000000000000010000000000000000000000000000000
0110111110111101011111111111111101101111101111010111111
0011000001000101110001100000000000110000010001011100011
1100111111111011001100111000001011001111111110110011001
1110111001011111111101111111111011101110010111111111011
0110000000011001100000010000101001100000000110011000000
0101010111011001100000100000000001010101110110011000001
0010100110010000000010010000000100101001100100000000100
0010101111011001000111011110000100101011110110010001110
1111101011111111111111111101011111111010111111111111111
0000000000000000000000000000000000000000000000000000000
0000000000000000000000000100000100000000000000000000000
0000000000000000000000000000000000000000000000000000000
1111111110011111011111011111011111111111100111110111110
0101100100110111010111100000011001011001001101110101111
0000000000000000000000000000000000000000000000000000000
1101111011011100010110110111110111011110110111000101101
1101111110101111111101111111111011011111101011111111011
1011000000011001101001101111100110110000000110011010011
0000001010111101110111010100111000000010101111011101110
1011000000000000000000110100000110110000000000000000001
1010010001011000000000011010001010100100010110000000000
1111111100111011111100011111111111111111001110111111000
1111111111011100111101011010111111111111110111001111010
0111111111110111111100110110110101111111111101111111001
0111110001111111011111111001111101111100011111110111111
0101000000110000010001011001000001010000001100000100010
0000000000000000000000100000000000000000000000000000001
1000001110010000000000010101000010000011100100000000000
1001111001111100001111111100110110011110011111000011111
0000000101010010101101100000000000000001010100101011011
1010011010101011110110010100010110100110101010111101100
0000000000000001100101000000000000000000000000011001010
1111011011111010101111111100111111110110111110101011111
1100111010111011000011010010010111001110101110110000110
0000000000000000000000010000000000000000000000000000000
1110010110011010111111111101011111100101100110101111111
0000000000000000000000011000000000000000000000000000000
0000000101111111010011011110000100000001011111110100110
1010010000001010111000011011101110100100000010101110000
0101101011011001000000010010011101011010110110010000000
0101101110000000000100011000110001011011100000000001000
1101010010011000000101010000000111010100100110000001010
0000000000000000000000010000000000000000000000000000000
0000000000000000000000000000000000000000000000000000000
1011011111110111011100110011111110110111111101110111001
0001111010110100111111100000000000011110101101001111111
0000011010011011100100000000000000000110100110111001000
0000000000000000000000000000000000000000000000000000000
1111100000011011101110011001000111111000000110111011100
1110100011000111111001111101001011101000110001111110011
1101101011100110010000011110110011011010111001100100000
1100100010100010010110110111010011001000101000100101101
1110111110000000000000000000001111101111100000000000000
0000000000001110001111000000000000000000000011100011110
0000000000001000001010010111000000000000000010000010100
0000000000101111111010100000000000000000001011111110101
1000110000000000000000011000100010001100000000000000000
0000000000000000000000000000000000000000000000000000000
1101101000111011111111011011100111011010001110111111110
1010110101010100010011010110100010101101010101000100110
0110001010100011001111011101101101100010101000110011110
0110101011100010001010110101101101101010111000100010101
1100100001101011010000111100011011001000011010110100001
1100000101011110110011110000011011000001010111101100111
0000000000000000000000010000000000000000000000000000000
0100010010110011000010111001111101000100101100110000101
1011001111110111111111111111111110110011111101111111111
0000000000000000000010100000000000000000000000000000101
0100011000000100010101010011001001000110000001000101010
1011111111001110111101111111100110111111110011101111011
1111111011000111110011111011111011111110110001111100111
0000000000000000000000010000000000000000000000000000000
1110101111101111011111110101111111101011111011110111111
0000000000000000000000000000000000000000000000000000000
1000100101010011010010010010000010001001010100110100100
0001011100100010011011111111110000010111001000100110111
1000000000001000000010010000000010000000000010000000100
0001001010100010000000010000011000010010101000100000000
0000000000000000000000010000000000000000000000000000000
0100110111011111000101110111101101001101110111110001011
0000000000000000000000000000000000000000000000000000000
0000000000000000000000010000000000000000000000000000000
0101011110011100000000011110111101010111100111000000000
1000110100100010100000010001010010001101001000101000000
0000000000000000000000010000000000000000000000000000000
1101000111100000000000010001001111010001111000000000000
0011111100011011111111010101010100111111000110111111110
1000001000110000010001010010100110000010001100000100010
0000110010000100000010110001001000001100100001000000101
0000011010000000101100011000000000000110100000001011000
1101101110101010111111111011110111011011101010101111111
0000000000000000000000000000000000000000000000000000000
1101111111010001111110110111101111011111110100011111101
0000111010010010000000100000001000001110100100100000001
0110100110110011011110110101100101101001101100110111101
1010001000100100101100111011101010100010001001001011001
0011001000000001000000010100010000110010000000010000000
0100000010001000001000110101010001000000100010000010001
0100011101100110101110100000000001000111011001101011101
1110001011001000010010011100111011100010110010000100100
0000000000000000000000010000010000000000000000000000000
0100011110001000101001111010101001000111100010001010011
0110110001100100001111010001010001101100011001000011110
1111110110100000100100111000011111111101101000001001001
0000000000000000000000000001111000000000000000000000000
0010000011010010000001110000101000100000110100100000011
1111101101010011011110011111111111111011010100110111100
1111110011111111011101111111011011111100111111110111011
0100000000011001110100011010111101000000000110011101000
0011000011111011111010110111000100110000111110111110101
1101111110100111010101011110110111011111101001110101010
0010011110111011111111111111001000100111101110111111111
1111010001001100001001110000101011110100010011000010011
1000000000000000000000000000100010000000000000000000000
0001010001000000011100010000010000010100010000000111000
0000001000100000001000011000110000000010001000000010000
0100101110000000110001011111001101001011100000001100010
0000000000000000000000000000000000000000000000000000000
0000000000000000000000000000000000000000000000000000000
0011111111111111111011011011111100111111111111111110110
0000000000000000011100000000000000000000000000000111000
1111100000010011100110111010011111111000000100111001101
0000000000000000000000000000000000000000000000000000000
0001011110010100010001011110100000010111100101000100010
1011111001001111101110011110011010111110010011111011100
0011000000100000110100010000001000110000001000001101000
1111111001000100111111000000000011111110010001001111110
1110111000000000001101111101110111101110000000000011011
0000111000100011011000010100101100001110001000110110000
0000000000000000000000000000000000000000000000000000000
0100011111100011010011011011000101000111111000110100110
1001000010000011000101011101110010010000100000110001010
0000001100100010000101011100000100000011001000100001010
0000000000000000000000001010000000000000000000000000000
1010100001011110011010010010101110101000010111100110100
1001111111100111111111110001111110011111111001111111111
1101011111111111101101111111101111010111111111111011011
0000000000000000000000010000000000000000000000000000000
0101110101001010010010100000000001011101010010100100101
0000000000000000011100110001000100000000000000000111001
0111011011000100010101110101000001110110110001000101011
0001111110101011111011011001111000011111101010111110110
1111010101011010111000000000000011110101010110101110000
0001100010010110001110010010000100011000100101100011100
0100001100100011010110110110001001000011001000110101101
1111111110111111110101110101111011111111101111111101011
0000000110111001011011100000000000000001101110010110111
0101010011010111001001110101001001010100110101110010011
0101011110011100011100010000010001010111100111000111000
1100000001001110000001010101101011000000010011100000010
0001111000100001101110111100101000011110001000011011101
1010000111011001101010111110011110100001110110011010101
1101100101111100101001110010000111011001011111001010011
0100000001000101110100010000000001000000010001011101000
1101001100100000101111011111111011010011001000001011110
1111100111101101101111111101110111111001111011011011111
1011110001011011111001011111111010111100010110111110010
1000000000000000000000001111010010000000000000000000000
1110111101101110111111110111011111101111011011101111111
0101000100000101110010111010100101010001000001011100101
0000000000000000000000010101100000000000000000000000000
0000000000000000000000010000000000000000000000000000000
0111111001111111111111110010111101111110011111111111111
0000000100000000000100010101110000000001000000000001000
0111011010111001110011110111001001110110101110011100111
0000000000000000000000000000000000000000000000000000000
1010010100001000100000011010000010100101000010001000000
1011000000000001110001110100000110110000000000011100011
0000000000000000000011100000000000000000000000000000111
0011011110001110110110110000111000110111100011101101101
0101111110001111111110111101101101011111100011111111101
1011011111111110111111111110001010110111111111101111111
0110010001011100100000010000100001100100010111001000000
1011110101111100011110110011111110111101011111000111101
0001011000001110000001110001100100010110000011100000011
0001010000000000000101110001001000010100000000000001011
0110000011010010100010111110001001100000110100101000101
0011001000111111000010011010100000110010001111110000100
0110111110111100101101111001100101101111101111001011011
0000000000000000000000010000000000000000000000000000000
1000011001111001000000010000011010000110011110010000000
1101111111110111111111111110110111011111111101111111111
1001001111101001000000011001000010010011111010010000000
0000000000000000000000000000000000000000000000000000000
0011011001111101010011011101111100110110011111010100110
0001001100000001000011010000000000010011000000010000110
0000101001001010000000111000000000001010010010100000001
0000000000000000000000000000000000000000000000000000000
0011110100000110110010010000100000111101000001101100100
0100000000000000000001011101000101000000000000000000010
1100011100111101110110110111111111000111001111011101101
0001100010100101110110110010010000011000101001011101101
0111101101111100101001010010011001111011011111001010010
0101110101011100111011011000010001011101010111001110110
1111110100101111100011111111001111111101001011111000111
0000000100000010000000010000001100000001000000100000000
0010010010101101001100011011000000100100101011010011000
1111101011111011111111111101011111111010111110111111111
0000110111010100110111111111111100001101110101001101111
