000000000000000000000000000000000000000000000000
000000000000000001110011100000000000000000000000
110101111101000011010011011111011101011111010000
000000000000000010000000000000000000000000000000
000000000000000000000000000000000000000000000000
011000101111010111101011000110110110001011110101
111111011111010111111111011001011111110111110101
111110010101111110001111111010111111100101011111
000000000100001111100000000010000000000001000011
101011011101011111111111011010111010110111010111
010100000000100010100011110101000101000000001000
000000000000000010000000000000000000000000000000
000000000000111100000000000000000000000000001111
000100011101100110001111111110010001000111011001
101111111010111011110000101111111011111110101110
000100110100001010001000000100100001001101000010
011110110101111111001111111000110111101101011111
000000011000110100000000000000000000000110001101
000100001000111110000010000010010001000010001111
100010110110011011110110111110111000101101100110
000010000000001010110001010001000000100000000010
111101111111111110111110110111101111011111111111
010111010101100011100011001001010101110101011000
001100011101111011101101111111100011000111011110
010010001010011100000001100000100100100010100111
000000000000000010000000000000000000000000000000
110101111111110110011110111110101101011111111101
111110010001011111111100110001001111100100010111
000000000000000010000000000000000000000000000000
111000001000010111101000001101101110000010000101
111001100000000011000011010001101110011000000000
111111010111111111111000011110111111110101111111
001001000100100011100010101010110010010001001000
000000000000000000000000000000000000000000000000
111111111111111111101110101101101111111111111111
000000000000000000000000000000000000000000000000
000110101111111010111010011001110001101011111110
100101011111110110011111111110101001010111111101
100000000000000010001110011110111000000000000000
111010111001111111110111011111111110101110011111
111111011100111111110101001111101111110111001111
011011011110011010101111011111010110110111100110
000001000100000010000001001000010000010001000000
010101001001000010010010010001110101010010010000
101110110111100000000000000011011011101101111000
000100000000000010000101000000000001000000000000
000100000100100110100001100010100001000001001001
010100001101110110100101010111000101000011011101
110101100010111111111011111111011101011000101111
000001010010011110010000100001100000010100100111
000000000011000010001000000000000000000000110000
000000000000000010110000100000000000000000000000
000000000000000000000000000000000000000000000000
110110110111111111110111111111101101101101111111
000000010001011110110000011100110000000100010111
000000000000000010000000000000000000000000000000
000010100000001010000001010010100000101000000010
000000000110010100000000000000000000000001100101
101000101011111110110001111111101010001010111111
111111011111101011111100010100111111110111111010
011001011001010010111101100100110110010110010100
110111101011111011011101011011101101111010111110
011111100101111010111111101110110111111001011110
100110001011101010110011010011101001100010111010
100000100111000010000010100001001000001001110000
101111111111110011101110111101101011111111111100
011101100010100010100010110011110111011000101000
000000000100001010010000000010000000000001000010
000110001100100011101100010101000001100011001000
000000000000000000000000000000000000000000000000
111111111111111011011111101011111111111111111110
101100100101100011011000010101101011001001011000
000000000000000000000000000000000000000000000000
100100111001111111010111111111001001001110011111
010111110110100010000110101010000101111101101000
011011001101111111100100001000110110110011011111
001100110001010010011001101101010011001100010100
000000010001000010010000000000000000000100010000
000000000000000010000000000000000000000000000000
010100000110010011011111111101000101000001100100
000000010011110100000000000000000000000100111101
011110100100101011001010111100000111101001001010
100001111100110110101101001111001000011111001101
110010000111000111011110101010001100100001110001
000010110000000010101000010111100000101100000000
000000000000000100000000000000000000000000000001
111110101111111111011111110001101111101011111111
111110001111011111111110110001101111100011110111
011010111011100011010101000110010110101110111000
111111110111111011111101010111111111111101111110
000101001000001010000000000010000001010010000010
011111010111111111011011111111100111110101111111
100000000000000010110101001000001000000000000000
001000111011111011100010000010110010001110111110
001000100110110011000110000100000010001001101100
000000000000000000000000000000000000000000000000
000000000000000010000000000000000000000000000000
111111111110111111111010111011111111111111101111
111100111111011010101111111111011111001111110110
111111101101110111111101110111101111111011011101
011000100100001011101011101100000110001001000010
011011111110111111101111010101110110111111101111
000000000000000000000000000000000000000000000000
100000000001000010111001000001001000000000010000
111110111111101110010000100101011111101111111011
111111111111101010110011000010101111111111111010
010111111111111111011100101111110101111111111111
110000100101010100000000000000001100001001010101
011100011110000010110100101010000111000111100000
100010000101011010000000000011011000100001010110
010011011011110111010010111001100100110110111101
000000000001011000000000000000000000000000010110
000000000000000000000000000000000000000000000000
111111101111101111001110111111011111111011111011
111101110111111111110111111000011111011101111111
000010000100011111011101000100010000100001000111
001010110110010110001110010010110010101101100101
001100110011111111111111110101010011001100111111
011111111111111111000100111111110111111111111111
000000101011000010000010000000010000001010110000
011101101001011100000000001001100111011010010111
111111111111011111001111011100011111111111110111
111111111101111111100010110111101111111111011111
000011000000000010000001100000000000110000000000
001111111100111010111111110111100011111111001110
000100000111011010001001100110100001000001110110
111011110010000010010000010000101110111100100000
000011111101111111000001110100110000111111011111
000100011101101100000010110010100001000111011011
111111100000010110100000101001101111111000000101
000000000000000000000000000000000000000000000000
101010101010000010001010011100111010101010100000
001000010101000011000001100000000010000101010000
000000000000000010000000000000000000000000000000
010101000000011010000000000010000101010000000110
011111111111001111001010111101010111111111110011
111011111111111111110111111111111110111111111111
000010000011001010010100001000010000100000110010
101111110110101010111111111001111011111101101010
000000000000000000000000000000000000000000000000
000011000000001011000001000000000000110000000010
000100011000001010101100110100000001000110000010
110101001111101100000000000101101101010011111011
111101000111000110010110111000011111010001110001
000000001000000010000101100001100000000010000000
001010011100001110010101111101100010100111000011
001000110101111111000101011011010010001101011111
001001111010111111101101111001100010011110101111
111101011101001111010010111110111111010111010011
000011000100100010000010100000100000110001001000
100110010010011011010100000000101001100100100110
110111111111111111110011111100111101111111111111
110100001111110110110011100111011101000011111101
101011100101110111110101001000101010111001011101
000000000000000000111011000000000000000000000000
000000000000010100000000000000000000000000000101
100111100011000110010011010101101001111000110001
100000010011000011100001100111011000000100110000
000100011000010011000010100000000001000110000100
001101010111010001111111111011010011010101110100
000000000000000010000000000000000000000000000000
000000000000000000000000000000000000000000000000
111010111101100111111111001110111110101111011001
110111010111100011110001100111011101110101111000
000000010010000110110100110000000000000100100001
000000000000000001100010011101000000000000000000
111101011111101011111001111111111111010111111010
000000111100011100000000000000000000001111000111
011001000011010010000000011000000110010000110100
001011010001010011110101010011010010110100010100
000101011110001110110111110111100001010111100011
111111110110111111110011100111111111111101101111
001001111111100110001010110100100010011111111001
000000000011111000000000000000000000000000111110
011101110011000110000010100011000111011100110001
110110110011110111111111000101111101101100111101
010000101010000111110101100101010100001010100001
000000000000000000000000000000000000000000000000
100011100000010010000000000100101000111000000100
111111011011110110101111110111111111110110111101
111011110011011110111001100111011110111100110111
111101111111110111111011101101011111011111111101
110111010100001111001011100000101101110101000011
101000111111011100000000000000011010001111110111
101111010110101111110011101110101011110101101011
001101001000000011000010110100110011010010000000
000001011100000011000011110100000000010111000000
111010111101001111001111101011101110101111010011
111111110110101110100111111110111111111101101011
010101001101111100000000000000100101010011011111
101011111010100110010111100001011010111110101001
000000000000000011111001001001000000000000000000
111001001110011010101010000001001110010011100110
100001000010001111001000010000101000010000100011
100100000001001010000001001001001001000000010010
000000000001010100000000000000000000000000010101
001011011101000011110100010011010010110111010000
101101101101111010101001000011111011011011011110
110001110000111011100001101011111100011100001110
101111100110111011110111001100111011111001101110
000010000000000010111100100010110000100000000000
011111111000111110111011110010110111111110001111
000000000000000000000000000000000000000000000000
000001100100100110010000101010000000011001001001
110000000000010110000000101000101100000000000101
110101111111110110011001111111101101011111111101
000000001000000111000001101100100000000010000001
001110110101111111101111011110110011101101011111
001010100110000111110011110011110010101001100001
000000000000000000000000000000000000000000000000
001000000011101010010001100000010010000000111010
000010111111001010011100110111010000101111110010
000000000010110000000000000000000000000000101100
101011111101111111110110111111111010111111011111
000000000000000000000000000000000000000000000000
111110100110101100001101001101001111101001101011
000000000000000010000000000000000000000000000000
010010111111111110111011111101110100101111111111
000000000000000000000000000000000000000000000000
101010101000000010100010001111101010101010000000
000101111101101110101010011001000001011111011011
000001001010001010011010000000000000010010100010
100010001000111111101101000101111000100010001111
100001100100100010001000000100011000011001001000
011100101000010010100000010001100111001010000100
101000111011100000000000101111111010001110111000
011100110110101011110111111110110111001101101010
100111111101101011100011110011111001111111011010
000100110000000010110010110000000001001100000000
101111101000101011010111100100001011111010001010
111100011000111110100011111111111111000110001111
111110111111111011110111111110001111101111111110
000000000000000000000000000000000000000000000000
111001011101100011100000111110011110010111011000
001100001001001110100111000101000011000010010011
011110001101110110101001101101000111100011011101
001000011001010011010101010000110010000110010100
000010000000010011000000100100100000100000000100
001100011100011000000000000000000011000111000110
100100000001001010000001001011011001000000010010
110110110111010110111110110101011101101101110101
101101010001111000000000001101111011010100011110
000000000000000000000000000000000000000000000000
000000000000000000000000000000000000000000000000
000000000000000010000000000000000000000000000000
111011110010110011011011100111101110111100101100
000111110100101010010001110110100001111101001010
000000000000000000000000000000000000000000000000
000000000000000010000000000000100000000000000000
000000000000000000011001001110000000000000000000
100000000100010010001000100001111000000001000100
000011101000010010100000000000000000111010000100
001000010010000110000001000000100010000100100001
000010011001000010000010010001000000100110010000
001011011101100010000000001010000010110111011000
101011111110101111111101001100101010111111101011
001000011000100010000000000100110010000110001000
000000000000000010000000000000000000000000000000
000000101000000010000100000000000000001010000000
010111010011111111110000011000110101110100111111
000000000000000100000000000000000000000000000001
000000000000000000000000000000000000000000000000
000000000000000010000000000000000000000000000000
000000110100111011100011101110100000001101001110
110101111111110111110101000110011101011111111101
000000000000000010000000000000000000000000000000
001001000011011110111011100110100010010000110111
111111001100101011101011110110011111110011001010
101001000100110010010101001000001010010001001100
000000000000000000000000000000000000000000000000
100100000000000010010000011010111001000000000000
000000000000000010000000000000000000000000000000
000000000000000000000000000000000000000000000000
000010000010110010000011110000000000100000101100
001101101111101000000000000101000011011011111010
000000000000000010000000000000000000000000000000
110010011101100011111111111001111100100111011000
000000000000000010001000000000000000000000000000
111011101110111010001010100101011110111011101110
000000000000000010101000000000000000000000000000
000101101001011011010000010101010001011010010110
000000001010001010100100000001110000000010100010
101001100101001011101101101011011010011001010010
011101001111101111011111111110000111010011111011
001000100100000010101000100000000010001001000000
111111111111111110111011110111111111111111111111
100000110011111011111000101000001000001100111110
011000001000100010000010001100110110000010001000
010101101000111010000011111110000101011010001110
001101111110111011111011110111110011011111101110
101111101111101111111011011101111011111011111011
000000000000000010000000000000000000000000000000
011010011111000111110100101001110110100111110001
000000000000000000000000000000000000000000000000
000000000000000010000000000000000000000000000000
110100111000111010000111001101111101001110001110
011101110010000011000001001011000111011100100000
111111010001010010111011101101011111110100010100
111111111101111011100011110111101111111111011110
111111010111111110110011001111011111110101111111
111111001101111110000000110110011111110011011111
101001111010010011011010101111111010011110100100
111011111111100010111011111111011110111111111000
011001111111011111111111111111110110011111110111
000000000000000000100110001111000000000000000000
000111111111001111101111000111110001111111110011
000000000000000100000000000000000000000000000001
110110010000110010000010100010101101100100001100
110101111111111111010010001111111101011111111111
100110010000001011000110000000001001100100000010
000000000000000010000000000000000000000000000000
001101011111101110111101110000100011010111111011
010111111011101110111011011111110101111110111011
000000000000000010000000000000000000000000000000
110111100111111111101111110101101101111001111111
000000000000000010000000000000000000000000000000
111001010101011010101111100101111110010101010110
111000000000000011111001010010011110000000000000
001111100100111010110111000100000011111001001110
000000000000000000000000000000000000000000000000
000000000000000000111110001010000000000000000000
010101111100011100000000000000000101011111000111
000000010000000100000000000000000000000100000001
011001100000000010010001111001100110011000000000
000111100101011010110011101111100001111001010110
000000000000000000000000000000000000000000000000
000000000000000000000000000000000000000000000000
000000000000000000000000000000000000000000000000
001011111011100111010111111111110010111110111001
000001101111011000000000000000000000011011110110
000000000000000000000000000000000000000000000000
101111001111111011011111111101011011110011111110
011101111010011111110111110100110111011110100111
111010110001111011001100000100111110101100011110
100001110000010010001111010101111000011100000100
000000000000000010000000000000000000000000000000
010000000000000011100000000100010100000000000000
000101101001100111000001011110100001011010011001
111110111111111111011111101100101111101111111111
000000000000000000100011101101000000000000000000
100001100001100010100101011000101000011000011000
100000110001000110000101001000001000001100010001
000000000000000010000000000000000000000000000000
101000000101000010101000100000001010000001010000
000000000000000000000000000000000000000000000000
100000101010101110011001111110101000001010101011
000000000000000011101110100010010000000000000000
001100100000100101011111011111110011001000001001
110000111100110100101001000110101100001111001101
000000000000000011100000000000000000000000000000
011111111111110111010100100110010111111111111101
100010000000000010111110101110101000100000000000
111101111100111110110111100111111111011111001111
000000000000000010010000001010000000000000000000
010101110011010110111001100010100101011100110101
000000000001011000000000000000000000000000010110
000110000000100011000000000110000001100000001000
000000000000000010000000000000000000000000000000
101111000100011000000110110111011011110001000110
111111101101101111000110101101111111111011011011
100011011010101100001001000101111000110110101011
110100011111101011111010111111101101000111111010
000000000000000010000000000000000000000000000000
100000010000000010001000010001101000000100000000
011000111101100111100101010000000110001111011001
001000001101110110000000000100000010000011011101
000100100111110000000000000000000001001001111100
011111111011111110000100111110100111111110111111
100000101110100110001011101101011000001011101001
110101010111101110010110001010111101010101111011
010000000111100110010000000100110100000001111001
000010000000010010000000000100000000100000000100
111101011011110111101101111100111111010110111101
010000000100000010001000101010000100000001000000
000010000110000011000010000111100000100001100000
000010110010110011011110000111000000101100101100
000000000000000000000000000000000000000000000000
110010101111011010111101111101101100101011110110
000000000000000001100001111100100000000000000000
111111110111111111111111110110111111111101111111
000000101001100110000000000100100000001010011001
000000000100000010000001000010010000000001000000
111101101011110011110111111111001111011010111100
000000000000000000000000000000000000000000000000
000101100000000110000000010100000001011000000001
010000101110011011001100000110110100001011100110
101100001011010011001010011000001011000010110100
111111101010111111001100011011111111111010101111
101000100000110011000101011011011010001000001100
000001111110011011100001001101110000011111100110
111010000010111110001100101000111110100000101111
000010000000001011011100001100000000100000000010
111101100111111111101111101101101111011001111111
000000000000000001101000000000000000000000000000
000111101011100010111100011111100001111010111000
100010110011011110110110010100001000101100110111
111111011100111111111111101110011111110111001111
010000100101001010101000100100100100001001010010
101011101011111100000000000000101010111010111111
100111100110100111010010011001001001111001101001
010011010100010010100010000011000100110101000100
000000000000000010000000000000000000000000000000
000000000000000000000000000000000000000000000000
010101010000000010011101101101000101010100000000
000000000000000010000000000000000000000000000000
110001001000101110111111100101001100010010001011
000000000000000000000000000000000000000000000000
001011110011000110011100000011000010111100110001
010000000000110010000011000001000100000000001100
101100101110011000000000100010011011001011100110
000000000000000010000000000000000000000000000000
111101101100110110000011100101001111011011001101
111111111011100111011111111011101111111110111001
001110110101010001011011011000010011101101010100
110110101011101110011011101111111101101010111011
111001100100011110110111101010001110011001000111
111111011111010110011011101101011111110111110101
010011100100010111011011100000100100111001000101
100000000010100110000010010110001000000000101001
101010010000000010110010001110101010100100000000
000000000100000010000010000001000000000001000000
000000000000000010000000000000000000000000000000
010011010100000010100001001011000100110101000000
000000000000000000000000000000000000000000000000
000000100001000010001110000001000000001000010000
000001110011110100000000000000000000011100111101
000000000000000000010100000000000000000000000000
000100000000100011000100001100100001000000001000
011001101010110000000101111001000110011010101100
101001001100100111010111010110011010010011001001
000111000110110000000000000000000001110001101100
000001011011101111010111100010010000010110111011
000000000000000010111111110011110000000000000000
111010110110110010000000111110001110101101101100
110100001110001000000001110110101101000011100010
010000000010001110010001101000000100000000100011
101000000101101010101101111110011010000001011010
100100110001111010100110001110111001001100011110
000000000000000011001100011111000000000000000000
100001000010000010000000001000001000010000100000
000111010000111011001110000001110001110100001110
001110100000000110111001100101000011101000000001
010101110100111111101011010110000101011101001111
110110100101000010101011011010111101101001010000
010000110000010010101001100000100100001100000100
000000000000010100000000000000000000000000000101
101110001010011010011110010011011011100010100110
000000000000000000000000000000000000000000000000
100000000000000010001111001111011000000000000000
000000000000000010000000000000000000000000000000
011111111001111111111011100101110111111110011111
101010011010010110011011100101001010100110100101
000000000100000010000100000100000000000001000000
011111110001111111101111101110110111111100011111
000000000000000010000000000000000000000000000000
001101010110111011010111111110000011010101101110
000000000000000010000000000000000000000000000000
101001010010000010001001100100111010010100100000
010100000000011011000000101110100101000000000110
010101111110010010000110111100000101011111100100
111111111010111110110111100101011111111110101111
101110100100000011011000010000001011101001000000
101100101001100110110011000000001011001010011001
110111110111101110111111111111111101111101111011
100001010011101011100101100110101000010100111010
111111101011100110111111101101111111111010111001
100111111001111111111111011011111001111110011111
110110110111101010111011111111101101101101111010
000101000010100111110101011010010001010000101001
000000000000000000000000000000000000000000000000
110111110101100011101101110111111101111101011000
000000000000000000000000000000000000000000000000
000000000000000011100011010000000000000000000000
101011101111001111101110111010011010111011110011
000001000001000010001001000011000000010000010000
110101100101101110011100010100111101011001011011
000000000000000000000000000000000000000000000000
000001010001010111000101011101010000010100010101
101100111011011011011001111001101011001110110110
110101101110011111011110110011011101011011100111
000000000000000010000000000000000000000000000000
001001000010001111110111111000100010010000100011
111111111100110111111110001111111111111111001101
