1111111101100011111111111001110111111111011000111111111110011
0101101100100001100100101100110001011011001000011001001011001
0110011010001101010011011001100101100110100011010100110110011
1011110001011101011010101101011010111100010111010110101011010
1010100100000010011000111000110010101001000000100110001110001
1111011101101111110110101111111111110111011011111101101011111
0000000000000000000000000000010000000000000000000000000000000
0101101100100011111110000000010001011011001000111111100000000
0000000000000000000000000000010000000000000000000000000000000
1100110111111111111011101111011011001101111111111110111011110
1011011001100111100000011100010010110110011001111000000111000
1101100011010000000111101111110011011000110100000001111011111
1111100000000000000000000000010011111000000000000000000000000
1010100100100000000000000000000010101001001000000000000000000
1101111010111000111101111111111111011110101110001111011111111
0000000010010101001100011000000000000000100101010011000110000
1111111111011110111111100110111111111111110111101111111001101
0000000000000000000000000000000000000000000000000000000000000
1101011010001110100100101101011011010110100011101001001011010
0110000001001101001011000011011001100000010011010010110000110
0100000001010000010100000000110001000000010100000101000000001
0000000000000000000000001111000000000000000000000000000011110
0000000000000000101100010011100000000000000000001011000100111
0111111111110111011011111111011101111111111101110110111111110
1000000000001000110000001000110010000000000010001100000010001
0000000000000000000000000000000000000000000000000000000000000
0001101000111000100110000110110000011010001110001001100001101
0000000001010001011000101001110100000000010100010110001010011
0111111110110110111011111101110001111111101101101110111111011
0000000000000000000000000000000000000000000000000000000000000
0001101010010010010000000110010000011010100100100100000001100
0000000000000000000000000000000000000000000000000000000000000
0010000110010010100011010101110000100001100100101000110101011
0100010100010101000000000000010001000101000101010000000000000
1000000001110000100010000010110010000000011100001000100000101
1100110101110001011001001011010011001101011100010110010010110
0111111010101001000010000001100001111110101010010000100000011
1010111111101011110101001101111110101111111010111101010011011
0000000111000011101110101101100000000001110000111011101011011
0100110000000000000000000000000101001100000000000000000000000
1011101110100011101000101010110010111011101000111010001010101
1000011000101000101000001000111110000110001010001010000010001
1011100010100001010010010000010010111000101000010100100100000
1101101101110011111100101101110111011011011100111111001011011
0011111111011100100100110101010100111111110111001001001101010
1001000000110001111011100000111110010000001100011110111000001
1111100001110100111101111101111111111000011101001111011111011
1100000000101111101110011000110111000000001011111011100110001
0000000000000000000000000000010000000000000000000000000000000
0001011111001000001001000101010100010111110010000010010001010
1011110101101111110111011110111110111101011011111101110111101
1100000000000000000000000000001111000000000000000000000000000
0110111111100001110111001000011001101111111000011101110010000
0111000010000100001001111111011101110000100001000010011111110
1111101101001011100010010110011011111011010010111000100101100
1001101110101000011000001000111110011011101010000110000010001
0111000011101110101101110011000001110000111011101011011100110
0001010010000000110000000100110100010100100000001100000001001
1101101001000110110100111011111111011010010001101101001110111
0001001001010000010101101001011000010010010100000101011010010
0100000100010000001000011000110101000001000100000010000110001
1111101111111110111110001110111011111011111111101111100011101
0011101111100000010010000110010100111011111000000100100001100
0000000000000000000000000000000000000000000000000000000000000
0101111011011111111111100110111101011110110111111111111001101
0000000000000000000000000000010000000000000000000000000000000
0000000000000000000000000000000000000000000000000000000000000
0110000000100100001001011000011001100000001001000010010110000
0001000000000000010010010000010000010000000000000100100100000
0000000000000000000000000000000000000000000000000000000000000
0000000000000000000000000000010000000000000000000000000000000
0001110000010010000110000000010000011100000100100001100000000
0000000010100110111001010011011100000000101001101110010100110
1010000110000000100000000010011010100001100000001000000000100
0000000000000000000000000000010000000000000000000000000000000
1110011011001111100111111100111011100110110011111001111111001
0000000000000000000010010001100000000000000000000000100100011
1010100110011010111011111011111110101001100110101110111110111
0101010001010001111000000000111001010100010100011110000000001
0001110101000101111010001110111100011101010001011110100011101
1010101111101011111111001111111110101011111010111111110011111
0000000001110011011100011101000000000000011100110111000111010
0000000000000000000000000000000000000000000000000000000000000
1011110110001011111100111010111110111101100010111111001110101
1110110101011011111000111111110011101101010110111110001111111
0000000000000000000000000000010000000000000000000000000000000
0000000000000000000000000000000000000000000000000000000000000
1010101000010110011110101100011010101010000101100111101011000
1111110000011011111111111101011111111100000110111111111111010
0100010000000011000011110000010001000100000000110000111100000
1110011001111011011110101011111111100110011110110111101010111
0010011100110110110101011110011100100111001101101101010111100
1011111110000000000000000000001010111111100000000000000000000
0111111101111111011111011101011101111111011111110111110111010
0000010001011111011100011011010000000100010111110111000110110
0001111011011011111110111110110100011110110110111111101111101
0000000000000000000000000000000000000000000000000000000000000
1101110011101101110111111111111011011100111011011101111111111
0001100111100101011010100000010000011001111001010110101000000
1001101111111010001001011101110010011011111110100010010111011
1010111111000011001010101111010010101111110000110010101011110
0000000000000000000110110011100000000000000000000001101100111
0101110100110100111110000011011001011101001101001111100000110
0111100011000000000000000000011101111000110000000000000000000
0000000000000000000000000000010000000000000000000000000000000
1001111101000001010010111111011010011111010000010100101111110
1000111111110011101111011111111110001111111100111011110111111
0011010101110100110111000011011000110101011101001101110000110
1111010011111111111100111001111111110100111111111111001110011
0100100001010111000111000100010101001000010101110001110001000
0000000000000000000000000000000000000000000000000000000000000
0000000000000000000000000000001100000000000000000000000000000
0001011100010100001010010010011000010111000101000010100100100
1001100000111000001110001000011110011000001110000011100010000
0000000101001011000000000101010100000001010010110000000001010
1101110100000000000000000000010011011101000000000000000000000
1011000011010100010100101111011010110000110101000101001011110
0000001111100110000110000010110000000011111001100001100000101
1101111110110110101011111111011111011111101101101010111111110
0111101101110110101111111011111001111011011101101011111110111
1011001101011000101001101000010110110011010110001010011010000
0000000001000000010000100001010000000000010000000100001000010
0010011010110100100110000000111100100110101101001001100000001
0001010000000001010000001101111000010100000000010100000011011
0000010010100010110000001011010000000100101000101100000010110
0000000001001110010101100000000000000000010011100101011000000
0000000000000000000000000000010000000000000000000000000000000
1010011011011111111101111101111110100110110111111111011111011
1110100110111110111101111101110111101001101111101111011111011
0000000110000010000010010000010000000001100000100000100100000
0100000100001101100100010100110001000001000011011001000101001
0000000000000000000000000000010000000000000000000000000000000
0101010001101100001011110011000001010100011011000010111100110
0000000000000000000000000000000000000000000000000000000000000
0000011101101100101101100010011100000111011011001011011000100
0000000000000000000000000001000000000000000000000000000000010
0001000100000000100100000000110000010001000000001001000000001
1010000100000010101000000010010010100001000000101010000000100
0000000000000000000000000000010000000000000000000000000000000
1000110101011101010001110000111110001101010111010100011100001
0000100001010000010001001101110100001000010100000100010011011
0000000000000000000000000000000000000000000000000000000000000
0010110100101111100000000000011000101101001011111000000000000
1111111001010111000010110010010111111110010101110000101100100
0001110000000011111000000000110000011100000000111110000000001
0000000000000000000000011100000000000000000000000000000111000
0001101010000000000000000000010000011010100000000000000000000
1000000000000010010000001000110010000000000000100100000010001
0010001010001010100000000000000000100010100010101000000000000
1011000101001101000001000000011010110001010011010000010000000
0000000000000000000000000000000000000000000000000000000000000
0000000000000000000000000000000000000000000000000000000000000
0011010101000010000010100000111000110101010000100000101000001
0000000000000000000000000000010000000000000000000000000000000
1011001100011111110111111011111110110011000111111101111110111
0110000000100100001001011000011001100000001001000010010110000
0111011111100111111111111111011101110111111001111111111111110
1001001001110000011111010110110110010010011100000111110101101
1111000001111111011011101111111011110000011111110110111011111
1110010110111110001101111101111111100101101111100011011111011
1011010110101110000000000000000110110101101011100000000000000
0100111000111010000000000000000001001110001110100000000000000
0000000000000000000000000000001000000000000000000000000000000
0001010001010110000000000000000100010100010101100000000000000
0010110010010110000100100010010000101100100101100001001000100
0000000000000000000000000000000000000000000000000000000000000
0000000000000000000000000000000000000000000000000000000000000
0000000000000011111000100101000000000000000000111110001001010
1010011000000001100101000100110010100110000000011001010001001
1011010110000011111100101010011110110101100000111111001010100
1101101111100111100010100111110011011011111001111000101001111
1001011110101001101000000000011110010111101010011010000000000
0000000010001001100011111110010000000000100010011000111111100
1110110010011011110000011001111111101100100110111100000110011
0000000000000000000000000000001000000000000000000000000000000
0000000000000000000000000000010000000000000000000000000000000
0101011111000011110111010111011101010111110000111101110101110
1000000000001011110101001001011110000000000010111101010010010
0000000000000000000000000000010000000000000000000000000000000
1100000010000000001001011000010011000000100000000010010110000
1100110101100010100110100000111011001101011000101001101000001
0000000000000000000000000000000000000000000000000000000000000
1100110101111101100010100101110111001101011111011000101001011
0101100101001101011101110111111101011001010011010111011101111
0000000000000000000000000000000000000000000000000000000000000
1000011000110110011010110001010110000110001101100110101100010
0000000000000001101110111111000000000000000000011011101111110
1101001010111010000011000110010111010010101110100000110001100
1000100000101000000000000000000010001000001010000000000000000
0000100001100000110011000011011000001000011000001100110000110
0101111010101001100101110011011001011110101010011001011100110
1011010010010010110100101011011110110100100100101101001010110
1010100010000110100111001000111110101000100001101001110010001
0000010000000001000010000000010000000100000000010000100000000
1111110111011111001111011100111111111101110111110011110111001
0010111000000000100100101001010000101110000000001001001010010
0101110001010011010000000000011001011100010100110100000000000
0111100001110110010111101010011001111000011101100101111010100
0000000001000000011100101000010000000000010000000111001010000
1011010010010010110100101011011110110100100100101101001010110
0000000000000000000000000000010000000000000000000000000000000
0100011000100000000000100000110001000110001000000000001000001
0000010000000010000000101111110000000100000000100000001011111
0000000000000000000000000000000000000000000000000000000000000
0000000000000000000000000000000000000000000000000000000000000
0000000000000000000000000000010000000000000000000000000000000
0100010001100111111010011111110101000100011001111110100111111
0000000000000000000000000000000000000000000000000000000000000
0010000111100110011000011001111000100001111001100110000110011
1000000001000001000100101000110010000000010000010001001010001
0000000101001011000000000101010100000001010010110000000001010
0000000000000000000000000000000000000000000000000000000000000
0111111111111111110000110111111101111111111111111100001101111
1101001010000110010111001110011011010010100001100101110011100
1110000110000100100000000000010011100001100001001000000000000
1001101001111101001000000100010110011010011111010010000001000
0111100101111100000111100001011101111001011111000001111000010
0000000100001110100101110001010100000001000011101001011100010
0110000100111001100100111001011101100001001110011001001110010
1000110001010110111110010010111110001100010101101111100100101
1001010110000000000000000000001110010101100000000000000000000
1010100100001000101000101000010010101001000010001010001010000
1111001111011011001111111111110111110011110110110011111111111
0000000000000000000000000000010000000000000000000000000000000
1111000000010000011101111000010111110000000100000111011110000
1110001000001001000010000010011011100010000010010000100000100
0000101001000010000010010000010000001010010000100000100100000
1111111111000011110111010111111111111111110000111101110101111
0000000000000000000000110111100000000000000000000000001101111
0000000000000000000001110101100000000000000000000000011101011
1101100101110111100011010011111011011001011101111000110100111
0101000011111100001001110001110001010000111111000010011100011
0001111000101001111111011010110100011110001010011111110110101
1010011011001101100101111100111010100110110011011001011111001
1110111110111110011101111101111111101111101111100111011111011
1000100110010110000000000000011010001001100101100000000000000
1001010110110110101110111010111110010101101101101011101110101
0000000001000000010001101100110000000000010000000100011011001
0010110001011101110100110100001000101100010111011101001101000
1100000000100000000000000000011111000000001000000000000000000
0001100011000000000000000000000000011000110000000000000000000
0000000000000000000000000000010000000000000000000000000000000
0000011110111010000000000000000000000111101110100000000000000
1100010100000010011110001100010011000101000000100111100011000
0000100000100000100100001100110000001000001000001001000011001
1111000001001101111011110100101011110000010011011110111101001
1001001010011011100010100111011110010010100110111000101001110
0000000101101011111101111000100000000001011010111111011110001
0000000000000000000000000000010000000000000000000000000000000
0000010000000011100100000110110000000100000000111001000001101
1111111111100111111111101011011111111111111001111111111010110
1011101111001011110111111111011110111011110010111101111111110
1111101111111111100011111111111111111011111111111000111111111
0110110111000000000000000000010001101101110000000000000000000
0111011111100001000000111111001101110111111000010000001111110
1110100000000011100000000100111111101000000000111000000001001
0000010001000010000000101001110000000100010000100000001010011
0000000000000000001110101110100000000000000000000011101011101
0111101111111110111111100110111101111011111111101111111001101
0000000000000000000000000000000000000000000000000000000000000
1101111000100101001101101000011011011110001001010011011010000
0011110000000000110000010101010000111100000000001100000101010
0111111100111011011111111111111101111111001110110111111111111
0111101000100110100001011010111001111010001001101000010110101
0011111110100010110110110111010000111111101000101101101101110
1101001011010101011111111101110111010010110101010111111111011
0000011011010010010100011001110000000110110100100101000110011
0000011101010001100111001010100000000111010100011001110010101
0000000000000000000000000000010000000000000000000000000000000
1101111001111011101110111101111111011110011110111011101111011
0000000000000000000000000000000000000000000000000000000000000
0000010001110100011100000101110000000100011101000111000001011
0110101110111110000010001110010101101011101111100000100011100
0000010100010000000000110100010100000101000100000000001101000
1010101101110101110011111111111110101011011101011100111111111
0000000000000000000000000000010000000000000000000000000000000
0000000000000000000000000000010100000000000000000000000000000
0100000100100000000100100100110001000001001000000001001001001
1111111101101111010001101101111111111111011011110100011011011
0000000000000000000000000000000000000000000000000000000000000
1110111101100011110111100111111011101111011000111101111001111
0110100010111100011010000100110001101000101111000110100001001
0100100000100100101110101110111001001000001001001011101011101
1110100001111110110111011111110111101000011111101101110111111
0011110000010001011111110001010000111100000100010111111100010
1110011111101101001111011110111111100111111011010011110111101
1100001001000101001000000011010111000010010001010010000000110
0001010010110000100011001011000000010100101100001000110010110
0101000001000000011010101010010001010000010000000110101010100
1010110101110101011011111110111110101101011101010110111111101
1011110110011110100111011111111110111101100111101001110111111
1101011001110000110110000000001011010110011100001101100000000
0011101000000000001000101000011000111010000000000010001010000
0101101001011111000000000000010001011010010111110000000000000
0011000010111010110111001101111000110000101110101101110011011
0111111100110101101111101110111101111111001101011011111011101
0101010111100010001000100001110001010101111000100010001000011
1101111101111111011101110111111111011111011111110111011101111
0001000001000100001001101000011100010000010001000010011010000
1110100101010100101100010110011111101001010101001011000101100
1110011010100000111111100010100011100110101000001111111000101
1001000000010010100100110111110010010000000100101001001101111
1000110111001101001110010111010110001101110011010011100101110
1010110111001101000100101110111110101101110011010001001011101
1000000100111010100100101111111010000001001110101001001011111
0000000000000000000000000000000000000000000000000000000000000
1110011101111101111110000000011111100111011111011111100000000
0000000000000001001000110000000000000000000000010010001100000
0000000000000010011101100101100000000000000000100111011001011
1111011101101101101111101110111111110111011011011011111011101
0100010011111000101100000111010101000100111110001011000001110
1101111111111110111111100110111111011111111111101111111001101
0000000000000000000101101100100000000000000000000001011011001
0111001111100100101111111111010101110011111001001011111111110
0001001010010010100010001100010000010010100100101000100011000
1111010111111111111011111011011111110101111111111110111110110
0100001010000000100001011101011001000010100000001000010111010
0000000000000000000000000000010000000000000000000000000000000
0000100111010001010101010100100000001001110100010101010101001
0000010000000000000000000000010000000100000000000000000000000
0101010010000101011100011100011001010100100001010111000111000
1111101111101111111100110111010011111011111011111111001101110
1101011000000000000000000000000111010110000000000000000000000
0101100000000000000000000000001001011000000000000000000000000
0000001001010101100010001010100000000010010101011000100010101
1000011000100011101010000000110010000110001000111010100000001
0010111001001001010010010010111000101110010010010100100100101
0101001111010110100010000000010001010011110101101000100000000
1000111001110001110101111110010110001110011100011101011111100
0000000000000000000000000000001000000000000000000000000000000
0101010001011110101010100110011101010100010111101010101001100
0001110111100011110001101110011100011101111000111100011011100
1101011111100111011111101111111111010111111001110111111011111
1111101100101001111011111011111111111011001010011110111110111
0011101110111010111110111111110000111011101110101111101111111
0011111111101100111111110111011100111111111011001111111101110
0101100010001010110001011111110101011000100010101100010111111
0000000000011110110001010001010000000000000111101100010100010
1011111010010011001110011100110110111110100100110011100111001
1101100111011011011111111001111111011001110110110111111110011
1111100110100001101110000000011111111001101000011011100000000
0000000000000000000000000000000000000000000000000000000000000
0111100101111011011110001010110001111001011110110111100010101
0011010100000000011100101010010100110101000000000111001010100
0101100100001000010100111011110101011001000010000101001110111
1000100000001100100000010101010110001000000011001000000101010
1110011111111111101111111101111111100111111111111011111111011
1101011110010010111101111111111011010111100100101111011111111
0001111000110000010000110111011000011110001100000100001101110
1110111001001111101011110111011111101110010011111010111101110
1011011110000001111001001010010110110111100000011110010010100
1101111111111111011111111111011111011111111111110111111111110
0000001100001111000000000000000000000011000011110000000000000
1111011001011000000000000000011111110110010110000000000000000
1111111101111010101110101001111111111111011110101011101010011
0101111111111011010010110111011101011111111110110100101101110
1111110101100110101111101100111111111101011001101011111011001
0011110010101110110110101111111100111100101011101101101011111
1000100011001011110001001001010010001000110010111100010010010
0000000000000000000000011011100000000000000000000000000110111
1111111111100111111101101111110111111111111001111111011011111
1111011111101111010001100010110111110111111011110100011000101
1101101011101011011111111010111111011010111010110111111110101
0000000000000000000000000000000000000000000000000000000000000
1110100010101010101001101000110011101000101010101010011010001
0000000101001111000001001010011100000001010011110000010010100
0110001101101001110101011100010001100011011010011101010111000
0111000100000000101000000000010001110001000000001010000000000
0010110000000101000101100001110100101100000001010001011000011
0011100000101011100010010010010000111000001010111000100100100
1011101101101101111111111111111110111011011011011111111111111
0000000000000000000000000000000000000000000000000000000000000
0101111111110010000000100010010001011111111100100000001000100
0000000000000000000000000000010000000000000000000000000000000
0000000000000011001100100000110100000000000000110011001000001
0000000000000000000000000000000000000000000000000000000000000
1001111100000000000000000000001110011111000000000000000000000
0000100100001000111000010000010000001001000010001110000100000
0000001000100000001100001001111100000010001000000011000010011
0100011010100110010101010011011001000110101001100101010100110
0000000000000000011110011011100000000000000000000111100110111
1001000111100110111000100000010010010001111001101110001000000
1100011000100000000000100010010011000110001000000000001000100
1000000001000001010000001001010110000000010000010100000010010
0000000000000011101101001011100000000000000000111011010010111
1011111000011111110111011101011110111110000111111101110111010
0000010100011010101001110001010100000101000110101010011100010
1101011001001110111110110110010111010110010011101111101101100
1011111000011111110111011101111110111110000111111101110111011
0000000000000000000000000000000000000000000000000000000000000
0100010110001011101110100110110101000101100010111011101001101
1011100011101010001101011101110110111000111010100011010111011
1111111111111111111011111101111111111111111111111110111111011
1010001111010100001111011110011110100011110101000011110111100
0110000000000000000000000000000101100000000000000000000000000
0111100001110101001110101101001101111000011101010011101011010
1101111100110110101101100110110011011111001101101011011001101
0000001010101000110010000010000000000010101010001100100000100
1111111111111111011010111011111011111111111111110110101110111
0101111000110000000000110001010001011110001100000000001100010
0100000000000000011000001110110001000000000000000110000011101
1101111000100101001101101000011011011110001001010011011010000
0000000100110100001111011101011000000001001101000011110111010
0011111111101111011111011111111100111111111011110111110111111
1001010001001101100011001011111010010100010011011000110010111
1111101001111101111011101011011111111010011111011110111010110
0011111000111110110111111111111100111110001111101101111111111
1000000000001100111100101011010110000000000011001111001010110
0001100101101100110011110000010100011001011011001100111100000
0011010101000010000010100000111000110101010000100000101000001
1001110011000001000010111100010010011100110000010000101111000
0100100010010001010100000110110101001000100100010101000001101
0001011101010111101000011110010000010111010101111010000111100
0010001101000010000110001001110000100011010000100001100010011
1100111110011100111101111111011111001111100111001111011111110
1110100000110100110111000000001011101000001101001101110000000
0100010000100100001001011000010001000100001001000010010110000
1111100101110100111110111110110111111001011101001111101111101
0001111010111010111110101111110100011110101110101111101011111
1010111000000001011111011100111110101110000000010111110111001
1110111000000000000000000000000011101110000000000000000000000
0010111011111101100101111111111100101110111111011001011111111
0101111110111111111111011111111101011111101111111111110111111
0010101010011010101001001000011100101010100110101010010010000
0100100001111101111000111000111001001000011111011110001110001
1110111011101101111111011111011111101110111011011111110111110
1011001101001101111001001000111010110011010011011110010010001
0000000000000000000000000000000000000000000000000000000000000
1100110100010000001100010011111111001101000100000011000100111
0011101111111111111111011111111100111011111111111111110111111
0000110011100100000110100010110000001100111001000001101000101
1000100111011011110111011111011110001001110110111101110111110
1100100011111011011111111011111111001000111110110111111110111
0101101111011111110111110111111101011011110111111101111101111
0000000000010110110010110101000000000000000101101100101101010
1110000111110110011101110101110111100001111101100111011101011
0010101100000000100000101000010000101011000000001000001010000
1001110111011010110100010001010010011101110110101101000100010
1011111111100111110011011111011110111111111001111100110111110
0001111111001100111111110111111100011111110011001111111101111
1101111111111010101101101101111111011111111110101011011011011
0000000000000000000000000000000000000000000000000000000000000
0101000101100100100100100000010001010001011001001001001000000
1000000000100010001000100000110010000000001000100010001000001
0000000000000001001010101100000000000000000000010010101011000
0000100100100100000010011010110000001001001001000000100110101
0000000000000000000000000000010000000000000000000000000000000
1100110111111101010010011011010011001101111111010100100110110
1010001000000010100011001000011110100010000000101000110010000
1011110000001001011000000000000110111100000010010110000000000
1000110000000000000000000000010110001100000000000000000000000
0000001011000101011000000100111100000010110001010110000001001
1000000001010011011000001001010010000000010100110110000010010
0100111111101101111111111011111001001111111011011111111110111
0000000000000000000000000000010000000000000000000000000000000
1010100000000000010001001000011010101000000000000100010010000
1101100100011010001001011000011011011001000110100010010110000
0001101000000000111010000000110000011010000000001110100000001
0111000100101100001110011011010101110001001011000011100110110
0000110011010001011111001010111100001100110100010111110010101
0000000001001110110010111111000000000000010011101100101111110
0000000000000000000000000000010000000000000000000000000000000
1000100100001000001000111000010010001001000010000010001110000
0000000000000000000000000000010000000000000000000000000000000
0100101000110100001001011001010001001010001101000010010110010
0111100100100101011010110010010101111001001001010110101100100
0011010100110000000000000000010100110101001100000000000000000
0000000000000000000000000000010000000000000000000000000000000
1101111001010101111110101000110111011110010101011111101010001
1000010000000101110011011011110110000100000001011100110110111
1000000000000000000000000000011010000000000000000000000000000
0000000000000000000000000000010000000000000000000000000000000
1110111110101100101111011111111111101111101011001011110111111
0000000000000000000111000001000000000000000000000001110000010
1110000001110100010100010101110111100000011101000101000101011
0110101110101111000011011100010001101011101011110000110111000
0000000000000000000000000000010000000000000000000000000000000
0000000000000000000000000000000000000000000000000000000000000
0000000000000000000000000100100000000000000000000000000001001
1100110101101110101111111111111011001101011011101011111111111
0001111000110000000000100110010000011110001100000000001001100
0001110101110001010110011111011100011101011100010101100111110
0011010110110000111110101100100000110101101100001111101011001
1110111010110111001101000100110011101110101101110011010001001
0110001000101101100100011111110001100010001011011001000111111
0011010111010111000011001101110000110101110101110000110011011
1110010001110111000011111010011011100100011101110000111110100
0100110100111110011001011000011001001101001111100110010110000
0010000100100100011100000000110100100001001001000111000000001
0000000000000000000000000000000000000000000000000000000000000
1010111001000001000100101000011110101110010000010001001010000
0000000000000001110001111010100000000000000000011100011110101
0000000000000000000000000000000000000000000000000000000000000
0101001100011100110110100000000001010011000111001101101000000
1111001101110110110101110111110111110011011101101101011101111
1111100100111110111001111111110011111001001111101110011111111
0000000000000000000000000000000000000000000000000000000000000
1100111011111111111111111111011011001110111111111111111111110
1100101001100000000000000000010111001010011000000000000000000
1111100111101001111100100010010111111001111010011111001000100
1101010000000100100110000010110011010100000001001001100000101
0000000000000000000000000000000000000000000000000000000000000
0011100011000110000001001100010000111000110001100000010011000
0000010001001100011111110010010000000100010011000111111100100
0100110001010011111000000000010001001100010100111110000000000
1101111111111110101111111101111111011111111111101011111111011
0000000010100000000011000010111000000000101000000000110000101
0101111000010000001000100000110001011110000100000010001000001
0000110101101100001111101011000000001101011011000011111010110
0001010111010000011010011011111000010101110100000110100110111
1011000010111100110001100000010110110000101111001100011000000
0000000001110001101101010000100000000000011100011011010100001
1010010110001100000000000000011010100101100011000000000000000
0001000110110011001111100111110000010001101100110011111001111
0000101000000000001000011001110000001010000000000010000110011
0100101111001000111110011101110101001011110010001111100111011
1000100111111111001101001001010010001001111111110011010010010
0000000000000000000000111001100000000000000000000000001110011
1100100111010101101101110111111011001001110101011011011101111
0000000000000000000000110000100000000000000000000000001100001
0000000010010001110100001010000000000000100100011101000010100
1111110011111111111111001111111111111100111111111111110011111
0111010110010100011011100100111001110101100101000110111001001
0000000000000000000000000000000000000000000000000000000000000
1110101001001111111011011111111111101010010011111110110111111
0110110111101110010110100010010001101101111011100101101000100
1101111111001001111101111111111111011111110010011111011111111
1110000001110111011100111101110111100000011101110111001111011
0010000001000000000100000001110000100000010000000001000000011
1101001010110100111110010000011011010010101101001111100100000
0000000000000000000000000000000000000000000000000000000000000
1010101101101110111100000010011110101011011011101111000000100
0010000001000011100010011100011000100000010000111000100111000
0000111000001010000000000000010000001110000010100000000000000
1110000000100000001001010000010111100000001000000010010100000
1010001010100000000000000000000010100010101000000000000000000
0000000000000000000011110110000000000000000000000000111101100
1110110111101110101111111100111111101101111011101011111111001
0000100011001011011001100111111100001000110010110110011001111
0100111011001001111110010111010001001110110010011111100101110
1110011000101011000011110010111011100110001010110000111100101
0011111100000010001110101010011100111111000000100011101010100
1101011111010110111111111111011011010111110101101111111111110
0000001000100100001001011001110000000010001001000010010110011
0111111111010011111111111111111101111111110100111111111111111
1111110101111101111011111111011111111101011111011110111111110
0000001110100000101100110111110100000011101000001011001101111
1010001000001000101000001000011010100010000010001010000010000
0101000000100110011000100011010001010000001001100110001000110
1000101100111110110000000000001010001011001111101100000000000
0000000000000000000000000000000000000000000000000000000000000
1111110010101111111011111011111111111100101011111110111110111
1001010011000000000000000000011110010100110000000000000000000
0001011010111001000110110101110000010110101110010001101101011
0000010000010010110011100111100000000100000100101100111001111
1110111001111011011001111111111011101110011110110110011111111
1010111011101111110111110111111010101110111011111101111101111
1101011100011100111010001011011111010111000111001110100010110
0001001001000110000000000101110100010010010001100000000001011
0001001000000000000100100001010000010010000000000001001000010
0101101100111011111101000101010001011011001110111111010001010
1010010001001000100000000000011010100100010010001000000000000
0000101110000100000001100101100000001011100001000000011001011
0000001000110000100100011110000000000010001100001001000111100
0111100100011100100000011011110101111001000111001000000110111
0000000000000000000000000000000000000000000000000000000000000
1110010010101110011111011111111111100100101011100111110111111
0000000000000000000000000000000000000000000000000000000000000
0010100000000000000000000000000000101000000000000000000000000
0000000000000000000000000000000000000000000000000000000000000
0000111101111000000000000000010000001111011110000000000000000
0011001010010011110001000111110100110010100100111100010001111
1011011011011111111101111101111110110110110111111111011111011
0101010011101010111110011111011101010100111010101111100111110
1000010000001100100000110100010010000100000011001000001101000
0100100101000000000001010001011001001001010000000000010100010
0101111111100011110111111111111101011111111000111101111111111
0100101100001000101000001010010001001011000010001010000010100
0010111011010111101100110111111000101110110101111011001101111
0000000000000000000000000000000000000000000000000000000000000
1100011110111100010001000110010111000111101111000100010001100
0000000000000000000000000000000000000000000000000000000000000
0100000001001001000000110001110001000000010010010000001100011
0001000000011000011010001010010000010000000110000110100010100
0011111010110010011101010110110000111110101100100111010101101
0001001010000000000010010101010000010010100000000000100101010
0011001111101111011111111111111100110011111011110111111111111
1000100100000000000000101010010010001001000000000000001010100
0101001111010110111111111111011001010011110101101111111111110
0100000000000010000011000000010001000000000000100000110000000
0100000000101011000000000000110101000000001010110000000000001
0000000000000100000010111110010000000000000001000000101111100
1111111111111111110111111111011111111111111111111101111111110
0000000110000010000000010101010000000001100000100000000101010
1001001010010001110110010111110110010010100100011101100101111
1101111011110100101010010000110011011110111101001010100100001
1001001001000110000101110101111010010010010001100001011101011
1111101100001110111011101111111011111011000011101110111011111
1000100000100011011010000000110010001000001000110110100000001
1000110110100111010101110000010110001101101001110101011100000
0010010000001010000010000100111100100100000010100000100001001
0011010010001111101110011011010000110100100011111011100110110
1101011001001001101011011101110111010110010010011010110111011
0000000000000000000000000000010000000000000000000000000000000
0001110000010011010000010101011100011100000100110100000101010
0000001011001110000011110111100000000010110011100000111101111
0001111100010010101011100100000000011111000100101010111001000
0000000000000000000000000000010000000000000000000000000000000
1100001010110100111001111111010111000010101101001110011111110
1110000000000000011001010110110111100000000000000110010101101
1111111110011011011111111101111111111111100110110111111111011
0000000000000000000000000000000000000000000000000000000000000
1110111111111101001110111011111011101111111111010011101110111
0101010111000110000000000000011001010101110001100000000000000
0000000000000000000000010000100000000000000000000000000100001
0000000000000000000000000000010000000000000000000000000000000
0000000000000000000011011101100000000000000000000000110111011
0100100101100111101000010101110101001001011001111010000101011
0000000000000010000000110000010000000000000000100000001100000
0001001010100110001100001100000000010010101001100011000011000
0000000000000000000101110000000000000000000000000001011100000
0001111111101101111111110111111100011111111011011111111101111
0101011100011110001010011101110001010111000111100010100111011
1011111110000000000000000000001010111111100000000000000000000
1101011110001001100111111000111011010111100010011001111110001
0000000000000000000000000000000000000000000000000000000000000
1010001010000000000000000000010010100010100000000000000000000
0001011110101110110010110011111100010111101011101100101100111
1111111111111111111100110111011111111111111111111111001101110
0111011000111110000000000000011101110110001111100000000000000
1110010111111111101010111111111011100101111111111010101111111
1011000111000011001011000111011110110001110000110010110001110
0000000000000000000000000010100000000000000000000000000000101
0111110000111110111111110111111101111100001111101111111101111
0100110001010000001100000000010001001100010100000011000000000
0111000100100000111000000000110101110001001000001110000000001
1110011001011000000000000000001011100110010110000000000000000
1000101110101010110101010100011010001011101010101101010101000
0011110000110000010000111001011000111100001100000100001110010
1111001000100001001110101110011111110010001000010011101011100
1000010000001001100010001100111010000100000010011000100011001
1101001011101010010001100001111111010010111010100100011000011
0000000000000000000011111100100000000000000000000000111111001
1110111111110110101111111101110111101111111101101011111111011
1101010110001111111110101111111111010101100011111111101011111
0000000000000001111000111111000000000000000000011110001111110
0000100100000001100100001100010000001001000000011001000011000
0111111111101111110010110101110101111111111011111100101101011
0111000110010010011110100011010001110001100100100111101000110
0111011000010100001000011111011101110110000101000010000111110
0000010001101000110010001011110100000100011010001100100010111
0000000000000000000000000000010000000000000000000000000000000
0000000000000000000000000000010000000000000000000000000000000
0101000100001010000101000000111101010001000010100001010000001
1000000000000000000000000000011110000000000000000000000000000
1010111011101000000000000000000110101110111010000000000000000
0101000100000000010100000000110101010001000000000101000000001
0000000000000000000000000000000000000000000000000000000000000
1011111101111101100110001110010110111111011111011001100011100
0101111000110100001000100000010001011110001101000010001000000
1101101100011011101011000000000011011011000110111010110000000
1110110010100001111101111000111111101100101000011111011110001
0000000010111000010000000110000000000000101110000100000001100
0101001000010101110001110001010101010010000101011100011100010
1001010010011110001000111110110110010100100111100010001111101
0000000000000000000000000000000000000000000000000000000000000
1011101011111111111111001111111110111010111111111111110011111
1011111000111111100110011111111010111110001111111001100111111
1111111100011011111111111111011111111111000110111111111111110
1100000110110110001000110001110011000001101101100010001100011
1011100110100111010100001001110010111001101001110101000010011
0010000110011001100101001000011100100001100110011001010010000
1000010010001000001011110101100010000100100010000010111101011
1000011000100011101010000000110010000110001000111010100000001
1000101000100001110010000000010010001010001000011100100000000
0000000000000000000000000000010000000000000000000000000000000
0000000000000000000000000000010000000000000000000000000000000
1101011111001111110111011111111111010111110011111101110111111
1110110111111111111011001011111011101101111111111110110010111
0011111111011100100100110101010100111111110111001001001101010
1101000111111111111011111111110111010001111111111110111111111
0000111111000111111110111010010000001111110001111111101110100
0000000000000000000000000000010000000000000000000000000000000
0000000000000000000000000000000000000000000000000000000000000
0001111000110000000001111001010000011110001100000000011110010
1100110001100000000101001101111111001100011000000001010011011
1100000111011011001011011000110111000001110110110010110110001
1000010001010000100101111110010010000100010100001001011111100
0000000000000000000000110100100000000000000000000000001101001
1111111110011111111111111101111111111111100111111111111111011
1101010101111001111111110111010011010101011110011111111101110
1000000001010010011100001001110110000000010100100111000010011
0000000000000000000000000000000000000000000000000000000000000
1000000001010000000000000000110010000000010100000000000000001
1000111000100010000000000000110010001110001000100000000000001
0000000000000000000000101001000000000000000000000000001010010
0101111110010111001010101110011001011111100101110010101011100
0000000000000000000000000111100000000000000000000000000001111
0001101011100000000000000000011000011010111000000000000000000
0000000000000000000000000000000000000000000000000000000000000
0111100001110001000100101010010101111000011100010001001010100
0101000000111000001000101001011001010000001110000010001010010
0000000000000000000101101100100000000000000000000001011011001
1010010001110111010111100101110110100100011101110101111001011
1110110111101100111111111111011111101101111011001111111111110
1111100010110111011010000001010011111000101101110110100000010
1111111101100011111111111001110111111111011000111111111110011
0011100010110010010001010101110000111000101100100100010101011
0100111111111110110111100111111101001111111111101101111001111
1011100111001111110110110110111010111001110011111101101101101
1111111001010111000010110010010111111110010101110000101100100
1100110111111111101111111100111011001101111111111011111111001
0000000000000000000000000000000000000000000000000000000000000
0000000000000000000000000000010000000000000000000000000000000
0001000000001100000000110000111100010000000011000000001100001
0011010000000000110100101010011000110100000000001101001010100
0100100110110101101011100000010101001001101101011010111000000
1101111100101101110110101111111011011111001011011101101011111
0111001100000000000000100100110101110011000000000000001001001
0000000000000000000000000011000000000000000000000000000000110
1101001011001001101110111010010111010010110010011011101110100
1000110111101110001111110100110110001101111011100011111101001
0000000000000000000000000101100000000000000000000000000001011
0000000000000000000000000000010000000000000000000000000000000
0000000000000000000000000000010000000000000000000000000000000
0010111011101001101000000000011000101110111010011010000000000
1101111110100001111101111111111011011111101000011111011111111
1011101111001011110111111111011110111011110010111101111111110
0000000000000000000000000011100000000000000000000000000000111
0000000000000000000000000000010000000000000000000000000000000
0011110110000101011011110110110100111101100001010110111101101
0111110101111101001100110011111101111101011111010011001100111
1100011111100011001111111110111011000111111000110011111111101
0011010001111001100010011010011100110100011110011000100110100
0000000000000000000000000000010000000000000000000000000000000
0000001000000000000000100010110000000010000000000000001000101
0000000000000000000000000000010000000000000000000000000000000
1011010101111001001110111110011110110101011110010011101111100
0000000000000000000000000011100000000000000000000000000000111
0000000000000000000000000000000000000000000000000000000000000
1111110101101111111110110010111011111101011011111111101100101
0100010011110000000101111011110101000100111100000001011110111
0100000011010100100000000000111001000000110101001000000000001
0000000000011100000011001000000000000000000111000000110010000
0000110101001001110110111110110100001101010010011101101111101
1111001100110100000011111101101111110011001101000000111111011
0000000000000000000000000000010000000000000000000000000000000
0000000000000000000000000010000000000000000000000000000000100
0001110001010001011000000000111000011100010100010110000000001
0000000000000000000000000000010000000000000000000000000000000
0000000000000000000000000000010000000000000000000000000000000
1110101110101110111110111011110011101011101011101111101110111
0101111100111111111101000010111001011111001111111111010000101
0011100110111000111010100011000000111001101110001110101000110
0011000000000000011000000000110100110000000000000110000000001
0010000000000000000000000000011100100000000000000000000000000
0011101101110110100101000110110000111011011101101001010001101
1001001100001000011101010101111110010011000010000111010101011
1001011011010110011100001101110110010110110101100111000011011
1111110111100011011001110101011011111101111000110110011101010
0111000111000100000000000000010101110001110001000000000000000
0110010100111101011010001101111101100101001111010110100011011
1101111111110110100111111111111011011111111101101001111111111
0000000000000000000000000000000000000000000000000000000000000
0010010110011100010001001111011100100101100111000100010011110
1100011110111000001110110110010011000111101110000011101101100
1111111111111100101110101011111111111111111111001011101010111
0111111111111101111111111111011101111111111111011111111111110
0000110110101110111010000000001000001101101011101110100000000
0000000000000000000101100000000000000000000000000001011000000
1011111000000010000101010100011010111110000000100001010101000
1101111110110110001101111101110111011111101101100011011111011
0010000000110000100000000010011000100000001100001000000000100
0100101010010110010101001110110101001010100101100101010011101
0000000000000000000000000011100000000000000000000000000000111
0101010010101010000000100001110101010100101010100000001000011
0000000000000000000000000000010000000000000000000000000000000
1111111111011011001011111100111111111111110110110010111111001
0100000000101100001001010100010001000000001011000010010101000
1000100001001001100001000101011110001000010010011000010001010
0000010101010110000001011011111100000101010101100000010110111
0000000000000000000000000000010000000000000000000000000000000
0000000000000000000000000000010000000000000000000000000000000
1101111111001001111101111111111111011111110010011111011111111
0110100110110000101101101001011001101001101100001011011010010
0000000000000000000000101111100000000000000000000000001011111
1011001011111100110000111101011110110010111111001100001111010
0000000000000000000000000000000000000000000000000000000000000
0000000000000110011001001001000000000000000001100110010010010
0001001000000000000000000000011000010010000000000000000000000
0000000000000000000000001001100000000000000000000000000010011
0000100010010010100011000010011100001000100100101000110000100
1111101110110010000000000000001111111011101100100000000000000
1010000000000000010100000000010110100000000000000101000000000
0111011000010010000001010110110101110110000100100000010101101
1100100111110110011111111111110111001001111101100111111111111
0000000110000010000000010101010000000001100000100000000101010
1111111101011011111100101010111011111111010110111111001010101
1111110011010100010111111110011011111100110101000101111111100
0111100110000101101000100010011001111001100001011010001000100
0110001111011100000111011011010001100011110111000001110110110
0000000100000000000000000000011000000001000000000000000000000
1000000000000000000000000000011110000000000000000000000000000
0000000000000000000000000000000000000000000000000000000000000
1111011111100111111101101111010111110111111001111111011011110
0010000001101011001011100010111100100000011010110010111000101
1001010100110110001101000000011110010101001101100011010000000
1010011000010100101101111001110010100110000101001011011110011
0001001010101100010001010110000000010010101011000100010101100
1000000000000010010000001000110010000000000000100100000010001
0000001101100000001010001000011000000011011000000010100010000
0000000000000000000000000000000000000000000000000000000000000
0000000000000000000000000000010000000000000000000000000000000
0001110011000000000000000000001100011100110000000000000000000
0111001011111101011111111111011001110010111111010111111111110
0000000000000000000000000000010000000000000000000000000000000
1110100000000000000000000000011011101000000000000000000000000
1111101100000000101000100000010011111011000000001010001000000
0000001110001111010111110111100000000011100011110101111101111
1101111101111001111111111011111111011111011110011111111110111
1011100101101110101011011001110110111001011011101010110110011
1000110000000000000000000000010110001100000000000000000000000
0000000010000000000100000101010000000000100000000001000001010
1110100111011011111011111000110111101001110110111110111110001
0011001000000000000000110101010000110010000000000000001101010
0101010110011101000000000000000001010101100111010000000000000
1000101110101010110101010100011010001011101010101101010101000
0111111001110001110010111011111001111110011100011100101110111
0000000011000110001001000110100000000000110001100010010001101
1111000111011000010000000101111111110001110110000100000001011
0101001100100000000000100100110001010011001000000000001001001
