1111011110110101
1000000000110000
0001011110111100
1000000000000000
0000000000000000
1000110100000000
1100111010110110
0000010001010101
0000000000000000
0011000001010011
0001010100000000
0000000000000000
1011000101111000
1111011110011110
0111101111111111
0110111011000101
0000000000000000
0110011111001010
0001101101010001
0000000000000000
1100000000000000
0011111101000111
0000000000000000
0000000000000000
0010000000010000
0000000000000000
0000000000000000
0000000100000000
1110101011111111
1101101001011011
0000000000101000
0000100000000000
1011001000010001
0000000000000000
1110100100100101
1011111011000110
0011010111010000
1110110001101000
0010100001001000
0000000000000000
1111110010000111
0000000001011000
0100000101110011
0000000100000000
1110101111010111
0000000000000000
0000000000000000
1011111111101111
1000111010100111
0000110110110101
0001011010110110
1010001011101001
0000000000000000
0100001000011000
1111110111010000
1000100001010010
0000000000000000
0000111110100000
1111110110000111
0111011010010111
0111000000100101
0110110000111000
1111101101110011
0011000000000001
0000000000000000
0000000000000000
0000000000000000
0001100000101011
0101011111001110
1101010001010110
1100100000001001
1111111101011111
0001000100001000
0010010011000000
1111001111101111
1111011111111111
1110111110101110
1000000010010001
0111111001011100
0011111000010101
0000000000000000
0000000000000000
1000000000000000
0000000000000000
1111000000000000
0000000000000000
1101011100001011
0000000000000000
0111001111010011
0000000000000000
0000000011011011
0000000000000000
0000000000000000
0001100110110001
0001001111010100
0010000101000000
0000000011010010
0000000000000000
0110111111111111
0000000000000000
0000000000000000
0001000010010001
1111111111111001
0000000000000000
0000000000000000
0000000000000000
0000000000000000
1001000010011100
0011010010010111
0000000000011001
1000000011110001
1101011011101111
0101001000000000
1111111101111000
0111111111111111
0000000000000000
0000001011101000
0000000000000000
0000000000000000
1001010001011000
0000100000100100
1111101111101111
0010100110111100
0001000110101011
0000000000000000
0111111111011111
1001101010111000
0000000000000000
1111111111110111
0000000000000000
1000010100100011
0000000000000000
1011011011011111
1110101101101111
1011001100100111
0000000000000000
