00000000000000000000000000000101110100
00001000001010100110010100100000000100
01101111100000000000000000000000000000
11100110111111010111101111001110110111
00000000001110010101100000000011110111
00101010100110000011010010010010000011
00001010001010000000100000010010000010
00101100101011101101000001101001011001
01010011000100011001100101000001001000
01011111110111110111010110110111110100
01101110101111111100001101001101000111
00000110000110110000111100111001101111
00100000010111011101101010010000010101
00000000000000000000000000000000000000
00000011010001000000000100000100000000
10000000000000010000000000000011001000
00001100000000000000000000000000000000
10110111011111101101101111101101111101
00000000000000000000000000000000000000
00111110101011111111101000000111100001
01010110101010000100001111000000010010
01000000000000000000000000000000000000
10101111110101010100010101101110100011
10111101111010111101101110110101110111
00000000000111011111101001101010111010
00000000000000000000000000000000000000
00010011110100110101011010101001000000
10001111011000010101111111010111101000
11111111011110101001110111110111111111
11000011000101101000001100100111111100
01010001111010000100100000000000000000
11111011100110111111101100010111011011
11101011010001000000111000111010111001
11110010101111001111111111111101111111
00000000000000000000000000000000000011
00001000000010000000100000100010000000
10111111011110101110111100111011011111
01000110101010011101110110101110001100
10010001010000100001001110101110011111
11001111111111010101110111111100010111
00000000000000000000101010100110101011
01000100000100100111010100010000100000
00000000000000000000000000000000000011
00000000000000000000000000000000000000
10110110000000000000000000000000000000
00010100100001100101100011010100101100
01100111101100101111011111111011111010
00101000101000001000100010000011000000
10001001100001000000100110011000010101
10111110011101111110111111011111111011
01011111111111011111111111011011111111
11111011111111110111111011111111111101
00000000000000000000000000000000000000
00010111111011001111111111111011011101
10111011111011111101111010111101010101
01010011111110001110110010100100111100
00000000000000000000000000000000001111
00000000000000000000000000000000000000
11000111101110010111001011111010001010
00100000100000000000000000000000000000
01010000000001100010000000001001000000
10000001000000101110001000010001000100
00000000000000000000000000000000000000
11000111110011110100010111101100011010
00001000100000010111000000000000000000
00101000100010101011001100001101001001
11000010110100000000000000000000000000
00000000000001010110101001001100011001
00000000000000000000000000000000000000
00000000000000000000000000000000000000
00001001111100010010001100110011100000
00000000000000000000000000000000000000
00100000010111011101101010010000010101
11101101111111011011001100111011111110
10101111001001000001001000100001000000
00000000000000001110111111010011010101
00000000000000000000000000000000000000
10100000110000001011100001010100000000
11111011111111111111111111111111111000
11001100001101000111101011110011110100
00000000000000000000000000000000000000
11000110100110101000000000000000000000
00010110011011110111001010111111011010
00000000000000000000000000000000000000
01100011111111100001101100111111101000
10111100111010111111111111011101010101
01100011111011101111101111110110101110
11011111111010100111101010111111111010
00000000000000000000000000000000000000
10000110101001111010101001011110001110
11010011101101110010100101010111001110
00000000000000000000000000111111011010
10011101101110101101000001000101000000
00011010010001101101110110100010010110
01000111000110010000000000000000000000
01100010010011011001110110111100010011
01000100000010000000000000100010010000
10111011111111011101010011000011011111
01111111110010001100110101001000101100
11011101100111110111111111010011101111
10000011110000001000000100000001001000
00000010011000000000010000000011001010
00000000000000000000000000000000000000
10000000001100011000101001010001000100
01000010000001011001011001010100000100
00000000000000000000000000000000000000
11101011100111111101111111111111011111
00000000000000000000000000000000000100
11001011101111101101110111110111011111
00001100001100000000000010001001110000
10001010111110001110010000011001011001
00101011011110001010101101101011111010
11101110101010010000100100010110011110
00000000000000000000000000000000000110
10101101100101001100100001010000000000
11011110110111101101110110110111111111
00000110001100110101011010100001101100
11100101101111011101011111111101011110
10111110110111111111101111111010010111
11100100110111010010110111101010111001
00000000000000000000000000000000000000
00000100000100000010100000001001000010
00000000000000000000000000000000000100
00011100010000000000010100000000000000
01000010010000011001000011000000000000
00000000000000000000000000000000000000
11101001000100000000100101000101011011
10001010011011111101010100101011011100
00000000000000000000000000000000000000
10111110110100010010111110000000000011
10111111111101001001001110100111111111
00000000000000000000000000000000000000
00000000000000000000000000000000000000
00000000000000000000000000000000000000
11011000100100000000000000000000000000
10011100100000111110100000000001001000
00000000000000000000000000000000000000
01111011011001001101110111110000000000
01111011111110111111000110110010110111
01011001100101111010110110000010011111
11111001110011110011111111110101111111
01111010011100010101100011010110010000
00010010000001001101000101011001000000
00010010001000001110101001100101100000
01011110010000000000000000000000000000
00000000000000000000000000000000000000
10001011010110011111100110111100010110
11011010111111111111111110110101101011
00000000000001111100010000000111101010
11000010000001101101000111001101100111
00100010010100000010010101110111101000
10000110100010000111101011111100110101
11101011011001111100101001011010100000
01000101110100000000100011011111001011
00000000000000000000000000000000000000
00000000000000000000000000000000000000
00000000000000000001110000101010111101
11101111110101110101111101111111001101
00000000000000000000000000000000000000
11000000110010101011110001100101001000
00000001010011110011001100101001010100
00100100001101101000000100001111100000
00000000000000000000000000000000000000
00000000000000000000000000000000000010
11011010000001000000000000000000000000
00011100011100101110110101001011011111
11011011010010011000000110101100000100
00000000000000000000000000000000000000
00000000000000000000000000000000000000
10110110010110100111000000000000000000
01000110111011000100111000111000110010
10110110000010111101011110000111010111
00000000000000000000000000000000000000
00110011001100011100000000000000000000
00000000000000000000000000000000000000
01001001001010100011010111000000000000
11111110110101010101111111001111101110
00000000000000000000000000000000000000
01111011010101111000101111101111111011
10111111011011111011111111111111111101
00011011001011000000000000000000000000
11001100000110110010010001111101001011
00000001000110001001101011100000110110
00000001011001101110110001101001101101
00001000000000101100001001011001010000
11110011001011111011110111010011110110
10000000100011000000001011000001010000
11011110011101011110011111011111110111
00000001000001001100100000111000101110
01100111000000100010110011111101000011
11100011111110111111111110111111010011
11111111111110111111111111001110111110
00000000000000000000000000000000000000
01000000000000000000000000000000000000
00000000000000000000000000000000000000
11100110000000100011001111001000011011
10111111111101111111011111011111101111
10111110110011111110101101100111001110
00000000000000000000000000000000000000
00000000000000000000000000000001011011
10111101010111111100011011100101111111
00000001000110000000011100011110100000
01101000100010100000010011100100010011
10001011010011001101000000001110011111
00100011011110110100110010100000000000
10111011000111110111111111011111111101
11001110111111011111011111101101010111
10011111000100101011010101010000000000
01111010001000011101101010001001111001
00000000000000000000000000000000000000
01011111111110111111010011010001101011
10000111001000011010000010000101100101
00000000000000000000000000000000000001
10000100010001000100100110000100100000
11100011010100000000000000000000000000
11011110110111010011010111111110110011
00001101101000111111001010011000000000
00000000000000000000000000000000000000
01000000000101000000000100000001000100
01100000000000000000000000000000000000
11011001010010110100011001000000000000
11111111111111011011111100111111110111
11111011110110000000101000111111010101
00001111000010111100111011000011000111
00000000000000000010010110001110010011
11100111101100110111011111110111101111
00001010011000101000100110010000101000
11000000000000000000000000000000000000
00000000101011010100100110001100111001
01001110011111101001000111101101000111
11111010011111111111011111111111011100
11111110111110101000110111010011010111
11101111011111100101110101010001111001
01111011101011110010111110111101111001
01110010101000111000001011110100111101
00010011100001100101100010000000000000
00000000000000000000000000001001000010
10100101101000110010000000000000000000
00010001000001000001000000110001000001
10111100111111011011100111011111110100
00000000000000000000000000000000000000
00111110001010010011000000001011000101
00000000000000000000000000000000000000
00000000000000000000000000000001010011
00000000000000000000000000000000000000
00000000000000000000000000000000000000
10111001100000000000000000000000000000
00000000000000000000000000000000000000
00000000000000000000000000000000000000
00000000000001011111101110111111001001
11111111001110111111111101111011101111
10101110011110000110101111110011011110
00000000011011010011110100000011000010
01000001101000000000111100101000010000
10111100101010111100111100000010001000
00111100000000000000000000000000000000
