-----------------------------
|      |      |      |      |
|     2|     2|     2|     2|
|      |      |      |      |
-----------------------------
|      |      |      |      |
|     4|     4|      |      |
|      |      |      |      |
-----------------------------
|      |      |      |      |
|      |     2|     2|      |
|      |      |      |      |
-----------------------------
|      |      |      |      |
|      |      |     2|     2|
|      |      |      |      |
-----------------------------
-----------------------------
|      |      |      |      |
|     4|     4|      |      |
|      |      |      |      |
-----------------------------
|      |      |      |      |
|     8|      |      |      |
|      |      |      |      |
-----------------------------
|      |      |      |      |
|     4|      |      |      |
|      |      |      |      |
-----------------------------
|      |      |      |      |
|     4|      |      |      |
|      |      |      |      |
-----------------------------
-----------------------------
|      |      |      |      |
|      |      |      |     8|
|      |      |      |      |
-----------------------------
|      |      |      |      |
|      |      |      |     8|
|      |      |      |      |
-----------------------------
|      |      |      |      |
|      |      |      |     4|
|      |      |      |      |
-----------------------------
|      |      |      |      |
|      |      |      |     4|
|      |      |      |      |
-----------------------------
-----------------------------
|      |      |      |      |
|      |      |      |    16|
|      |      |      |      |
-----------------------------
|      |      |      |      |
|      |      |      |     8|
|      |      |      |      |
-----------------------------
|      |      |      |      |
|      |      |      |      |
|      |      |      |      |
-----------------------------
|      |      |      |      |
|      |      |      |      |
|      |      |      |      |
-----------------------------
-----------------------------
|      |      |      |      |
|      |      |      |    16|
|      |      |      |      |
-----------------------------
|      |      |      |      |
|      |      |      |     8|
|      |      |      |      |
-----------------------------
|      |      |      |      |
|      |      |      |      |
|      |      |      |      |
-----------------------------
|      |      |      |      |
|      |      |      |      |
|      |      |      |      |
-----------------------------
