-----------------------------
|      |      |      |      |
|     2|     4|     2|      |
|      |      |      |      |
-----------------------------
|      |      |      |      |
|     4|     2|      |     2|
|      |      |      |      |
-----------------------------
|      |      |      |      |
|     4|     4|      |     2|
|      |      |      |      |
-----------------------------
|      |      |      |      |
|     2|     4|     4|     4|
|      |      |      |      |
-----------------------------
-----------------------------
|      |      |      |      |
|      |      |      |      |
|      |      |      |      |
-----------------------------
|      |      |      |      |
|     2|     4|      |      |
|      |      |      |      |
-----------------------------
|      |      |      |      |
|     8|     2|     2|     4|
|      |      |      |      |
-----------------------------
|      |      |      |      |
|     2|     8|     4|     4|
|      |      |      |      |
-----------------------------
-----------------------------
|      |      |      |      |
|      |      |      |      |
|      |      |      |      |
-----------------------------
|      |      |      |      |
|      |      |     2|     4|
|      |      |      |      |
-----------------------------
|      |      |      |      |
|      |     8|     4|     4|
|      |      |      |      |
-----------------------------
|      |      |      |      |
|      |     2|     8|     8|
|      |      |      |      |
-----------------------------
-----------------------------
|      |      |      |      |
|      |      |      |      |
|      |      |      |      |
-----------------------------
|      |      |      |      |
|      |      |     2|      |
|      |      |      |      |
-----------------------------
|      |      |      |      |
|      |     8|     4|     8|
|      |      |      |      |
-----------------------------
|      |      |      |      |
|      |     2|     8|     8|
|      |      |      |      |
-----------------------------
-----------------------------
|      |      |      |      |
|      |     8|     2|    16|
|      |      |      |      |
-----------------------------
|      |      |      |      |
|      |     2|     4|      |
|      |      |      |      |
-----------------------------
|      |      |      |      |
|      |      |     8|      |
|      |      |      |      |
-----------------------------
|      |      |      |      |
|      |      |      |      |
|      |      |      |      |
-----------------------------
-----------------------------
|      |      |      |      |
|      |      |      |      |
|      |      |      |      |
-----------------------------
|      |      |      |      |
|      |      |     2|      |
|      |      |      |      |
-----------------------------
|      |      |      |      |
|      |     8|     4|      |
|      |      |      |      |
-----------------------------
|      |      |      |      |
|      |     2|     8|    16|
|      |      |      |      |
-----------------------------
-----------------------------
|      |      |      |      |
|      |      |      |      |
|      |      |      |      |
-----------------------------
|      |      |      |      |
|      |      |     2|      |
|      |      |      |      |
-----------------------------
|      |      |      |      |
|      |     8|     4|      |
|      |      |      |      |
-----------------------------
|      |      |      |      |
|      |     2|     8|    16|
|      |      |      |      |
-----------------------------
-----------------------------
|      |      |      |      |
|      |      |      |      |
|      |      |      |      |
-----------------------------
|      |      |      |      |
|      |      |     2|      |
|      |      |      |      |
-----------------------------
|      |      |      |      |
|      |     8|     4|      |
|      |      |      |      |
-----------------------------
|      |      |      |      |
|      |     2|     8|    16|
|      |      |      |      |
-----------------------------
-----------------------------
|      |      |      |      |
|      |      |      |      |
|      |      |      |      |
-----------------------------
|      |      |      |      |
|      |      |      |     2|
|      |      |      |      |
-----------------------------
|      |      |      |      |
|      |      |     8|     4|
|      |      |      |      |
-----------------------------
|      |      |      |      |
|      |     2|     8|    16|
|      |      |      |      |
-----------------------------
-----------------------------
|      |      |      |      |
|      |      |      |      |
|      |      |      |      |
-----------------------------
|      |      |      |      |
|      |      |      |     2|
|      |      |      |      |
-----------------------------
|      |      |      |      |
|      |      |     8|     4|
|      |      |      |      |
-----------------------------
|      |      |      |      |
|      |     2|     8|    16|
|      |      |      |      |
-----------------------------
-----------------------------
|      |      |      |      |
|      |      |      |      |
|      |      |      |      |
-----------------------------
|      |      |      |      |
|      |      |      |     2|
|      |      |      |      |
-----------------------------
|      |      |      |      |
|      |      |      |     4|
|      |      |      |      |
-----------------------------
|      |      |      |      |
|      |     2|    16|    16|
|      |      |      |      |
-----------------------------
-----------------------------
|      |      |      |      |
|      |     2|    16|     2|
|      |      |      |      |
-----------------------------
|      |      |      |      |
|      |      |      |     4|
|      |      |      |      |
-----------------------------
|      |      |      |      |
|      |      |      |    16|
|      |      |      |      |
-----------------------------
|      |      |      |      |
|      |      |      |      |
|      |      |      |      |
-----------------------------
-----------------------------
|      |      |      |      |
|      |      |      |      |
|      |      |      |      |
-----------------------------
|      |      |      |      |
|      |      |      |     2|
|      |      |      |      |
-----------------------------
|      |      |      |      |
|      |      |      |     4|
|      |      |      |      |
-----------------------------
|      |      |      |      |
|      |     2|    16|    16|
|      |      |      |      |
-----------------------------
-----------------------------
|      |      |      |      |
|      |      |      |      |
|      |      |      |      |
-----------------------------
|      |      |      |      |
|      |      |      |     2|
|      |      |      |      |
-----------------------------
|      |      |      |      |
|      |      |      |     4|
|      |      |      |      |
-----------------------------
|      |      |      |      |
|      |     2|    16|    16|
|      |      |      |      |
-----------------------------
-----------------------------
|      |      |      |      |
|      |      |      |      |
|      |      |      |      |
-----------------------------
|      |      |      |      |
|     2|      |      |      |
|      |      |      |      |
-----------------------------
|      |      |      |      |
|     4|      |      |      |
|      |      |      |      |
-----------------------------
|      |      |      |      |
|     2|    32|      |      |
|      |      |      |      |
-----------------------------
-----------------------------
|      |      |      |      |
|      |      |      |      |
|      |      |      |      |
-----------------------------
|      |      |      |      |
|     2|      |      |      |
|      |      |      |      |
-----------------------------
|      |      |      |      |
|     4|      |      |      |
|      |      |      |      |
-----------------------------
|      |      |      |      |
|     2|    32|      |      |
|      |      |      |      |
-----------------------------
-----------------------------
|      |      |      |      |
|      |      |      |      |
|      |      |      |      |
-----------------------------
|      |      |      |      |
|      |      |      |     2|
|      |      |      |      |
-----------------------------
|      |      |      |      |
|      |      |      |     4|
|      |      |      |      |
-----------------------------
|      |      |      |      |
|      |      |     2|    32|
|      |      |      |      |
-----------------------------
-----------------------------
|      |      |      |      |
|      |      |      |      |
|      |      |      |      |
-----------------------------
|      |      |      |      |
|      |      |      |     2|
|      |      |      |      |
-----------------------------
|      |      |      |      |
|      |      |      |     4|
|      |      |      |      |
-----------------------------
|      |      |      |      |
|      |      |     2|    32|
|      |      |      |      |
-----------------------------
-----------------------------
|      |      |      |      |
|      |      |      |      |
|      |      |      |      |
-----------------------------
|      |      |      |      |
|     2|      |      |      |
|      |      |      |      |
-----------------------------
|      |      |      |      |
|     4|      |      |      |
|      |      |      |      |
-----------------------------
|      |      |      |      |
|     2|    32|      |      |
|      |      |      |      |
-----------------------------
-----------------------------
|      |      |      |      |
|      |      |      |      |
|      |      |      |      |
-----------------------------
|      |      |      |      |
|     2|      |      |      |
|      |      |      |      |
-----------------------------
|      |      |      |      |
|     4|      |      |      |
|      |      |      |      |
-----------------------------
|      |      |      |      |
|     2|    32|      |      |
|      |      |      |      |
-----------------------------
-----------------------------
|      |      |      |      |
|      |      |      |      |
|      |      |      |      |
-----------------------------
|      |      |      |      |
|      |      |      |     2|
|      |      |      |      |
-----------------------------
|      |      |      |      |
|      |      |      |     4|
|      |      |      |      |
-----------------------------
|      |      |      |      |
|      |      |     2|    32|
|      |      |      |      |
-----------------------------
-----------------------------
|      |      |      |      |
|      |      |      |      |
|      |      |      |      |
-----------------------------
|      |      |      |      |
|      |      |      |     2|
|      |      |      |      |
-----------------------------
|      |      |      |      |
|      |      |      |     4|
|      |      |      |      |
-----------------------------
|      |      |      |      |
|      |      |     2|    32|
|      |      |      |      |
-----------------------------
-----------------------------
|      |      |      |      |
|      |      |     2|     2|
|      |      |      |      |
-----------------------------
|      |      |      |      |
|      |      |      |     4|
|      |      |      |      |
-----------------------------
|      |      |      |      |
|      |      |      |    32|
|      |      |      |      |
-----------------------------
|      |      |      |      |
|      |      |      |      |
|      |      |      |      |
-----------------------------
