-----------------------------
|      |      |      |      |
|    16|     8|      |      |
|      |      |      |      |
-----------------------------
|      |      |      |      |
|      |      |      |     8|
|      |      |      |      |
-----------------------------
|      |      |      |      |
|      |    32|     8|      |
|      |      |      |      |
-----------------------------
|      |      |      |      |
|    32|    32|      |      |
|      |      |      |      |
-----------------------------
-----------------------------
|      |      |      |      |
|      |      |    16|     8|
|      |      |      |      |
-----------------------------
|      |      |      |      |
|      |      |      |     8|
|      |      |      |      |
-----------------------------
|      |      |      |      |
|      |      |    32|     8|
|      |      |      |      |
-----------------------------
|      |      |      |      |
|      |      |      |    64|
|      |      |      |      |
-----------------------------
-----------------------------
|      |      |      |      |
|      |      |    16|    16|
|      |      |      |      |
-----------------------------
|      |      |      |      |
|      |      |    32|     8|
|      |      |      |      |
-----------------------------
|      |      |      |      |
|      |      |      |    64|
|      |      |      |      |
-----------------------------
|      |      |      |      |
|      |      |      |      |
|      |      |      |      |
-----------------------------
-----------------------------
|      |      |      |      |
|    32|      |      |      |
|      |      |      |      |
-----------------------------
|      |      |      |      |
|    32|     8|      |      |
|      |      |      |      |
-----------------------------
|      |      |      |      |
|    64|      |      |      |
|      |      |      |      |
-----------------------------
|      |      |      |      |
|      |      |      |      |
|      |      |      |      |
-----------------------------
-----------------------------
|      |      |      |      |
|    64|     8|      |      |
|      |      |      |      |
-----------------------------
|      |      |      |      |
|    64|      |      |      |
|      |      |      |      |
-----------------------------
|      |      |      |      |
|      |      |      |      |
|      |      |      |      |
-----------------------------
|      |      |      |      |
|      |      |      |      |
|      |      |      |      |
-----------------------------
-----------------------------
|      |      |      |      |
|   128|     8|      |      |
|      |      |      |      |
-----------------------------
|      |      |      |      |
|      |      |      |      |
|      |      |      |      |
-----------------------------
|      |      |      |      |
|      |      |      |      |
|      |      |      |      |
-----------------------------
|      |      |      |      |
|      |      |      |      |
|      |      |      |      |
-----------------------------
-----------------------------
|      |      |      |      |
|      |      |      |      |
|      |      |      |      |
-----------------------------
|      |      |      |      |
|      |      |      |      |
|      |      |      |      |
-----------------------------
|      |      |      |      |
|      |      |      |      |
|      |      |      |      |
-----------------------------
|      |      |      |      |
|   128|     8|      |      |
|      |      |      |      |
-----------------------------
-----------------------------
|      |      |      |      |
|   128|     8|      |      |
|      |      |      |      |
-----------------------------
|      |      |      |      |
|      |      |      |      |
|      |      |      |      |
-----------------------------
|      |      |      |      |
|      |      |      |      |
|      |      |      |      |
-----------------------------
|      |      |      |      |
|      |      |      |      |
|      |      |      |      |
-----------------------------
-----------------------------
|      |      |      |      |
|      |      |      |      |
|      |      |      |      |
-----------------------------
|      |      |      |      |
|      |      |      |      |
|      |      |      |      |
-----------------------------
|      |      |      |      |
|      |      |      |      |
|      |      |      |      |
-----------------------------
|      |      |      |      |
|   128|     8|      |      |
|      |      |      |      |
-----------------------------
-----------------------------
|      |      |      |      |
|      |      |      |      |
|      |      |      |      |
-----------------------------
|      |      |      |      |
|      |      |      |      |
|      |      |      |      |
-----------------------------
|      |      |      |      |
|      |      |      |      |
|      |      |      |      |
-----------------------------
|      |      |      |      |
|      |      |   128|     8|
|      |      |      |      |
-----------------------------
-----------------------------
|      |      |      |      |
|      |      |      |      |
|      |      |      |      |
-----------------------------
|      |      |      |      |
|      |      |      |      |
|      |      |      |      |
-----------------------------
|      |      |      |      |
|      |      |      |      |
|      |      |      |      |
-----------------------------
|      |      |      |      |
|   128|     8|      |      |
|      |      |      |      |
-----------------------------
-----------------------------
|      |      |      |      |
|   128|     8|      |      |
|      |      |      |      |
-----------------------------
|      |      |      |      |
|      |      |      |      |
|      |      |      |      |
-----------------------------
|      |      |      |      |
|      |      |      |      |
|      |      |      |      |
-----------------------------
|      |      |      |      |
|      |      |      |      |
|      |      |      |      |
-----------------------------
-----------------------------
|      |      |      |      |
|   128|     8|      |      |
|      |      |      |      |
-----------------------------
|      |      |      |      |
|      |      |      |      |
|      |      |      |      |
-----------------------------
|      |      |      |      |
|      |      |      |      |
|      |      |      |      |
-----------------------------
|      |      |      |      |
|      |      |      |      |
|      |      |      |      |
-----------------------------
-----------------------------
|      |      |      |      |
|      |      |   128|     8|
|      |      |      |      |
-----------------------------
|      |      |      |      |
|      |      |      |      |
|      |      |      |      |
-----------------------------
|      |      |      |      |
|      |      |      |      |
|      |      |      |      |
-----------------------------
|      |      |      |      |
|      |      |      |      |
|      |      |      |      |
-----------------------------
-----------------------------
|      |      |      |      |
|      |      |      |      |
|      |      |      |      |
-----------------------------
|      |      |      |      |
|      |      |      |      |
|      |      |      |      |
-----------------------------
|      |      |      |      |
|      |      |      |      |
|      |      |      |      |
-----------------------------
|      |      |      |      |
|      |      |   128|     8|
|      |      |      |      |
-----------------------------
-----------------------------
|      |      |      |      |
|      |      |   128|     8|
|      |      |      |      |
-----------------------------
|      |      |      |      |
|      |      |      |      |
|      |      |      |      |
-----------------------------
|      |      |      |      |
|      |      |      |      |
|      |      |      |      |
-----------------------------
|      |      |      |      |
|      |      |      |      |
|      |      |      |      |
-----------------------------
-----------------------------
|      |      |      |      |
|      |      |   128|     8|
|      |      |      |      |
-----------------------------
|      |      |      |      |
|      |      |      |      |
|      |      |      |      |
-----------------------------
|      |      |      |      |
|      |      |      |      |
|      |      |      |      |
-----------------------------
|      |      |      |      |
|      |      |      |      |
|      |      |      |      |
-----------------------------
-----------------------------
|      |      |      |      |
|      |      |      |      |
|      |      |      |      |
-----------------------------
|      |      |      |      |
|      |      |      |      |
|      |      |      |      |
-----------------------------
|      |      |      |      |
|      |      |      |      |
|      |      |      |      |
-----------------------------
|      |      |      |      |
|      |      |   128|     8|
|      |      |      |      |
-----------------------------
-----------------------------
|      |      |      |      |
|      |      |   128|     8|
|      |      |      |      |
-----------------------------
|      |      |      |      |
|      |      |      |      |
|      |      |      |      |
-----------------------------
|      |      |      |      |
|      |      |      |      |
|      |      |      |      |
-----------------------------
|      |      |      |      |
|      |      |      |      |
|      |      |      |      |
-----------------------------
-----------------------------
|      |      |      |      |
|      |      |      |      |
|      |      |      |      |
-----------------------------
|      |      |      |      |
|      |      |      |      |
|      |      |      |      |
-----------------------------
|      |      |      |      |
|      |      |      |      |
|      |      |      |      |
-----------------------------
|      |      |      |      |
|      |      |   128|     8|
|      |      |      |      |
-----------------------------
-----------------------------
|      |      |      |      |
|      |      |      |      |
|      |      |      |      |
-----------------------------
|      |      |      |      |
|      |      |      |      |
|      |      |      |      |
-----------------------------
|      |      |      |      |
|      |      |      |      |
|      |      |      |      |
-----------------------------
|      |      |      |      |
|   128|     8|      |      |
|      |      |      |      |
-----------------------------
-----------------------------
|      |      |      |      |
|   128|     8|      |      |
|      |      |      |      |
-----------------------------
|      |      |      |      |
|      |      |      |      |
|      |      |      |      |
-----------------------------
|      |      |      |      |
|      |      |      |      |
|      |      |      |      |
-----------------------------
|      |      |      |      |
|      |      |      |      |
|      |      |      |      |
-----------------------------
-----------------------------
|      |      |      |      |
|   128|     8|      |      |
|      |      |      |      |
-----------------------------
|      |      |      |      |
|      |      |      |      |
|      |      |      |      |
-----------------------------
|      |      |      |      |
|      |      |      |      |
|      |      |      |      |
-----------------------------
|      |      |      |      |
|      |      |      |      |
|      |      |      |      |
-----------------------------
