-----------------------------
|      |      |      |      |
|   256|      |    64|   512|
|      |      |      |      |
-----------------------------
|      |      |      |      |
|      |   128|      |    64|
|      |      |      |      |
-----------------------------
|      |      |      |      |
|      |    64|      |      |
|      |      |      |      |
-----------------------------
|      |      |      |      |
|      |      |      |      |
|      |      |      |      |
-----------------------------
-----------------------------
|      |      |      |      |
|      |   256|    64|   512|
|      |      |      |      |
-----------------------------
|      |      |      |      |
|      |      |   128|    64|
|      |      |      |      |
-----------------------------
|      |      |      |      |
|      |      |      |    64|
|      |      |      |      |
-----------------------------
|      |      |      |      |
|      |      |      |      |
|      |      |      |      |
-----------------------------
-----------------------------
|      |      |      |      |
|      |      |      |      |
|      |      |      |      |
-----------------------------
|      |      |      |      |
|      |      |      |      |
|      |      |      |      |
-----------------------------
|      |      |      |      |
|      |      |    64|   512|
|      |      |      |      |
-----------------------------
|      |      |      |      |
|      |   256|   128|   128|
|      |      |      |      |
-----------------------------
-----------------------------
|      |      |      |      |
|      |      |      |      |
|      |      |      |      |
-----------------------------
|      |      |      |      |
|      |      |      |      |
|      |      |      |      |
-----------------------------
|      |      |      |      |
|      |      |    64|   512|
|      |      |      |      |
-----------------------------
|      |      |      |      |
|      |      |   256|   256|
|      |      |      |      |
-----------------------------
-----------------------------
|      |      |      |      |
|      |      |      |      |
|      |      |      |      |
-----------------------------
|      |      |      |      |
|      |      |      |      |
|      |      |      |      |
-----------------------------
|      |      |      |      |
|    64|   512|      |      |
|      |      |      |      |
-----------------------------
|      |      |      |      |
|   512|      |      |      |
|      |      |      |      |
-----------------------------
-----------------------------
|      |      |      |      |
|      |      |      |      |
|      |      |      |      |
-----------------------------
|      |      |      |      |
|      |      |      |      |
|      |      |      |      |
-----------------------------
|      |      |      |      |
|    64|      |      |      |
|      |      |      |      |
-----------------------------
|      |      |      |      |
|   512|   512|      |      |
|      |      |      |      |
-----------------------------
-----------------------------
|      |      |      |      |
|    64|   512|      |      |
|      |      |      |      |
-----------------------------
|      |      |      |      |
|   512|      |      |      |
|      |      |      |      |
-----------------------------
|      |      |      |      |
|      |      |      |      |
|      |      |      |      |
-----------------------------
|      |      |      |      |
|      |      |      |      |
|      |      |      |      |
-----------------------------
-----------------------------
|      |      |      |      |
|      |      |    64|   512|
|      |      |      |      |
-----------------------------
|      |      |      |      |
|      |      |      |   512|
|      |      |      |      |
-----------------------------
|      |      |      |      |
|      |      |      |      |
|      |      |      |      |
-----------------------------
|      |      |      |      |
|      |      |      |      |
|      |      |      |      |
-----------------------------
-----------------------------
|      |      |      |      |
|    64|   512|      |      |
|      |      |      |      |
-----------------------------
|      |      |      |      |
|   512|      |      |      |
|      |      |      |      |
-----------------------------
|      |      |      |      |
|      |      |      |      |
|      |      |      |      |
-----------------------------
|      |      |      |      |
|      |      |      |      |
|      |      |      |      |
-----------------------------
-----------------------------
|      |      |      |      |
|      |      |      |      |
|      |      |      |      |
-----------------------------
|      |      |      |      |
|      |      |      |      |
|      |      |      |      |
-----------------------------
|      |      |      |      |
|    64|      |      |      |
|      |      |      |      |
-----------------------------
|      |      |      |      |
|   512|   512|      |      |
|      |      |      |      |
-----------------------------
-----------------------------
|      |      |      |      |
|    64|   512|      |      |
|      |      |      |      |
-----------------------------
|      |      |      |      |
|   512|      |      |      |
|      |      |      |      |
-----------------------------
|      |      |      |      |
|      |      |      |      |
|      |      |      |      |
-----------------------------
|      |      |      |      |
|      |      |      |      |
|      |      |      |      |
-----------------------------
-----------------------------
|      |      |      |      |
|      |      |      |      |
|      |      |      |      |
-----------------------------
|      |      |      |      |
|      |      |      |      |
|      |      |      |      |
-----------------------------
|      |      |      |      |
|    64|      |      |      |
|      |      |      |      |
-----------------------------
|      |      |      |      |
|   512|   512|      |      |
|      |      |      |      |
-----------------------------
-----------------------------
|      |      |      |      |
|      |      |      |      |
|      |      |      |      |
-----------------------------
|      |      |      |      |
|      |      |      |      |
|      |      |      |      |
-----------------------------
|      |      |      |      |
|      |      |      |    64|
|      |      |      |      |
-----------------------------
|      |      |      |      |
|      |      |      |  1024|
|      |      |      |      |
-----------------------------
-----------------------------
|      |      |      |      |
|      |      |      |      |
|      |      |      |      |
-----------------------------
|      |      |      |      |
|      |      |      |      |
|      |      |      |      |
-----------------------------
|      |      |      |      |
|      |      |      |    64|
|      |      |      |      |
-----------------------------
|      |      |      |      |
|      |      |      |  1024|
|      |      |      |      |
-----------------------------
-----------------------------
|      |      |      |      |
|      |      |      |    64|
|      |      |      |      |
-----------------------------
|      |      |      |      |
|      |      |      |  1024|
|      |      |      |      |
-----------------------------
|      |      |      |      |
|      |      |      |      |
|      |      |      |      |
-----------------------------
|      |      |      |      |
|      |      |      |      |
|      |      |      |      |
-----------------------------
-----------------------------
|      |      |      |      |
|      |      |      |    64|
|      |      |      |      |
-----------------------------
|      |      |      |      |
|      |      |      |  1024|
|      |      |      |      |
-----------------------------
|      |      |      |      |
|      |      |      |      |
|      |      |      |      |
-----------------------------
|      |      |      |      |
|      |      |      |      |
|      |      |      |      |
-----------------------------
-----------------------------
|      |      |      |      |
|    64|      |      |      |
|      |      |      |      |
-----------------------------
|      |      |      |      |
|  1024|      |      |      |
|      |      |      |      |
-----------------------------
|      |      |      |      |
|      |      |      |      |
|      |      |      |      |
-----------------------------
|      |      |      |      |
|      |      |      |      |
|      |      |      |      |
-----------------------------
-----------------------------
|      |      |      |      |
|    64|      |      |      |
|      |      |      |      |
-----------------------------
|      |      |      |      |
|  1024|      |      |      |
|      |      |      |      |
-----------------------------
|      |      |      |      |
|      |      |      |      |
|      |      |      |      |
-----------------------------
|      |      |      |      |
|      |      |      |      |
|      |      |      |      |
-----------------------------
-----------------------------
|      |      |      |      |
|      |      |      |      |
|      |      |      |      |
-----------------------------
|      |      |      |      |
|      |      |      |      |
|      |      |      |      |
-----------------------------
|      |      |      |      |
|    64|      |      |      |
|      |      |      |      |
-----------------------------
|      |      |      |      |
|  1024|      |      |      |
|      |      |      |      |
-----------------------------
-----------------------------
|      |      |      |      |
|      |      |      |      |
|      |      |      |      |
-----------------------------
|      |      |      |      |
|      |      |      |      |
|      |      |      |      |
-----------------------------
|      |      |      |      |
|    64|      |      |      |
|      |      |      |      |
-----------------------------
|      |      |      |      |
|  1024|      |      |      |
|      |      |      |      |
-----------------------------
-----------------------------
|      |      |      |      |
|      |      |      |      |
|      |      |      |      |
-----------------------------
|      |      |      |      |
|      |      |      |      |
|      |      |      |      |
-----------------------------
|      |      |      |      |
|    64|      |      |      |
|      |      |      |      |
-----------------------------
|      |      |      |      |
|  1024|      |      |      |
|      |      |      |      |
-----------------------------
-----------------------------
|      |      |      |      |
|      |      |      |      |
|      |      |      |      |
-----------------------------
|      |      |      |      |
|      |      |      |      |
|      |      |      |      |
-----------------------------
|      |      |      |      |
|    64|      |      |      |
|      |      |      |      |
-----------------------------
|      |      |      |      |
|  1024|      |      |      |
|      |      |      |      |
-----------------------------
-----------------------------
|      |      |      |      |
|      |      |      |      |
|      |      |      |      |
-----------------------------
|      |      |      |      |
|      |      |      |      |
|      |      |      |      |
-----------------------------
|      |      |      |      |
|    64|      |      |      |
|      |      |      |      |
-----------------------------
|      |      |      |      |
|  1024|      |      |      |
|      |      |      |      |
-----------------------------
