-----------------------------
|      |      |      |      |
|     2|      |      |      |
|      |      |      |      |
-----------------------------
|      |      |      |      |
|     8|     8|      |     8|
|      |      |      |      |
-----------------------------
|      |      |      |      |
|     2|      |      |      |
|      |      |      |      |
-----------------------------
|      |      |      |      |
|      |      |      |      |
|      |      |      |      |
-----------------------------
-----------------------------
|      |      |      |      |
|      |      |      |     2|
|      |      |      |      |
-----------------------------
|      |      |      |      |
|      |      |     8|    16|
|      |      |      |      |
-----------------------------
|      |      |      |      |
|      |      |      |     2|
|      |      |      |      |
-----------------------------
|      |      |      |      |
|      |      |      |      |
|      |      |      |      |
-----------------------------
-----------------------------
|      |      |      |      |
|      |      |     8|     2|
|      |      |      |      |
-----------------------------
|      |      |      |      |
|      |      |      |    16|
|      |      |      |      |
-----------------------------
|      |      |      |      |
|      |      |      |     2|
|      |      |      |      |
-----------------------------
|      |      |      |      |
|      |      |      |      |
|      |      |      |      |
-----------------------------
-----------------------------
|      |      |      |      |
|      |      |      |      |
|      |      |      |      |
-----------------------------
|      |      |      |      |
|      |      |      |     2|
|      |      |      |      |
-----------------------------
|      |      |      |      |
|      |      |      |    16|
|      |      |      |      |
-----------------------------
|      |      |      |      |
|      |      |     8|     2|
|      |      |      |      |
-----------------------------
-----------------------------
|      |      |      |      |
|      |      |     8|     2|
|      |      |      |      |
-----------------------------
|      |      |      |      |
|      |      |      |    16|
|      |      |      |      |
-----------------------------
|      |      |      |      |
|      |      |      |     2|
|      |      |      |      |
-----------------------------
|      |      |      |      |
|      |      |      |      |
|      |      |      |      |
-----------------------------
-----------------------------
|      |      |      |      |
|      |      |     8|     2|
|      |      |      |      |
-----------------------------
|      |      |      |      |
|      |      |      |    16|
|      |      |      |      |
-----------------------------
|      |      |      |      |
|      |      |      |     2|
|      |      |      |      |
-----------------------------
|      |      |      |      |
|      |      |      |      |
|      |      |      |      |
-----------------------------
-----------------------------
|      |      |      |      |
|      |      |      |      |
|      |      |      |      |
-----------------------------
|      |      |      |      |
|      |      |      |     2|
|      |      |      |      |
-----------------------------
|      |      |      |      |
|      |      |      |    16|
|      |      |      |      |
-----------------------------
|      |      |      |      |
|      |      |     8|     2|
|      |      |      |      |
-----------------------------
-----------------------------
|      |      |      |      |
|      |      |     8|     2|
|      |      |      |      |
-----------------------------
|      |      |      |      |
|      |      |      |    16|
|      |      |      |      |
-----------------------------
|      |      |      |      |
|      |      |      |     2|
|      |      |      |      |
-----------------------------
|      |      |      |      |
|      |      |      |      |
|      |      |      |      |
-----------------------------
-----------------------------
|      |      |      |      |
|      |      |     8|     2|
|      |      |      |      |
-----------------------------
|      |      |      |      |
|      |      |      |    16|
|      |      |      |      |
-----------------------------
|      |      |      |      |
|      |      |      |     2|
|      |      |      |      |
-----------------------------
|      |      |      |      |
|      |      |      |      |
|      |      |      |      |
-----------------------------
-----------------------------
|      |      |      |      |
|     8|     2|      |      |
|      |      |      |      |
-----------------------------
|      |      |      |      |
|    16|      |      |      |
|      |      |      |      |
-----------------------------
|      |      |      |      |
|     2|      |      |      |
|      |      |      |      |
-----------------------------
|      |      |      |      |
|      |      |      |      |
|      |      |      |      |
-----------------------------
-----------------------------
|      |      |      |      |
|      |      |     8|     2|
|      |      |      |      |
-----------------------------
|      |      |      |      |
|      |      |      |    16|
|      |      |      |      |
-----------------------------
|      |      |      |      |
|      |      |      |     2|
|      |      |      |      |
-----------------------------
|      |      |      |      |
|      |      |      |      |
|      |      |      |      |
-----------------------------
-----------------------------
|      |      |      |      |
|     8|     2|      |      |
|      |      |      |      |
-----------------------------
|      |      |      |      |
|    16|      |      |      |
|      |      |      |      |
-----------------------------
|      |      |      |      |
|     2|      |      |      |
|      |      |      |      |
-----------------------------
|      |      |      |      |
|      |      |      |      |
|      |      |      |      |
-----------------------------
-----------------------------
|      |      |      |      |
|      |      |     8|     2|
|      |      |      |      |
-----------------------------
|      |      |      |      |
|      |      |      |    16|
|      |      |      |      |
-----------------------------
|      |      |      |      |
|      |      |      |     2|
|      |      |      |      |
-----------------------------
|      |      |      |      |
|      |      |      |      |
|      |      |      |      |
-----------------------------
-----------------------------
|      |      |      |      |
|     8|     2|      |      |
|      |      |      |      |
-----------------------------
|      |      |      |      |
|    16|      |      |      |
|      |      |      |      |
-----------------------------
|      |      |      |      |
|     2|      |      |      |
|      |      |      |      |
-----------------------------
|      |      |      |      |
|      |      |      |      |
|      |      |      |      |
-----------------------------
-----------------------------
|      |      |      |      |
|     8|     2|      |      |
|      |      |      |      |
-----------------------------
|      |      |      |      |
|    16|      |      |      |
|      |      |      |      |
-----------------------------
|      |      |      |      |
|     2|      |      |      |
|      |      |      |      |
-----------------------------
|      |      |      |      |
|      |      |      |      |
|      |      |      |      |
-----------------------------
-----------------------------
|      |      |      |      |
|     8|     2|      |      |
|      |      |      |      |
-----------------------------
|      |      |      |      |
|    16|      |      |      |
|      |      |      |      |
-----------------------------
|      |      |      |      |
|     2|      |      |      |
|      |      |      |      |
-----------------------------
|      |      |      |      |
|      |      |      |      |
|      |      |      |      |
-----------------------------
-----------------------------
|      |      |      |      |
|     8|     2|      |      |
|      |      |      |      |
-----------------------------
|      |      |      |      |
|    16|      |      |      |
|      |      |      |      |
-----------------------------
|      |      |      |      |
|     2|      |      |      |
|      |      |      |      |
-----------------------------
|      |      |      |      |
|      |      |      |      |
|      |      |      |      |
-----------------------------
-----------------------------
|      |      |      |      |
|     8|     2|      |      |
|      |      |      |      |
-----------------------------
|      |      |      |      |
|    16|      |      |      |
|      |      |      |      |
-----------------------------
|      |      |      |      |
|     2|      |      |      |
|      |      |      |      |
-----------------------------
|      |      |      |      |
|      |      |      |      |
|      |      |      |      |
-----------------------------
-----------------------------
|      |      |      |      |
|     8|     2|      |      |
|      |      |      |      |
-----------------------------
|      |      |      |      |
|    16|      |      |      |
|      |      |      |      |
-----------------------------
|      |      |      |      |
|     2|      |      |      |
|      |      |      |      |
-----------------------------
|      |      |      |      |
|      |      |      |      |
|      |      |      |      |
-----------------------------
-----------------------------
|      |      |      |      |
|     8|     2|      |      |
|      |      |      |      |
-----------------------------
|      |      |      |      |
|    16|      |      |      |
|      |      |      |      |
-----------------------------
|      |      |      |      |
|     2|      |      |      |
|      |      |      |      |
-----------------------------
|      |      |      |      |
|      |      |      |      |
|      |      |      |      |
-----------------------------
-----------------------------
|      |      |      |      |
|      |      |      |      |
|      |      |      |      |
-----------------------------
|      |      |      |      |
|     8|      |      |      |
|      |      |      |      |
-----------------------------
|      |      |      |      |
|    16|      |      |      |
|      |      |      |      |
-----------------------------
|      |      |      |      |
|     2|     2|      |      |
|      |      |      |      |
-----------------------------
-----------------------------
|      |      |      |      |
|      |      |      |      |
|      |      |      |      |
-----------------------------
|      |      |      |      |
|      |      |      |     8|
|      |      |      |      |
-----------------------------
|      |      |      |      |
|      |      |      |    16|
|      |      |      |      |
-----------------------------
|      |      |      |      |
|      |      |      |     4|
|      |      |      |      |
-----------------------------
-----------------------------
|      |      |      |      |
|      |      |      |      |
|      |      |      |      |
-----------------------------
|      |      |      |      |
|      |      |      |     8|
|      |      |      |      |
-----------------------------
|      |      |      |      |
|      |      |      |    16|
|      |      |      |      |
-----------------------------
|      |      |      |      |
|      |      |      |     4|
|      |      |      |      |
-----------------------------
