-----------------------------
|      |      |      |      |
|    64|    32|      |      |
|      |      |      |      |
-----------------------------
|      |      |      |      |
|      |    32|      |    64|
|      |      |      |      |
-----------------------------
|      |      |      |      |
|      |      |    64|      |
|      |      |      |      |
-----------------------------
|      |      |      |      |
|      |      |   128|    32|
|      |      |      |      |
-----------------------------
-----------------------------
|      |      |      |      |
|    64|    64|    64|    64|
|      |      |      |      |
-----------------------------
|      |      |      |      |
|      |      |   128|    32|
|      |      |      |      |
-----------------------------
|      |      |      |      |
|      |      |      |      |
|      |      |      |      |
-----------------------------
|      |      |      |      |
|      |      |      |      |
|      |      |      |      |
-----------------------------
-----------------------------
|      |      |      |      |
|      |      |   128|   128|
|      |      |      |      |
-----------------------------
|      |      |      |      |
|      |      |   128|    32|
|      |      |      |      |
-----------------------------
|      |      |      |      |
|      |      |      |      |
|      |      |      |      |
-----------------------------
|      |      |      |      |
|      |      |      |      |
|      |      |      |      |
-----------------------------
-----------------------------
|      |      |      |      |
|      |      |      |      |
|      |      |      |      |
-----------------------------
|      |      |      |      |
|      |      |      |      |
|      |      |      |      |
-----------------------------
|      |      |      |      |
|      |      |      |   128|
|      |      |      |      |
-----------------------------
|      |      |      |      |
|      |      |   256|    32|
|      |      |      |      |
-----------------------------
-----------------------------
|      |      |      |      |
|      |      |   256|   128|
|      |      |      |      |
-----------------------------
|      |      |      |      |
|      |      |      |    32|
|      |      |      |      |
-----------------------------
|      |      |      |      |
|      |      |      |      |
|      |      |      |      |
-----------------------------
|      |      |      |      |
|      |      |      |      |
|      |      |      |      |
-----------------------------
-----------------------------
|      |      |      |      |
|   256|   128|      |      |
|      |      |      |      |
-----------------------------
|      |      |      |      |
|    32|      |      |      |
|      |      |      |      |
-----------------------------
|      |      |      |      |
|      |      |      |      |
|      |      |      |      |
-----------------------------
|      |      |      |      |
|      |      |      |      |
|      |      |      |      |
-----------------------------
-----------------------------
|      |      |      |      |
|      |      |   256|   128|
|      |      |      |      |
-----------------------------
|      |      |      |      |
|      |      |      |    32|
|      |      |      |      |
-----------------------------
|      |      |      |      |
|      |      |      |      |
|      |      |      |      |
-----------------------------
|      |      |      |      |
|      |      |      |      |
|      |      |      |      |
-----------------------------
-----------------------------
|      |      |      |      |
|      |      |   256|   128|
|      |      |      |      |
-----------------------------
|      |      |      |      |
|      |      |      |    32|
|      |      |      |      |
-----------------------------
|      |      |      |      |
|      |      |      |      |
|      |      |      |      |
-----------------------------
|      |      |      |      |
|      |      |      |      |
|      |      |      |      |
-----------------------------
-----------------------------
|      |      |      |      |
|      |      |   256|   128|
|      |      |      |      |
-----------------------------
|      |      |      |      |
|      |      |      |    32|
|      |      |      |      |
-----------------------------
|      |      |      |      |
|      |      |      |      |
|      |      |      |      |
-----------------------------
|      |      |      |      |
|      |      |      |      |
|      |      |      |      |
-----------------------------
-----------------------------
|      |      |      |      |
|      |      |      |      |
|      |      |      |      |
-----------------------------
|      |      |      |      |
|      |      |      |      |
|      |      |      |      |
-----------------------------
|      |      |      |      |
|      |      |      |   128|
|      |      |      |      |
-----------------------------
|      |      |      |      |
|      |      |   256|    32|
|      |      |      |      |
-----------------------------
-----------------------------
|      |      |      |      |
|      |      |      |      |
|      |      |      |      |
-----------------------------
|      |      |      |      |
|      |      |      |      |
|      |      |      |      |
-----------------------------
|      |      |      |      |
|      |      |      |   128|
|      |      |      |      |
-----------------------------
|      |      |      |      |
|      |      |   256|    32|
|      |      |      |      |
-----------------------------
-----------------------------
|      |      |      |      |
|      |      |      |      |
|      |      |      |      |
-----------------------------
|      |      |      |      |
|      |      |      |      |
|      |      |      |      |
-----------------------------
|      |      |      |      |
|      |      |      |   128|
|      |      |      |      |
-----------------------------
|      |      |      |      |
|      |      |   256|    32|
|      |      |      |      |
-----------------------------
-----------------------------
|      |      |      |      |
|      |      |      |      |
|      |      |      |      |
-----------------------------
|      |      |      |      |
|      |      |      |      |
|      |      |      |      |
-----------------------------
|      |      |      |      |
|      |      |      |   128|
|      |      |      |      |
-----------------------------
|      |      |      |      |
|      |      |   256|    32|
|      |      |      |      |
-----------------------------
-----------------------------
|      |      |      |      |
|      |      |      |      |
|      |      |      |      |
-----------------------------
|      |      |      |      |
|      |      |      |      |
|      |      |      |      |
-----------------------------
|      |      |      |      |
|      |      |      |   128|
|      |      |      |      |
-----------------------------
|      |      |      |      |
|      |      |   256|    32|
|      |      |      |      |
-----------------------------
-----------------------------
|      |      |      |      |
|      |      |      |      |
|      |      |      |      |
-----------------------------
|      |      |      |      |
|      |      |      |      |
|      |      |      |      |
-----------------------------
|      |      |      |      |
|      |      |      |   128|
|      |      |      |      |
-----------------------------
|      |      |      |      |
|      |      |   256|    32|
|      |      |      |      |
-----------------------------
-----------------------------
|      |      |      |      |
|      |      |      |      |
|      |      |      |      |
-----------------------------
|      |      |      |      |
|      |      |      |      |
|      |      |      |      |
-----------------------------
|      |      |      |      |
|      |      |      |   128|
|      |      |      |      |
-----------------------------
|      |      |      |      |
|      |      |   256|    32|
|      |      |      |      |
-----------------------------
-----------------------------
|      |      |      |      |
|      |      |      |      |
|      |      |      |      |
-----------------------------
|      |      |      |      |
|      |      |      |      |
|      |      |      |      |
-----------------------------
|      |      |      |      |
|      |      |      |   128|
|      |      |      |      |
-----------------------------
|      |      |      |      |
|      |      |   256|    32|
|      |      |      |      |
-----------------------------
-----------------------------
|      |      |      |      |
|      |      |      |      |
|      |      |      |      |
-----------------------------
|      |      |      |      |
|      |      |      |      |
|      |      |      |      |
-----------------------------
|      |      |      |      |
|   128|      |      |      |
|      |      |      |      |
-----------------------------
|      |      |      |      |
|   256|    32|      |      |
|      |      |      |      |
-----------------------------
-----------------------------
|      |      |      |      |
|   128|    32|      |      |
|      |      |      |      |
-----------------------------
|      |      |      |      |
|   256|      |      |      |
|      |      |      |      |
-----------------------------
|      |      |      |      |
|      |      |      |      |
|      |      |      |      |
-----------------------------
|      |      |      |      |
|      |      |      |      |
|      |      |      |      |
-----------------------------
-----------------------------
|      |      |      |      |
|   128|    32|      |      |
|      |      |      |      |
-----------------------------
|      |      |      |      |
|   256|      |      |      |
|      |      |      |      |
-----------------------------
|      |      |      |      |
|      |      |      |      |
|      |      |      |      |
-----------------------------
|      |      |      |      |
|      |      |      |      |
|      |      |      |      |
-----------------------------
-----------------------------
|      |      |      |      |
|      |      |   128|    32|
|      |      |      |      |
-----------------------------
|      |      |      |      |
|      |      |      |   256|
|      |      |      |      |
-----------------------------
|      |      |      |      |
|      |      |      |      |
|      |      |      |      |
-----------------------------
|      |      |      |      |
|      |      |      |      |
|      |      |      |      |
-----------------------------
-----------------------------
|      |      |      |      |
|      |      |   128|    32|
|      |      |      |      |
-----------------------------
|      |      |      |      |
|      |      |      |   256|
|      |      |      |      |
-----------------------------
|      |      |      |      |
|      |      |      |      |
|      |      |      |      |
-----------------------------
|      |      |      |      |
|      |      |      |      |
|      |      |      |      |
-----------------------------
-----------------------------
|      |      |      |      |
|      |      |   128|    32|
|      |      |      |      |
-----------------------------
|      |      |      |      |
|      |      |      |   256|
|      |      |      |      |
-----------------------------
|      |      |      |      |
|      |      |      |      |
|      |      |      |      |
-----------------------------
|      |      |      |      |
|      |      |      |      |
|      |      |      |      |
-----------------------------
