-----------------------------
|      |      |      |      |
|  1024|  1024|  1024|  1024|
|      |      |      |      |
-----------------------------
|      |      |      |      |
|  1024|      |      |  1024|
|      |      |      |      |
-----------------------------
|      |      |      |      |
|  1024|      |  1024|  1024|
|      |      |      |      |
-----------------------------
|      |      |      |      |
|  1024|  1024|  1024|  1024|
|      |      |      |      |
-----------------------------
-----------------------------
|      |      |      |      |
|      |      |      |      |
|      |      |      |      |
-----------------------------
|      |      |      |      |
|      |      |      |      |
|      |      |      |      |
-----------------------------
|      |      |      |      |
|  2048|      |  1024|  2048|
|      |      |      |      |
-----------------------------
|      |      |      |      |
|  2048|  2048|  2048|  2048|
|      |      |      |      |
-----------------------------
-----------------------------
|      |      |      |      |
|      |      |      |      |
|      |      |      |      |
-----------------------------
|      |      |      |      |
|      |      |      |      |
|      |      |      |      |
-----------------------------
|      |      |      |      |
|      |      |  1024|      |
|      |      |      |      |
-----------------------------
|      |      |      |      |
|  4096|  2048|  2048|  4096|
|      |      |      |      |
-----------------------------
-----------------------------
|      |      |      |      |
|      |      |      |      |
|      |      |      |      |
-----------------------------
|      |      |      |      |
|      |      |      |      |
|      |      |      |      |
-----------------------------
|      |      |      |      |
|  1024|      |      |      |
|      |      |      |      |
-----------------------------
|      |      |      |      |
|  4096|  4096|  4096|      |
|      |      |      |      |
-----------------------------
-----------------------------
|      |      |      |      |
|      |      |      |      |
|      |      |      |      |
-----------------------------
|      |      |      |      |
|      |      |      |      |
|      |      |      |      |
-----------------------------
|      |      |      |      |
|  1024|      |      |      |
|      |      |      |      |
-----------------------------
|      |      |      |      |
|  8192|  4096|      |      |
|      |      |      |      |
-----------------------------
-----------------------------
|      |      |      |      |
|      |      |      |      |
|      |      |      |      |
-----------------------------
|      |      |      |      |
|      |      |      |      |
|      |      |      |      |
-----------------------------
|      |      |      |      |
|      |      |      |  1024|
|      |      |      |      |
-----------------------------
|      |      |      |      |
|      |      |  8192|  4096|
|      |      |      |      |
-----------------------------
-----------------------------
|      |      |      |      |
|      |      |      |      |
|      |      |      |      |
-----------------------------
|      |      |      |      |
|      |      |      |      |
|      |      |      |      |
-----------------------------
|      |      |      |      |
|      |      |      |  1024|
|      |      |      |      |
-----------------------------
|      |      |      |      |
|      |      |  8192|  4096|
|      |      |      |      |
-----------------------------
-----------------------------
|      |      |      |      |
|      |      |      |      |
|      |      |      |      |
-----------------------------
|      |      |      |      |
|      |      |      |      |
|      |      |      |      |
-----------------------------
|      |      |      |      |
|      |      |      |  1024|
|      |      |      |      |
-----------------------------
|      |      |      |      |
|      |      |  8192|  4096|
|      |      |      |      |
-----------------------------
-----------------------------
|      |      |      |      |
|      |      |  8192|  1024|
|      |      |      |      |
-----------------------------
|      |      |      |      |
|      |      |      |  4096|
|      |      |      |      |
-----------------------------
|      |      |      |      |
|      |      |      |      |
|      |      |      |      |
-----------------------------
|      |      |      |      |
|      |      |      |      |
|      |      |      |      |
-----------------------------
-----------------------------
|      |      |      |      |
|      |      |      |      |
|      |      |      |      |
-----------------------------
|      |      |      |      |
|      |      |      |      |
|      |      |      |      |
-----------------------------
|      |      |      |      |
|      |      |      |  1024|
|      |      |      |      |
-----------------------------
|      |      |      |      |
|      |      |  8192|  4096|
|      |      |      |      |
-----------------------------
-----------------------------
|      |      |      |      |
|      |      |  8192|  1024|
|      |      |      |      |
-----------------------------
|      |      |      |      |
|      |      |      |  4096|
|      |      |      |      |
-----------------------------
|      |      |      |      |
|      |      |      |      |
|      |      |      |      |
-----------------------------
|      |      |      |      |
|      |      |      |      |
|      |      |      |      |
-----------------------------
-----------------------------
|      |      |      |      |
|      |      |  8192|  1024|
|      |      |      |      |
-----------------------------
|      |      |      |      |
|      |      |      |  4096|
|      |      |      |      |
-----------------------------
|      |      |      |      |
|      |      |      |      |
|      |      |      |      |
-----------------------------
|      |      |      |      |
|      |      |      |      |
|      |      |      |      |
-----------------------------
-----------------------------
|      |      |      |      |
|      |      |  8192|  1024|
|      |      |      |      |
-----------------------------
|      |      |      |      |
|      |      |      |  4096|
|      |      |      |      |
-----------------------------
|      |      |      |      |
|      |      |      |      |
|      |      |      |      |
-----------------------------
|      |      |      |      |
|      |      |      |      |
|      |      |      |      |
-----------------------------
-----------------------------
|      |      |      |      |
|      |      |      |      |
|      |      |      |      |
-----------------------------
|      |      |      |      |
|      |      |      |      |
|      |      |      |      |
-----------------------------
|      |      |      |      |
|      |      |      |  1024|
|      |      |      |      |
-----------------------------
|      |      |      |      |
|      |      |  8192|  4096|
|      |      |      |      |
-----------------------------
-----------------------------
|      |      |      |      |
|      |      |      |      |
|      |      |      |      |
-----------------------------
|      |      |      |      |
|      |      |      |      |
|      |      |      |      |
-----------------------------
|      |      |      |      |
|      |      |      |  1024|
|      |      |      |      |
-----------------------------
|      |      |      |      |
|      |      |  8192|  4096|
|      |      |      |      |
-----------------------------
-----------------------------
|      |      |      |      |
|      |      |      |      |
|      |      |      |      |
-----------------------------
|      |      |      |      |
|      |      |      |      |
|      |      |      |      |
-----------------------------
|      |      |      |      |
|      |      |      |  1024|
|      |      |      |      |
-----------------------------
|      |      |      |      |
|      |      |  8192|  4096|
|      |      |      |      |
-----------------------------
-----------------------------
|      |      |      |      |
|      |      |  8192|  1024|
|      |      |      |      |
-----------------------------
|      |      |      |      |
|      |      |      |  4096|
|      |      |      |      |
-----------------------------
|      |      |      |      |
|      |      |      |      |
|      |      |      |      |
-----------------------------
|      |      |      |      |
|      |      |      |      |
|      |      |      |      |
-----------------------------
-----------------------------
|      |      |      |      |
|  8192|  1024|      |      |
|      |      |      |      |
-----------------------------
|      |      |      |      |
|  4096|      |      |      |
|      |      |      |      |
-----------------------------
|      |      |      |      |
|      |      |      |      |
|      |      |      |      |
-----------------------------
|      |      |      |      |
|      |      |      |      |
|      |      |      |      |
-----------------------------
-----------------------------
|      |      |      |      |
|      |      |  8192|  1024|
|      |      |      |      |
-----------------------------
|      |      |      |      |
|      |      |      |  4096|
|      |      |      |      |
-----------------------------
|      |      |      |      |
|      |      |      |      |
|      |      |      |      |
-----------------------------
|      |      |      |      |
|      |      |      |      |
|      |      |      |      |
-----------------------------
-----------------------------
|      |      |      |      |
|      |      |  8192|  1024|
|      |      |      |      |
-----------------------------
|      |      |      |      |
|      |      |      |  4096|
|      |      |      |      |
-----------------------------
|      |      |      |      |
|      |      |      |      |
|      |      |      |      |
-----------------------------
|      |      |      |      |
|      |      |      |      |
|      |      |      |      |
-----------------------------
-----------------------------
|      |      |      |      |
|  8192|  1024|      |      |
|      |      |      |      |
-----------------------------
|      |      |      |      |
|  4096|      |      |      |
|      |      |      |      |
-----------------------------
|      |      |      |      |
|      |      |      |      |
|      |      |      |      |
-----------------------------
|      |      |      |      |
|      |      |      |      |
|      |      |      |      |
-----------------------------
-----------------------------
|      |      |      |      |
|      |      |      |      |
|      |      |      |      |
-----------------------------
|      |      |      |      |
|      |      |      |      |
|      |      |      |      |
-----------------------------
|      |      |      |      |
|  8192|      |      |      |
|      |      |      |      |
-----------------------------
|      |      |      |      |
|  4096|  1024|      |      |
|      |      |      |      |
-----------------------------
-----------------------------
|      |      |      |      |
|      |      |      |      |
|      |      |      |      |
-----------------------------
|      |      |      |      |
|      |      |      |      |
|      |      |      |      |
-----------------------------
|      |      |      |      |
|      |      |      |  8192|
|      |      |      |      |
-----------------------------
|      |      |      |      |
|      |      |  4096|  1024|
|      |      |      |      |
-----------------------------
