10101001011111
01001111110001
10111011111111
11100101111111
11000100101010
10000000100000
00000001010110
00000000000000
00000000000000
00000000000000
00000000000000
00000100110011
01111111111101
11110011011011
00000000000000
10111111001101
00000000000000
10111101011111
00000000000000
00000000000000
11111101111100
00000000010010
00011100100010
00000000000000
00001111001010
10101010000101
10000000000000
11111111100000
11111100011111
00000000000000
00000000000000
01000000000010
01111010110000
00000000000000
01000011111101
00001010110000
00100100000000
