110111011101
000001100000
000011000000
011000000110
000000000000
101010000010
001011100101
111010011011
011111111010
010110110010
000000000000
011111111101
001000000100
100101000101
111010101001
000000000010
111110111111
000000000000
000000000000
111111111111
111110011100
000000000000
000000000110
111111111100
000000000000
111101001011
000000100000
010000001000
001101011001
110101110111
000000000000
010010000000
001110100010
110100111100
011100010000
000110001110
010001000010
011011111110
110000001011
111110110111
111101111111
100010011100
001000001110
011101111111
001011101110
000000000000
000000000000
000000000000
000000000000
111011101110
001111111111
000000000000
011010011100
000000000000
111110111101
011110111110
100010100010
001101111010
101101111001
000000000000
011011000111
100001111000
000000000000
000000000000
000100010100
011111111110
111100101111
000010001000
000000001010
000100011100
000000001000
000000000000
000000001111
010111100110
000000000000
100000001011
000000000000
111111110100
000000000000
011100010101
001110100001
010011111111
000110000000
100100001010
110001001001
001000110000
000011010010
111111101110
000000000000
110111000110
000000000000
001110010101
000000000001
110001111111
000000000000
110111110010
100000101111
000000000000
111011101111
000110101111
100111111100
010000001001
000000000101
000101110110
100010011010
001101010111
011010110011
111011011110
100111101111
000000000000
111111111101
111011111111
000011001100
000000000000
000001000000
000100001100
000001011100
100101101111
000000000000
100011011101
000000000000
001101100100
111100111110
000000000000
000001111000
001000100010
000000000000
000000001111
000000000000
010000000110
011101011111
110011111001
001011010010
010000000010
000000000000
101111111111
110001001100
010111010101
000000000000
010110010000
010110100000
010101110011
011100000000
011001000100
000000000000
101111001110
000011001000
000000000000
101110110100
000000000000
101000110100
000000000000
110011001010
011101101011
111110010110
000000000000
111101011011
010110101100
011110101101
000000000000
000000000000
001001010000
111001000010
110110110010
000000000000
000001001001
000000000000
000101110100
110011111111
110110100110
111110111111
111110111011
001100111111
000000000000
000000000000
000000000000
111111111101
000001000000
010010000000
110000101000
000000000000
000000011100
000000110000
000000000000
001000000000
000000000000
000000000100
000000000000
100100110110
001100010100
010111100010
000000000000
000000000000
011001111111
000000111111
000000000000
110011001001
000000000000
101000010000
110110011110
000000000000
110111000110
110101111001
011110110111
000000000000
100101000001
111111010010
000000000000
000000000000
000000000000
000000000000
000000000000
000000000000
111011111111
101011001000
001110000100
001100101101
110111111000
010111100011
000000000000
010001111010
000000000000
111011111110
100100001100
000000000000
001110001110
000000000000
111111111011
000000000001
000000000000
011111111111
100010000100
001000011011
000000000000
100001000000
111111111111
000000000000
111110110110
000000000000
000000000000
000000101000
000101110011
000000000000
010001100111
000111100011
101011001000
101001010110
001101101000
010011110100
000000000000
000000000000
000000000000
101100111100
000000000000
000000000000
000000000000
000000000101
001101100000
110110000000
000000000101
001111111110
000000000000
000000000000
000000000000
000010110100
000000001010
000000000000
010101110101
100100101000
000000000000
000000000000
111110101101
100011111010
000000000000
000000000000
100100000010
000000000000
000000000000
110111111101
001001001100
000010000000
000000000000
000000000000
111110111101
001110000100
011011111101
000000000000
000000000000
000100110000
010001100011
011111100100
000000000000
000011010000
101001101101
000000000000
000000000000
000000000000
010101100111
000000000000
111110100011
111111011101
000000000000
000000000000
000000000000
000000000000
111111111011
000000000000
111011000010
000000000110
001001001100
000000000000
001100010000
100001001100
000000000000
000000001000
111111011000
000000000011
001110101100
110111111111
000000000000
000000000000
000000000000
110001111110
000000000000
010000100011
000000000000
000000000000
000000000000
000000000010
001101100110
000000000000
000010000000
010100001101
000000000000
000000100111
000000000000
111111011101
010000001010
111101100000
100010100110
100001111111
000010000100
000000000000
000000000000
111011111010
000000000100
000000000000
000000000000
000000000000
000000000000
001010100001
000000000000
111001001100
000000000001
100111000111
010100000000
011111011011
010010001010
000000000000
111000001001
000000000000
000000000000
011101110111
000000000000
000000000000
100010100100
110000110111
000000000000
000000000001
010010100000
111111011101
000000000000
100000000000
110110111011
101110101110
001000011111
011100011001
000000000000
010001001101
111110110101
111101111110
101111111101
000000000000
000000000000
011101001001
000000000110
000000000000
000000000000
101100000001
001110010110
000000000000
101000001100
000000000000
000000000000
000000000000
011010000000
110001000001
101111011011
001011110010
010010010101
000000000000
100011110111
000000000000
100000000000
101010100000
100011000111
000101110111
000000000000
111101111011
111011010101
111111100111
000000000000
000010100001
000000000000
111110110111
000000011111
000000000000
000000000000
000000000000
010110111101
000000000000
110100000000
000000000000
001110011101
000000000000
011111111100
111001101000
000000000000
000000000000
000000000000
111100111111
101000111100
000111101101
110100001001
000000000000
111011111110
000000000000
011111111110
100000001000
111111001011
000000000000
111111011010
000011110101
000000000000
000000000000
000000000000
000000000000
000000000000
000000000000
000000000000
000000000000
111110011010
111111001110
101001010100
000000000000
101100000000
000000000000
101100101010
110001000000
010001100000
000000000000
010101001100
000111110001
111111111001
000000000000
000000000000
000000000000
000010001010
000000000000
110100010000
111111111111
111111111110
000000000000
100101000011
011110101101
010010001011
000000000000
000000000000
000000000000
010101101010
000001011010
000000000000
000000000000
000000100010
111111111101
011011000101
000010010111
101110010101
111111111010
000000000000
110111010111
011111111011
100000100011
101001011001
101101001010
010000000001
101101011000
000000000000
110110101000
000000000000
001001101011
000101001011
010110010001
001111111111
000100000100
000000000000
111001111010
000000110001
111110111011
010110101001
000111111101
001011110110
000110110001
000000010000
001010001000
110111001110
001111001010
111110001111
000000000000
000000000000
011110101101
000000100010
000000000000
000000110001
000000000110
100000100000
000000000000
100001110101
000000000000
000000000000
000000000000
000000000000
000000000000
000000000000
000001000000
110101110100
000100100111
001000110010
000000000000
000100110000
010011000101
000000000000
000000000000
011101010101
000010001100
111011110011
000000000000
111111111011
000000000000
000100001000
101110100111
000000000000
000000000000
000000000000
001101000101
000000000000
000000000100
111010110010
000000000000
000000000000
000000001011
000000000000
000000000000
000000000000
000000000000
000000000000
100000001100
010110101000
110110011101
100001011101
000000000100
000000000000
000101101011
000000000000
001111111011
100111111111
001000010101
100111101010
000000000000
000000000000
110010100011
110010011110
000010011000
101111100011
000011100001
000000000000
000000000000
100000000010
000111000001
000000000000
000000000000
000011100010
000000000111
101101010000
000000000000
011110111101
100011001010
000000000000
111110111110
110010110111
000000000000
000011101101
001111100111
000000000000
000000000000
101011111011
000000000000
000000000000
011100011100
000000000000
000000000000
001111010111
110110010010
100010000100
000000000000
000000000000
101100100111
111101111111
000000000000
100110111110
010000010110
000000000000
111110000001
000000000000
000000000000
001001101110
000000000000
010100000000
111101110011
000000000000
111010000000
110010001111
010001110110
000000000000
011101110010
000101011000
001100000110
000000000000
011011000000
111011110111
111101111111
000000000000
011011110011
000000000000
011111001011
110100111111
000010111101
111111011111
011110010001
000000000000
111110111111
000000000000
111100011101
010101100101
100100000010
001100100000
000000000000
001000100001
000101100001
110011111111
000010000000
100000110110
000000000000
111111011011
110100111111
000000000000
110000001010
000000011000
000000000000
000000000000
011000110000
111111001111
000010010011
000000000000
000000000000
000000000000
110110110001
000000000000
110010011101
000000000000
000101100101
000000000000
110111111101
000110110001
000000001101
000001000000
000000000000
001000100010
101000000000
000000000000
000000000000
010000011110
001110000111
100101000000
111111111001
010010110000
110101110110
000100010000
010011000110
111010110111
100001110011
000000000000
000000000000
000000000000
001000000000
000000000000
000000000000
001110010000
010111111111
000010100111
000000000000
000111110111
100100100010
111010110101
101111101101
000000000000
000110000010
000000000000
001001100011
100101111010
000001110100
000100111011
100111000100
110110001010
100101000011
110100010001
000000011100
010000000000
100000111101
110110010010
011101110011
000000000000
111111010001
101001100110
111111001111
000000000000
000000000000
100000100000
000000000000
001100001010
111110110110
