1111111001111011011110011111110111111111011000111111111110011
0011100110100100110100001110000001011011001000011001001011001
0000000000000000000000000000000101100110100011010100110110011
1111000111101000010010101000001010111100010111010110101011010
0010000100000100110101101110010010101001000000100110001110001
1011111111000111011100111100101111110111011011111101101011111
1110000000000000000000000000000000000000000000000000000000000
0110010000101011110010001100010001011011001000111111100000000
1000000000000000000000000000000000000000000000000000000000000
0111101110111110111011111111011011001101111111111110111011110
0000000000010100101100001000110010110110011001111000000111000
0000000000100110000011100101010011011000110100000001111011111
0011111011000000000001100110110011111000000000000000000000000
0101011000101111111111100100000010101001001000000000000000000
1000011111111111111100101010011111011110101110001111011111111
0000000000000000000000000000000000000000100101010011000110000
0110111110110111101101111111101111111111110111101111111001101
1011000000000000000000000000000000000000000000000000000000000
1000001010101111110001000001011011010110100011101001001011010
0000100000111010000000000000001001100000010011010010110000110
0100101000010100010000100000010001000000010100000101000000001
0000000000000000000000000000000000000000000000000000000011110
0000000000000000000000000000000000000000000000001011000100111
0111001101001110011101111011111101111111111101110110111111110
0010011000000000000100101100000010000000000010001100000010001
0010001001000100000000000000000000000000000000000000000000000
1011111011001100111011101001100000011010001110001001100001101
0000010001000000001010010011000100000000010100010110001010011
1101110111111000010100101111110001111111101101101110111111011
0010011001001010001101101100000000000000000000000000000000000
0000001001000100000000101010000000011010100100100100000001100
0000000000000000000000000000000000000000000000000000000000000
0100101001000010010110000111000000100001100100101000110101011
1010010011110011111101111101100001000101000101010000000000000
0001110000100000010000001000000010000000011100001000100000101
0000000001011110001000000101000011001101011100010110010010110
0000000000000000000000000000000001111110101010010000100000011
1011110111111111111101100011111110101111111010111101010011011
0000000000000000000000000000000000000001110000111011101011011
1001100011000000001010011011100101001100000000000000000000000
0000000001100111111001110001110010111011101000111010001010101
0000010000000010001000000000001110000110001010001010000010001
0000000000000000100100111001000010111000101000010100100100000
0111110111101100111111111111000111011011011100111111001011011
1110100100100000101100011110010100111111110111001001001101010
0000000000000000000000011011001110010000001100011110111000001
1111111110011111011011111011011111111000011101001111011111011
0000000000000000000001110111010111000000001011111011100110001
0000000000000000000000000000000000000000000000000000000000000
0011000000000000101000010101100100010111110010000010010001010
1111110110101110111111111111101110111101011011111101110111101
0100011000100010110110010001111111000000000000000000000000000
1101001000011010111010111000011001101111111000011101110010000
1101110001001101110111101000111101110000100001000010011111110
0000000000000000111110000010101011111011010010111000100101100
1010001000100000001111000110011110011011101010000110000010001
0000000000000000000000000000000001110000111011101011011100110
1001010000000001010000000000000100010100100000001100000001001
1111010111100010100001011101011111011010010001101101001110111
0010111100101111101101011110101000010010010100000101011010010
0000011001100010000000100000110101000001000100000010000110001
0011111111100101110111101110111011111011111111101111100011101
1100100101011100001001010010010100111011111000000100100001100
0000000000000000000000000000000000000000000000000000000000000
1111111111010111111010110111111101011110110111111111111001101
1001011101011001011100110111000000000000000000000000000000000
0100000110001100000000000000000000000000000000000000000000000
0001000000000000000000011000001001100000001001000010010110000
0000010011100000000000000010100000010000000000000100100100000
0000000000000000000000000000000000000000000000000000000000000
0111001101101000000000000000000000000000000000000000000000000
0011100010001100000000010111010000011100000100100001100000000
1010100011011000010111100110001100000000101001101110010100110
0011010000000001010010000000101010100001100000001000000000100
1000000000000000000000000000000000000000000000000000000000000
0111111111111001101111100111011011100110110011111001111111001
0000000000000000000000000000000000000000000000000000100100011
1110111101010110110111101111011110101001100110101110111110111
0100001011000000010000100000011001010100010100011110000000001
1010101000000100100011100100101100011101010001011110100011101
1110111111111111110111101011111110101011111010111111110011111
0000000000000000000000000000000000000000011100110111000111010
0000000000000000000000000000000000000000000000000000000000000
0111111111011111110111101111111110111101100010111111001110101
1110111101100100111111111111110011101101010110111110001111111
0111010110000000000000000000000000000000000000000000000000000
0000111111000010011100011101000000000000000000000000000000000
0010100110010001110010101100111010101010000101100111101011000
1111110111001111011001111111011111111100000110111111111111010
0011111000010001101101100111000001000100000000110000111100000
0101110111111111001011111011111111100110011110110111101010111
0000011111001111010001110010011100100111001101101101010111100
1011110000110001111100011100011010111111100000000000000000000
1111111111001111011101111111011101111111011111110111110111010
1011000110101001010110111000110000000100010111110111000110110
1101101111100111101101101111110100011110110110111111101111101
1000000011110111010000000000000000000000000000000000000000000
1110011010100000111111111110111011011100111011011101111111111
0000000000000000000100110000000000011001111001010110101000000
1100110010101000010110011101100010011011111110100010010111011
0011101101111011100001101101010010101111110000110010101011110
0000000000000000000000000000000000000000000000000001101100111
0001100110011101010101010000001001011101001101001111100000110
0100001111101111110110010000111101111000110000000000000000000
0010000000000000000000000000000000000000000000000000000000000
0010010011111100101100100111111010011111010000010100101111110
1110111111111111110011011100011110001111111100111011110111111
1010000111000011011100111010101000110101011101001101110000110
0101110001101101111111111111111111110100111111111111001110011
0111100000100110111101111010010101001000010101110001110001000
1110000000000000000000000000000000000000000000000000000000000
0110010011011110000011001110011100000000000000000000000000000
0000000000000000000100100111001000010111000101000010100100100
1001110110101100000101011110001110011000001110000011100010000
1010110111000000010000000000000100000001010010110000000001010
0110001101100101001111010110100011011101000000000000000000000
0000000000000000000000000000111010110000110101000101001011110
0010101000001100010001010010010000000011111001100001100000101
1110111001011111011001101001011111011111101101101010111111110
1011101101011110011101111101111001111011011101101011111110111
0000010010101001100011000011000110110011010110001010011010000
0100000000101100001001110011000000000000010000000100001000010
1110000000100110000100011100001100100110101101001001100000001
0010010000000000001000011000001000010100000000010100000011011
0001100000010000000000001001000000000100101000101100000010110
0000000000000000000000000000000000000000010011100101011000000
0010110110001000000000000000000000000000000000000000000000000
0101110111101100101111110011011110100110110111111111011111011
1110111101100111111111111111010111101001101111101111011111011
0001010001110000000000000011110000000001100000100000100100000
1010011110001100000110011101100001000001000011011001000101001
0000010110010010101000000000000000000000000000000000000000000
0000000000000000000000000000000001010100011011000010111100110
1111100101000101100111110110000000000000000000000000000000000
1101100111001000000110001111011100000111011011001011011000100
0000000000000000000000000000000000000000000000000000000000010
1000100000010000000000100000010000010001000000001001000000001
0110000110100101000010001010100010100001000000101010000000100
1001100000111001111101000000000000000000000000000000000000000
1011100101100111110010101110101110001101010111010100011100001
0000110011010000101000011001000100001000010100000100010011011
1101101111000000100101100000000000000000000000000000000000000
0101010101001101000100010100101000101101001011111000000000000
1101000110000011101110011000110111111110010101110000101100100
0000000011100000010000000000010000011100000000111110000000001
0000000000000000000000000000000000000000000000000000000111000
0110110011101100011010001110010000011010100000000000000000000
0001010000000100001001100001000010000000000000100100000010001
1101001001111001111110111110110000100010100010101000000000000
0101001100011000011000110110011010110001010011010000010000000
0000000000000000000000000000000000000000000000000000000000000
1110110010000000000000000000000000000000000000000000000000000
0111101110100110001001111010011000110101010000100000101000001
0000011010100000000000000000000000000000000000000000000000000
1110110100111110111110110101111110110011000111111101111110111
0001000000000000000000011000001001100000001001000010010110000
0101111011111101111100111110111101110111111001111111111111110
0000000000011110001111110111000110010010011100000111110101101
1111111101111111011100011011111011110000011111110110111011111
1111110001100011111010011101111111100101101111100011011111011
0100000011001101111111010100100110110101101011100000000000000
1111001101110000101000011111100001001110001110100000000000000
1110000010001000000001100001111000000000000000000000000000000
0101001110101101011110000001110100010100010101100000000000000
0010110010000011011011000100100000101100100101100001001000100
0011011001101100101111100100000000000000000000000000000000000
0000000000000000000000000000000000000000000000000000000000000
0000000000000000000000000000000000000000000000111110001001010
0101100111000000100010100001000010100110000000011001010001001
0111010111011011010010100111101110110101100000111111001010100
1000101010001011001000001001110011011011111001111000101001111
1111000110101100010011110001001110010111101010011010000000000
0000000000000000000000000101100000000000100010011000111111100
0000000010000010010110011100111111101100100110111100000110011
1110000010001000000001100001111000000000000000000000000000000
1111100101010000000000000000000000000000000000000000000000000
0101101011111101111000110110011101010111110000111101110101110
1010110100101000100100100000011110000000000010111101010010010
1110001011001001011011011000000000000000000000000000000000000
0000000000110000000000100010010011000000100000000010010110000
0001001010100110001100001100011011001101011000101001101000001
1101010010011011010110101110000000000000000000000000000000000
1101010100101000000011001001000111001101011111011000101001011
1111110111100010111110101110111101011001010011010111011101111
1011001000000000000000000000000000000000000000000000000000000
0000000000000000100101010011000110000110001101100110101100010
0000000000000000000000000000000000000000000000011011101111110
0110000000000111111000111111110111010010101110100000110001100
0101110010001110111000011111010010001000001010000000000000000
0100000100001100100000011001011000001000011000001100110000110
0000001110111110001100100110011001011110101010011001011100110
1011011110010000011001010000001110110100100100101101001010110
1000101000001010001011000000101110101000100001101001110010001
0010001000010001100001000100000000000100000000010000100000000
1011011111110110011001111011111111111101110111110011110111001
0001000001000001011100011000010000101110000000001001001010010
0100001001000100000000100000011001011100010100110100000000000
1001100110010100111010100011001001111000011101100101111010100
0000010001100100001011100010000000000000010000000111001010000
1011011110010000011001010000001110110100100100101101001010110
0001000000001100001111000000000000000000000000000000000000000
0000100011000000000000000011010001000110001000000000001000001
1000000000000100000000001100000000000100000000100000001011111
0000000000000000000000000000000000000000000000000000000000000
0101101101011001110000110110000000000000000000000000000000000
0000000000000000000000000000000000000000000000000000000000000
1001010000101101111000000111000101000100011001111110100111111
1000000111000011000010010000000000000000000000000000000000000
0110000100000101010001000010011000100001111001100110000110011
0101000001101000000010100001000010000000010000010001001010001
1010110111000000010000000000000100000001010010110000000001010
0000000000000000000000000000000000000000000000000000000000000
0101101001000101111111111111111101111111111111111100001101111
1000110100110111000110111011111011010010100001100101110011100
0100011001011011001100111100000011100001100001001000000000000
1100110000110011001010110110100110011010011111010010000001000
0000111101101001010000011110101101111001011111000001111000010
1011000110110110000011001111100100000001000011101001011100010
0001011010111001011111010100111101100001001110011001001110010
1010110101001111100011100010001110001100010101101111100100101
0111001110001110101111110011101110010101100000000000000000000
0010001100000100100111100111010010101001000010001010001010000
1111011001111010000011100011110111110011110110110011111111111
1000000000000000000000000000000000000000000000000000000000000
1000111100101011011100010011000111110000000100000111011110000
0000100110010010000000000010111011100010000010010000100000100
0001001101000010001101000001000000001010010000100000100100000
0101101111111101111011110111111111111111110000111101110101111
0000000000000000000000000000000000000000000000000000001101111
0000000000000000000000000000000000000000000000000000011101011
0011000100111011101011110110011011011001011101111000110100111
0001110001110111111110011011100001010000111111000010011100011
0111110001010001011001010000110100011110001010011111110110101
0101100111101000100110100001011010100110110011011001011111001
1111110111110111111011111101111111101111101111100111011111011
1111110111011110010101011111101010001001100101100000000000000
0010011010010010001110010111011110010101101101101011101110101
1011010011110000010101111100100000000000010000000100011011001
1011010111111110011100001110101000101100010111011101001101000
0001110000010101110001001001001111000000001000000000000000000
1100011111111011101001010111010000011000110000000000000000000
0000000000000000000000000000000000000000000000000000000000000
0100001011100010100001010010010000000111101110100000000000000
0011110001000110100110010111010011000101000000100111100011000
0001100110100000110000001000000000001000001000001001000011001
0000000000000000000000000000001011110000010011011110111101001
1000000111100010001111011000111110010010100110111000101001110
0000000000000000000000000000000000000001011010111111011110001
1101110000000000000000000000000000000000000000000000000000000
0101000010000001110011100001100000000100000000111001000001101
1111111111001101100111111111011111111111111001111111111010110
1110111111111000110111100010111110111011110010111101111111110
1111111111010111011001010000011111111011111111111000111111111
0010100010110000110010100000000001101101110000000000000000000
0000000000000000000000000000001101110111111000010000001111110
1100000001010111111100000010001111101000000000111000000001001
0100000001000000001000011100000000000100010000100000001010011
0000000000000000000000000000000000000000000000000011101011101
1110111111010110101001110111111101111011111111101111111001101
1000011011100000000000000000000000000000000000000000000000000
1111001011001100111001110000011011011110001001010011011010000
0001100011110000010000001000010000111100000000001100000101010
1111111011101111001110111111111101111111001110110111111111111
0000000000000000000000000001011001111010001001101000010110101
1101111111111010111011001111110000111111101000101101101101110
1111100000110101110110010110000111010010110101010111111111011
0000101110010000100001001100110000000110110100100101000110011
0000000000000000000000000000000000000111010100011001110010101
1100100101001101010010110001100000000000000000000000000000000
1101011111101111101101101001111111011110011110111011101111011
1101010010011011010110101110000000000000000000000000000000000
1000000100101100110100110110010000000100011101000111000001011
1110000100110101100001011110010101101011101111100000100011100
0000111000101110000010001000110100000101000100000000001101000
1110111111001110111111011111111110101011011101011100111111111
1101010111110000111101110101110000000000000000000000000000000
1101010111000101010010001001000100000000000000000000000000000
0010100000100000010000001100000001000001001000000001001001001
1011111111010111111001110001111111111111011011110100011011011
1000111010000000000000000000000000000000000000000000000000000
0101101111100111111111111111111011101111011000111101111001111
0000000010010001110100001010010001101000101111000110100001001
0010000000110101001011011101001001001000001001001011101011101
1101111111111101111011111011010111101000011111101101110111111
1011100110001101000011100111110000111100000100010111111100010
1111101110111111110011011100111111100111111011010011110111101
0000100010001000000001100110000111000010010001010010000000110
0000000000000000000000000000000000010100101100001000110010110
0000010000100100001000000000000001010000010000000110101010100
1110110011011111111011011110101110101101011101010110111111101
1110110111010110011001011011011110111101100111101001110111111
0010010001101111000100011001011011010110011100001101100000000
0010000001010000100010000011001000111010000000000010001010000
1010101010011010001000101001010001011010010111110000000000000
0000000000000000000000000000111000110000101110101101110011011
1111100110111101110100011110001101111111001101011011111011101
0011000000000001110101100110000001010101111000100010001000011
0111111001101001001100101111011111011111011111110111011101111
0010011001110011001000001001101100010000010001000010011010000
1110110010010000100000100011011111101001010101001011000101100
0000000000000000000000000000000011100110101000001111111000101
1010010101100010000100011001100010010000000100101001001101111
0111011010011010101000110011000110001101110011010011100101110
0000000000000000000111000011101110101101110011010001001011101
0000100000001110011001010101011010000001001110101001001011111
1001000111110011101111101111110000000000000000000000000000000
0000110101000101001011110010001111100111011111011111100000000
0000000000000000000000000000000000000000000000010010001100000
0000000000000000000000000000000000000000000000100111011001011
0101111111110111010100001111111111110111011011011011111011101
1011110000010001101001010010010101000100111110001011000001110
0110111111011111101000101111111111011111111111101111111001101
0000000000000000000000000000000000000000000000000001011011001
1101111001111000010110101110110101110011111001001011111111110
0000101001000100000000100010000000010010100100101000100011000
1001111110111111011110111001001111110101111111111110111110110
0000000000010000000000100010011001000010100000001000010111010
0000111101110100000000000000000000000000000000000000000000000
0000000000000000000000000000000000001001110100010101010101001
0000001100101110001010011111100000000100000000000000000000000
0001011110000010011011110111101001010100100001010111000111000
1111011111110111111011001010110011111011111011111111001101110
0011001001001110000011111010110111010110000000000000000000000
1100101111010101001100101110011001011000000000000000000000000
0000000000000000000000000000000000000010010101011000100010101
0000010000000010010010000001000010000110001000111010100000001
0101011011010111001000111010011000101110010010010100100100101
0000101000000100000001000011010001010011110101101000100000000
0000000000000000110111101100110110001110011100011101011111100
0001001011101011001011100110111000000000000000000000000000000
0111001001101100000111001111101101010100010111101010101001100
0010100110110101100000010010011100011101111000111100011011100
1111111111011111100111100111111111010111111001110111111011111
1111101101110110100111100111111111111011001010011110111110111
1101111111100111111011101110010000111011101110101111101111111
1111111111010010111011010101111100111111111011001111111101110
0000000000000000000000000010010101011000100010101100010111111
1110110100000000101010000000110000000000000111101100010100010
1110010110000100001111000111000110111110100100110011100111001
0111111001110010001101101111111111011001110110110111111110011
0010001000001011110101111010111111111001101000011011100000000
1101001101000000000000000000000000000000000000000000000000000
1101110110001100100011001001000001111001011110110111100010101
0000010001001010000010100000100100110101000000000111001010100
0110001111000000101001000100110101011001000010000101001110111
0000100000101010000001000000110110001000000011001000000101010
1110110001100011011010011111111111100111111111111011111111011
1000100100111010011100101111111011010111100100101111011111111
0000000001000100000101111000011000011110001100000100001101110
1101101111111010101101100111111111101110010011111010111101110
1110100000001010011000101001110110110111100000011110010010100
1111111011001101100011111111011111011111111111110111111111110
0001000110110110011100000100010000000011000011110000000000000
0000010111001000011001100111111111110110010110000000000000000
1101011011001111111100111111011111111111011110101011101010011
1101001111100110101101111011111101011111111110110100101101110
0101111010100110011100001100111111111101011001101011111011001
1011110110010101011101011111001100111100101011101101101011111
0010100010110000000000100000000010001000110010111100010010010
0000000000000000000000000000000000000000000000000000000110111
1101111111001101111011110111100111111111111001111111011011111
1000001001001010010000110011010111110111111011110100011000101
0011010011110111011011110010111111011010111010110111111110101
1100000000000110011011001111100000000000000000000000000000000
0000000000000000000000000000010011101000101010101010011010001
0001000000110011011011010001101100000001010011110000010010100
0000000000000000000000001110110001100011011010011101010111000
1110001001010000000001100000010001110001000000001010000000000
0000000000000000000000000110000100101100000001010001011000011
0000000000000111010101101000000000111000001010111000100100100
1111111111101110111110011001111110111011011011011111111111111
0000000000000000000000000000000000000000000000000000000000000
0000001000000100000001010010010001011111111100100000001000100
0100110000000000000000000000000000000000000000000000000000000
0101010000101100000011100001000100000000000000110011001000001
0000000000000000000000000000000000000000000000000000000000000
0011001000110001000011110101101110011111000000000000000000000
0010100000000000100000000101010000001001000010001110000100000
1000001000001101000000000000011100000010001000000011000010011
1000010111101001000011111111001001000110101001100101010100110
0000000000000000000000000000000000000000000000000111100110111
0000000000000000000000100011000010010001111001101110001000000
0000010001000001000000001001010011000110001000000000001000100
0100010000001100000010010001000110000000010000010100000010010
0000000000000000000000000000000000000000000000111011010010111
1111110111101111101110111111111110111110000111111101110111010
0001011011010100011100001110000100000101000110101010011100010
1101010100010000101100111010010111010110010011101111101101100
1110110110101110111111111011111110111110000111111101110111011
0000000000000000000000000000000000000000000000000000000000000
1111011010111111110011100001110101000101100010111011101001101
0000000000000000000000000011100110111000111010100011010111011
0111110110000111111111101111111111111111111111111110111111011
0000001010010010011111001000111110100011110101000011110111100
1110010101011111101010001001100101100000000000000000000000000
0000000000000000000000000000001101111000011101010011101011010
1110111001011011011100101101110011011111001101101011011001101
0000000000000000000000000000000000000010101010001100100000100
0111110111010111110101101111111011111111111111110110101110111
0100000001000000000100100010010001011110001100000000001100010
0000110001000010000100000000110001000000000000000110000011101
1111001011001100111001110000011011011110001001010011011010000
0000000000000000000000000011011000000001001101000011110111010
1110111110001101011001011011111100111111111011110111110111111
1001101110110000100100000011101010010100010011011000110010111
1111111110111111111110011001011111111010011111011110111010110
1011110111110101111101111011011100111110001111101101111111111
0000000000000000000000000000100110000000000011001111001010110
0000000000000000001010010110000100011001011011001100111100000
0111101110100110001001111010011000110101010000100000101000001
1001010100100010111001110001110010011100110000010000101111000
1101100001000011001100001011110101001000100100010101000001101
0010100110101100101001001111110000010111010101111010000111100
0100000000001001010000010010010000100011010000100001100010011
0001111100111111011111111011111111001111100111001111011111110
1111000010111011000000010000101011101000001101001101110000000
0100100000000000000000000000010001000100001001000010010110000
1110111011011110111011110110110111111001011101001111101111101
1001111111110101110101101111000100011110101110101111101011111
0000000000000000000000000011101110101110000000010111110111001
1001000110001010000001111101110011101110000000000000000000000
1100010111110001101110111000111100101110111111011001011111111
1111110011101111101101111111011101011111101111111111110111111
0001000011101001101010101100101100101010100110101010010010000
0100000110011011101111111111001001001000011111011110001110001
1111111110001100100110011001111111101110111011011111110111110
0011001011111110101001000010111010110011010011011110010010001
0000100111100110000000000000000000000000000000000000000000000
1000100011101001000111111010011111001101000100000011000100111
1110101111101101110001111110111100111011111111111111110111111
0010001010000000111001000010010000001100111001000001101000101
1110110111111110110101100010011110001001110110111101110111110
0101010011111111011011110011011111001000111110110111111110111
0111110110110110101100101111111101011011110111111101111101111
0000000000000000000000000000000000000000000101101100101101010
1111111001111111011011111111010111100001111101100111011101011
0101000001000000000100000111010000101011000000001000001010000
0000000000000000000000000101100010011101110110101101000100010
1111111111111100110110011111111110111111111001111100110111110
1011100111110010111110011101111100011111110011001111111101111
1011011011001111111101111111111111011111111110101011011011011
0100000000000000000000000000000000000000000000000000000000000
0001101000000000010000000100010001010001011001001001001000000
0000010001100010010010011001010010000000001000100010001000001
0000000000000000000000000000000000000000000000010010101011000
0010000001001110101001010010000000001001001001000000100110101
1110000011011010111011101000000000000000000000000000000000000
0000000000000001001101110100000011001101111111010100100110110
0110010100100110000110000001101110100010000000101000110010000
0001110110000100000001011100110110111100000010010110000000000
0011110001100100101001101010010110001100000000000000000000000
1100001000000001010000010010011100000010110001010110000001001
0101000000100000000010110001000010000000010100110110000010010
1111011011101110111111110011111001001111111011011111111110111
1010110000000000000000000000000000000000000000000000000000000
0000000110000110011001000001001010101000000000000100010010000
0000100001001100000111011101011011011001000110100010010110000
0000101000100000000000000110000000011010000000001110100000001
0001111100000101010111110110100101110001001011000011100110110
1110111010001001101000111001111100001100110100010111110010101
0000000000000000000000000000000000000000010011101100101111110
1010100000000000000000000000000000000000000000000000000000000
0000101000000000010111000111000010001001000010000010001110000
1001111111100110010000000000000000000000000000000000000000000
0000000001001000010100000001000001001010001101000010010110010
1110101100110011011000000000000101111001001001010110101100100
1110001111101000010111101000010100110101001100000000000000000
0000000000000000000000000000000000000000000000000000000000000
0000000000001101000000101111110111011110010101011111101010001
0000000000000010111111110001110110000100000001011100110110111
0111110010001010101101101101101010000000000000000000000000000
0110000000000000000000000000000000000000000000000000000000000
0111100011101110101111111011111111101111101011001011110111111
0000000000000000000000000000000000000000000000000001110000010
1101111000011101010011101011010111100000011101000101000101011
0100101101001110101010101101000001101011101011110000110111000
1100011000000000000000000000000000000000000000000000000000000
0111111100000000000111101111000000000000000000000000000000000
0000000000000000000000000000000000000000000000000000000001001
1111011010100110101111001110111011001101011011101011111111111
0010000001000001001000101000010000011110001100000000001001100
1010011000101101010111000001001100011101011100010101100111110
0000000000000000000000000000000000110101101100001111101011001
0000000000000000000000000111000011101110101101110011010001001
0111000000110010000101011110010001100010001011011001000111111
0000000000000000000001011010010000110101110101110000110011011
0000000000000001111100010010101011100100011101110000111110100
1001001100010110110010001011001001001101001111100110010110000
1110101000000000000001010000010100100001001001000111000000001
0001110001000000000000000000000000000000000000000000000000000
1111111110011110101110101100001110101110010000010001001010000
0000000000000000000000000000000000000000000000011100011110101
0100101001101010010110001100000000000000000000000000000000000
0111100010111110001000101100010001010011000111001101101000000
1101111000011111010111101111110111110011011101101101011101111
1110111110010100111111101111110011111001001111101110011111111
0000000000000000000000000000000000000000000000000000000000000
0111101110110010011110111011011011001110111111111111111111110
1011110011000110000000010100110111001010011000000000000000000
0110110111001010000110000100000111111001111010011111001000100
0010001000000000001000010100000011010100000001001001100000101
1110100000000000000000000000000000000000000000000000000000000
1000111110101110011001100000110000111000110001100000010011000
0000000000000000000000101100000000000100010011000111111100100
0100101010110000000000100000000001001100010100111110000000000
1100111011011111101101101011011111011111111111101011111111011
0110011010100000000111000010101000000000101000000000110000101
0100100010100000000100000000000001011110000100000010001000001
0000000000000000000000000000000000001101011011000011111010110
0110101111100001011101100000001000010101110100000110100110111
0000000000000000000000010101000110110000101111001100011000000
0000000000000000000000000000000000000000011100011011010100001
1011100000111100011001001010011010100101100011000000000000000
0000101111011000101001011111000000010001101100110011111001111
0010000011000000101000010011000000001010000000000010000110011
0000000000111010110000110101000101001011110010001111100111011
0110010001010010111010110000000010001001111111110011010010010
0000000000000000000000000000000000000000000000000000001110011
0000000000110101101100001111101011001001110101011011011101111
0000000000000000000000000000000000000000000000000000001100001
0000000000000000000000000000000000000000100100011101000010100
1111111110110110011011111011001111111100111111111111110011111
0100100000011011010000001011001001110101100101000110111001001
0101001100000000000000000000000000000000000000000000000000000
1111110111111010000101100111111111101010010011111110110111111
0111011010100011111100011011000001101101111011100101101000100
0101110100110000011100101110011111011111110010011111011111111
1101111001111101011011111011010111100000011101110111001111011
0101010000001001010000001011010000100000010000000001000000011
0010010111001100101001110001001011010010101101001111100100000
0000000000000000000000000000000000000000000000000000000000000
0110101101100001111101011001001110101011011011101111000000100
1111000110101111100111010001111000100000010000111000100111000
1001000110000010101001100001110000001110000010100000000000000
0000100000000000000010000000110111100000001000000010010100000
1001111001111110111110110000100010100010101000000000000000000
0000000000000000000000000000000000000000000000000000111101100
0101101010100110101110011100111111101101111011101011111111001
0000000000000000000000010100101100001000110010110110011001111
1011011110001100000100000001100001001110110010011111100101110
0011111111010111101101101111111011100110001010110000111100101
0010100011101111010011111100101100111111000000100011101010100
0100111101110110011101101011011011010111110101101111111111110
0100100000001000010000000010010000000010001001000010010110011
0111111011111101111010111111011101111111110100111111111111111
0001111000111111011111011001111111111101011111011110111111110
0000100010110000010101011010100100000011101000001011001101111
0110000000000000000010000111101010100010000010001010000010000
1100111010000000100011000000000001010000001001100110001000110
1000110101001101100110011111001010001011001111101100000000000
0000000000000000000000000000000000000000000000000000000000000
0101100011110111111111011111111111111100101011111110111110111
0111100110001100000000101001101110010100110000000000000000000
0000000000000000000010010001100000010110101110010001101101011
0000000000000000000000000000000000000100000100101100111001111
1111110111110111111011111101111011101110011110110110011111111
1111111111100001111111110011111010101110111011111101111101111
1101011011011001100110101101111111010111000111001110100010110
1000011000000100011000010000000100010010010001100000000001011
1000001001001000000000100000010000010010000000000001001000010
0010100001101101010011001111000001011011001110111111010001010
0111111001100001111010101110001010100100010010001000000000000
0000000000000000000000000000000000001011100001000000011001011
0000000000000000000000000000000000000010001100001001000111100
0010010111011001001001111001100101111001000111001000000110111
1001010100000000000000000000000000000000000000000000000000000
1111110101010010100110011011111111100100101011100111110111111
1001010001011001111101100000000000000000000000000000000000000
1000111011100001111101001000100000101000000000000000000000000
1101011001011100110111000000000000000000000000000000000000000
0110011001011011001111111000000000001111011110000000000000000
0000000000000000101111000100100100110010100100111100010001111
1101111111101100111111110001011110110110110111111111011111011
0110010101111110111100000100111101010100111010101111100111110
0001100000101000000010000001010010000100000011001000001101000
0001000000000000001100001000001001001001010000000000010100010
0111101111111101111100111110011101011111111000111101111111111
0111000001100100100101100011010001001011000010001010000010100
1010100010010100000100001010101000101110110101111011001101111
1100000000000000000000000000000000000000000000000000000000000
0011111100110000100100101011110111000111101111000100010001100
0110110111011110000001001000000000000000000000000000000000000
0100000000100000001000101100000001000000010010010000001100011
0000101000100101000000001000000000010000000110000110100010100
0000000000000000000011010110110000111110101100100111010101101
0100001001010000000000100010010000010010100000000000100101010
1111101111101111111111011010111100110011111011110111111111111
0010000001000100100011000110100010001001000000000000001010100
0110111011110110001011100011111001010011110101101111111111110
0011110000010000000100000011000001000000000000100000110000000
0001000011000111010000010000000101000000001010110000000000001
0010010000000100101011000010100000000000000001000000101111100
1110111101101110101111111011111111111111111111111101111111110
1100110001100000010000001101010000000001100000100000000101010
0101000011100010001001110110100110010010100100011101100101111
0000000000000000001011110000010011011110111101001010100100001
1101100110110110001111100001011010010010010001100001011101011
1111111101110110100111100111111011111011000011101110111011111
0000000011100010010000010000010010001000001000110110100000001
0000000000000000000000111011000110001101101001110101011100000
0010010000000000011000000011001100100100000010100000100001001
0000000101000111000010111100100000110100100011111011100110110
0000000000000000110011010011100111010110010010011010110111011
1011110100001010011010100110000000000000000000000000000000000
0100000001000100000000111010011100011100000100110100000101010
0000000000000000000000000000000000000010110011100000111101111
0000000000000000000000000000000000011111000100101010111001000
1010100110000000000000000000000000000000000000000000000000000
1010100101010000101111011000110111000010101101001110011111110
1011111000111010010001010000000111100000000000000110010101101
1111111011111101000101111111111111111111100110110111111111011
0000000000000000000000000000000000000000000000000000000000000
0101111111010111010111011111111011101111111111010011101110111
0000110010111001110101100101001001010101110001100000000000000
0000000000000000000000000000000000000000000000000000000100001
1000000011011111001101011100000000000000000000000000000000000
0000000000000000000000000000000000000000000000000000110111011
0000010101111000111010110111010101001001011001111010000101011
0010111000000000100101100111000000000000000000100000001100000
0000000000000000000000000000000000010010101001100011000011000
0000000000000000000000000000000000000000000000000001011100000
1111111010110000111111110111111100011111111011011111111101111
0111111000111110111011101111000001010111000111100010100111011
1011110000110001111100011100011010111111100000000000000000000
1101111110111100111101100011111011010111100010011001111110001
0111110110000000000000000000000000000000000000000000000000000
0000101111101110011000101001000010100010100000000000000000000
0111001001000110100010011011011100010111101011101100101100111
0111001111110101000111111010111111111111111111111111001101110
0000110011110010101101010000001101110110001111100000000000000
1111111001100101011111111100111011100101111111111010101111111
0010100111011100111101111100011110110001110000110010110001110
0000000000000000000000000000000000000000000000000000000000101
1110111110010100111011011011111101111100001111101111111101111
0100101001000000010000000000000001001100010100000011000000000
1010101000010000000000000000010101110001001000001110000000001
0100110011001011110101010011001011100110010110000000000000000
1000110110111100101001110000101010001011101010101101010101000
0011000010000101110101101000011000111100001100000100001110010
0000001010111110010101111001001111110010001000010011101011100
0010010000000000001000000100101010000100000010011000100011001
1001010001011100000001101100011111010010111010100100011000011
0000000000000000000000000000000000000000000000000000111111001
1111110001101011011110011111010111101111111101101011111111011
1111011010111111111111111101111111010101100011111111101011111
0000000000000000000000000000000000000000000000011110001111110
0010100110100000110100000010000000001001000000011001000011000
1111111111111111011000011111110101111111111011111100101101011
1010110111010000001000011011010001110001100100100111101000110
1110110101011011100100111110001101110110000101000010000111110
0011001001100001111000001111010100000100011010001100100010111
0001100100101100100000000000000000000000000000000000000000000
1000000000000000000000000000000000000000000000000000000000000
0100111010000010101110110100011101010001000010100001010000001
1110110000000000011001101100111110000000000000000000000000000
1000000111111011100011100000110110101110111010000000000000000
0100100000000000000000100000010101010001000000000101000000001
1011000000000000000000000000000000000000000000000000000000000
0001110001100001011101011011100110111111011111011001100011100
0100000001001000000000100001010001011110001101000010001000000
0011000110110100111010101110000011011011000110111010110000000
0000000000000000001000011011001111101100101000011111011110001
0000000000000000000000000000000000000000101110000100000001100
0101111000001001101111011110100101010010000101011100011100010
0000000000000101111000100100100110010100100111100010001111101
1000110111010110000000000000000000000000000000000000000000000
1110111111101101100110111111011110111010111111111111110011111
0000000101110000001000010100001010111110001111111001100111111
1111111111111101100111111111111111111111000110111111111111110
0110000000000001010000001100010011000001101101100010001100011
1101010000010010110010010010010010111001101001110101000010011
0010000100110101010000110000101100100001100110011001010010000
0000000000000000000000000000000010000100100010000010111101011
0000010000000010010010000001000010000110001000111010100000001
0000010110000000000010011001010010001010001000011100100000000
1111111001100111111010101000000000000000000000000000000000000
1111110000000000011110111100000000000000000000000000000000000
0111111011111101111100111110111111010111110011111101110111111
0111111010110111010111111001111011101101111111111110110010111
1110100100100000101100011110010100111111110111001001001101010
1111111111110010111011101011110111010001111111111110111111111
0000000000000000000000101100000000001111110001111111101110100
0011111110000000000011110111100000000000000000000000000000000
1011111100000000000000000000000000000000000000000000000000000
0000100011100000010100100000010000011110001100000000011110010
0000000000010101000110110000101111001100011000000001010011011
0011011001110010000001100011110111000001110110110010110110001
1100000011001101110010000010000010000100010100001001011111100
0000000000000000000000000000000000000000000000000000001101001
1110111110111111101111111001111111111111100111111111111111011
1010101101100111010100101110110011010101011110011111111101110
0100010000100100001011110001000110000000010100100111000010011
1011001000111111100000000000000000000000000000000000000000000
0001010000100100000011000000000010000000010100000000000000001
0001100010000100111001000001010010001110001000100000000000001
0000000000000000000000000000000000000000000000000000001010010
1001100000111011011011011111111001011111100101110010101011100
0000000000000000000000000000000000000000000000000000000001111
0100010011000111111100100101011000011010111000000000000000000
0000000000000000000000000000000000000000000000000000000000000
1010100100001110110110000100100101111000011100010001001010100
0000011000001111001100001000001001010000001110000010001010010
0000000000000000000000000000000000000000000000000001011011001
1110000000001100111110001100010110100100011101110101111001011
0101100100101100111011111111111111101101111011001111111111110
1010010011001101100010100111100011111000101101110110100000010
1111111001111011011110011111110111111111011000111111111110011
0101111111011000101111100101100000111000101100100100010101011
0110110110111110111001111111111101001111111111101101111001111
0100111011010111000101011100101010111001110011111101101101101
1101000110000011101110011000110111111110010101110000101100100
1001111010100110011110011111111011001101111111111011111111001
0000000000000000000000000000000000000000000000000000000000000
0010110000000000000000000000000000000000000000000000000000000
0001000000000000111110001000101100010000000011000000001100001
0011000011010001010000100000001000110100000000001101001010100
0011011101000000110011011111110101001001101101011010111000000
0011111110100100111100111110101011011111001011011101101011111
0000101010000001000000010000000101110011000000000000001001001
0000000000000000000000000000000000000000000000000000000000110
1011111001101000010101000110000111010010110010011011101110100
1100100010011001101101001011000110001101111011100011111101001
0000000000000000000000000000000000000000000000000000000001011
0011111110000000000011110111100000000000000000000000000000000
1110010000000000000000000000000000000000000000000000000000000
1111111100111000011101010001011000101110111010011010000000000
0011100110110100111100101110011011011111101000011111011111111
1110111111111000110111100010111110111011110010111101111111110
0000000000000000000000000000000000000000000000000000000000111
1111011111011001100011100110000000000000000000000000000000000
0000000000010110110010110101000100111101100001010110111101101
0000000100000001000001110010001101111101011111010011001100111
1111111110111111111111111111001011000111111000110011111111101
1111100000011101011111010111111100110100011110011000100110100
0011101000000000000000000000000000000000000000000000000000000
0000100000010010000000000001110000000010000000000000001000101
1010101100111010000000000000000000000000000000000000000000000
1110010000011000001110100010011110110101011110010011101111100
0000000000000000000000000000000000000000000000000000000000111
0101000001000000000000000000000000000000000000000000000000000
0111001110110111001110001110111011111101011011111111101100101
1101111011110000011101001100000101000100111100000001011110111
0001011000000001010010000000011001000000110101001000000000001
0000000000000000000000000000000000000000000111000000110010000
1001011011010001011000100100010100001101010010011101101111101
0000000000000000000000000000001111110011001101000000111111011
0110100110111000000000000000000000000000000000000000000000000
0000000000000000000000000000000000000000000000000000000000100
0000100011010000000000000000001000011100010100010110000000001
0110111000000000000000000000000000000000000000000000000000000
0110111001010011000000000000000000000000000000000000000000000
0111111111101110111111111111010011101011101011101111101110111
0100101001110110000000000110011001011111001111111111010000101
0000000000000000000000000000000000111001101110001110101000110
0010100011010000000000010000000100110000000000000110000000001
0010010011010110111011000101101100100000000000000000000000000
0111000010110101101001000100000000111011011101101001010001101
1100011110110011110001101110011110010011000010000111010101011
1100011000100100011011110001000110010110110101100111000011011
0000000000000000000000000101101011111101111000110110011101010
0110111101111010010101001000010101110001110001000000000000000
0000010011100101011000000110001101100101001111010110100011011
0111111011011110111001110111011011011111111101101001111111111
0000000000000000000000000000000000000000000000000000000000000
0111100111011111110100111000111100100101100111000100010011110
0000000000000110110011100100000011000111101110000011101101100
1011111011101111111111101000111111111111111111001011101010111
1011111000111111111100011101111101111111111111011111111111110
0110011010000001111110111000111000001101101011101110100000000
0000000000000000000000000000000000000000000000000001011000000
0111100010111101100001101000001010111110000000100001010101000
1110110011101011011110111111010111011111101101100011011111011
0011100000100101010101001000011000100000001100001000000000100
0110000011110100000011110111100101001010100101100101010011101
0000000000000000000000000000000000000000000000000000000000111
0001000000000001111100000111100101010100101010100000001000011
1000011110101101110011111000000000000000000000000000000000000
0111111011110011000101111011111111111111110110110010111111001
0100100000000000100010001000110001000000001011000010010101000
0000100110111000000001100010011110001000010010011000010001010
1011001111110101001000111011111100000101010101100000010110111
0010010101000000000000000000000000000000000000000000000000000
1001111110101010000000000000000000000000000000000000000000000
0101110100110000011100101110011111011111110010011111011111111
0100011000101111100001000001001001101001101100001011011010010
0000000000000000000000000000000000000000000000000000001011111
0000000000000000000000000001001110110010111111001100001111010
1101111111110110100110100010100000000000000000000000000000000
0000000000000000000000000000000000000000000001100110010010010
0110110011001111000000111000011000010010000000000000000000000
0000000000000000000000000000000000000000000000000000000010011
0000110000010110000000000000001100001000100100101000110000100
1101011101100011111101000100001111111011101100100000000000000
0101010000011001010010100011000110100000000000000101000000000
1100101100101110100010001101010101110110000100100000010101101
1110110001101111111011011111110111001001111101100111111111111
1100110001100000010000001101010000000001100000100000000101010
1111101111110100110111100111111011111111010110111111001010101
1100010111111001000110010110111011111100110101000101111111100
0101001100111011101010111010111001111001100001011010001000100
0000000000000011011001110010000001100011110111000001110110110
1110000010101110001001001001111000000001000000000000000000000
0110000110010100000000001101101110000000000000000000000000000
1110111001010110000000000000000000000000000000000000000000000
1101111011101101110111101111110111110111111001111111011011110
1101011100101110001001011011111100100000011010110010111000101
0000000000000000000010011000001110010101001101100011010000000
0010000111101000010001010101010010100110000101001011011110011
0000000000000000000000000000000000010010101011000100010101100
0001010000000100001001100001000010000000000000100100000010001
0010001100001110010001011000001000000011011000000010100010000
0010100110100000100000000000000000000000000000000000000000000
1110000110000100100000000000000000000000000000000000000000000
1011011100110111111011111011001100011100110000000000000000000
1101111001111111011110111011111001110010111111010111111111110
1111001110111001010110000000000000000000000000000000000000000
1111101110001110000011011010111011101000000000000000000000000
1010001000110000000010000111110011111011000000001010001000000
0000000000000000000000000000000000000011100011110101111101111
1111111011101111111110111100111111011111011110011111111110111
1001001101111011101101000101010110111001011011101010110110011
0011110001100100101001101010010110001100000000000000000000000
1000000001011000000000100010010000000000100000000001000001010
0011111101110110110111101111110111101001110110111110111110001
0000000001010000000010000010000000110010000000000000001101010
1110001110010111011101000111010001010101100111010000000000000
1000110110111100101001110000101010001011101010101101010101000
0000000000000000000000000000011001111110011100011100101110111
0000000000000000000000000000000000000000110001100010010001101
0000000000000000000000000010111111110001110110000100000001011
0011000000000000110100000110000001010011001000000000001001001
