0111111010001110110111111100
0110100110000000000000000000
0000000000000000000000000000
0110110000100001000001110010
1010000000111110110111001110
1011001010111100101100000000
0000000000000000000000000000
0000100101100000001000100100
1000111000011011010111101000
1111000010111011111011101111
1111010010010000000111101010
1101010101101000100010110100
1111111111101101110111110000
0000000111000101100011000011
0000000000000000000000000000
0000000000000000000000000000
0111111110101101011111100100
0000000000000000000000000000
0000000000000000000000000000
1000110010111010100101111111
0000000000000000000000000000
0011011110110000111000101101
1001110111110011111110111111
0000001001110001100101000110
1001000001100000000000000000
0001000101010010000110000010
0100000111101011111110011000
0011000010000000100000000000
0000000001000001110110110101
1011011111111010111101111111
1011011001100101000100010000
0000000000000000000000000000
0101001100101000000100110000
0000000000000000000000000000
0000000000000000000000000000
0000001010111100010010101001
0001000011000100000001001000
0000000000000000000000000000
1101001011001101111100001011
1111011111111101100111111111
1000100000001010010000000000
0000000000000000000000000000
0000000000000000000000000000
0000000000000000000000000000
0100010101101000010001001100
0000000000000000000000000000
0000000000000001110010101010
0000000000000000000000000000
1100001101001111111011011101
1011111010011101110111001011
1100111111010110110100111101
1011010011000110000001110011
1111001111010000011110000111
0000000000000000000000000001
0100000101000101100000100000
1000000000100011010000000000
0001001001000010000001010010
0000000000000000000000000000
1000101001011001100010111101
0011111011111101010100011011
0000000000000000000000000000
0000000000000000000000000000
1111100111110101100111111111
0101110111110100110001110100
0000000000000000000000000000
0101101011110111001101101001
1101011011000000011011000010
0111001010010111100000000000
0000000000000000000000110100
1010100000101110010100111111
0100101010110101001101101010
1111101101010011111111110111
1101010110000011110011110111
1110010101001101010001101111
0000000000000000000000000000
1101110111101011111111111100
1101111111101101011111010101
1111011010001111111011010111
0000000000000000000000000000
0001111101111111010101000000
1111110111111110101111100011
1001000110100001000110000000
1111111010111001101011101001
0000010110110001101110101110
1011101110111010111100001111
1100100001110011110000111000
0000000000000000000000000000
0100111001110110011111100010
1100010100011111011000100000
1011111011111111110111110111
1101000000000000000000000000
0101000101001001000001000001
1010001001010011001100010000
0000000000000000000000000000
1000000000000000000000000000
0000000000000000000000000000
0000000000000000000000000000
0000001001100100000001001000
0011011100111010010011111100
0000000000000000000000000000
1000010111001101100101011010
1101111110000100110110111111
1000110001000100001111100101
1110110101111011101111110101
1011110000100111110101111010
0101100000000010110011100100
0000000000000000000000011011
0101101110100010100001101001
0000000000000000000000000000
0010000110010111011001100000
0000000000000000000000000000
0010100000010010000000010100
0010100101100011101000001101
0000000000000000000000000000
0000000000000000000000000000
0110101111111011011001111011
0001010111000100001001001000
0000000000000000000000000000
1000000000000000000000000000
1111011111101010101111110011
0000000111000000000011000000
1111111111101011101111110110
1011110110111010111011111110
0000000001001000001100000011
0000000000000000000000000000
0000000000000000000000000000
0000001000010110010100110111
0000000000000000000000000000
0000000000000000000000000000
0000000000000000000000000000
1111101100111101110011101111
1110010101001111010111001000
1110110011001100011001100100
0000000000000000000000000000
1111011110111101110110110111
0000000000000000000000000000
1001100110000100000000000000
0000000000000000000000000000
1111101101011111111111110111
0000010001100001010000000001
0000000000000000000000000000
0011111101000011010110100010
1100000001101111101111101001
0001110011100000110001111011
0101110010111011110111101111
0000000000000000000000000000
0000000000000000000000000000
0001110100111000001000000100
0000000001001000100001000000
0000000010100000000001011001
0000000101000110010000000000
0000000001000001000100000001
0000001010101011011010010000
0010111010111101010010010000
1011111111011000110101011011
0000000000000000000000011100
0101101001010111001000101010
0000000000000000000000000000
0000010100000001001010110001
0000000000000000000000000000
1001111100001101100001000101
1110101010001000110000010000
0000000000000000000000000000
0000111110001110011001001000
0000000000001000110001010001
1111111111101001110111101011
0000000000000000000000000000
1101001011100101000101100111
0011110111110101101100111111
1100100100000000000000000000
1000011111110010101111111101
0110011010000000000000000000
1100100110111001000010101000
0000000000100011000010000010
1011111111111101101100011111
0000000000000000000000110100
1001101100111111100010000111
0001000010010100001000000011
0000000000000000011010101100
0000000000000000000000000000
0000000000000000000000000000
1011010100010010011001011000
1111111011101111111110001110
1000011110010101011000001111
0100001001000000001000101000
0011011111000101110011100111
0111111111111101111011001111
1100000000100000010000000000
0000000000000000000000000000
0000010001000000111101000000
0001000011010000001001000001
1100000001000110000011010110
0000100000100100000100101000
0100001000000010010001000001
1110101111110101101111111100
0000000000000000000000000000
1010101111001100000110000000
0101001110001001001011001001
0010111111111111110111100111
1111100111111010101111011011
1001110101010111000101011010
0000000000000000000000000000
1011110110101011100101111110
0011111110100111100001000000
1111111101111100100111111011
0010101001000000100000000010
1111100111011011110100110100
0000010100111111111110111111
0000000000000000000000000000
0011000000000001000010101010
0100000111000000100010010100
1001000010001000000100001010
1101101111010101001000110100
1100111011111010101001111101
0110000110010010101011110001
0101000110011000011001011001
1000110100000100011101100010
1000000000100011000001100001
0000000000000000000000000000
0100010100100001000110000000
1001001011101000001110010101
1000010110000101110000110111
0011011111000010011001011101
0000000000000000000000000000
1101011011101110111110110111
0110111110101111111110110111
0000000000000000000000001011
1111111111111010001111101110
0111101111111101010111111111
1001101111100110101100010110
0011000110101111001111100000
0000000000000000000000000000
0010010000010101000100011010
0000000000000000000000000000
1110011111111101111111111001
0000010110010111011100000000
1101011101111111111011100111
0100010001100000000001000000
0000000000000000000000000000
0000000000000001111001010011
0011101011110011011100101100
0001000000110010000001010010
1111111111110101101111111011
0000000100000000011000010100
0000000000000000000000000000
0010000100001111010001000000
0000000100010101010011010100
1111011111101110100111100110
1011001000000001000100011010
0000000000011110110011010011
1001100111001111111111001111
0000000000000000000000000000
1111101111010111000111111111
0000000000000000000000000000
0000000000000000000000000000
0000000000000000000000000000
0000000000000000000000000000
1011010101110000001010010100
0000000000000000011001000010
0000000000000000000000000000
0000000000000000000000000000
0000000000000000000000000000
0011010011110111101011000000
0000000000000000000000000000
0110010000100000000100010000
0010111001111001000000111011
0000000000000000000000000000
0000000000000000000000000000
0000000000000000000000000000
0111111111100101111111011011
0001010001000100000000000000
0010110110110100101100001100
0000000000000010100001000110
0000000000000000001000010101
0001010000001000000001001100
0001001000110010000000010010
1110111011111101010011001011
1010110011010010000001111001
0010101000000000000000100010
0000000000000000000000000000
0011101111011100111011100101
0000000000000000000000000000
1001111011101101111110111111
0100000000110000000101011000
1011101101011111001101100011
1000110110111111111111111011
0100000000100101011000010011
0000000000000000000000000000
1111010101101101111101101011
1011001110100111111001011010
0001100000001110001101000000
0000101000100001000010100000
1110011101111110101111100101
0000000000111010100011010000
0000000000000000000000000000
0000000000000000000000000000
1100110000110000000110111011
0000000000000000000000000000
1001101100001010000110111101
1011010010110110000000000000
1101110011100100000000000000
0000000111110001100111000000
0110001001110101001010000110
1000000000010000000100100100
1111100100000001011110011111
0000000000000000000000000000
0001000011000000101000100000
1011011101111001101111111001
0001011111101101010001001100
0000000000000000000000000000
1010000011000001100101101011
0000000000000000000000000000
0010000100000101001101110000
0000000000000000000000000000
1101111001011011101101111111
0000000000000000000000000000
1100011011111111110111111101
0000000000000000000000000000
1100111101101001111101100111
1000000001011000010010010010
0000000000000000000000000000
0000000111100010100000011011
1100000011000100000000101000
1111011110110110100100111101
0010010000000101000000000011
0000000001100101111101001110
