A 150.0 10
A 150.0 10
A 150.0 10
A 150.0 10
A 150.0 10
A 150.0 11
A 150.0 11
A 150.0 11
A 150.0 11
A 150.0 11
A 150.0 12
A 150.0 12
A 150.0 13
A 150.0 13
A 150.0 13
A 150.0 14
A 150.0 14
A 150.0 14
A 150.0 14
A 150.1 10
A 150.1 10
A 150.1 10
A 150.1 10
A 150.1 10
A 150.1 10
A 150.1 10
A 150.1 10
A 150.1 10
A 150.1 10
A 150.1 10
A 150.1 10
A 150.1 10
A 150.1 11
A 150.1 11
A 150.1 11
A 150.1 11
A 150.1 11
A 150.1 12
A 150.1 12
A 150.1 12
A 150.1 12
A 150.1 12
A 150.1 12
A 150.1 12
A 150.1 13
A 150.1 13
A 150.1 13
A 150.1 13
A 150.1 13
A 150.1 13
A 150.1 13
A 150.1 13
A 150.1 14
A 150.1 14
A 150.1 14
A 150.1 14
A 150.1 14
A 150.1 14
A 150.1 14
A 150.2 10
A 150.2 10
A 150.2 10
A 150.2 10
A 150.2 10
A 150.2 10
A 150.2 10
A 150.2 10
A 150.2 10
A 150.2 10
A 150.2 10
A 150.2 10
A 150.2 11
A 150.2 11
A 150.2 11
A 150.2 11
A 150.2 11
A 150.2 11
A 150.2 11
A 150.2 11
A 150.2 11
A 150.2 11
A 150.2 11
A 150.2 11
A 150.2 11
A 150.2 12
A 150.2 12
A 150.2 12
A 150.2 12
A 150.2 12
A 150.2 12
A 150.2 12
A 150.2 12
A 150.2 12
A 150.2 13
A 150.2 13
A 150.2 13
A 150.2 13
A 150.2 13
A 150.2 13
A 150.2 13
A 150.2 13
A 150.2 14
A 150.2 14
A 150.2 14
A 150.2 14
A 150.2 14
A 150.3 10
A 150.3 10
A 150.3 10
A 150.3 10
A 150.3 10
A 150.3 10
A 150.3 10
A 150.3 10
A 150.3 10
A 150.3 10
A 150.3 10
A 150.3 10
A 150.3 11
A 150.3 11
A 150.3 11
A 150.3 11
A 150.3 11
A 150.3 11
A 150.3 11
A 150.3 11
A 150.3 11
A 150.3 11
A 150.3 11
A 150.3 11
A 150.3 12
A 150.3 12
A 150.3 12
A 150.3 12
A 150.3 12
A 150.3 12
A 150.3 12
A 150.3 12
A 150.3 13
A 150.3 13
A 150.3 13
A 150.3 13
A 150.3 13
A 150.3 13
A 150.3 13
A 150.3 14
A 150.3 14
A 150.3 14
A 150.3 14
A 150.3 14
A 150.3 14
A 150.3 14
A 150.3 14
A 150.3 14
A 150.3 14
A 150.3 14
A 150.4 10
A 150.4 10
A 150.4 10
A 150.4 10
A 150.4 10
A 150.4 10
A 150.4 10
A 150.4 10
A 150.4 10
A 150.4 10
A 150.4 10
A 150.4 11
A 150.4 11
A 150.4 11
A 150.4 11
A 150.4 11
A 150.4 11
A 150.4 11
A 150.4 11
A 150.4 11
A 150.4 12
A 150.4 12
A 150.4 12
A 150.4 12
A 150.4 12
A 150.4 12
A 150.4 12
A 150.4 12
A 150.4 12
A 150.4 13
A 150.4 13
A 150.4 13
A 150.4 13
A 150.4 13
A 150.4 13
A 150.4 13
A 150.4 13
A 150.4 13
A 150.4 13
A 150.4 13
A 150.4 13
A 150.4 14
A 150.4 14
A 150.4 14
A 150.4 14
A 150.4 14
A 150.4 14
A 150.4 14
A 150.4 14
A 150.4 14
A 150.5 10
A 150.5 10
A 150.5 10
A 150.5 10
A 150.5 10
A 150.5 10
A 150.5 10
A 150.5 10
A 150.5 11
A 150.5 11
A 150.5 11
A 150.5 11
A 150.5 11
A 150.5 11
A 150.5 12
A 150.5 12
A 150.5 12
A 150.5 12
A 150.5 12
A 150.5 12
A 150.5 12
A 150.5 13
A 150.5 13
A 150.5 13
A 150.5 13
A 150.5 14
A 150.5 14
A 150.5 14
B 150.0 10
B 150.0 10
B 150.0 10
B 150.0 10
B 150.0 10
B 150.0 10
B 150.0 10
B 150.0 10
B 150.0 11
B 150.0 11
B 150.0 11
B 150.0 12
B 150.0 12
B 150.0 13
B 150.0 13
B 150.0 13
B 150.0 13
B 150.0 13
B 150.0 13
B 150.0 13
B 150.0 14
B 150.0 14
B 150.0 14
B 150.0 14
B 150.0 14
B 150.1 10
B 150.1 10
B 150.1 10
B 150.1 10
B 150.1 10
B 150.1 10
B 150.1 10
B 150.1 10
B 150.1 10
B 150.1 10
B 150.1 10
B 150.1 10
B 150.1 10
B 150.1 10
B 150.1 10
B 150.1 10
B 150.1 10
B 150.1 11
B 150.1 11
B 150.1 11
B 150.1 11
B 150.1 11
B 150.1 11
B 150.1 11
B 150.1 11
B 150.1 11
B 150.1 12
B 150.1 12
B 150.1 12
B 150.1 12
B 150.1 12
B 150.1 12
B 150.1 12
B 150.1 12
B 150.1 13
B 150.1 13
B 150.1 13
B 150.1 13
B 150.1 13
B 150.1 13
B 150.1 13
B 150.1 13
B 150.1 13
B 150.1 13
B 150.1 13
B 150.1 14
B 150.1 14
B 150.1 14
B 150.1 14
B 150.1 14
B 150.1 14
B 150.1 14
B 150.1 14
B 150.1 14
B 150.1 14
B 150.1 14
B 150.1 14
B 150.1 14
B 150.2 10
B 150.2 10
B 150.2 10
B 150.2 10
B 150.2 10
B 150.2 10
B 150.2 10
B 150.2 10
B 150.2 10
B 150.2 10
B 150.2 11
B 150.2 11
B 150.2 11
B 150.2 11
B 150.2 11
B 150.2 11
B 150.2 11
B 150.2 11
B 150.2 11
B 150.2 11
B 150.2 12
B 150.2 12
B 150.2 12
B 150.2 12
B 150.2 12
B 150.2 12
B 150.2 12
B 150.2 12
B 150.2 12
B 150.2 12
B 150.2 12
B 150.2 12
B 150.2 12
B 150.2 12
B 150.2 12
B 150.2 13
B 150.2 13
B 150.2 13
B 150.2 13
B 150.2 13
B 150.2 13
B 150.2 13
B 150.2 13
B 150.2 14
B 150.2 14
B 150.2 14
B 150.2 14
B 150.2 14
B 150.2 14
B 150.2 14
B 150.2 14
B 150.2 14
B 150.2 14
B 150.2 14
B 150.2 14
B 150.2 14
B 150.3 10
B 150.3 10
B 150.3 10
B 150.3 10
B 150.3 10
B 150.3 10
B 150.3 10
B 150.3 10
B 150.3 10
B 150.3 10
B 150.3 10
B 150.3 10
B 150.3 10
B 150.3 11
B 150.3 11
B 150.3 11
B 150.3 11
B 150.3 11
B 150.3 11
B 150.3 11
B 150.3 11
B 150.3 11
B 150.3 11
B 150.3 11
B 150.3 11
B 150.3 11
B 150.3 12
B 150.3 12
B 150.3 12
B 150.3 12
B 150.3 12
B 150.3 12
B 150.3 12
B 150.3 12
B 150.3 12
B 150.3 12
B 150.3 12
B 150.3 12
B 150.3 12
B 150.3 12
B 150.3 12
B 150.3 13
B 150.3 13
B 150.3 13
B 150.3 13
B 150.3 13
B 150.3 13
B 150.3 13
B 150.3 13
B 150.3 14
B 150.3 14
B 150.3 14
B 150.3 14
B 150.3 14
B 150.3 14
B 150.3 14
B 150.3 14
B 150.3 14
B 150.4 10
B 150.4 10
B 150.4 10
B 150.4 10
B 150.4 10
B 150.4 10
B 150.4 11
B 150.4 11
B 150.4 11
B 150.4 11
B 150.4 11
B 150.4 11
B 150.4 11
B 150.4 11
B 150.4 11
B 150.4 11
B 150.4 11
B 150.4 11
B 150.4 11
B 150.4 12
B 150.4 12
B 150.4 12
B 150.4 12
B 150.4 12
B 150.4 12
B 150.4 12
B 150.4 12
B 150.4 13
B 150.4 13
B 150.4 13
B 150.4 13
B 150.4 13
B 150.4 13
B 150.4 13
B 150.4 13
B 150.4 13
B 150.4 13
B 150.4 13
B 150.4 13
B 150.4 14
B 150.4 14
B 150.4 14
B 150.4 14
B 150.4 14
B 150.4 14
B 150.4 14
B 150.4 14
B 150.4 14
B 150.4 14
B 150.5 10
B 150.5 10
B 150.5 10
B 150.5 10
B 150.5 11
B 150.5 11
B 150.5 11
B 150.5 12
B 150.5 12
B 150.5 12
B 150.5 12
B 150.5 13
B 150.5 13
B 150.5 13
B 150.5 13
B 150.5 14
B 150.5 14
B 150.5 14
B 150.5 14
B 150.5 14
B 150.5 14
B 150.5 14
a 150.0 10
a 150.0 10
a 150.0 10
a 150.0 11
a 150.0 11
a 150.0 11
a 150.0 11
a 150.0 11
a 150.0 12
a 150.0 12
a 150.0 12
a 150.0 12
a 150.0 12
a 150.0 12
a 150.0 12
a 150.0 12
a 150.0 13
a 150.0 13
a 150.0 13
a 150.0 13
a 150.0 13
a 150.0 13
a 150.0 13
a 150.0 13
a 150.0 13
a 150.0 14
a 150.0 14
a 150.0 14
a 150.1 10
a 150.1 10
a 150.1 10
a 150.1 10
a 150.1 10
a 150.1 10
a 150.1 10
a 150.1 10
a 150.1 10
a 150.1 10
a 150.1 10
a 150.1 10
a 150.1 10
a 150.1 11
a 150.1 11
a 150.1 11
a 150.1 11
a 150.1 11
a 150.1 11
a 150.1 11
a 150.1 11
a 150.1 11
a 150.1 11
a 150.1 11
a 150.1 12
a 150.1 12
a 150.1 12
a 150.1 12
a 150.1 12
a 150.1 12
a 150.1 12
a 150.1 12
a 150.1 12
a 150.1 12
a 150.1 13
a 150.1 13
a 150.1 13
a 150.1 13
a 150.1 13
a 150.1 13
a 150.1 13
a 150.1 13
a 150.1 14
a 150.1 14
a 150.1 14
a 150.1 14
a 150.1 14
a 150.1 14
a 150.1 14
a 150.2 10
a 150.2 10
a 150.2 10
a 150.2 10
a 150.2 10
a 150.2 10
a 150.2 10
a 150.2 10
a 150.2 10
a 150.2 10
a 150.2 10
a 150.2 10
a 150.2 10
a 150.2 10
a 150.2 11
a 150.2 11
a 150.2 11
a 150.2 11
a 150.2 11
a 150.2 11
a 150.2 11
a 150.2 11
a 150.2 12
a 150.2 12
a 150.2 12
a 150.2 12
a 150.2 12
a 150.2 12
a 150.2 12
a 150.2 12
a 150.2 12
a 150.2 13
a 150.2 13
a 150.2 13
a 150.2 13
a 150.2 13
a 150.2 13
a 150.2 13
a 150.2 13
a 150.2 13
a 150.2 13
a 150.2 14
a 150.2 14
a 150.2 14
a 150.2 14
a 150.2 14
a 150.2 14
a 150.2 14
a 150.3 10
a 150.3 10
a 150.3 10
a 150.3 10
a 150.3 10
a 150.3 10
a 150.3 10
a 150.3 10
a 150.3 10
a 150.3 10
a 150.3 10
a 150.3 10
a 150.3 11
a 150.3 11
a 150.3 11
a 150.3 11
a 150.3 11
a 150.3 11
a 150.3 11
a 150.3 11
a 150.3 11
a 150.3 11
a 150.3 12
a 150.3 12
a 150.3 12
a 150.3 12
a 150.3 12
a 150.3 12
a 150.3 12
a 150.3 12
a 150.3 12
a 150.3 12
a 150.3 12
a 150.3 13
a 150.3 13
a 150.3 13
a 150.3 13
a 150.3 13
a 150.3 14
a 150.3 14
a 150.3 14
a 150.3 14
a 150.3 14
a 150.3 14
a 150.3 14
a 150.3 14
a 150.3 14
a 150.3 14
a 150.3 14
a 150.3 14
a 150.3 14
a 150.3 14
a 150.3 14
a 150.3 14
a 150.3 14
a 150.3 14
a 150.3 14
a 150.3 14
a 150.3 14
a 150.4 10
a 150.4 10
a 150.4 10
a 150.4 10
a 150.4 10
a 150.4 10
a 150.4 10
a 150.4 11
a 150.4 11
a 150.4 11
a 150.4 11
a 150.4 11
a 150.4 11
a 150.4 11
a 150.4 11
a 150.4 12
a 150.4 12
a 150.4 12
a 150.4 12
a 150.4 12
a 150.4 12
a 150.4 13
a 150.4 13
a 150.4 13
a 150.4 13
a 150.4 13
a 150.4 13
a 150.4 13
a 150.4 13
a 150.4 14
a 150.4 14
a 150.4 14
a 150.4 14
a 150.4 14
a 150.4 14
a 150.4 14
a 150.4 14
a 150.4 14
a 150.4 14
a 150.4 14
a 150.4 14
a 150.4 14
a 150.5 10
a 150.5 10
a 150.5 10
a 150.5 10
a 150.5 10
a 150.5 10
a 150.5 10
a 150.5 10
a 150.5 10
a 150.5 11
a 150.5 11
a 150.5 11
a 150.5 11
a 150.5 11
a 150.5 11
a 150.5 12
a 150.5 12
a 150.5 12
a 150.5 12
a 150.5 13
a 150.5 13
a 150.5 13
a 150.5 13
a 150.5 14
a 150.5 14
b 150.0 10
b 150.0 10
b 150.0 10
b 150.0 11
b 150.0 11
b 150.0 11
b 150.0 11
b 150.0 11
b 150.0 12
b 150.0 12
b 150.0 12
b 150.0 12
b 150.0 12
b 150.0 13
b 150.0 13
b 150.0 13
b 150.0 13
b 150.0 13
b 150.0 14
b 150.0 14
b 150.0 14
b 150.0 14
b 150.1 10
b 150.1 10
b 150.1 10
b 150.1 10
b 150.1 10
b 150.1 10
b 150.1 10
b 150.1 10
b 150.1 11
b 150.1 11
b 150.1 11
b 150.1 11
b 150.1 11
b 150.1 11
b 150.1 11
b 150.1 11
b 150.1 11
b 150.1 11
b 150.1 11
b 150.1 11
b 150.1 12
b 150.1 12
b 150.1 12
b 150.1 12
b 150.1 12
b 150.1 12
b 150.1 12
b 150.1 12
b 150.1 12
b 150.1 12
b 150.1 13
b 150.1 13
b 150.1 13
b 150.1 13
b 150.1 13
b 150.1 13
b 150.1 13
b 150.1 13
b 150.1 13
b 150.1 13
b 150.1 14
b 150.1 14
b 150.1 14
b 150.1 14
b 150.2 10
b 150.2 10
b 150.2 10
b 150.2 10
b 150.2 10
b 150.2 10
b 150.2 10
b 150.2 10
b 150.2 10
b 150.2 10
b 150.2 11
b 150.2 11
b 150.2 11
b 150.2 11
b 150.2 11
b 150.2 11
b 150.2 11
b 150.2 11
b 150.2 11
b 150.2 11
b 150.2 11
b 150.2 11
b 150.2 11
b 150.2 12
b 150.2 12
b 150.2 12
b 150.2 12
b 150.2 12
b 150.2 12
b 150.2 12
b 150.2 12
b 150.2 12
b 150.2 12
b 150.2 12
b 150.2 12
b 150.2 13
b 150.2 13
b 150.2 13
b 150.2 13
b 150.2 13
b 150.2 13
b 150.2 13
b 150.2 13
b 150.2 13
b 150.2 13
b 150.2 14
b 150.2 14
b 150.2 14
b 150.2 14
b 150.2 14
b 150.2 14
b 150.2 14
b 150.2 14
b 150.2 14
b 150.3 10
b 150.3 10
b 150.3 10
b 150.3 10
b 150.3 10
b 150.3 10
b 150.3 10
b 150.3 10
b 150.3 10
b 150.3 10
b 150.3 10
b 150.3 11
b 150.3 11
b 150.3 11
b 150.3 11
b 150.3 11
b 150.3 11
b 150.3 11
b 150.3 11
b 150.3 12
b 150.3 12
b 150.3 12
b 150.3 12
b 150.3 12
b 150.3 12
b 150.3 12
b 150.3 12
b 150.3 12
b 150.3 13
b 150.3 13
b 150.3 13
b 150.3 13
b 150.3 13
b 150.3 13
b 150.3 13
b 150.3 13
b 150.3 13
b 150.3 13
b 150.3 13
b 150.3 14
b 150.3 14
b 150.3 14
b 150.3 14
b 150.3 14
b 150.4 10
b 150.4 10
b 150.4 10
b 150.4 10
b 150.4 10
b 150.4 10
b 150.4 10
b 150.4 10
b 150.4 10
b 150.4 10
b 150.4 10
b 150.4 10
b 150.4 11
b 150.4 11
b 150.4 11
b 150.4 11
b 150.4 11
b 150.4 11
b 150.4 11
b 150.4 11
b 150.4 11
b 150.4 11
b 150.4 11
b 150.4 11
b 150.4 11
b 150.4 11
b 150.4 11
b 150.4 12
b 150.4 12
b 150.4 12
b 150.4 12
b 150.4 12
b 150.4 12
b 150.4 12
b 150.4 12
b 150.4 12
b 150.4 12
b 150.4 12
b 150.4 12
b 150.4 13
b 150.4 13
b 150.4 13
b 150.4 13
b 150.4 13
b 150.4 13
b 150.4 13
b 150.4 13
b 150.4 13
b 150.4 14
b 150.4 14
b 150.4 14
b 150.4 14
b 150.4 14
b 150.4 14
b 150.4 14
b 150.4 14
b 150.4 14
b 150.4 14
b 150.4 14
b 150.4 14
b 150.5 10
b 150.5 10
b 150.5 10
b 150.5 10
b 150.5 11
b 150.5 11
b 150.5 11
b 150.5 11
b 150.5 11
b 150.5 12
b 150.5 12
b 150.5 13
b 150.5 13
b 150.5 13
b 150.5 13
b 150.5 13
b 150.5 13
b 150.5 13
b 150.5 14
b 150.5 14
b 150.5 14
b 150.5 14
b 150.5 14
A 150.0 10
A 150.0 10
A 150.0 10
A 150.0 10
A 150.0 10
B 150.0 10
B 150.0 10
B 150.0 10
B 150.0 10
B 150.0 10
B 150.0 10
B 150.0 10
B 150.0 10
a 150.0 10
a 150.0 10
a 150.0 10
b 150.0 10
b 150.0 10
b 150.0 10
A 150.0 11
A 150.0 11
A 150.0 11
A 150.0 11
A 150.0 11
B 150.0 11
B 150.0 11
B 150.0 11
a 150.0 11
a 150.0 11
a 150.0 11
a 150.0 11
a 150.0 11
b 150.0 11
b 150.0 11
b 150.0 11
b 150.0 11
b 150.0 11
A 150.0 12
A 150.0 12
B 150.0 12
B 150.0 12
a 150.0 12
a 150.0 12
a 150.0 12
a 150.0 12
a 150.0 12
a 150.0 12
a 150.0 12
a 150.0 12
b 150.0 12
b 150.0 12
b 150.0 12
b 150.0 12
b 150.0 12
A 150.0 13
A 150.0 13
A 150.0 13
B 150.0 13
B 150.0 13
B 150.0 13
B 150.0 13
B 150.0 13
B 150.0 13
B 150.0 13
a 150.0 13
a 150.0 13
a 150.0 13
a 150.0 13
a 150.0 13
a 150.0 13
a 150.0 13
a 150.0 13
a 150.0 13
b 150.0 13
b 150.0 13
b 150.0 13
b 150.0 13
b 150.0 13
A 150.0 14
A 150.0 14
A 150.0 14
A 150.0 14
B 150.0 14
B 150.0 14
B 150.0 14
B 150.0 14
B 150.0 14
a 150.0 14
a 150.0 14
a 150.0 14
b 150.0 14
b 150.0 14
b 150.0 14
b 150.0 14
A 150.1 10
A 150.1 10
A 150.1 10
A 150.1 10
A 150.1 10
A 150.1 10
A 150.1 10
A 150.1 10
A 150.1 10
A 150.1 10
A 150.1 10
A 150.1 10
A 150.1 10
B 150.1 10
B 150.1 10
B 150.1 10
B 150.1 10
B 150.1 10
B 150.1 10
B 150.1 10
B 150.1 10
B 150.1 10
B 150.1 10
B 150.1 10
B 150.1 10
B 150.1 10
B 150.1 10
B 150.1 10
B 150.1 10
B 150.1 10
a 150.1 10
a 150.1 10
a 150.1 10
a 150.1 10
a 150.1 10
a 150.1 10
a 150.1 10
a 150.1 10
a 150.1 10
a 150.1 10
a 150.1 10
a 150.1 10
a 150.1 10
b 150.1 10
b 150.1 10
b 150.1 10
b 150.1 10
b 150.1 10
b 150.1 10
b 150.1 10
b 150.1 10
A 150.1 11
A 150.1 11
A 150.1 11
A 150.1 11
A 150.1 11
B 150.1 11
B 150.1 11
B 150.1 11
B 150.1 11
B 150.1 11
B 150.1 11
B 150.1 11
B 150.1 11
B 150.1 11
a 150.1 11
a 150.1 11
a 150.1 11
a 150.1 11
a 150.1 11
a 150.1 11
a 150.1 11
a 150.1 11
a 150.1 11
a 150.1 11
a 150.1 11
b 150.1 11
b 150.1 11
b 150.1 11
b 150.1 11
b 150.1 11
b 150.1 11
b 150.1 11
b 150.1 11
b 150.1 11
b 150.1 11
b 150.1 11
b 150.1 11
A 150.1 12
A 150.1 12
A 150.1 12
A 150.1 12
A 150.1 12
A 150.1 12
A 150.1 12
B 150.1 12
B 150.1 12
B 150.1 12
B 150.1 12
B 150.1 12
B 150.1 12
B 150.1 12
B 150.1 12
a 150.1 12
a 150.1 12
a 150.1 12
a 150.1 12
a 150.1 12
a 150.1 12
a 150.1 12
a 150.1 12
a 150.1 12
a 150.1 12
b 150.1 12
b 150.1 12
b 150.1 12
b 150.1 12
b 150.1 12
b 150.1 12
b 150.1 12
b 150.1 12
b 150.1 12
b 150.1 12
A 150.1 13
A 150.1 13
A 150.1 13
A 150.1 13
A 150.1 13
A 150.1 13
A 150.1 13
A 150.1 13
B 150.1 13
B 150.1 13
B 150.1 13
B 150.1 13
B 150.1 13
B 150.1 13
B 150.1 13
B 150.1 13
B 150.1 13
B 150.1 13
B 150.1 13
a 150.1 13
a 150.1 13
a 150.1 13
a 150.1 13
a 150.1 13
a 150.1 13
a 150.1 13
a 150.1 13
b 150.1 13
b 150.1 13
b 150.1 13
b 150.1 13
b 150.1 13
b 150.1 13
b 150.1 13
b 150.1 13
b 150.1 13
b 150.1 13
A 150.1 14
A 150.1 14
A 150.1 14
A 150.1 14
A 150.1 14
A 150.1 14
A 150.1 14
B 150.1 14
B 150.1 14
B 150.1 14
B 150.1 14
B 150.1 14
B 150.1 14
B 150.1 14
B 150.1 14
B 150.1 14
B 150.1 14
B 150.1 14
B 150.1 14
B 150.1 14
a 150.1 14
a 150.1 14
a 150.1 14
a 150.1 14
a 150.1 14
a 150.1 14
a 150.1 14
b 150.1 14
b 150.1 14
b 150.1 14
b 150.1 14
A 150.2 10
A 150.2 10
A 150.2 10
A 150.2 10
A 150.2 10
A 150.2 10
A 150.2 10
A 150.2 10
A 150.2 10
A 150.2 10
A 150.2 10
A 150.2 10
B 150.2 10
B 150.2 10
B 150.2 10
B 150.2 10
B 150.2 10
B 150.2 10
B 150.2 10
B 150.2 10
B 150.2 10
B 150.2 10
a 150.2 10
a 150.2 10
a 150.2 10
a 150.2 10
a 150.2 10
a 150.2 10
a 150.2 10
a 150.2 10
a 150.2 10
a 150.2 10
a 150.2 10
a 150.2 10
a 150.2 10
a 150.2 10
b 150.2 10
b 150.2 10
b 150.2 10
b 150.2 10
b 150.2 10
b 150.2 10
b 150.2 10
b 150.2 10
b 150.2 10
b 150.2 10
A 150.2 11
A 150.2 11
A 150.2 11
A 150.2 11
A 150.2 11
A 150.2 11
A 150.2 11
A 150.2 11
A 150.2 11
A 150.2 11
A 150.2 11
A 150.2 11
A 150.2 11
B 150.2 11
B 150.2 11
B 150.2 11
B 150.2 11
B 150.2 11
B 150.2 11
B 150.2 11
B 150.2 11
B 150.2 11
B 150.2 11
a 150.2 11
a 150.2 11
a 150.2 11
a 150.2 11
a 150.2 11
a 150.2 11
a 150.2 11
a 150.2 11
b 150.2 11
b 150.2 11
b 150.2 11
b 150.2 11
b 150.2 11
b 150.2 11
b 150.2 11
b 150.2 11
b 150.2 11
b 150.2 11
b 150.2 11
b 150.2 11
b 150.2 11
A 150.2 12
A 150.2 12
A 150.2 12
A 150.2 12
A 150.2 12
A 150.2 12
A 150.2 12
A 150.2 12
A 150.2 12
B 150.2 12
B 150.2 12
B 150.2 12
B 150.2 12
B 150.2 12
B 150.2 12
B 150.2 12
B 150.2 12
B 150.2 12
B 150.2 12
B 150.2 12
B 150.2 12
B 150.2 12
B 150.2 12
B 150.2 12
a 150.2 12
a 150.2 12
a 150.2 12
a 150.2 12
a 150.2 12
a 150.2 12
a 150.2 12
a 150.2 12
a 150.2 12
b 150.2 12
b 150.2 12
b 150.2 12
b 150.2 12
b 150.2 12
b 150.2 12
b 150.2 12
b 150.2 12
b 150.2 12
b 150.2 12
b 150.2 12
b 150.2 12
A 150.2 13
A 150.2 13
A 150.2 13
A 150.2 13
A 150.2 13
A 150.2 13
A 150.2 13
A 150.2 13
B 150.2 13
B 150.2 13
B 150.2 13
B 150.2 13
B 150.2 13
B 150.2 13
B 150.2 13
B 150.2 13
a 150.2 13
a 150.2 13
a 150.2 13
a 150.2 13
a 150.2 13
a 150.2 13
a 150.2 13
a 150.2 13
a 150.2 13
a 150.2 13
b 150.2 13
b 150.2 13
b 150.2 13
b 150.2 13
b 150.2 13
b 150.2 13
b 150.2 13
b 150.2 13
b 150.2 13
b 150.2 13
A 150.2 14
A 150.2 14
A 150.2 14
A 150.2 14
A 150.2 14
B 150.2 14
B 150.2 14
B 150.2 14
B 150.2 14
B 150.2 14
B 150.2 14
B 150.2 14
B 150.2 14
B 150.2 14
B 150.2 14
B 150.2 14
B 150.2 14
B 150.2 14
a 150.2 14
a 150.2 14
a 150.2 14
a 150.2 14
a 150.2 14
a 150.2 14
a 150.2 14
b 150.2 14
b 150.2 14
b 150.2 14
b 150.2 14
b 150.2 14
b 150.2 14
b 150.2 14
b 150.2 14
b 150.2 14
A 150.3 10
A 150.3 10
A 150.3 10
A 150.3 10
A 150.3 10
A 150.3 10
A 150.3 10
A 150.3 10
A 150.3 10
A 150.3 10
A 150.3 10
A 150.3 10
B 150.3 10
B 150.3 10
B 150.3 10
B 150.3 10
B 150.3 10
B 150.3 10
B 150.3 10
B 150.3 10
B 150.3 10
B 150.3 10
B 150.3 10
B 150.3 10
B 150.3 10
a 150.3 10
a 150.3 10
a 150.3 10
a 150.3 10
a 150.3 10
a 150.3 10
a 150.3 10
a 150.3 10
a 150.3 10
a 150.3 10
a 150.3 10
a 150.3 10
b 150.3 10
b 150.3 10
b 150.3 10
b 150.3 10
b 150.3 10
b 150.3 10
b 150.3 10
b 150.3 10
b 150.3 10
b 150.3 10
b 150.3 10
A 150.3 11
A 150.3 11
A 150.3 11
A 150.3 11
A 150.3 11
A 150.3 11
A 150.3 11
A 150.3 11
A 150.3 11
A 150.3 11
A 150.3 11
A 150.3 11
B 150.3 11
B 150.3 11
B 150.3 11
B 150.3 11
B 150.3 11
B 150.3 11
B 150.3 11
B 150.3 11
B 150.3 11
B 150.3 11
B 150.3 11
B 150.3 11
B 150.3 11
a 150.3 11
a 150.3 11
a 150.3 11
a 150.3 11
a 150.3 11
a 150.3 11
a 150.3 11
a 150.3 11
a 150.3 11
a 150.3 11
b 150.3 11
b 150.3 11
b 150.3 11
b 150.3 11
b 150.3 11
b 150.3 11
b 150.3 11
b 150.3 11
A 150.3 12
A 150.3 12
A 150.3 12
A 150.3 12
A 150.3 12
A 150.3 12
A 150.3 12
A 150.3 12
B 150.3 12
B 150.3 12
B 150.3 12
B 150.3 12
B 150.3 12
B 150.3 12
B 150.3 12
B 150.3 12
B 150.3 12
B 150.3 12
B 150.3 12
B 150.3 12
B 150.3 12
B 150.3 12
B 150.3 12
a 150.3 12
a 150.3 12
a 150.3 12
a 150.3 12
a 150.3 12
a 150.3 12
a 150.3 12
a 150.3 12
a 150.3 12
a 150.3 12
a 150.3 12
b 150.3 12
b 150.3 12
b 150.3 12
b 150.3 12
b 150.3 12
b 150.3 12
b 150.3 12
b 150.3 12
b 150.3 12
A 150.3 13
A 150.3 13
A 150.3 13
A 150.3 13
A 150.3 13
A 150.3 13
A 150.3 13
B 150.3 13
B 150.3 13
B 150.3 13
B 150.3 13
B 150.3 13
B 150.3 13
B 150.3 13
B 150.3 13
a 150.3 13
a 150.3 13
a 150.3 13
a 150.3 13
a 150.3 13
b 150.3 13
b 150.3 13
b 150.3 13
b 150.3 13
b 150.3 13
b 150.3 13
b 150.3 13
b 150.3 13
b 150.3 13
b 150.3 13
b 150.3 13
A 150.3 14
A 150.3 14
A 150.3 14
A 150.3 14
A 150.3 14
A 150.3 14
A 150.3 14
A 150.3 14
A 150.3 14
A 150.3 14
A 150.3 14
B 150.3 14
B 150.3 14
B 150.3 14
B 150.3 14
B 150.3 14
B 150.3 14
B 150.3 14
B 150.3 14
B 150.3 14
a 150.3 14
a 150.3 14
a 150.3 14
a 150.3 14
a 150.3 14
a 150.3 14
a 150.3 14
a 150.3 14
a 150.3 14
a 150.3 14
a 150.3 14
a 150.3 14
a 150.3 14
a 150.3 14
a 150.3 14
a 150.3 14
a 150.3 14
a 150.3 14
a 150.3 14
a 150.3 14
a 150.3 14
b 150.3 14
b 150.3 14
b 150.3 14
b 150.3 14
b 150.3 14
A 150.4 10
A 150.4 10
A 150.4 10
A 150.4 10
A 150.4 10
A 150.4 10
A 150.4 10
A 150.4 10
A 150.4 10
A 150.4 10
A 150.4 10
B 150.4 10
B 150.4 10
B 150.4 10
B 150.4 10
B 150.4 10
B 150.4 10
a 150.4 10
a 150.4 10
a 150.4 10
a 150.4 10
a 150.4 10
a 150.4 10
a 150.4 10
b 150.4 10
b 150.4 10
b 150.4 10
b 150.4 10
b 150.4 10
b 150.4 10
b 150.4 10
b 150.4 10
b 150.4 10
b 150.4 10
b 150.4 10
b 150.4 10
A 150.4 11
A 150.4 11
A 150.4 11
A 150.4 11
A 150.4 11
A 150.4 11
A 150.4 11
A 150.4 11
A 150.4 11
B 150.4 11
B 150.4 11
B 150.4 11
B 150.4 11
B 150.4 11
B 150.4 11
B 150.4 11
B 150.4 11
B 150.4 11
B 150.4 11
B 150.4 11
B 150.4 11
B 150.4 11
a 150.4 11
a 150.4 11
a 150.4 11
a 150.4 11
a 150.4 11
a 150.4 11
a 150.4 11
a 150.4 11
b 150.4 11
b 150.4 11
b 150.4 11
b 150.4 11
b 150.4 11
b 150.4 11
b 150.4 11
b 150.4 11
b 150.4 11
b 150.4 11
b 150.4 11
b 150.4 11
b 150.4 11
b 150.4 11
b 150.4 11
A 150.4 12
A 150.4 12
A 150.4 12
A 150.4 12
A 150.4 12
A 150.4 12
A 150.4 12
A 150.4 12
A 150.4 12
B 150.4 12
B 150.4 12
B 150.4 12
B 150.4 12
B 150.4 12
B 150.4 12
B 150.4 12
B 150.4 12
a 150.4 12
a 150.4 12
a 150.4 12
a 150.4 12
a 150.4 12
a 150.4 12
b 150.4 12
b 150.4 12
b 150.4 12
b 150.4 12
b 150.4 12
b 150.4 12
b 150.4 12
b 150.4 12
b 150.4 12
b 150.4 12
b 150.4 12
b 150.4 12
A 150.4 13
A 150.4 13
A 150.4 13
A 150.4 13
A 150.4 13
A 150.4 13
A 150.4 13
A 150.4 13
A 150.4 13
A 150.4 13
A 150.4 13
A 150.4 13
B 150.4 13
B 150.4 13
B 150.4 13
B 150.4 13
B 150.4 13
B 150.4 13
B 150.4 13
B 150.4 13
B 150.4 13
B 150.4 13
B 150.4 13
B 150.4 13
a 150.4 13
a 150.4 13
a 150.4 13
a 150.4 13
a 150.4 13
a 150.4 13
a 150.4 13
a 150.4 13
b 150.4 13
b 150.4 13
b 150.4 13
b 150.4 13
b 150.4 13
b 150.4 13
b 150.4 13
b 150.4 13
b 150.4 13
A 150.4 14
A 150.4 14
A 150.4 14
A 150.4 14
A 150.4 14
A 150.4 14
A 150.4 14
A 150.4 14
A 150.4 14
B 150.4 14
B 150.4 14
B 150.4 14
B 150.4 14
B 150.4 14
B 150.4 14
B 150.4 14
B 150.4 14
B 150.4 14
B 150.4 14
a 150.4 14
a 150.4 14
a 150.4 14
a 150.4 14
a 150.4 14
a 150.4 14
a 150.4 14
a 150.4 14
a 150.4 14
a 150.4 14
a 150.4 14
a 150.4 14
a 150.4 14
b 150.4 14
b 150.4 14
b 150.4 14
b 150.4 14
b 150.4 14
b 150.4 14
b 150.4 14
b 150.4 14
b 150.4 14
b 150.4 14
b 150.4 14
b 150.4 14
A 150.5 10
A 150.5 10
A 150.5 10
A 150.5 10
A 150.5 10
A 150.5 10
A 150.5 10
A 150.5 10
B 150.5 10
B 150.5 10
B 150.5 10
B 150.5 10
a 150.5 10
a 150.5 10
a 150.5 10
a 150.5 10
a 150.5 10
a 150.5 10
a 150.5 10
a 150.5 10
a 150.5 10
b 150.5 10
b 150.5 10
b 150.5 10
b 150.5 10
A 150.5 11
A 150.5 11
A 150.5 11
A 150.5 11
A 150.5 11
A 150.5 11
B 150.5 11
B 150.5 11
B 150.5 11
a 150.5 11
a 150.5 11
a 150.5 11
a 150.5 11
a 150.5 11
a 150.5 11
b 150.5 11
b 150.5 11
b 150.5 11
b 150.5 11
b 150.5 11
A 150.5 12
A 150.5 12
A 150.5 12
A 150.5 12
A 150.5 12
A 150.5 12
A 150.5 12
B 150.5 12
B 150.5 12
B 150.5 12
B 150.5 12
a 150.5 12
a 150.5 12
a 150.5 12
a 150.5 12
b 150.5 12
b 150.5 12
A 150.5 13
A 150.5 13
A 150.5 13
A 150.5 13
B 150.5 13
B 150.5 13
B 150.5 13
B 150.5 13
a 150.5 13
a 150.5 13
a 150.5 13
a 150.5 13
b 150.5 13
b 150.5 13
b 150.5 13
b 150.5 13
b 150.5 13
b 150.5 13
b 150.5 13
A 150.5 14
A 150.5 14
A 150.5 14
B 150.5 14
B 150.5 14
B 150.5 14
B 150.5 14
B 150.5 14
B 150.5 14
B 150.5 14
a 150.5 14
a 150.5 14
b 150.5 14
b 150.5 14
b 150.5 14
b 150.5 14
b 150.5 14
A 150.0 10
A 150.0 10
A 150.0 10
A 150.0 10
A 150.0 10
A 150.1 10
A 150.1 10
A 150.1 10
A 150.1 10
A 150.1 10
A 150.1 10
A 150.1 10
A 150.1 10
A 150.1 10
A 150.1 10
A 150.1 10
A 150.1 10
A 150.1 10
A 150.2 10
A 150.2 10
A 150.2 10
A 150.2 10
A 150.2 10
A 150.2 10
A 150.2 10
A 150.2 10
A 150.2 10
A 150.2 10
A 150.2 10
A 150.2 10
A 150.3 10
A 150.3 10
A 150.3 10
A 150.3 10
A 150.3 10
A 150.3 10
A 150.3 10
A 150.3 10
A 150.3 10
A 150.3 10
A 150.3 10
A 150.3 10
A 150.4 10
A 150.4 10
A 150.4 10
A 150.4 10
A 150.4 10
A 150.4 10
A 150.4 10
A 150.4 10
A 150.4 10
A 150.4 10
A 150.4 10
A 150.5 10
A 150.5 10
A 150.5 10
A 150.5 10
A 150.5 10
A 150.5 10
A 150.5 10
A 150.5 10
B 150.0 10
B 150.0 10
B 150.0 10
B 150.0 10
B 150.0 10
B 150.0 10
B 150.0 10
B 150.0 10
B 150.1 10
B 150.1 10
B 150.1 10
B 150.1 10
B 150.1 10
B 150.1 10
B 150.1 10
B 150.1 10
B 150.1 10
B 150.1 10
B 150.1 10
B 150.1 10
B 150.1 10
B 150.1 10
B 150.1 10
B 150.1 10
B 150.1 10
B 150.2 10
B 150.2 10
B 150.2 10
B 150.2 10
B 150.2 10
B 150.2 10
B 150.2 10
B 150.2 10
B 150.2 10
B 150.2 10
B 150.3 10
B 150.3 10
B 150.3 10
B 150.3 10
B 150.3 10
B 150.3 10
B 150.3 10
B 150.3 10
B 150.3 10
B 150.3 10
B 150.3 10
B 150.3 10
B 150.3 10
B 150.4 10
B 150.4 10
B 150.4 10
B 150.4 10
B 150.4 10
B 150.4 10
B 150.5 10
B 150.5 10
B 150.5 10
B 150.5 10
a 150.0 10
a 150.0 10
a 150.0 10
a 150.1 10
a 150.1 10
a 150.1 10
a 150.1 10
a 150.1 10
a 150.1 10
a 150.1 10
a 150.1 10
a 150.1 10
a 150.1 10
a 150.1 10
a 150.1 10
a 150.1 10
a 150.2 10
a 150.2 10
a 150.2 10
a 150.2 10
a 150.2 10
a 150.2 10
a 150.2 10
a 150.2 10
a 150.2 10
a 150.2 10
a 150.2 10
a 150.2 10
a 150.2 10
a 150.2 10
a 150.3 10
a 150.3 10
a 150.3 10
a 150.3 10
a 150.3 10
a 150.3 10
a 150.3 10
a 150.3 10
a 150.3 10
a 150.3 10
a 150.3 10
a 150.3 10
a 150.4 10
a 150.4 10
a 150.4 10
a 150.4 10
a 150.4 10
a 150.4 10
a 150.4 10
a 150.5 10
a 150.5 10
a 150.5 10
a 150.5 10
a 150.5 10
a 150.5 10
a 150.5 10
a 150.5 10
a 150.5 10
b 150.0 10
b 150.0 10
b 150.0 10
b 150.1 10
b 150.1 10
b 150.1 10
b 150.1 10
b 150.1 10
b 150.1 10
b 150.1 10
b 150.1 10
b 150.2 10
b 150.2 10
b 150.2 10
b 150.2 10
b 150.2 10
b 150.2 10
b 150.2 10
b 150.2 10
b 150.2 10
b 150.2 10
b 150.3 10
b 150.3 10
b 150.3 10
b 150.3 10
b 150.3 10
b 150.3 10
b 150.3 10
b 150.3 10
b 150.3 10
b 150.3 10
b 150.3 10
b 150.4 10
b 150.4 10
b 150.4 10
b 150.4 10
b 150.4 10
b 150.4 10
b 150.4 10
b 150.4 10
b 150.4 10
b 150.4 10
b 150.4 10
b 150.4 10
b 150.5 10
b 150.5 10
b 150.5 10
b 150.5 10
A 150.0 11
A 150.0 11
A 150.0 11
A 150.0 11
A 150.0 11
A 150.1 11
A 150.1 11
A 150.1 11
A 150.1 11
A 150.1 11
A 150.2 11
A 150.2 11
A 150.2 11
A 150.2 11
A 150.2 11
A 150.2 11
A 150.2 11
A 150.2 11
A 150.2 11
A 150.2 11
A 150.2 11
A 150.2 11
A 150.2 11
A 150.3 11
A 150.3 11
A 150.3 11
A 150.3 11
A 150.3 11
A 150.3 11
A 150.3 11
A 150.3 11
A 150.3 11
A 150.3 11
A 150.3 11
A 150.3 11
A 150.4 11
A 150.4 11
A 150.4 11
A 150.4 11
A 150.4 11
A 150.4 11
A 150.4 11
A 150.4 11
A 150.4 11
A 150.5 11
A 150.5 11
A 150.5 11
A 150.5 11
A 150.5 11
A 150.5 11
B 150.0 11
B 150.0 11
B 150.0 11
B 150.1 11
B 150.1 11
B 150.1 11
B 150.1 11
B 150.1 11
B 150.1 11
B 150.1 11
B 150.1 11
B 150.1 11
B 150.2 11
B 150.2 11
B 150.2 11
B 150.2 11
B 150.2 11
B 150.2 11
B 150.2 11
B 150.2 11
B 150.2 11
B 150.2 11
B 150.3 11
B 150.3 11
B 150.3 11
B 150.3 11
B 150.3 11
B 150.3 11
B 150.3 11
B 150.3 11
B 150.3 11
B 150.3 11
B 150.3 11
B 150.3 11
B 150.3 11
B 150.4 11
B 150.4 11
B 150.4 11
B 150.4 11
B 150.4 11
B 150.4 11
B 150.4 11
B 150.4 11
B 150.4 11
B 150.4 11
B 150.4 11
B 150.4 11
B 150.4 11
B 150.5 11
B 150.5 11
B 150.5 11
a 150.0 11
a 150.0 11
a 150.0 11
a 150.0 11
a 150.0 11
a 150.1 11
a 150.1 11
a 150.1 11
a 150.1 11
a 150.1 11
a 150.1 11
a 150.1 11
a 150.1 11
a 150.1 11
a 150.1 11
a 150.1 11
a 150.2 11
a 150.2 11
a 150.2 11
a 150.2 11
a 150.2 11
a 150.2 11
a 150.2 11
a 150.2 11
a 150.3 11
a 150.3 11
a 150.3 11
a 150.3 11
a 150.3 11
a 150.3 11
a 150.3 11
a 150.3 11
a 150.3 11
a 150.3 11
a 150.4 11
a 150.4 11
a 150.4 11
a 150.4 11
a 150.4 11
a 150.4 11
a 150.4 11
a 150.4 11
a 150.5 11
a 150.5 11
a 150.5 11
a 150.5 11
a 150.5 11
a 150.5 11
b 150.0 11
b 150.0 11
b 150.0 11
b 150.0 11
b 150.0 11
b 150.1 11
b 150.1 11
b 150.1 11
b 150.1 11
b 150.1 11
b 150.1 11
b 150.1 11
b 150.1 11
b 150.1 11
b 150.1 11
b 150.1 11
b 150.1 11
b 150.2 11
b 150.2 11
b 150.2 11
b 150.2 11
b 150.2 11
b 150.2 11
b 150.2 11
b 150.2 11
b 150.2 11
b 150.2 11
b 150.2 11
b 150.2 11
b 150.2 11
b 150.3 11
b 150.3 11
b 150.3 11
b 150.3 11
b 150.3 11
b 150.3 11
b 150.3 11
b 150.3 11
b 150.4 11
b 150.4 11
b 150.4 11
b 150.4 11
b 150.4 11
b 150.4 11
b 150.4 11
b 150.4 11
b 150.4 11
b 150.4 11
b 150.4 11
b 150.4 11
b 150.4 11
b 150.4 11
b 150.4 11
b 150.5 11
b 150.5 11
b 150.5 11
b 150.5 11
b 150.5 11
A 150.0 12
A 150.0 12
A 150.1 12
A 150.1 12
A 150.1 12
A 150.1 12
A 150.1 12
A 150.1 12
A 150.1 12
A 150.2 12
A 150.2 12
A 150.2 12
A 150.2 12
A 150.2 12
A 150.2 12
A 150.2 12
A 150.2 12
A 150.2 12
A 150.3 12
A 150.3 12
A 150.3 12
A 150.3 12
A 150.3 12
A 150.3 12
A 150.3 12
A 150.3 12
A 150.4 12
A 150.4 12
A 150.4 12
A 150.4 12
A 150.4 12
A 150.4 12
A 150.4 12
A 150.4 12
A 150.4 12
A 150.5 12
A 150.5 12
A 150.5 12
A 150.5 12
A 150.5 12
A 150.5 12
A 150.5 12
B 150.0 12
B 150.0 12
B 150.1 12
B 150.1 12
B 150.1 12
B 150.1 12
B 150.1 12
B 150.1 12
B 150.1 12
B 150.1 12
B 150.2 12
B 150.2 12
B 150.2 12
B 150.2 12
B 150.2 12
B 150.2 12
B 150.2 12
B 150.2 12
B 150.2 12
B 150.2 12
B 150.2 12
B 150.2 12
B 150.2 12
B 150.2 12
B 150.2 12
B 150.3 12
B 150.3 12
B 150.3 12
B 150.3 12
B 150.3 12
B 150.3 12
B 150.3 12
B 150.3 12
B 150.3 12
B 150.3 12
B 150.3 12
B 150.3 12
B 150.3 12
B 150.3 12
B 150.3 12
B 150.4 12
B 150.4 12
B 150.4 12
B 150.4 12
B 150.4 12
B 150.4 12
B 150.4 12
B 150.4 12
B 150.5 12
B 150.5 12
B 150.5 12
B 150.5 12
a 150.0 12
a 150.0 12
a 150.0 12
a 150.0 12
a 150.0 12
a 150.0 12
a 150.0 12
a 150.0 12
a 150.1 12
a 150.1 12
a 150.1 12
a 150.1 12
a 150.1 12
a 150.1 12
a 150.1 12
a 150.1 12
a 150.1 12
a 150.1 12
a 150.2 12
a 150.2 12
a 150.2 12
a 150.2 12
a 150.2 12
a 150.2 12
a 150.2 12
a 150.2 12
a 150.2 12
a 150.3 12
a 150.3 12
a 150.3 12
a 150.3 12
a 150.3 12
a 150.3 12
a 150.3 12
a 150.3 12
a 150.3 12
a 150.3 12
a 150.3 12
a 150.4 12
a 150.4 12
a 150.4 12
a 150.4 12
a 150.4 12
a 150.4 12
a 150.5 12
a 150.5 12
a 150.5 12
a 150.5 12
b 150.0 12
b 150.0 12
b 150.0 12
b 150.0 12
b 150.0 12
b 150.1 12
b 150.1 12
b 150.1 12
b 150.1 12
b 150.1 12
b 150.1 12
b 150.1 12
b 150.1 12
b 150.1 12
b 150.1 12
b 150.2 12
b 150.2 12
b 150.2 12
b 150.2 12
b 150.2 12
b 150.2 12
b 150.2 12
b 150.2 12
b 150.2 12
b 150.2 12
b 150.2 12
b 150.2 12
b 150.3 12
b 150.3 12
b 150.3 12
b 150.3 12
b 150.3 12
b 150.3 12
b 150.3 12
b 150.3 12
b 150.3 12
b 150.4 12
b 150.4 12
b 150.4 12
b 150.4 12
b 150.4 12
b 150.4 12
b 150.4 12
b 150.4 12
b 150.4 12
b 150.4 12
b 150.4 12
b 150.4 12
b 150.5 12
b 150.5 12
A 150.0 13
A 150.0 13
A 150.0 13
A 150.1 13
A 150.1 13
A 150.1 13
A 150.1 13
A 150.1 13
A 150.1 13
A 150.1 13
A 150.1 13
A 150.2 13
A 150.2 13
A 150.2 13
A 150.2 13
A 150.2 13
A 150.2 13
A 150.2 13
A 150.2 13
A 150.3 13
A 150.3 13
A 150.3 13
A 150.3 13
A 150.3 13
A 150.3 13
A 150.3 13
A 150.4 13
A 150.4 13
A 150.4 13
A 150.4 13
A 150.4 13
A 150.4 13
A 150.4 13
A 150.4 13
A 150.4 13
A 150.4 13
A 150.4 13
A 150.4 13
A 150.5 13
A 150.5 13
A 150.5 13
A 150.5 13
B 150.0 13
B 150.0 13
B 150.0 13
B 150.0 13
B 150.0 13
B 150.0 13
B 150.0 13
B 150.1 13
B 150.1 13
B 150.1 13
B 150.1 13
B 150.1 13
B 150.1 13
B 150.1 13
B 150.1 13
B 150.1 13
B 150.1 13
B 150.1 13
B 150.2 13
B 150.2 13
B 150.2 13
B 150.2 13
B 150.2 13
B 150.2 13
B 150.2 13
B 150.2 13
B 150.3 13
B 150.3 13
B 150.3 13
B 150.3 13
B 150.3 13
B 150.3 13
B 150.3 13
B 150.3 13
B 150.4 13
B 150.4 13
B 150.4 13
B 150.4 13
B 150.4 13
B 150.4 13
B 150.4 13
B 150.4 13
B 150.4 13
B 150.4 13
B 150.4 13
B 150.4 13
B 150.5 13
B 150.5 13
B 150.5 13
B 150.5 13
a 150.0 13
a 150.0 13
a 150.0 13
a 150.0 13
a 150.0 13
a 150.0 13
a 150.0 13
a 150.0 13
a 150.0 13
a 150.1 13
a 150.1 13
a 150.1 13
a 150.1 13
a 150.1 13
a 150.1 13
a 150.1 13
a 150.1 13
a 150.2 13
a 150.2 13
a 150.2 13
a 150.2 13
a 150.2 13
a 150.2 13
a 150.2 13
a 150.2 13
a 150.2 13
a 150.2 13
a 150.3 13
a 150.3 13
a 150.3 13
a 150.3 13
a 150.3 13
a 150.4 13
a 150.4 13
a 150.4 13
a 150.4 13
a 150.4 13
a 150.4 13
a 150.4 13
a 150.4 13
a 150.5 13
a 150.5 13
a 150.5 13
a 150.5 13
b 150.0 13
b 150.0 13
b 150.0 13
b 150.0 13
b 150.0 13
b 150.1 13
b 150.1 13
b 150.1 13
b 150.1 13
b 150.1 13
b 150.1 13
b 150.1 13
b 150.1 13
b 150.1 13
b 150.1 13
b 150.2 13
b 150.2 13
b 150.2 13
b 150.2 13
b 150.2 13
b 150.2 13
b 150.2 13
b 150.2 13
b 150.2 13
b 150.2 13
b 150.3 13
b 150.3 13
b 150.3 13
b 150.3 13
b 150.3 13
b 150.3 13
b 150.3 13
b 150.3 13
b 150.3 13
b 150.3 13
b 150.3 13
b 150.4 13
b 150.4 13
b 150.4 13
b 150.4 13
b 150.4 13
b 150.4 13
b 150.4 13
b 150.4 13
b 150.4 13
b 150.5 13
b 150.5 13
b 150.5 13
b 150.5 13
b 150.5 13
b 150.5 13
b 150.5 13
A 150.0 14
A 150.0 14
A 150.0 14
A 150.0 14
A 150.1 14
A 150.1 14
A 150.1 14
A 150.1 14
A 150.1 14
A 150.1 14
A 150.1 14
A 150.2 14
A 150.2 14
A 150.2 14
A 150.2 14
A 150.2 14
A 150.3 14
A 150.3 14
A 150.3 14
A 150.3 14
A 150.3 14
A 150.3 14
A 150.3 14
A 150.3 14
A 150.3 14
A 150.3 14
A 150.3 14
A 150.4 14
A 150.4 14
A 150.4 14
A 150.4 14
A 150.4 14
A 150.4 14
A 150.4 14
A 150.4 14
A 150.4 14
A 150.5 14
A 150.5 14
A 150.5 14
B 150.0 14
B 150.0 14
B 150.0 14
B 150.0 14
B 150.0 14
B 150.1 14
B 150.1 14
B 150.1 14
B 150.1 14
B 150.1 14
B 150.1 14
B 150.1 14
B 150.1 14
B 150.1 14
B 150.1 14
B 150.1 14
B 150.1 14
B 150.1 14
B 150.2 14
B 150.2 14
B 150.2 14
B 150.2 14
B 150.2 14
B 150.2 14
B 150.2 14
B 150.2 14
B 150.2 14
B 150.2 14
B 150.2 14
B 150.2 14
B 150.2 14
B 150.3 14
B 150.3 14
B 150.3 14
B 150.3 14
B 150.3 14
B 150.3 14
B 150.3 14
B 150.3 14
B 150.3 14
B 150.4 14
B 150.4 14
B 150.4 14
B 150.4 14
B 150.4 14
B 150.4 14
B 150.4 14
B 150.4 14
B 150.4 14
B 150.4 14
B 150.5 14
B 150.5 14
B 150.5 14
B 150.5 14
B 150.5 14
B 150.5 14
B 150.5 14
a 150.0 14
a 150.0 14
a 150.0 14
a 150.1 14
a 150.1 14
a 150.1 14
a 150.1 14
a 150.1 14
a 150.1 14
a 150.1 14
a 150.2 14
a 150.2 14
a 150.2 14
a 150.2 14
a 150.2 14
a 150.2 14
a 150.2 14
a 150.3 14
a 150.3 14
a 150.3 14
a 150.3 14
a 150.3 14
a 150.3 14
a 150.3 14
a 150.3 14
a 150.3 14
a 150.3 14
a 150.3 14
a 150.3 14
a 150.3 14
a 150.3 14
a 150.3 14
a 150.3 14
a 150.3 14
a 150.3 14
a 150.3 14
a 150.3 14
a 150.3 14
a 150.4 14
a 150.4 14
a 150.4 14
a 150.4 14
a 150.4 14
a 150.4 14
a 150.4 14
a 150.4 14
a 150.4 14
a 150.4 14
a 150.4 14
a 150.4 14
a 150.4 14
a 150.5 14
a 150.5 14
b 150.0 14
b 150.0 14
b 150.0 14
b 150.0 14
b 150.1 14
b 150.1 14
b 150.1 14
b 150.1 14
b 150.2 14
b 150.2 14
b 150.2 14
b 150.2 14
b 150.2 14
b 150.2 14
b 150.2 14
b 150.2 14
b 150.2 14
b 150.3 14
b 150.3 14
b 150.3 14
b 150.3 14
b 150.3 14
b 150.4 14
b 150.4 14
b 150.4 14
b 150.4 14
b 150.4 14
b 150.4 14
b 150.4 14
b 150.4 14
b 150.4 14
b 150.4 14
b 150.4 14
b 150.4 14
b 150.5 14
b 150.5 14
b 150.5 14
b 150.5 14
b 150.5 14
