EIRizaWl 182.1 27
NqxJqyKR 176.8 49
QQhTqQbq 159.9 66
UBZAVYSH 190.0 48
XdrRQQHD 159.5 74
fwOcosyC 181.3 57
lEfYzRRs 179.4 43
nLWTelsW 172.2 57
ofebUVHc 151.1 28
pCPGileq 170.0 51
ofebUVHc 151.1 28
XdrRQQHD 159.5 74
QQhTqQbq 159.9 66
pCPGileq 170.0 51
nLWTelsW 172.2 57
NqxJqyKR 176.8 49
lEfYzRRs 179.4 43
fwOcosyC 181.3 57
EIRizaWl 182.1 27
UBZAVYSH 190.0 48
EIRizaWl 182.1 27
ofebUVHc 151.1 28
lEfYzRRs 179.4 43
UBZAVYSH 190.0 48
NqxJqyKR 176.8 49
pCPGileq 170.0 51
fwOcosyC 181.3 57
nLWTelsW 172.2 57
QQhTqQbq 159.9 66
XdrRQQHD 159.5 74
