AHNLdVDI 182.1 34
AKMyHguv 165.3 25
AaNrqGyj 153.2 49
AqtDyMjH 169.3 46
CeyhQrsU 179.2 62
DbxrXfBC 186.3 19
DelWHWSn 173.9 33
DucCPOPq 176.9 60
EIRizaWl 182.1 27
EwhaKjHX 155.5 65
GCkbbGTs 173.4 24
GGdUesFF 188.7 49
GkHxPQVv 169.3 25
HPjwmsMO 162.3 71
HoXiWzSV 159.4 20
Iblpymga 159.0 61
ItoCfbnp 175.2 70
LNAfjIxE 189.9 44
LrBKvoZz 167.7 71
MCpyntjs 161.6 41
MHdwwtCW 161.2 20
MiLYjYUx 174.4 36
NqTIeVje 160.5 67
NqxJqyKR 176.8 49
OKzBxXjh 177.5 61
OsFcprbn 160.3 41
PzqRVoog 160.6 52
QQhTqQbq 159.9 66
QVgkBRJd 173.5 53
QYLXfYeV 185.7 60
RKnjJfhB 156.8 31
RSYnprUL 150.1 75
RxGgzVOU 175.1 36
SRXHrwtO 184.8 31
SVcAfHdX 188.1 51
SlOoTIpF 175.7 72
TFSRXFzU 178.0 53
TeNTFPcm 159.9 15
TgEhVywl 161.7 30
TgGKFkIG 171.7 55
TwFmYFij 179.6 71
UBZAVYSH 190.0 48
VfoVPIWV 179.7 48
XQliLQJS 187.2 72
XQuBhoKH 169.4 30
XdrRQQHD 159.5 74
XwVoYoEO 170.9 43
YIyUFoMu 168.3 61
YVNSXhSa 171.7 79
YsootzjU 161.3 53
ZOrNIgTr 169.8 69
ZQUjOqnf 182.9 75
ZbILPuGY 171.3 16
ZqIIrBBZ 150.0 28
aHUHAHPh 153.2 55
aWQEDuAr 157.1 43
aagSqtPs 177.5 29
atbXEIDj 171.8 24
bSlViRIn 166.0 77
bdQKbuFS 163.4 76
cRXZtAyO 177.6 42
eGulKtla 168.7 77
eTYJYJYF 165.1 45
eaLCyVLY 171.6 50
eoUODgIJ 158.5 26
erQDKHlS 171.0 73
ewckEeRC 153.9 77
eyxnvdmq 183.7 54
fhUtBYwn 170.8 68
fwOcosyC 181.3 57
gbOuAErK 173.2 52
hAKRkJxe 164.8 36
hMzdHxMQ 153.4 42
hehzlHeM 164.1 21
hvLPBDPC 178.3 70
iSJltjwG 182.5 13
jTLxShcL 173.3 39
khtBajWy 166.9 70
lEfYzRRs 179.4 43
mTyIJpdg 171.1 33
nLWTelsW 172.2 57
neBUvtxA 156.5 72
ofebUVHc 151.1 28
pCPGileq 170.0 51
peOPmIEr 189.3 40
qQWCPDPx 152.3 14
qRqtfVuU 175.1 29
rnazkcnt 177.2 21
rnuZccSs 162.0 13
suDuTNzr 188.1 37
syTEOkyP 177.4 45
tIsYlFZl 150.9 47
tnHvERgJ 187.5 19
vjwRvygJ 150.9 58
woYUpJlM 158.0 31
xvDJlLuU 165.7 55
yNLNxdIh 178.3 50
yQVNODWf 152.8 64
zBoJslRl 151.7 63
zvsmwzyT 155.5 55
ZqIIrBBZ 150.0 28
RSYnprUL 150.1 75
tIsYlFZl 150.9 47
vjwRvygJ 150.9 58
ofebUVHc 151.1 28
zBoJslRl 151.7 63
qQWCPDPx 152.3 14
yQVNODWf 152.8 64
AaNrqGyj 153.2 49
aHUHAHPh 153.2 55
hMzdHxMQ 153.4 42
ewckEeRC 153.9 77
zvsmwzyT 155.5 55
EwhaKjHX 155.5 65
neBUvtxA 156.5 72
RKnjJfhB 156.8 31
aWQEDuAr 157.1 43
woYUpJlM 158.0 31
eoUODgIJ 158.5 26
Iblpymga 159.0 61
HoXiWzSV 159.4 20
XdrRQQHD 159.5 74
TeNTFPcm 159.9 15
QQhTqQbq 159.9 66
OsFcprbn 160.3 41
NqTIeVje 160.5 67
PzqRVoog 160.6 52
MHdwwtCW 161.2 20
YsootzjU 161.3 53
MCpyntjs 161.6 41
TgEhVywl 161.7 30
rnuZccSs 162.0 13
HPjwmsMO 162.3 71
bdQKbuFS 163.4 76
hehzlHeM 164.1 21
hAKRkJxe 164.8 36
eTYJYJYF 165.1 45
AKMyHguv 165.3 25
xvDJlLuU 165.7 55
bSlViRIn 166.0 77
khtBajWy 166.9 70
LrBKvoZz 167.7 71
YIyUFoMu 168.3 61
eGulKtla 168.7 77
GkHxPQVv 169.3 25
AqtDyMjH 169.3 46
XQuBhoKH 169.4 30
ZOrNIgTr 169.8 69
pCPGileq 170.0 51
fhUtBYwn 170.8 68
XwVoYoEO 170.9 43
erQDKHlS 171.0 73
mTyIJpdg 171.1 33
ZbILPuGY 171.3 16
eaLCyVLY 171.6 50
TgGKFkIG 171.7 55
YVNSXhSa 171.7 79
atbXEIDj 171.8 24
nLWTelsW 172.2 57
gbOuAErK 173.2 52
jTLxShcL 173.3 39
GCkbbGTs 173.4 24
QVgkBRJd 173.5 53
DelWHWSn 173.9 33
MiLYjYUx 174.4 36
qRqtfVuU 175.1 29
RxGgzVOU 175.1 36
ItoCfbnp 175.2 70
SlOoTIpF 175.7 72
NqxJqyKR 176.8 49
DucCPOPq 176.9 60
rnazkcnt 177.2 21
syTEOkyP 177.4 45
aagSqtPs 177.5 29
OKzBxXjh 177.5 61
cRXZtAyO 177.6 42
TFSRXFzU 178.0 53
yNLNxdIh 178.3 50
hvLPBDPC 178.3 70
CeyhQrsU 179.2 62
lEfYzRRs 179.4 43
TwFmYFij 179.6 71
VfoVPIWV 179.7 48
fwOcosyC 181.3 57
EIRizaWl 182.1 27
AHNLdVDI 182.1 34
iSJltjwG 182.5 13
ZQUjOqnf 182.9 75
eyxnvdmq 183.7 54
SRXHrwtO 184.8 31
QYLXfYeV 185.7 60
DbxrXfBC 186.3 19
XQliLQJS 187.2 72
tnHvERgJ 187.5 19
suDuTNzr 188.1 37
SVcAfHdX 188.1 51
GGdUesFF 188.7 49
peOPmIEr 189.3 40
LNAfjIxE 189.9 44
UBZAVYSH 190.0 48
iSJltjwG 182.5 13
rnuZccSs 162.0 13
qQWCPDPx 152.3 14
TeNTFPcm 159.9 15
ZbILPuGY 171.3 16
DbxrXfBC 186.3 19
tnHvERgJ 187.5 19
HoXiWzSV 159.4 20
MHdwwtCW 161.2 20
hehzlHeM 164.1 21
rnazkcnt 177.2 21
GCkbbGTs 173.4 24
atbXEIDj 171.8 24
AKMyHguv 165.3 25
GkHxPQVv 169.3 25
eoUODgIJ 158.5 26
EIRizaWl 182.1 27
ZqIIrBBZ 150.0 28
ofebUVHc 151.1 28
aagSqtPs 177.5 29
qRqtfVuU 175.1 29
TgEhVywl 161.7 30
XQuBhoKH 169.4 30
RKnjJfhB 156.8 31
SRXHrwtO 184.8 31
woYUpJlM 158.0 31
DelWHWSn 173.9 33
mTyIJpdg 171.1 33
AHNLdVDI 182.1 34
MiLYjYUx 174.4 36
RxGgzVOU 175.1 36
hAKRkJxe 164.8 36
suDuTNzr 188.1 37
jTLxShcL 173.3 39
peOPmIEr 189.3 40
MCpyntjs 161.6 41
OsFcprbn 160.3 41
cRXZtAyO 177.6 42
hMzdHxMQ 153.4 42
XwVoYoEO 170.9 43
aWQEDuAr 157.1 43
lEfYzRRs 179.4 43
LNAfjIxE 189.9 44
eTYJYJYF 165.1 45
syTEOkyP 177.4 45
AqtDyMjH 169.3 46
tIsYlFZl 150.9 47
UBZAVYSH 190.0 48
VfoVPIWV 179.7 48
AaNrqGyj 153.2 49
GGdUesFF 188.7 49
NqxJqyKR 176.8 49
eaLCyVLY 171.6 50
yNLNxdIh 178.3 50
SVcAfHdX 188.1 51
pCPGileq 170.0 51
PzqRVoog 160.6 52
gbOuAErK 173.2 52
QVgkBRJd 173.5 53
TFSRXFzU 178.0 53
YsootzjU 161.3 53
eyxnvdmq 183.7 54
TgGKFkIG 171.7 55
aHUHAHPh 153.2 55
xvDJlLuU 165.7 55
zvsmwzyT 155.5 55
fwOcosyC 181.3 57
nLWTelsW 172.2 57
vjwRvygJ 150.9 58
DucCPOPq 176.9 60
QYLXfYeV 185.7 60
Iblpymga 159.0 61
OKzBxXjh 177.5 61
YIyUFoMu 168.3 61
CeyhQrsU 179.2 62
zBoJslRl 151.7 63
yQVNODWf 152.8 64
EwhaKjHX 155.5 65
QQhTqQbq 159.9 66
NqTIeVje 160.5 67
fhUtBYwn 170.8 68
ZOrNIgTr 169.8 69
ItoCfbnp 175.2 70
hvLPBDPC 178.3 70
khtBajWy 166.9 70
HPjwmsMO 162.3 71
LrBKvoZz 167.7 71
TwFmYFij 179.6 71
SlOoTIpF 175.7 72
XQliLQJS 187.2 72
neBUvtxA 156.5 72
erQDKHlS 171.0 73
XdrRQQHD 159.5 74
RSYnprUL 150.1 75
ZQUjOqnf 182.9 75
bdQKbuFS 163.4 76
bSlViRIn 166.0 77
eGulKtla 168.7 77
ewckEeRC 153.9 77
YVNSXhSa 171.7 79
