AKMyHguv 165.3 25
AaNrqGyj 153.2 49
DelWHWSn 173.9 33
DucCPOPq 176.9 60
EIRizaWl 182.1 27
GCkbbGTs 173.4 24
HPjwmsMO 162.3 71
Iblpymga 159.0 61
LrBKvoZz 167.7 71
MHdwwtCW 161.2 20
MiLYjYUx 174.4 36
NqTIeVje 160.5 67
NqxJqyKR 176.8 49
QQhTqQbq 159.9 66
SRXHrwtO 184.8 31
SVcAfHdX 188.1 51
TFSRXFzU 178.0 53
TgEhVywl 161.7 30
TgGKFkIG 171.7 55
TwFmYFij 179.6 71
UBZAVYSH 190.0 48
XQliLQJS 187.2 72
XQuBhoKH 169.4 30
XdrRQQHD 159.5 74
YVNSXhSa 171.7 79
ZOrNIgTr 169.8 69
ZQUjOqnf 182.9 75
ZqIIrBBZ 150.0 28
aHUHAHPh 153.2 55
atbXEIDj 171.8 24
eTYJYJYF 165.1 45
eaLCyVLY 171.6 50
erQDKHlS 171.0 73
ewckEeRC 153.9 77
fhUtBYwn 170.8 68
fwOcosyC 181.3 57
hehzlHeM 164.1 21
hvLPBDPC 178.3 70
lEfYzRRs 179.4 43
mTyIJpdg 171.1 33
nLWTelsW 172.2 57
ofebUVHc 151.1 28
pCPGileq 170.0 51
qQWCPDPx 152.3 14
rnazkcnt 177.2 21
rnuZccSs 162.0 13
tIsYlFZl 150.9 47
tnHvERgJ 187.5 19
yNLNxdIh 178.3 50
zvsmwzyT 155.5 55
ZqIIrBBZ 150.0 28
tIsYlFZl 150.9 47
ofebUVHc 151.1 28
qQWCPDPx 152.3 14
AaNrqGyj 153.2 49
aHUHAHPh 153.2 55
ewckEeRC 153.9 77
zvsmwzyT 155.5 55
Iblpymga 159.0 61
XdrRQQHD 159.5 74
QQhTqQbq 159.9 66
NqTIeVje 160.5 67
MHdwwtCW 161.2 20
TgEhVywl 161.7 30
rnuZccSs 162.0 13
HPjwmsMO 162.3 71
hehzlHeM 164.1 21
eTYJYJYF 165.1 45
AKMyHguv 165.3 25
LrBKvoZz 167.7 71
XQuBhoKH 169.4 30
ZOrNIgTr 169.8 69
pCPGileq 170.0 51
fhUtBYwn 170.8 68
erQDKHlS 171.0 73
mTyIJpdg 171.1 33
eaLCyVLY 171.6 50
TgGKFkIG 171.7 55
YVNSXhSa 171.7 79
atbXEIDj 171.8 24
nLWTelsW 172.2 57
GCkbbGTs 173.4 24
DelWHWSn 173.9 33
MiLYjYUx 174.4 36
NqxJqyKR 176.8 49
DucCPOPq 176.9 60
rnazkcnt 177.2 21
TFSRXFzU 178.0 53
yNLNxdIh 178.3 50
hvLPBDPC 178.3 70
lEfYzRRs 179.4 43
TwFmYFij 179.6 71
fwOcosyC 181.3 57
EIRizaWl 182.1 27
ZQUjOqnf 182.9 75
SRXHrwtO 184.8 31
XQliLQJS 187.2 72
tnHvERgJ 187.5 19
SVcAfHdX 188.1 51
UBZAVYSH 190.0 48
rnuZccSs 162.0 13
qQWCPDPx 152.3 14
tnHvERgJ 187.5 19
MHdwwtCW 161.2 20
hehzlHeM 164.1 21
rnazkcnt 177.2 21
GCkbbGTs 173.4 24
atbXEIDj 171.8 24
AKMyHguv 165.3 25
EIRizaWl 182.1 27
ZqIIrBBZ 150.0 28
ofebUVHc 151.1 28
TgEhVywl 161.7 30
XQuBhoKH 169.4 30
SRXHrwtO 184.8 31
DelWHWSn 173.9 33
mTyIJpdg 171.1 33
MiLYjYUx 174.4 36
lEfYzRRs 179.4 43
eTYJYJYF 165.1 45
tIsYlFZl 150.9 47
UBZAVYSH 190.0 48
AaNrqGyj 153.2 49
NqxJqyKR 176.8 49
eaLCyVLY 171.6 50
yNLNxdIh 178.3 50
SVcAfHdX 188.1 51
pCPGileq 170.0 51
TFSRXFzU 178.0 53
TgGKFkIG 171.7 55
aHUHAHPh 153.2 55
zvsmwzyT 155.5 55
fwOcosyC 181.3 57
nLWTelsW 172.2 57
DucCPOPq 176.9 60
Iblpymga 159.0 61
QQhTqQbq 159.9 66
NqTIeVje 160.5 67
fhUtBYwn 170.8 68
ZOrNIgTr 169.8 69
hvLPBDPC 178.3 70
HPjwmsMO 162.3 71
LrBKvoZz 167.7 71
TwFmYFij 179.6 71
XQliLQJS 187.2 72
erQDKHlS 171.0 73
XdrRQQHD 159.5 74
ZQUjOqnf 182.9 75
ewckEeRC 153.9 77
YVNSXhSa 171.7 79
