AFqqyJtz 189.4 73
AGwFRLZS 166.7 58
AHNLdVDI 182.1 34
AIxSncnV 181.4 27
AKMyHguv 165.3 25
ASsrMujH 171.0 56
AaNrqGyj 153.2 49
AfMwYhzX 185.2 72
AgyEYelO 170.2 20
AhHqscji 185.6 71
AqtDyMjH 169.3 46
AyyvIeIg 177.6 56
BJHSRpwH 152.8 26
BOLOePlw 187.0 34
BRULoEpN 174.3 35
BWkJzVqW 165.4 64
BkCvQWQb 150.2 30
BoxHfuNn 163.6 60
BqPBiKtc 181.3 61
CFZoIuCJ 170.9 68
CNxEYGLm 187.9 51
CPrYLDVX 163.8 44
CQmMciDP 172.0 18
CRrEgQWk 162.2 40
CXJqVkVK 159.0 74
CYQLDxIu 156.1 35
CcyNVQdz 156.9 18
CeyhQrsU 179.2 62
CowjkoNd 188.8 13
CtCVtMmo 176.1 65
DEObmJYr 161.6 17
DGCSlrXT 163.3 39
DGtTqxug 186.2 30
DJmqSOBh 156.3 36
DOEtoNPb 152.5 19
DOypwYzR 167.2 78
DUHgQBeW 153.6 42
DUbNPZIa 180.8 33
DbxrXfBC 186.3 19
DecihrwI 183.3 40
DelWHWSn 173.9 33
DspsTUpi 154.4 28
DtTGxIRZ 160.7 36
DucCPOPq 176.9 60
EBFXrBVr 171.3 30
EIRizaWl 182.1 27
EnKiYTBo 150.2 54
EsbgPHiL 178.0 45
EwhaKjHX 155.5 65
FFGGpurL 173.6 72
FHvFFFMZ 163.2 64
FLbyNnRx 159.4 12
FMFAtevZ 182.8 18
FMoLfBcq 172.2 27
FOpeOuFo 162.0 61
FQoiyndf 182.0 63
FcfxsFDc 179.5 35
FjfrHAVk 152.3 31
GCJsXarQ 177.5 28
GCkbbGTs 173.4 24
GDLEpTQT 182.1 48
GGdUesFF 188.7 49
GVlFIYNz 152.4 28
GcmgLVDd 187.7 67
GgfCjfEf 174.2 56
GkHxPQVv 169.3 25
GtVwlWxp 184.7 17
GzSHRnsX 188.6 12
HGMfrGvW 181.3 41
HJgOmZkj 181.5 60
HNBTLtth 167.6 33
HPjwmsMO 162.3 71
HRmRKWAi 177.3 17
HTxaqLFD 162.4 79
HXACWepV 159.6 13
HZNXkrlK 151.0 68
HhQarNfn 182.6 62
HkniAWfd 184.8 75
HlvAMCsm 178.9 59
HoXiWzSV 159.4 20
IDfzLgzC 158.7 40
IUbfzFrA 168.6 29
Iblpymga 159.0 61
IhuCqqNy 170.6 49
ItoCfbnp 175.2 70
JDVhpBqh 185.7 17
JEzTItjx 153.0 64
JFyRoEPZ 160.6 10
JKEprLma 176.3 71
JXgJaKkt 169.8 66
JcvLHvkk 151.8 65
JeQuEkld 153.2 29
JkhfTjfv 166.0 75
KJkYOPdi 159.9 55
KTXrtkmZ 151.5 56
KoQuBETL 174.0 79
KpxtKSru 179.9 77
KtpcKrNo 152.9 23
KtuBWdpI 163.9 54
LChvomxJ 177.2 72
LDFVkHBX 164.0 48
LGyZsqxE 166.8 25
LLdJHvbO 160.8 49
LNAfjIxE 189.9 44
LRAONYvx 161.5 38
LTzWHKpG 170.9 69
LewDYQul 173.3 64
LhoOPRBY 186.6 30
LmeXKewT 182.4 11
LrBKvoZz 167.7 71
MAbYTFly 175.9 11
MCpyntjs 161.6 41
MHdwwtCW 161.2 20
MNdxhgln 187.5 72
MiLYjYUx 174.4 36
MkIbKSLK 169.8 56
MlZOMibH 182.2 43
MypMTYpF 152.0 38
NFWmOxrC 162.8 54
NVvfukLk 186.2 22
Nbalorhz 169.6 60
NkBroRbY 173.9 54
NqTIeVje 160.5 67
NqxJqyKR 176.8 49
OGMxfqOa 153.2 64
OHfZSLxo 190.0 27
OKZsxMLo 171.8 77
OKzBxXjh 177.5 61
OMGbjtmI 167.6 77
OQWaGFje 163.5 73
OaBCRkco 177.9 79
OmNeiMvZ 175.8 52
Oqrnjqco 183.2 46
OrZJrtki 189.8 19
OsFcprbn 160.3 41
OukzraiI 177.0 15
PGEaFHDO 153.4 65
PHFMXYIM 150.8 58
PINDtKQf 181.1 61
PLRFiNEt 175.1 35
PLloFZSL 174.0 27
PNYmzJvB 184.7 55
PSdgcziw 181.8 28
PXZoASXo 167.7 73
PZYsdQFz 169.2 45
PchxRwOx 181.8 34
PclyRHHU 182.6 34
PiLNOffK 180.2 72
PiuLjTjx 184.9 51
PpPoeBEW 168.1 50
PzqRVoog 160.6 52
QECLGLwP 172.3 68
QQhTqQbq 159.9 66
QVgkBRJd 173.5 53
QWZsXNbA 186.0 29
QYLXfYeV 185.7 60
QfXuZryw 157.1 45
RGrMGLLZ 166.8 65
RKnjJfhB 156.8 31
RLHSSYQr 170.2 13
RNPCxJiV 160.0 46
RPKRVPKT 165.0 30
RQjlANyT 178.2 65
RRldVzqa 150.1 55
RSYnprUL 150.1 75
RZLSgbli 179.3 67
RajxlWcB 169.7 26
RfJesuhA 187.5 64
RmAVchEV 165.8 55
RqDFfyin 171.1 25
RuUpiaLI 175.5 31
RxGgzVOU 175.1 36
RyXtIKxm 162.8 46
SLybZHOb 151.0 35
SOqvYDKz 174.3 65
SRXHrwtO 184.8 31
SVcAfHdX 188.1 51
SWlbbLMk 181.4 53
SctdELBd 174.8 11
SjEMIbnq 164.1 17
SlOoTIpF 175.7 72
SpFAiqJs 173.6 45
SqxQzwcs 151.4 53
TDdIiCcZ 173.2 26
TFSRXFzU 178.0 53
TJzHCEKf 151.4 44
TLoJbIHx 162.7 73
TOlaqYYx 181.9 50
TcyfBmFq 174.6 57
TdUdGXiE 179.5 63
TeNTFPcm 159.9 15
TgEhVywl 161.7 30
TgGKFkIG 171.7 55
TiPhjrFt 150.0 24
TndYdXah 178.1 41
TuqgvKMw 190.0 49
TwFmYFij 179.6 71
UBZAVYSH 190.0 48
UfEMgEss 159.6 27
UjaxnCOp 160.7 72
UommTTHU 188.0 17
UroaetjB 151.7 32
UtinWeTt 157.9 45
VTLVfXld 170.3 58
VUVHIeZw 167.8 58
VUoJSXBn 186.0 28
VXDPamdY 152.4 66
VeuunoUW 183.9 70
VfoVPIWV 179.7 48
VhWHRZcY 172.2 10
ViqgmUgy 165.0 46
VvgCoSPw 175.3 16
VzwhQOEt 187.7 24
WHeeYXGv 155.6 19
WWCQcRwl 159.3 79
WbaANgfl 161.0 78
WcBrCXvH 183.9 67
WjOLDALu 181.2 66
WkqNfpLo 183.0 55
WmRyCQuT 163.2 66
WmvbLToI 159.1 33
XBLkkIvC 154.4 70
XEkhkULm 180.5 36
XFczQppb 185.4 28
XKhGVsZD 177.2 19
XLSCdESw 170.4 33
XQliLQJS 187.2 72
XQuBhoKH 169.4 30
XSzMVpFJ 189.2 52
XagOOJFo 156.2 75
XdrRQQHD 159.5 74
XlUeHblg 155.8 11
XwVoYoEO 170.9 43
XzeSQyTu 174.0 34
YIyUFoMu 168.3 61
YTRxWtJE 178.2 74
YVNSXhSa 171.7 79
YWvqfeLc 154.1 57
YjGglCGb 185.2 61
YsShccvV 187.8 49
YsootzjU 161.3 53
ZEBUQPUa 169.3 45
ZOrNIgTr 169.8 69
ZQUjOqnf 182.9 75
ZVnCJVTz 152.2 61
ZbILPuGY 171.3 16
ZfwHZoUN 154.6 35
ZgiMxrHz 185.3 56
ZpvwpGbN 163.4 47
ZqIIrBBZ 150.0 28
ZvyIYxQn 162.9 18
ZwhvXooC 183.3 62
aFGZgzAq 179.8 57
aHUHAHPh 153.2 55
aIJygpnU 175.3 18
aKFPLQqf 159.6 65
aLvzUVhC 185.1 73
aMBuYhHN 150.5 62
aMIapewZ 158.7 15
aOBYsKex 170.6 68
aQBjwdVp 158.8 65
aQDTvCJi 167.0 59
aWQEDuAr 157.1 43
aWfmXKXS 156.9 48
aZAOifRE 156.7 77
aagSqtPs 177.5 29
abEYBjNR 180.8 68
aqLlBkgs 165.4 68
atbXEIDj 171.8 24
ayCqJauV 150.5 76
bFeIonGe 162.9 60
bMjMmFop 163.5 34
bSlViRIn 166.0 77
bdQKbuFS 163.4 76
bhDoZzFR 153.8 65
bybDFiBh 173.5 73
cJqKCSlE 189.5 22
cKMMJESq 159.8 53
cMJUhExv 155.7 16
cRXZtAyO 177.6 42
cfHfuqpW 155.8 66
cgygcAMT 176.6 72
cijXPtof 179.8 66
cqUMHcSw 153.9 41
dDeEmgqw 171.5 78
dEpVGGlZ 187.6 12
dILmRFhl 182.7 17
dIxwUxwd 183.7 71
dVnOzXrQ 158.1 58
dXRwAnTF 169.0 69
dYeePBkK 170.4 25
dfwsAwKv 184.8 21
dhVUsESH 173.6 31
eGulKtla 168.7 77
eLEHjCMM 189.6 47
eTYJYJYF 165.1 45
eYZERNpN 179.0 22
eYhGVNpM 174.5 44
eaLCyVLY 171.6 50
elxOENUA 163.2 41
eoUODgIJ 158.5 26
epVTGVpB 163.7 78
erQDKHlS 171.0 73
evvRdFMj 167.4 40
ewckEeRC 153.9 77
eyxnvdmq 183.7 54
ezioQNNo 181.1 27
fLabgMYV 174.8 23
fcaUGKDp 170.2 32
fhUtBYwn 170.8 68
fiWPRieP 154.0 47
ftNCPxGG 188.3 11
fwOcosyC 181.3 57
gDiDeWCf 174.5 52
gFoRGhxG 166.8 37
gLoqUCLJ 150.9 63
gSiNLtdu 161.9 60
gbOuAErK 173.2 52
gfWPmmcD 178.6 12
gzyyRWbl 167.7 42
hAKRkJxe 164.8 36
hGLsHTYA 158.1 53
hMzdHxMQ 153.4 42
hOCJUzQW 171.6 48
hehzlHeM 164.1 21
hjRHCFvn 165.4 57
hnjNhGFw 187.4 12
hsrQOCrv 172.3 58
huYWkZUS 157.2 76
hvLPBDPC 178.3 70
iBBFWeuU 166.4 61
iCmQIMcA 175.3 21
iFwoHSzJ 150.7 15
iGVZmmzV 179.6 69
iJDRMWrV 176.2 34
iMgjFtmN 163.2 46
iRXopcNp 189.0 63
iSJltjwG 182.5 13
iVpYSGpu 179.6 36
iXbkfZoK 189.5 66
iaJfCYqc 153.8 64
ihcNeGyu 150.1 61
ijrzPFic 151.3 14
ipKhCHCA 181.1 59
iubvKSBb 152.1 41
ivknfmBP 163.6 10
ixUJLGYm 171.7 12
jBmmmnZd 165.5 10
jIZCpDjQ 160.4 70
jTLxShcL 173.3 39
jVvIpmkR 154.4 59
jafwGCGa 182.2 39
jvqHgOiy 174.9 48
kDPiAKgL 163.8 71
kEQYfMgr 158.3 64
kHSwdjlE 180.9 45
kNHZuBqk 159.3 46
kTNVOScS 185.1 14
kZYhrQNw 151.2 62
khNvvAau 181.9 13
khtBajWy 166.9 70
knJieeLC 158.7 57
kpDFCvEZ 159.2 64
kpFygojm 176.7 70
kspqqGrH 157.3 23
kxMbUZIP 160.2 12
lCCjbxBr 184.9 35
lEfYzRRs 179.4 43
lIoGZDno 155.1 13
lTxtEHVd 189.2 24
lYjaXvhu 168.3 27
lagAtaNG 151.0 31
lbwRePJU 182.1 38
lmLAoAVA 173.2 75
mColmZDO 171.5 24
mERTaiiY 174.8 51
mSLZjGJy 150.2 63
mTyIJpdg 171.1 33
mYdlYTDb 167.9 44
mgaABmLb 160.7 24
mlclucAD 187.3 14
mrWrMTGL 165.1 16
msBcASXt 156.1 18
myLQNMux 169.6 35
nFSwQdIm 177.5 68
nLWTelsW 172.2 57
nPivwFPl 152.7 31
nZJgueZc 168.1 74
neBUvtxA 156.5 72
nefoqNtm 167.8 77
nimosoWN 169.2 45
nsHlxyrf 176.2 16
oDqVITEK 155.1 15
oPzLHbUg 171.5 10
oTzofmZM 170.4 27
oUSuIFMY 153.6 65
obtJaSSU 175.7 57
ocLiBWnP 178.1 34
oceGAKgh 184.1 41
ofebUVHc 151.1 28
pCPGileq 170.0 51
pGNhUxFa 174.5 55
pIMVAdvG 184.2 69
pIoHkdGz 176.8 28
pURLhPTU 168.4 24
pdoMchXd 162.0 67
peOPmIEr 189.3 40
piGqGXic 160.7 54
pmxmhbqU 185.4 38
pnaAsVwB 166.2 10
poLHKUTT 170.9 42
ppmfNNsd 150.3 20
qQWCPDPx 152.3 14
qRqtfVuU 175.1 29
qbsGygKn 150.7 21
qiXsyRUC 163.9 62
qtVBpUmV 156.1 45
qzcsUCRy 177.9 59
rJrJwRqV 161.4 63
rPbSpwFo 170.2 76
raBXDFEr 179.0 43
rnazkcnt 177.2 21
rnuZccSs 162.0 13
rqEwoKXY 181.3 35
rtSyVFzI 176.6 10
sHpZDvjL 176.9 63
sILbGUJI 169.8 51
sPdHzsvS 169.6 72
sRYeKISf 187.1 53
sRagxJOX 187.1 77
sdEFYIUA 177.7 71
smuqrXdi 181.2 77
suDuTNzr 188.1 37
syTEOkyP 177.4 45
tBHhdpYJ 164.6 74
tIsYlFZl 150.9 47
tSQRZTVH 180.6 41
tYGjboRq 180.1 24
teHUpFMZ 155.1 63
tjXnAVGx 152.1 51
tnHvERgJ 187.5 19
toHOWyMO 183.1 75
tsuJWLqg 188.9 35
ttYmsLBi 180.7 77
uDvNZrGc 175.9 23
uKxrxkRO 150.3 74
uLBwxgHB 155.8 33
uMmydawJ 161.1 30
uZqUhEju 188.6 22
ucMgJWmH 162.9 15
ucPCESah 162.2 50
umDJohiV 154.8 70
utUAolAw 161.2 76
vDTboZVe 152.4 50
vNVVJRoe 173.7 22
vPYPWsxK 179.4 59
vezXPuJP 157.5 37
vjYuFkXU 184.3 16
vjwRvygJ 150.9 58
vmFXbuxT 173.0 67
voMiAZMk 163.1 31
vtqIoZaa 188.8 18
wCJovbSz 152.2 27
wFqOPObF 174.6 36
wKdeZOrT 174.7 73
whLbROsY 174.4 60
wjVRlgey 157.1 56
wjYAfCRV 186.9 48
wlcJXyqm 181.0 70
woYUpJlM 158.0 31
xBxYroiD 163.8 58
xZyDKmZA 173.7 27
xvDJlLuU 165.7 55
xzLDTNLn 181.3 65
yAtEWgmV 177.2 78
yIAVKUXI 165.9 50
yNLNxdIh 178.3 50
yQVNODWf 152.8 64
yQkbJupD 186.5 57
yUDwoYJu 152.0 10
yXZjsNCy 174.8 77
ydewTwAi 180.1 63
ygUtvkHx 155.1 30
yljTgXOZ 181.1 38
zBIuUabM 176.8 67
zBoJslRl 151.7 63
zDPTgasc 180.7 51
zMDWKlNj 169.8 29
zQeoftvB 175.5 34
zSTUFnlK 158.8 68
zWAqamCK 167.9 21
zcWHETjU 155.0 50
zdsGCQev 189.6 28
zeTVGWWN 178.8 10
zjWOgGMj 189.0 12
zqLgYlve 172.4 77
zrKhJDjx 163.4 69
zsGLZTUf 154.1 31
zvsmwzyT 155.5 55
zzbqloma 176.4 72
TiPhjrFt 150.0 24
ZqIIrBBZ 150.0 28
RRldVzqa 150.1 55
ihcNeGyu 150.1 61
RSYnprUL 150.1 75
BkCvQWQb 150.2 30
EnKiYTBo 150.2 54
mSLZjGJy 150.2 63
ppmfNNsd 150.3 20
uKxrxkRO 150.3 74
aMBuYhHN 150.5 62
ayCqJauV 150.5 76
iFwoHSzJ 150.7 15
qbsGygKn 150.7 21
PHFMXYIM 150.8 58
tIsYlFZl 150.9 47
vjwRvygJ 150.9 58
gLoqUCLJ 150.9 63
lagAtaNG 151.0 31
SLybZHOb 151.0 35
HZNXkrlK 151.0 68
ofebUVHc 151.1 28
kZYhrQNw 151.2 62
ijrzPFic 151.3 14
TJzHCEKf 151.4 44
SqxQzwcs 151.4 53
KTXrtkmZ 151.5 56
UroaetjB 151.7 32
zBoJslRl 151.7 63
JcvLHvkk 151.8 65
yUDwoYJu 152.0 10
MypMTYpF 152.0 38
iubvKSBb 152.1 41
tjXnAVGx 152.1 51
wCJovbSz 152.2 27
ZVnCJVTz 152.2 61
qQWCPDPx 152.3 14
FjfrHAVk 152.3 31
GVlFIYNz 152.4 28
vDTboZVe 152.4 50
VXDPamdY 152.4 66
DOEtoNPb 152.5 19
nPivwFPl 152.7 31
BJHSRpwH 152.8 26
yQVNODWf 152.8 64
KtpcKrNo 152.9 23
JEzTItjx 153.0 64
JeQuEkld 153.2 29
AaNrqGyj 153.2 49
aHUHAHPh 153.2 55
OGMxfqOa 153.2 64
hMzdHxMQ 153.4 42
PGEaFHDO 153.4 65
DUHgQBeW 153.6 42
oUSuIFMY 153.6 65
iaJfCYqc 153.8 64
bhDoZzFR 153.8 65
cqUMHcSw 153.9 41
ewckEeRC 153.9 77
fiWPRieP 154.0 47
zsGLZTUf 154.1 31
YWvqfeLc 154.1 57
DspsTUpi 154.4 28
jVvIpmkR 154.4 59
XBLkkIvC 154.4 70
ZfwHZoUN 154.6 35
umDJohiV 154.8 70
zcWHETjU 155.0 50
lIoGZDno 155.1 13
oDqVITEK 155.1 15
ygUtvkHx 155.1 30
teHUpFMZ 155.1 63
zvsmwzyT 155.5 55
EwhaKjHX 155.5 65
WHeeYXGv 155.6 19
cMJUhExv 155.7 16
XlUeHblg 155.8 11
uLBwxgHB 155.8 33
cfHfuqpW 155.8 66
msBcASXt 156.1 18
CYQLDxIu 156.1 35
qtVBpUmV 156.1 45
XagOOJFo 156.2 75
DJmqSOBh 156.3 36
neBUvtxA 156.5 72
aZAOifRE 156.7 77
RKnjJfhB 156.8 31
CcyNVQdz 156.9 18
aWfmXKXS 156.9 48
aWQEDuAr 157.1 43
QfXuZryw 157.1 45
wjVRlgey 157.1 56
huYWkZUS 157.2 76
kspqqGrH 157.3 23
vezXPuJP 157.5 37
UtinWeTt 157.9 45
woYUpJlM 158.0 31
hGLsHTYA 158.1 53
dVnOzXrQ 158.1 58
kEQYfMgr 158.3 64
eoUODgIJ 158.5 26
aMIapewZ 158.7 15
IDfzLgzC 158.7 40
knJieeLC 158.7 57
aQBjwdVp 158.8 65
zSTUFnlK 158.8 68
Iblpymga 159.0 61
CXJqVkVK 159.0 74
WmvbLToI 159.1 33
kpDFCvEZ 159.2 64
kNHZuBqk 159.3 46
WWCQcRwl 159.3 79
FLbyNnRx 159.4 12
HoXiWzSV 159.4 20
XdrRQQHD 159.5 74
HXACWepV 159.6 13
UfEMgEss 159.6 27
aKFPLQqf 159.6 65
cKMMJESq 159.8 53
TeNTFPcm 159.9 15
KJkYOPdi 159.9 55
QQhTqQbq 159.9 66
RNPCxJiV 160.0 46
kxMbUZIP 160.2 12
OsFcprbn 160.3 41
jIZCpDjQ 160.4 70
NqTIeVje 160.5 67
JFyRoEPZ 160.6 10
PzqRVoog 160.6 52
mgaABmLb 160.7 24
DtTGxIRZ 160.7 36
piGqGXic 160.7 54
UjaxnCOp 160.7 72
LLdJHvbO 160.8 49
WbaANgfl 161.0 78
uMmydawJ 161.1 30
MHdwwtCW 161.2 20
utUAolAw 161.2 76
YsootzjU 161.3 53
rJrJwRqV 161.4 63
LRAONYvx 161.5 38
DEObmJYr 161.6 17
MCpyntjs 161.6 41
TgEhVywl 161.7 30
gSiNLtdu 161.9 60
rnuZccSs 162.0 13
FOpeOuFo 162.0 61
pdoMchXd 162.0 67
CRrEgQWk 162.2 40
ucPCESah 162.2 50
HPjwmsMO 162.3 71
HTxaqLFD 162.4 79
TLoJbIHx 162.7 73
RyXtIKxm 162.8 46
NFWmOxrC 162.8 54
ucMgJWmH 162.9 15
ZvyIYxQn 162.9 18
bFeIonGe 162.9 60
voMiAZMk 163.1 31
elxOENUA 163.2 41
iMgjFtmN 163.2 46
FHvFFFMZ 163.2 64
WmRyCQuT 163.2 66
DGCSlrXT 163.3 39
ZpvwpGbN 163.4 47
zrKhJDjx 163.4 69
bdQKbuFS 163.4 76
bMjMmFop 163.5 34
OQWaGFje 163.5 73
ivknfmBP 163.6 10
BoxHfuNn 163.6 60
epVTGVpB 163.7 78
CPrYLDVX 163.8 44
xBxYroiD 163.8 58
kDPiAKgL 163.8 71
KtuBWdpI 163.9 54
qiXsyRUC 163.9 62
LDFVkHBX 164.0 48
SjEMIbnq 164.1 17
hehzlHeM 164.1 21
tBHhdpYJ 164.6 74
hAKRkJxe 164.8 36
RPKRVPKT 165.0 30
ViqgmUgy 165.0 46
mrWrMTGL 165.1 16
eTYJYJYF 165.1 45
AKMyHguv 165.3 25
hjRHCFvn 165.4 57
BWkJzVqW 165.4 64
aqLlBkgs 165.4 68
jBmmmnZd 165.5 10
xvDJlLuU 165.7 55
RmAVchEV 165.8 55
yIAVKUXI 165.9 50
JkhfTjfv 166.0 75
bSlViRIn 166.0 77
pnaAsVwB 166.2 10
iBBFWeuU 166.4 61
AGwFRLZS 166.7 58
LGyZsqxE 166.8 25
gFoRGhxG 166.8 37
RGrMGLLZ 166.8 65
khtBajWy 166.9 70
aQDTvCJi 167.0 59
DOypwYzR 167.2 78
evvRdFMj 167.4 40
HNBTLtth 167.6 33
OMGbjtmI 167.6 77
gzyyRWbl 167.7 42
LrBKvoZz 167.7 71
PXZoASXo 167.7 73
VUVHIeZw 167.8 58
nefoqNtm 167.8 77
zWAqamCK 167.9 21
mYdlYTDb 167.9 44
PpPoeBEW 168.1 50
nZJgueZc 168.1 74
lYjaXvhu 168.3 27
YIyUFoMu 168.3 61
pURLhPTU 168.4 24
IUbfzFrA 168.6 29
eGulKtla 168.7 77
dXRwAnTF 169.0 69
PZYsdQFz 169.2 45
nimosoWN 169.2 45
GkHxPQVv 169.3 25
ZEBUQPUa 169.3 45
AqtDyMjH 169.3 46
XQuBhoKH 169.4 30
myLQNMux 169.6 35
Nbalorhz 169.6 60
sPdHzsvS 169.6 72
RajxlWcB 169.7 26
zMDWKlNj 169.8 29
sILbGUJI 169.8 51
MkIbKSLK 169.8 56
JXgJaKkt 169.8 66
ZOrNIgTr 169.8 69
pCPGileq 170.0 51
RLHSSYQr 170.2 13
AgyEYelO 170.2 20
fcaUGKDp 170.2 32
rPbSpwFo 170.2 76
VTLVfXld 170.3 58
dYeePBkK 170.4 25
oTzofmZM 170.4 27
XLSCdESw 170.4 33
IhuCqqNy 170.6 49
aOBYsKex 170.6 68
fhUtBYwn 170.8 68
poLHKUTT 170.9 42
XwVoYoEO 170.9 43
CFZoIuCJ 170.9 68
LTzWHKpG 170.9 69
ASsrMujH 171.0 56
erQDKHlS 171.0 73
RqDFfyin 171.1 25
mTyIJpdg 171.1 33
ZbILPuGY 171.3 16
EBFXrBVr 171.3 30
oPzLHbUg 171.5 10
mColmZDO 171.5 24
dDeEmgqw 171.5 78
hOCJUzQW 171.6 48
eaLCyVLY 171.6 50
ixUJLGYm 171.7 12
TgGKFkIG 171.7 55
YVNSXhSa 171.7 79
atbXEIDj 171.8 24
OKZsxMLo 171.8 77
CQmMciDP 172.0 18
VhWHRZcY 172.2 10
FMoLfBcq 172.2 27
nLWTelsW 172.2 57
hsrQOCrv 172.3 58
QECLGLwP 172.3 68
zqLgYlve 172.4 77
vmFXbuxT 173.0 67
TDdIiCcZ 173.2 26
gbOuAErK 173.2 52
lmLAoAVA 173.2 75
jTLxShcL 173.3 39
LewDYQul 173.3 64
GCkbbGTs 173.4 24
QVgkBRJd 173.5 53
bybDFiBh 173.5 73
dhVUsESH 173.6 31
SpFAiqJs 173.6 45
FFGGpurL 173.6 72
vNVVJRoe 173.7 22
xZyDKmZA 173.7 27
DelWHWSn 173.9 33
NkBroRbY 173.9 54
PLloFZSL 174.0 27
XzeSQyTu 174.0 34
KoQuBETL 174.0 79
GgfCjfEf 174.2 56
BRULoEpN 174.3 35
SOqvYDKz 174.3 65
MiLYjYUx 174.4 36
whLbROsY 174.4 60
eYhGVNpM 174.5 44
gDiDeWCf 174.5 52
pGNhUxFa 174.5 55
wFqOPObF 174.6 36
TcyfBmFq 174.6 57
wKdeZOrT 174.7 73
SctdELBd 174.8 11
fLabgMYV 174.8 23
mERTaiiY 174.8 51
yXZjsNCy 174.8 77
jvqHgOiy 174.9 48
qRqtfVuU 175.1 29
PLRFiNEt 175.1 35
RxGgzVOU 175.1 36
ItoCfbnp 175.2 70
VvgCoSPw 175.3 16
aIJygpnU 175.3 18
iCmQIMcA 175.3 21
RuUpiaLI 175.5 31
zQeoftvB 175.5 34
obtJaSSU 175.7 57
SlOoTIpF 175.7 72
OmNeiMvZ 175.8 52
MAbYTFly 175.9 11
uDvNZrGc 175.9 23
CtCVtMmo 176.1 65
nsHlxyrf 176.2 16
iJDRMWrV 176.2 34
JKEprLma 176.3 71
zzbqloma 176.4 72
rtSyVFzI 176.6 10
cgygcAMT 176.6 72
kpFygojm 176.7 70
pIoHkdGz 176.8 28
NqxJqyKR 176.8 49
zBIuUabM 176.8 67
DucCPOPq 176.9 60
sHpZDvjL 176.9 63
OukzraiI 177.0 15
XKhGVsZD 177.2 19
rnazkcnt 177.2 21
LChvomxJ 177.2 72
yAtEWgmV 177.2 78
HRmRKWAi 177.3 17
syTEOkyP 177.4 45
GCJsXarQ 177.5 28
aagSqtPs 177.5 29
OKzBxXjh 177.5 61
nFSwQdIm 177.5 68
cRXZtAyO 177.6 42
AyyvIeIg 177.6 56
sdEFYIUA 177.7 71
qzcsUCRy 177.9 59
OaBCRkco 177.9 79
EsbgPHiL 178.0 45
TFSRXFzU 178.0 53
ocLiBWnP 178.1 34
TndYdXah 178.1 41
RQjlANyT 178.2 65
YTRxWtJE 178.2 74
yNLNxdIh 178.3 50
hvLPBDPC 178.3 70
gfWPmmcD 178.6 12
zeTVGWWN 178.8 10
HlvAMCsm 178.9 59
eYZERNpN 179.0 22
raBXDFEr 179.0 43
CeyhQrsU 179.2 62
RZLSgbli 179.3 67
lEfYzRRs 179.4 43
vPYPWsxK 179.4 59
FcfxsFDc 179.5 35
TdUdGXiE 179.5 63
iVpYSGpu 179.6 36
iGVZmmzV 179.6 69
TwFmYFij 179.6 71
VfoVPIWV 179.7 48
aFGZgzAq 179.8 57
cijXPtof 179.8 66
KpxtKSru 179.9 77
tYGjboRq 180.1 24
ydewTwAi 180.1 63
PiLNOffK 180.2 72
XEkhkULm 180.5 36
tSQRZTVH 180.6 41
zDPTgasc 180.7 51
ttYmsLBi 180.7 77
DUbNPZIa 180.8 33
abEYBjNR 180.8 68
kHSwdjlE 180.9 45
wlcJXyqm 181.0 70
ezioQNNo 181.1 27
yljTgXOZ 181.1 38
ipKhCHCA 181.1 59
PINDtKQf 181.1 61
WjOLDALu 181.2 66
smuqrXdi 181.2 77
rqEwoKXY 181.3 35
HGMfrGvW 181.3 41
fwOcosyC 181.3 57
BqPBiKtc 181.3 61
xzLDTNLn 181.3 65
AIxSncnV 181.4 27
SWlbbLMk 181.4 53
HJgOmZkj 181.5 60
PSdgcziw 181.8 28
PchxRwOx 181.8 34
khNvvAau 181.9 13
TOlaqYYx 181.9 50
FQoiyndf 182.0 63
EIRizaWl 182.1 27
AHNLdVDI 182.1 34
lbwRePJU 182.1 38
GDLEpTQT 182.1 48
jafwGCGa 182.2 39
MlZOMibH 182.2 43
LmeXKewT 182.4 11
iSJltjwG 182.5 13
PclyRHHU 182.6 34
HhQarNfn 182.6 62
dILmRFhl 182.7 17
FMFAtevZ 182.8 18
ZQUjOqnf 182.9 75
WkqNfpLo 183.0 55
toHOWyMO 183.1 75
Oqrnjqco 183.2 46
DecihrwI 183.3 40
ZwhvXooC 183.3 62
eyxnvdmq 183.7 54
dIxwUxwd 183.7 71
WcBrCXvH 183.9 67
VeuunoUW 183.9 70
oceGAKgh 184.1 41
pIMVAdvG 184.2 69
vjYuFkXU 184.3 16
GtVwlWxp 184.7 17
PNYmzJvB 184.7 55
dfwsAwKv 184.8 21
SRXHrwtO 184.8 31
HkniAWfd 184.8 75
lCCjbxBr 184.9 35
PiuLjTjx 184.9 51
kTNVOScS 185.1 14
aLvzUVhC 185.1 73
YjGglCGb 185.2 61
AfMwYhzX 185.2 72
ZgiMxrHz 185.3 56
XFczQppb 185.4 28
pmxmhbqU 185.4 38
AhHqscji 185.6 71
JDVhpBqh 185.7 17
QYLXfYeV 185.7 60
VUoJSXBn 186.0 28
QWZsXNbA 186.0 29
NVvfukLk 186.2 22
DGtTqxug 186.2 30
DbxrXfBC 186.3 19
yQkbJupD 186.5 57
LhoOPRBY 186.6 30
wjYAfCRV 186.9 48
BOLOePlw 187.0 34
sRYeKISf 187.1 53
sRagxJOX 187.1 77
XQliLQJS 187.2 72
mlclucAD 187.3 14
hnjNhGFw 187.4 12
tnHvERgJ 187.5 19
RfJesuhA 187.5 64
MNdxhgln 187.5 72
dEpVGGlZ 187.6 12
VzwhQOEt 187.7 24
GcmgLVDd 187.7 67
YsShccvV 187.8 49
CNxEYGLm 187.9 51
UommTTHU 188.0 17
suDuTNzr 188.1 37
SVcAfHdX 188.1 51
ftNCPxGG 188.3 11
GzSHRnsX 188.6 12
uZqUhEju 188.6 22
GGdUesFF 188.7 49
CowjkoNd 188.8 13
vtqIoZaa 188.8 18
tsuJWLqg 188.9 35
zjWOgGMj 189.0 12
iRXopcNp 189.0 63
lTxtEHVd 189.2 24
XSzMVpFJ 189.2 52
peOPmIEr 189.3 40
AFqqyJtz 189.4 73
cJqKCSlE 189.5 22
iXbkfZoK 189.5 66
zdsGCQev 189.6 28
eLEHjCMM 189.6 47
OrZJrtki 189.8 19
LNAfjIxE 189.9 44
OHfZSLxo 190.0 27
UBZAVYSH 190.0 48
TuqgvKMw 190.0 49
JFyRoEPZ 160.6 10
VhWHRZcY 172.2 10
ivknfmBP 163.6 10
jBmmmnZd 165.5 10
oPzLHbUg 171.5 10
pnaAsVwB 166.2 10
rtSyVFzI 176.6 10
yUDwoYJu 152.0 10
zeTVGWWN 178.8 10
LmeXKewT 182.4 11
MAbYTFly 175.9 11
SctdELBd 174.8 11
XlUeHblg 155.8 11
ftNCPxGG 188.3 11
FLbyNnRx 159.4 12
GzSHRnsX 188.6 12
dEpVGGlZ 187.6 12
gfWPmmcD 178.6 12
hnjNhGFw 187.4 12
ixUJLGYm 171.7 12
kxMbUZIP 160.2 12
zjWOgGMj 189.0 12
CowjkoNd 188.8 13
HXACWepV 159.6 13
RLHSSYQr 170.2 13
iSJltjwG 182.5 13
khNvvAau 181.9 13
lIoGZDno 155.1 13
rnuZccSs 162.0 13
ijrzPFic 151.3 14
kTNVOScS 185.1 14
mlclucAD 187.3 14
qQWCPDPx 152.3 14
OukzraiI 177.0 15
TeNTFPcm 159.9 15
aMIapewZ 158.7 15
iFwoHSzJ 150.7 15
oDqVITEK 155.1 15
ucMgJWmH 162.9 15
VvgCoSPw 175.3 16
ZbILPuGY 171.3 16
cMJUhExv 155.7 16
mrWrMTGL 165.1 16
nsHlxyrf 176.2 16
vjYuFkXU 184.3 16
DEObmJYr 161.6 17
GtVwlWxp 184.7 17
HRmRKWAi 177.3 17
JDVhpBqh 185.7 17
SjEMIbnq 164.1 17
UommTTHU 188.0 17
dILmRFhl 182.7 17
CQmMciDP 172.0 18
CcyNVQdz 156.9 18
FMFAtevZ 182.8 18
ZvyIYxQn 162.9 18
aIJygpnU 175.3 18
msBcASXt 156.1 18
vtqIoZaa 188.8 18
DOEtoNPb 152.5 19
DbxrXfBC 186.3 19
OrZJrtki 189.8 19
WHeeYXGv 155.6 19
XKhGVsZD 177.2 19
tnHvERgJ 187.5 19
AgyEYelO 170.2 20
HoXiWzSV 159.4 20
MHdwwtCW 161.2 20
ppmfNNsd 150.3 20
dfwsAwKv 184.8 21
hehzlHeM 164.1 21
iCmQIMcA 175.3 21
qbsGygKn 150.7 21
rnazkcnt 177.2 21
zWAqamCK 167.9 21
NVvfukLk 186.2 22
cJqKCSlE 189.5 22
eYZERNpN 179.0 22
uZqUhEju 188.6 22
vNVVJRoe 173.7 22
KtpcKrNo 152.9 23
fLabgMYV 174.8 23
kspqqGrH 157.3 23
uDvNZrGc 175.9 23
GCkbbGTs 173.4 24
TiPhjrFt 150.0 24
VzwhQOEt 187.7 24
atbXEIDj 171.8 24
lTxtEHVd 189.2 24
mColmZDO 171.5 24
mgaABmLb 160.7 24
pURLhPTU 168.4 24
tYGjboRq 180.1 24
AKMyHguv 165.3 25
GkHxPQVv 169.3 25
LGyZsqxE 166.8 25
RqDFfyin 171.1 25
dYeePBkK 170.4 25
BJHSRpwH 152.8 26
RajxlWcB 169.7 26
TDdIiCcZ 173.2 26
eoUODgIJ 158.5 26
AIxSncnV 181.4 27
EIRizaWl 182.1 27
FMoLfBcq 172.2 27
OHfZSLxo 190.0 27
PLloFZSL 174.0 27
UfEMgEss 159.6 27
ezioQNNo 181.1 27
lYjaXvhu 168.3 27
oTzofmZM 170.4 27
wCJovbSz 152.2 27
xZyDKmZA 173.7 27
DspsTUpi 154.4 28
GCJsXarQ 177.5 28
GVlFIYNz 152.4 28
PSdgcziw 181.8 28
VUoJSXBn 186.0 28
XFczQppb 185.4 28
ZqIIrBBZ 150.0 28
ofebUVHc 151.1 28
pIoHkdGz 176.8 28
zdsGCQev 189.6 28
IUbfzFrA 168.6 29
JeQuEkld 153.2 29
QWZsXNbA 186.0 29
aagSqtPs 177.5 29
qRqtfVuU 175.1 29
zMDWKlNj 169.8 29
BkCvQWQb 150.2 30
DGtTqxug 186.2 30
EBFXrBVr 171.3 30
LhoOPRBY 186.6 30
RPKRVPKT 165.0 30
TgEhVywl 161.7 30
XQuBhoKH 169.4 30
uMmydawJ 161.1 30
ygUtvkHx 155.1 30
FjfrHAVk 152.3 31
RKnjJfhB 156.8 31
RuUpiaLI 175.5 31
SRXHrwtO 184.8 31
dhVUsESH 173.6 31
lagAtaNG 151.0 31
nPivwFPl 152.7 31
voMiAZMk 163.1 31
woYUpJlM 158.0 31
zsGLZTUf 154.1 31
UroaetjB 151.7 32
fcaUGKDp 170.2 32
DUbNPZIa 180.8 33
DelWHWSn 173.9 33
HNBTLtth 167.6 33
WmvbLToI 159.1 33
XLSCdESw 170.4 33
mTyIJpdg 171.1 33
uLBwxgHB 155.8 33
AHNLdVDI 182.1 34
BOLOePlw 187.0 34
PchxRwOx 181.8 34
PclyRHHU 182.6 34
XzeSQyTu 174.0 34
bMjMmFop 163.5 34
iJDRMWrV 176.2 34
ocLiBWnP 178.1 34
zQeoftvB 175.5 34
BRULoEpN 174.3 35
CYQLDxIu 156.1 35
FcfxsFDc 179.5 35
PLRFiNEt 175.1 35
SLybZHOb 151.0 35
ZfwHZoUN 154.6 35
lCCjbxBr 184.9 35
myLQNMux 169.6 35
rqEwoKXY 181.3 35
tsuJWLqg 188.9 35
DJmqSOBh 156.3 36
DtTGxIRZ 160.7 36
MiLYjYUx 174.4 36
RxGgzVOU 175.1 36
XEkhkULm 180.5 36
hAKRkJxe 164.8 36
iVpYSGpu 179.6 36
wFqOPObF 174.6 36
gFoRGhxG 166.8 37
suDuTNzr 188.1 37
vezXPuJP 157.5 37
LRAONYvx 161.5 38
MypMTYpF 152.0 38
lbwRePJU 182.1 38
pmxmhbqU 185.4 38
yljTgXOZ 181.1 38
DGCSlrXT 163.3 39
jTLxShcL 173.3 39
jafwGCGa 182.2 39
CRrEgQWk 162.2 40
DecihrwI 183.3 40
IDfzLgzC 158.7 40
evvRdFMj 167.4 40
peOPmIEr 189.3 40
HGMfrGvW 181.3 41
MCpyntjs 161.6 41
OsFcprbn 160.3 41
TndYdXah 178.1 41
cqUMHcSw 153.9 41
elxOENUA 163.2 41
iubvKSBb 152.1 41
oceGAKgh 184.1 41
tSQRZTVH 180.6 41
DUHgQBeW 153.6 42
cRXZtAyO 177.6 42
gzyyRWbl 167.7 42
hMzdHxMQ 153.4 42
poLHKUTT 170.9 42
MlZOMibH 182.2 43
XwVoYoEO 170.9 43
aWQEDuAr 157.1 43
lEfYzRRs 179.4 43
raBXDFEr 179.0 43
CPrYLDVX 163.8 44
LNAfjIxE 189.9 44
TJzHCEKf 151.4 44
eYhGVNpM 174.5 44
mYdlYTDb 167.9 44
EsbgPHiL 178.0 45
PZYsdQFz 169.2 45
QfXuZryw 157.1 45
SpFAiqJs 173.6 45
UtinWeTt 157.9 45
ZEBUQPUa 169.3 45
eTYJYJYF 165.1 45
kHSwdjlE 180.9 45
nimosoWN 169.2 45
qtVBpUmV 156.1 45
syTEOkyP 177.4 45
AqtDyMjH 169.3 46
Oqrnjqco 183.2 46
RNPCxJiV 160.0 46
RyXtIKxm 162.8 46
ViqgmUgy 165.0 46
iMgjFtmN 163.2 46
kNHZuBqk 159.3 46
ZpvwpGbN 163.4 47
eLEHjCMM 189.6 47
fiWPRieP 154.0 47
tIsYlFZl 150.9 47
GDLEpTQT 182.1 48
LDFVkHBX 164.0 48
UBZAVYSH 190.0 48
VfoVPIWV 179.7 48
aWfmXKXS 156.9 48
hOCJUzQW 171.6 48
jvqHgOiy 174.9 48
wjYAfCRV 186.9 48
AaNrqGyj 153.2 49
GGdUesFF 188.7 49
IhuCqqNy 170.6 49
LLdJHvbO 160.8 49
NqxJqyKR 176.8 49
TuqgvKMw 190.0 49
YsShccvV 187.8 49
PpPoeBEW 168.1 50
TOlaqYYx 181.9 50
eaLCyVLY 171.6 50
ucPCESah 162.2 50
vDTboZVe 152.4 50
yIAVKUXI 165.9 50
yNLNxdIh 178.3 50
zcWHETjU 155.0 50
CNxEYGLm 187.9 51
PiuLjTjx 184.9 51
SVcAfHdX 188.1 51
mERTaiiY 174.8 51
pCPGileq 170.0 51
sILbGUJI 169.8 51
tjXnAVGx 152.1 51
zDPTgasc 180.7 51
OmNeiMvZ 175.8 52
PzqRVoog 160.6 52
XSzMVpFJ 189.2 52
gDiDeWCf 174.5 52
gbOuAErK 173.2 52
QVgkBRJd 173.5 53
SWlbbLMk 181.4 53
SqxQzwcs 151.4 53
TFSRXFzU 178.0 53
YsootzjU 161.3 53
cKMMJESq 159.8 53
hGLsHTYA 158.1 53
sRYeKISf 187.1 53
EnKiYTBo 150.2 54
KtuBWdpI 163.9 54
NFWmOxrC 162.8 54
NkBroRbY 173.9 54
eyxnvdmq 183.7 54
piGqGXic 160.7 54
KJkYOPdi 159.9 55
PNYmzJvB 184.7 55
RRldVzqa 150.1 55
RmAVchEV 165.8 55
TgGKFkIG 171.7 55
WkqNfpLo 183.0 55
aHUHAHPh 153.2 55
pGNhUxFa 174.5 55
xvDJlLuU 165.7 55
zvsmwzyT 155.5 55
ASsrMujH 171.0 56
AyyvIeIg 177.6 56
GgfCjfEf 174.2 56
KTXrtkmZ 151.5 56
MkIbKSLK 169.8 56
ZgiMxrHz 185.3 56
wjVRlgey 157.1 56
TcyfBmFq 174.6 57
YWvqfeLc 154.1 57
aFGZgzAq 179.8 57
fwOcosyC 181.3 57
hjRHCFvn 165.4 57
knJieeLC 158.7 57
nLWTelsW 172.2 57
obtJaSSU 175.7 57
yQkbJupD 186.5 57
AGwFRLZS 166.7 58
PHFMXYIM 150.8 58
VTLVfXld 170.3 58
VUVHIeZw 167.8 58
dVnOzXrQ 158.1 58
hsrQOCrv 172.3 58
vjwRvygJ 150.9 58
xBxYroiD 163.8 58
HlvAMCsm 178.9 59
aQDTvCJi 167.0 59
ipKhCHCA 181.1 59
jVvIpmkR 154.4 59
qzcsUCRy 177.9 59
vPYPWsxK 179.4 59
BoxHfuNn 163.6 60
DucCPOPq 176.9 60
HJgOmZkj 181.5 60
Nbalorhz 169.6 60
QYLXfYeV 185.7 60
bFeIonGe 162.9 60
gSiNLtdu 161.9 60
whLbROsY 174.4 60
BqPBiKtc 181.3 61
FOpeOuFo 162.0 61
Iblpymga 159.0 61
OKzBxXjh 177.5 61
PINDtKQf 181.1 61
YIyUFoMu 168.3 61
YjGglCGb 185.2 61
ZVnCJVTz 152.2 61
iBBFWeuU 166.4 61
ihcNeGyu 150.1 61
CeyhQrsU 179.2 62
HhQarNfn 182.6 62
ZwhvXooC 183.3 62
aMBuYhHN 150.5 62
kZYhrQNw 151.2 62
qiXsyRUC 163.9 62
FQoiyndf 182.0 63
TdUdGXiE 179.5 63
gLoqUCLJ 150.9 63
iRXopcNp 189.0 63
mSLZjGJy 150.2 63
rJrJwRqV 161.4 63
sHpZDvjL 176.9 63
teHUpFMZ 155.1 63
ydewTwAi 180.1 63
zBoJslRl 151.7 63
BWkJzVqW 165.4 64
FHvFFFMZ 163.2 64
JEzTItjx 153.0 64
LewDYQul 173.3 64
OGMxfqOa 153.2 64
RfJesuhA 187.5 64
iaJfCYqc 153.8 64
kEQYfMgr 158.3 64
kpDFCvEZ 159.2 64
yQVNODWf 152.8 64
CtCVtMmo 176.1 65
EwhaKjHX 155.5 65
JcvLHvkk 151.8 65
PGEaFHDO 153.4 65
RGrMGLLZ 166.8 65
RQjlANyT 178.2 65
SOqvYDKz 174.3 65
aKFPLQqf 159.6 65
aQBjwdVp 158.8 65
bhDoZzFR 153.8 65
oUSuIFMY 153.6 65
xzLDTNLn 181.3 65
JXgJaKkt 169.8 66
QQhTqQbq 159.9 66
VXDPamdY 152.4 66
WjOLDALu 181.2 66
WmRyCQuT 163.2 66
cfHfuqpW 155.8 66
cijXPtof 179.8 66
iXbkfZoK 189.5 66
GcmgLVDd 187.7 67
NqTIeVje 160.5 67
RZLSgbli 179.3 67
WcBrCXvH 183.9 67
pdoMchXd 162.0 67
vmFXbuxT 173.0 67
zBIuUabM 176.8 67
CFZoIuCJ 170.9 68
HZNXkrlK 151.0 68
QECLGLwP 172.3 68
aOBYsKex 170.6 68
abEYBjNR 180.8 68
aqLlBkgs 165.4 68
fhUtBYwn 170.8 68
nFSwQdIm 177.5 68
zSTUFnlK 158.8 68
LTzWHKpG 170.9 69
ZOrNIgTr 169.8 69
dXRwAnTF 169.0 69
iGVZmmzV 179.6 69
pIMVAdvG 184.2 69
zrKhJDjx 163.4 69
ItoCfbnp 175.2 70
VeuunoUW 183.9 70
XBLkkIvC 154.4 70
hvLPBDPC 178.3 70
jIZCpDjQ 160.4 70
khtBajWy 166.9 70
kpFygojm 176.7 70
umDJohiV 154.8 70
wlcJXyqm 181.0 70
AhHqscji 185.6 71
HPjwmsMO 162.3 71
JKEprLma 176.3 71
LrBKvoZz 167.7 71
TwFmYFij 179.6 71
dIxwUxwd 183.7 71
kDPiAKgL 163.8 71
sdEFYIUA 177.7 71
AfMwYhzX 185.2 72
FFGGpurL 173.6 72
LChvomxJ 177.2 72
MNdxhgln 187.5 72
PiLNOffK 180.2 72
SlOoTIpF 175.7 72
UjaxnCOp 160.7 72
XQliLQJS 187.2 72
cgygcAMT 176.6 72
neBUvtxA 156.5 72
sPdHzsvS 169.6 72
zzbqloma 176.4 72
AFqqyJtz 189.4 73
OQWaGFje 163.5 73
PXZoASXo 167.7 73
TLoJbIHx 162.7 73
aLvzUVhC 185.1 73
bybDFiBh 173.5 73
erQDKHlS 171.0 73
wKdeZOrT 174.7 73
CXJqVkVK 159.0 74
XdrRQQHD 159.5 74
YTRxWtJE 178.2 74
nZJgueZc 168.1 74
tBHhdpYJ 164.6 74
uKxrxkRO 150.3 74
HkniAWfd 184.8 75
JkhfTjfv 166.0 75
RSYnprUL 150.1 75
XagOOJFo 156.2 75
ZQUjOqnf 182.9 75
lmLAoAVA 173.2 75
toHOWyMO 183.1 75
ayCqJauV 150.5 76
bdQKbuFS 163.4 76
huYWkZUS 157.2 76
rPbSpwFo 170.2 76
utUAolAw 161.2 76
KpxtKSru 179.9 77
OKZsxMLo 171.8 77
OMGbjtmI 167.6 77
aZAOifRE 156.7 77
bSlViRIn 166.0 77
eGulKtla 168.7 77
ewckEeRC 153.9 77
nefoqNtm 167.8 77
sRagxJOX 187.1 77
smuqrXdi 181.2 77
ttYmsLBi 180.7 77
yXZjsNCy 174.8 77
zqLgYlve 172.4 77
DOypwYzR 167.2 78
WbaANgfl 161.0 78
dDeEmgqw 171.5 78
epVTGVpB 163.7 78
yAtEWgmV 177.2 78
HTxaqLFD 162.4 79
KoQuBETL 174.0 79
OaBCRkco 177.9 79
WWCQcRwl 159.3 79
YVNSXhSa 171.7 79
