765 1865
6719
1613 6719
5497 9601
1096 5497
1034 1096 5497 8756
5593 8756 9764
5593 8756 9680 9764
338 356 4621 4708 5593 5637 5691 6234 6504 6762 7267 8323 8756 8762 9078 9507 9764
296 356 458 887 1349 2759 2900 3059 4621 4708 5593 5637 5846 6782 7267 8003 8323 8756 8762 9078 9613 9879
296 356 458 887 1349 2759 2900 3059 4621 4708 5637 5684 5846 6782 8003 8323 8756 8762 9078 9193 9879
296 356 458 887 1349 2759 2900 3059 4621 4708 5637 5684 5846 6782 8003 8323 8756 8762 9078 9879
296 356 458 887 1349 2759 2900 3059 4215 4621 4708 5221 5637 5684 5846 6782 7593 8059 8323 8756 8762 8944 9078 9879
356 458 1349 2900 3059 3667 4215 4621 4708 5221 5637 5684 6782 7557 7593 8059 8323 8756 8944 9078 9601 9879
265 356 458 1349 2900 3059 3667 4215 4621 4708 5221 5637 5684 6782 7114 7553 7557 7593 8059 8323 8944 9078 9601 9770 9879
265 356 458 1349 2900 3059 4215 4621 4708 5221 5637 5684 6782 7114 7553 7557 7593 8059 8323 8944 9078 9601 9770 9879
265 356 458 1349 2900 3059 4215 4621 5221 5684 6771 6782 7114 7553 7557 7593 8059 8323 8324 8944 9078 9601 9770 9879
265 458 1349 2900 3059 4215 4621 6771 6782 7114 7553 7557 7593 8059 8323 8324 8476 8944 9078 9601 9770 9879
265 1349 2900 3059 4215 4621 6771 6782 7114 7553 7557 7593 8059 8323 8324 8476 8944 9078 9601 9770 9879
1349 2900 3059 4215 4621 6771 6782 7114 7553 7557 7593 8059 8171 8323 8476 8944 9078 9601 9770 9879
1349 2181 3059 4215 4621 6771 6782 6991 7114 7553 7593 8059 8323 8476 8944 9078 9601 9770 9879
1349 2181 3059 4215 4621 6771 6782 6991 7114 7553 7593 8059 8323 8476 8944 9078 9324 9601 9770 9879
1349 2181 3059 3500 4215 4621 6771 6782 6991 7553 7593 8059 8323 8476 8944 9078 9324 9601 9770 9879
722 1405 1637 3500 4312 4621 6991 7553 7593 8323 8944 9078 9324 9601 9690 9879
722 1405 1637 3381 3500 4312 4621 6433 6991 7553 7593 8323 8944 9078 9324 9601 9690 9879 9935
722 1405 1637 3500 4312 4621 6433 6991 7553 7593 8323 8944 9078 9601 9690 9879 9935
3570 3958 4312 4621 6433 6991 7553 8323 8334 8944 9078 9879 9935
3570 3958 4312 4621 6433 6991 7553 8323 8334 8944 9078 9879 9935
