81151 88633
55520 81151
55520 81151
6141 10189 51621 63287 72662 83556 87415 97142 98923
6141 10189 51621 63287 72662 79565 83556 87415 97142 98923
6141 10189 51621 63287 67603 72662 73418 79565 83556 87415 97142 98923
6141 10189 28159 51621 63287 67603 73418 79565 81098 83556 87415 87415 97142 98923
22790 28159 51621 57651 63287 72118 73418 73536 74433 81098 83556 87415 87415 98858
22790 28159 51621 57651 63287 72118 73418 74433 81098 83556 87415 87415 98858
22790 28159 51621 57651 59234 63287 72118 73418 74433 81098 83556 87415 98858
8097 26112 57651 59234 59596 71727 73418 87415 87991 90260 98648
26112 42707 57651 59234 59596 70560 73418 87415 87991 98648
26112 42707 43847 57651 59234 59596 70560 73418 83308 87415 87991 98648
563 26112 42707 43847 57651 59596 70560 73418 79596 83308 87415 87991 98648
26112 42707 43847 48771 58310 59596 73418 77398 79151 83308 87415 87991
19570 42707 43847 59596 73418 76640 77398 83308 87415
19570 20654 43847 68028 68201 77398 78712 80394 81811 83308 87415 87499 99225
19570 20654 28235 35583 38288 43847 68028 68201 77398 78712 80394 83308 87415 87499 97768 99225
19570 20654 28235 28860 35583 43847 68028 68201 78712 83308 87415 87499 97768 99225
19570 20654 28235 28860 35583 37834 43847 54672 68028 68201 68376 78712 83308 87415 87499 97768 99225
13915 20654 28235 28579 28860 35583 37834 43847 47690 68028 68201 68376 72822 78712 83308 83343 86248 87415 87499 88065 97768
2109 13915 28235 28579 28860 35583 36185 37834 43847 47690 68028 68201 68376 72822 78712 83308 83343 86248 87415 87499 88065 97768
13915 28235 28579 28860 35583 37834 38785 42266 43847 46509 68028 68201 68376 72822 78712 83308 83343 86248 87415 87499 87887 88065 91465 97768
5429 13915 20963 28235 28860 37834 38785 42266 43847 45916 64715 68028 68201 68376 72822 74639 78712 80084 83308 86248 87137 87415 87499 87887 88065 91465 97768
5429 13915 20861 20963 28235 28860 37834 38785 42266 43847 45916 64715 68028 68201 68376 69609 72822 74639 78712 80084 83308 86248 87137 87415 87499 87887 88065 91465 97768
5429 13915 20861 20963 28235 28860 37834 38785 42266 43847 45916 54897 68028 68201 68376 74639 78712 80084 83308 86248 87137 87415 87499 87887 88065 91465 97768
5429 13915 20861 26634 28235 30798 37834 38334 38785 42266 43847 45916 54897 68028 68201 68376 74639 78712 80084 83308 86248 87137 87415 87887 88065 91465 93446 97768
13915 20861 26634 28235 30798 30977 37834 38334 38785 42266 43847 45916 48676 68028 68376 70109 78712 80084 83308 86248 87137 87415 87887 88065 91465 93446 97768
2131 2382 13915 20861 26634 27190 28235 30798 30977 38334 38785 43847 46020 48676 50002 50935 51899 68028 68376 70109 73079 74638 78712 80084 86248 87137 87415 87887 90031 91465 93446 95770 97768
2131 2382 13228 13915 26634 27190 28235 30798 30977 38334 38785 43847 46020 48676 50002 50935 51899 56382 68028 68376 70109 73079 74638 78712 80084 86248 87137 87415 87887 90031 91465 93446 95770 97768
2131 2382 13228 13915 26634 27190 28235 30798 30977 38334 38785 43847 46020 48676 50002 51899 52137 52221 56382 68028 68376 73079 74638 78712 80084 86248 87137 87415 87887 90031 91465 93446 95770 97768
2131 2382 3271 3435 6312 9127 13228 13915 22805 26634 27190 28235 28271 30798 30977 38334 38785 47131 48676 50002 52137 52221 55096 61394 68028 68376 73079 74392 74638 78259 80084 83360 86248 87137 87415 87887 90031 91465 93446 95770 96565 97768 99355
2131 3271 3435 6312 9127 9235 13228 13915 14867 17555 17580 22805 26634 27190 28235 28271 30798 30977 36070 38334 38785 48570 48676 50002 52137 52221 52715 55096 55184 61394 68028 68376 73079 74392 74638 78259 83360 86248 86812 87137 87415 87887 90031 91465 93446 95770 96565
2131 3271 6312 9127 9235 13228 13915 14867 17580 22805 26634 27190 28235 28271 30798 30977 36070 38334 38785 48570 48676 50002 52137 52221 52715 55096 55184 68028 68376 73079 74392 74638 78259 83360 86248 86812 87137 87415 87887 90031 91465 93446 95770 96565
2131 5843 6312 8788 9127 9235 11646 13228 13915 14497 14867 17580 22805 26634 27190 28235 28271 30798 30977 36070 38334 38785 40817 44962 48570 49540 50002 52137 52221 52715 55096 55184 56614 58743 68028 68376 73079 74392 74550 74638 74944 83360 86248 86812 87137 87415 87887 90031 91465 93446 95257 95770 96565
