
13013 48634 62049
44544 51867 73981 77246 85344 90145 97326
51867 73981 77246 85344 90145 97326
51867 73981 85344 90145 97326
19113 90145 97326
19113 55966 60547 90145 97326
24320 55966 90145 97326
24320 55966 90145 97326
24320 69415 90145
6950 10383 19585 24320 53666 63633 64055 69415 90145 96459
10383 19585 41847 53666 63633 69415 90145 96459 98257
10383 15187 19585 22218 39206 41847 43891 45527 53666 63633 69415 70244 90145 96459 98257
3644 10383 15187 19585 21922 22218 39206 45527 53666 63633 69415 70244 76234 96459
3644 10383 15187 19585 21922 22218 39206 45527 53666 63633 69415 70244 71520 76234 96459
3644 3830 10383 22218 26314 33199 39206 39831 53666 63633 69415 70244 76234 93157 96459
3644 3830 10383 20318 22218 26314 30845 33199 39206 39831 53666 63633 68989 69391 70244 75303 76234 80405 88096 93157 95539 96459
3644 3830 10383 20318 22218 26314 30845 33199 39206 39831 53666 68989 69391 70244 75303 76234 80405 88096 93157 95539 96459
3644 3830 10383 20318 22218 26314 30845 33199 39206 39831 53666 68989 69391 70244 75303 76234 80405 88096 95539 96459
3644 3830 10383 20318 22218 26314 30845 33199 39206 39831 53666 54847 66320 68989 69391 70244 76234 80405 84049 88096 95539
1118 3830 10383 22218 26314 30845 33199 39206 53666 54847 60774 66320 68989 69391 70244 80405 84049 88096 95539
1118 3830 10383 22218 26314 30845 33199 39206 53666 54847 60774 66320 68989 69391 70244 80405 84049 88096 92083 95539
3830 15476 22218 33199 39206 53666 54847 59887 60774 66320 68989 69391 69420 70244 80405 84049 88096 92083 95539
3830 15476 22218 33199 39206 53666 54847 59887 60774 66320 68989 69391 69420 70244 80405 84049 88096 92083 95539
3830 6377 15476 18629 22218 26738 28557 33199 39206 53666 54847 60774 62558 66320 68989 73097 80405 81633 84049 92083
6377 15476 18629 26738 28557 39206 44744 53666 60774 61793 62558 66320 68989 78433 80405 81633 84049 92083
6377 8933 15476 25721 26738 28557 32230 39206 44744 53666 60774 61793 62558 66320 68989 78433 80405 81633 81793 92083
6377 8933 15476 25721 26738 28557 32230 39206 44744 53666 60774 61793 62558 66320 68989 78433 80405 81633 81793 92083
8933 15432 15476 25528 25721 26738 28557 31563 32230 39206 44744 53666 60774 62558 66320 68989 78433 80405 92083 92189 97478
1465 8933 15432 15476 25528 25721 26738 28557 31563 32230 39206 44744 53666 60774 62558 66320 78433 80405 86845 92083 92189 97478
1465 4818 12080 15432 15476 21482 25528 25721 28557 39206 44744 51398 51642 53666 62474 62558 63093 65028 65188 66525 68873 80405 83650 84706 86810 86845 92083 92189 92795 97478
1465 4818 12080 15432 15476 25721 28557 44744 51642 53666 58224 58368 61884 62474 62558 63093 65028 65188 66525 67684 68873 80405 83650 84706 86810 86845 92083 92189 92795 97478
1465 4818 12080 15432 15476 25721 28557 51642 53666 58224 58368 61884 62474 62558 63093 65028 65188 66525 66804 67684 68873 74632 80405 83650 84706 86810 86845 90424 92083 92795 93473 97478
1465 4818 9094 12080 13679 15476 28557 48792 49447 51642 53666 58224 58368 61884 62474 62558 63093 65028 65497 66525 66804 67684 68873 69906 73668 75969 80405 83650 84706 86810 86845 90424 92083 92795 93733 97478
1465 4818 9094 12080 13679 15476 28557 48792 49447 51642 53666 58224 58368 61884 62474 62558 63093 65028 65497 66525 66804 67684 68873 69906 73668 75969 80405 83650 84706 86810 86845 90424 92083 92795 93733 97478
1465 4818 9094 12080 13679 15476 28557 48792 49447 51642 53666 58224 58368 61884 62474 62558 63093 65028 65497 66525 66804 67684 68873 69906 73668 75969 80405 83650 84706 86810 86845 90424 92083 92795 93733 97478
1465 4818 9094 12080 13679 15476 28557 48792 49447 51642 53666 58224 58368 61884 62474 62558 63093 65028 65497 66525 66804 67684 68873 69906 73668 75969 80405 83650 84706 86810 86845 90424 92083 92795 93733 97478
562 1465 4789 4818 9094 11315 12080 14827 15476 27257 28557 33437 48792 49447 51642 53666 57028 61884 62474 62558 63093 65028 65497 66525 66804 69906 73668 75969 80405 83650 84706 86810 86845 90424 92083 92795 93733 97478
3699 4789 4818 9094 10464 11315 14827 23089 26869 27257 28557 33437 40562 49447 51642 53666 57028 61884 62558 63093 65028 65037 66525 68843 69906 73668 75969 80405 83650 86810 88266 90424 92795 93053 93733 97478
742 3699 4818 9094 11315 14827 27114 27257 28557 29946 33094 33437 35577 43034 49447 51642 52735 53666 57028 61072 61884 62558 63093 65028 66525 68843 69906 70937 73668 75969 79419 83650 83977 86810 87979 88266 92795
742 3699 4818 9094 11315 13398 14827 17180 27114 27257 28557 29946 33094 33437 33554 43034 49447 49460 51642 52735 53666 57028 61072 61884 62558 65425 66525 68843 69906 70570 70937 73668 75969 79419 83650 83977 85287 86810 87979 88266 92795 94935
742 3699 4818 9094 11315 13398 14827 17180 24897 27114 27257 28557 29946 33094 33437 33554 43034 49447 49460 51642 52735 53666 57028 61072 61884 62558 65425 66525 68843 69906 70570 70937 73668 75969 79419 83650 83977 85287 86810 87979 88266 92795 94935
742 3699 4818 9094 11315 13398 14827 17180 24897 27114 27257 28557 29946 33094 33437 33554 43034 46427 49447 49460 51642 52735 53666 57028 61072 61884 62558 65425 66525 68843 69906 70570 70937 73668 75969 79419 83650 83977 85287 86810 87979 88266 92795
742 3699 9094 11315 13398 14827 17180 17209 24897 27114 27257 29946 33094 33554 43034 46427 49447 49460 51642 52735 53666 53874 57028 60231 61072 61884 62558 65425 66525 69906 70937 73668 75969 79419 82500 83977 84462 86810 87979 88266 92795
742 3699 9094 11315 13398 14827 17180 17209 24897 27257 29946 33094 33554 43034 46427 49447 49460 51642 52735 53666 53874 57028 60231 61072 61884 62558 65425 66525 69906 70937 73668 75969 79419 82500 83977 84462 86810 87979 88266 92795
742 3368 3699 9094 11315 13398 14827 16733 17180 17209 24897 27257 29946 31739 33094 33554 37136 43034 46427 49447 49460 51642 52735 53666 53874 57028 61072 61884 62558 65425 66525 67879 69906 70937 71680 73668 74367 75969 79419 82500 84462 86810 87979 88266 89301 92795
742 3368 3699 9094 11315 13398 14827 16733 17180 23817 24897 27257 29946 31739 33094 33554 37136 41906 41974 43034 46427 49447 49460 51007 51642 52735 53666 53874 57028 61072 61713 61884 62558 65425 66525 67879 69906 70937 71680 73668 74367 75969 79419 82500 84462 87979 88266 89301 92795
742 3368 3699 6709 9094 9979 11315 13398 14827 16733 17180 23817 24897 27257 27395 29946 31739 33094 33554 37136 41906 43034 46263 46427 49447 49460 51007 51642 51814 52735 53666 53874 57028 61072 61713 61884 62558 66525 66552 69585 69906 70937 71680 73668 74367 75969 79419 81617 82500 84462 87979 88266 89301 92795
742 3368 3699 6709 9094 9979 11315 13398 14827 16733 17180 23817 24897 27257 27395 29946 31739 33094 33554 37136 41906 43034 46263 46427 49447 49460 51007 51642 51814 52662 52735 53666 53874 57028 61072 61713 61884 62558 66525 66552 69585 69906 70937 71680 73668 74367 75969 79419 81617 82500 84462 87979 88266 89301 92795
742 2031 3368 3699 6709 9979 10842 11315 13398 14827 16733 17180 23817 24897 27257 27395 31739 32723 33094 33554 35786 36618 37136 41906 43034 43336 46263 46427 48721 49447 49460 51007 51642 52662 52735 53666 57028 61072 61713 62013 62558 66525 66552 69585 69906 70937 71680 73668 74367 75969 76491 79419 81617 82500 84462 86740 87979 92795 96366
742 2031 2464 3368 3699 6709 9979 10842 11315 13398 14827 16733 17180 23817 24228 24897 27257 27395 31739 32723 33094 33554 34233 35786 36618 37136 41906 43034 43336 46263 46427 48721 49447 49460 51007 51642 52009 52662 52735 53666 56719 61072 62013 66525 66552 69585 69906 70937 71680 73668 74367 75969 76491 76987 78432 79419 81617 82500 84462 86740 92795 96366
