
93971
62258 78913
54327 60414 84143
60414 78752
60414 78752
69993 73311

89015
89015
11831 29597 53822
9169 11831 13419 29597 42093 53822 86861 90316
11831 13419 29597 46759 53822 56123 62376 78944 86861 94270
2093 11831 13419 29597 46759 53822 56123 78944 86861 87884 92076 94270
11831 13419 46759 53822 56123 78944 87884 92076
1341 11831 29935 30040 30659 36386 47356 56123 64045 71098 73266 78944 87884
1341 11831 14253 27663 30040 30659 47356 59794 64045 68261 68821 73266 74906 78944 95669 96221
1341 11831 14253 15533 27663 30040 30659 32797 36276 47356 59794 60617 64045 68261 68821 73266 74906 78944 95669 96221
1341 9466 27663 30659 32797 36276 47356 59794 60617 68261 68821 73266 74906 78944 87367 92500 95669 96221 96453
1341 9466 27663 30659 32797 36276 47356 59794 68261 68821 73266 74906 74927 78944 87367 92500 96221
1341 9466 29607 30659 32797 36276 44495 47974 55561 58554 59794 68261 68821 71618 73266 74906 74927 78944 87367 92500 96221
858 7954 9466 29607 30659 32797 44495 47974 55561 56809 58554 68261 68821 71618 73266 74906 74927 78944 86214 87367 92500 96221
858 9466 29607 30659 32797 35582 44495 47974 55561 57206 68821 71618 73266 74906 74927 78944 86214 87367 88490 92500 96221
858 21036 27578 29434 29607 30659 32797 34711 35582 42905 47974 54851 57206 61125 68821 69359 71618 74906 78944 86091 86214 87367 88490 92500 96221
858 21036 27578 29434 29607 30659 32797 34711 35582 42905 47974 54851 55985 57206 61125 68821 69359 74906 77324 78049 78944 86091 86214 87367 88490 92500 92500 96605
858 21036 27578 29434 29607 30659 32797 34711 42905 47974 54851 55985 57206 61125 68821 69359 74906 77324 78049 78944 86091 86214 88490 92500 92500 96605
858 5310 5818 12068 12187 17296 21036 21992 24153 27578 29434 29607 30659 32797 42905 47974 53714 54851 55985 57206 61125 68821 69359 76006 78944 83999 86091 88490 92500 92500
858 5310 5818 12068 12187 17296 21036 21992 24153 27578 29434 29607 29861 30659 42905 47974 53714 54851 55985 57206 68821 69359 78944 83999 86091 92500 92500
858 5310 5818 12068 12187 17296 21036 21992 24153 27578 29434 29607 29861 30659 42905 47974 53714 54851 55985 57206 68821 69359 78944 83999 86091 86977 92500 92500
858 5310 12068 12187 12303 17296 21036 24153 27578 28688 29434 29861 29954 30659 35169 42905 43019 44523 48225 50284 54258 54851 55985 57206 68821 75413 76507 78374 78944 79989 84896 86977 92500 92500
640 858 5310 9189 12068 12187 12303 17296 18565 21036 24153 27578 28688 29434 29861 29954 35169 40861 42905 43019 44523 48225 50284 54258 54851 55985 57206 68821 75413 84896 86977 87791 92500 92500 97159
640 858 5310 9189 12068 12187 12303 17296 18565 21036 24153 27578 28688 29434 29861 29954 35169 40861 42905 43019 44523 48225 50284 54258 54851 55985 57206 68821 75413 84896 86977 87791 92500 92500 97159
640 858 5310 9189 12068 12303 17296 18565 21036 24153 27578 28688 29434 29861 29954 35169 40861 43019 44523 46627 48225 50284 54258 54851 55985 57206 68821 68949 72124 75413 84896 86977 87791 92500 92500 95046 97159
640 858 5310 7390 9189 12068 12303 17296 18565 21036 24153 27578 28688 29434 29861 29954 35169 40861 43019 44523 46627 48225 50284 54258 54851 55985 57206 68821 68949 72124 75413 79104 84896 86977 87791 92500 92500 95046 97159
640 858 5310 7390 9189 12068 12303 17296 18565 21036 24153 27578 28688 29434 29861 29954 35169 40861 43019 44523 46627 48225 50284 54258 54851 57206 59104 66547 68821 68949 72124 75413 79104 79996 84896 86977 87791 91463 92500 92500 95046 97159
640 858 5310 7390 9189 12068 12303 17296 18565 21036 24153 27578 28688 29434 29954 35169 40861 43019 44523 45861 46627 48225 50284 54258 54851 57206 59104 66547 68821 68949 72100 72124 75413 78559 79996 84896 86977 87124 87791 91463 92500 92500 95046 97159
640 858 1459 5310 7390 9189 11876 12068 12303 16349 17296 18565 21036 24153 27578 28688 29434 29954 35169 40861 43019 44523 45861 46627 47131 48225 50284 54258 54851 57206 59104 63658 66547 68821 68949 72124 78559 79996 84896 86977 87124 87600 87791 91463 92500 92500 95046
640 858 1459 6323 7390 8763 9189 11876 12068 12303 16349 18565 22943 24153 27578 29954 30786 39139 40861 43372 44523 45861 46627 47131 48225 50284 53147 54258 57206 63658 65663 66547 68821 68949 71471 72124 79996 80348 86977 87124 87600 87791 91463 91838 92500
858 1459 6323 7390 8763 9189 11876 12303 16349 18565 20612 21096 22943 24153 26763 27393 27578 29954 30786 39139 40861 43372 45861 46627 47131 48225 49971 50284 53147 54258 57206 65663 66547 68821 68949 71471 72124 79996 80348 86977 87124 87600 87791 91463 91838 92500
858 1459 6323 7390 8763 9189 11876 12303 14546 16349 18565 20612 21096 22943 24153 26763 27393 27578 30786 39139 40861 43372 45861 46627 47131 48225 49971 50284 53147 54258 57206 65663 66547 68821 68949 71471 72124 79996 80348 86977 87124 87600 87791 91463 91838 92500
65 504 1459 7390 8763 9189 9930 11456 11876 12303 12775 15166 16349 18565 20612 20790 22943 22943 25496 26263 26763 27578 29809 30786 31171 39720 39895 39959 43372 45150 45861 46627 47131 48225 49039 49971 50284 51286 54258 54297 57206 61779 61881 65663 66547 68949 71471 72124 75849 78076 79231 79339 81569 81733 85858 86977 87600 89205 91838 92500
65 504 1459 2495 7390 8763 9189 9930 11876 12303 12354 12775 15166 16349 17954 18565 20612 20790 22943 22943 25496 26263 26763 27578 29809 30786 30959 31171 39720 39895 39959 43372 45150 45861 46627 47131 48225 49039 49971 50284 51286 54258 57206 61779 61881 62656 65663 66547 71471 72124 74290 75849 76921 78076 79231 79339 81733 82087 85858 86977 89205 91838 92500
65 241 2495 5347 7390 8763 9189 9930 11876 12303 12354 12775 15166 16349 17954 18565 20612 22943 22943 25496 26263 26763 27578 29809 30786 30959 31171 39720 39895 39959 40795 43372 45150 45861 46627 47131 48225 49039 49971 50284 51286 51954 52265 52664 54258 57206 61779 61881 65663 66547 71471 72124 75849 76921 78076 79231 79339 81733 82087 85858 86977 89205 91543 91838 92500
65 241 3425 4201 5347 7027 7390 8763 9189 9930 11876 12303 12354 12612 12775 15166 15749 16349 17954 20612 22943 22943 25496 26263 26763 29809 30349 30959 31171 32886 37529 39720 39895 40795 41469 42774 43372 45150 45861 46627 47131 48225 49039 50284 51286 52265 52664 57687 58454 61395 61881 62041 64577 65663 66547 68812 71471 72124 75849 76921 78076 79231 79339 82087 85858 86318 86977 89205 89608 91543 92500 97581
65 241 3425 4201 5347 7027 7390 8763 9189 9930 11876 12303 12354 12775 13550 15166 15749 16349 17954 20612 22943 22943 25496 26263 26763 29809 30959 31171 32886 37529 39720 39895 42274 43372 45150 45861 46627 47131 48225 49039 50284 51286 52934 52969 57687 58454 61395 62041 65663 66547 68812 70535 71471 72124 76921 78076 79231 79339 82087 85858 85917 86977 89205 89608 91543 92500 97581 98694
