-----------------------------
|      |      |      |      |
|      |      |      |      |
|      |      |      |      |
-----------------------------
|      |      |      |      |
|      |      |      |      |
|      |      |      |      |
-----------------------------
|      |      |      |      |
|     2|      |      |      |
|      |      |      |      |
-----------------------------
|      |      |      |      |
|      |      |      |     2|
|      |      |      |      |
-----------------------------
-----------------------------
|      |      |      |      |
|      |     2|      |      |
|      |      |      |      |
-----------------------------
|      |      |      |      |
|      |      |      |      |
|      |      |      |      |
-----------------------------
|      |      |      |      |
|     2|      |      |      |
|      |      |      |      |
-----------------------------
|      |      |      |      |
|     2|      |      |      |
|      |      |      |      |
-----------------------------
-----------------------------
|      |      |      |      |
|      |      |      |     2|
|      |      |      |      |
-----------------------------
|      |      |      |      |
|      |      |      |      |
|      |      |      |      |
-----------------------------
|      |      |      |      |
|      |      |     2|     2|
|      |      |      |      |
-----------------------------
|      |      |      |      |
|      |      |      |     2|
|      |      |      |      |
-----------------------------
-----------------------------
|      |      |      |      |
|      |      |      |     2|
|      |      |      |      |
-----------------------------
|      |      |      |      |
|      |      |      |      |
|      |      |      |      |
-----------------------------
|      |      |      |      |
|      |      |      |     4|
|      |      |      |      |
-----------------------------
|      |      |      |      |
|      |     2|      |     2|
|      |      |      |      |
-----------------------------
-----------------------------
|      |      |      |      |
|      |      |      |      |
|      |      |      |      |
-----------------------------
|      |      |      |      |
|      |      |      |     2|
|      |      |      |      |
-----------------------------
|      |      |      |      |
|     2|      |      |     4|
|      |      |      |      |
-----------------------------
|      |      |      |      |
|      |     2|      |     2|
|      |      |      |      |
-----------------------------
-----------------------------
|      |      |      |      |
|     2|     2|      |     2|
|      |      |      |      |
-----------------------------
|      |      |      |      |
|     2|      |      |     4|
|      |      |      |      |
-----------------------------
|      |      |      |      |
|      |      |      |     2|
|      |      |      |      |
-----------------------------
|      |      |      |      |
|      |      |      |      |
|      |      |      |      |
-----------------------------
-----------------------------
|      |      |      |      |
|      |      |     2|     4|
|      |      |      |      |
-----------------------------
|      |      |      |      |
|      |      |     2|     4|
|      |      |      |      |
-----------------------------
|      |      |      |      |
|     2|      |      |     2|
|      |      |      |      |
-----------------------------
|      |      |      |      |
|      |      |      |      |
|      |      |      |      |
-----------------------------
-----------------------------
|      |      |      |      |
|     2|     4|     2|      |
|      |      |      |      |
-----------------------------
|      |      |      |      |
|     2|     4|      |      |
|      |      |      |      |
-----------------------------
|      |      |      |      |
|     4|      |      |      |
|      |      |      |      |
-----------------------------
|      |      |      |      |
|      |      |      |      |
|      |      |      |      |
-----------------------------
-----------------------------
|      |      |      |      |
|     2|     4|     2|      |
|      |      |      |      |
-----------------------------
|      |      |      |      |
|     2|     4|      |     2|
|      |      |      |      |
-----------------------------
|      |      |      |      |
|     4|      |      |      |
|      |      |      |      |
-----------------------------
|      |      |      |      |
|      |      |      |      |
|      |      |      |      |
-----------------------------
-----------------------------
|      |      |      |      |
|      |      |      |     2|
|      |      |      |      |
-----------------------------
|      |      |      |      |
|      |      |      |      |
|      |      |      |      |
-----------------------------
|      |      |      |      |
|     4|      |      |      |
|      |      |      |      |
-----------------------------
|      |      |      |      |
|     4|     8|     2|     2|
|      |      |      |      |
-----------------------------
-----------------------------
|      |      |      |      |
|     8|     8|     2|     4|
|      |      |      |      |
-----------------------------
|      |      |      |      |
|      |     2|      |      |
|      |      |      |      |
-----------------------------
|      |      |      |      |
|      |      |      |      |
|      |      |      |      |
-----------------------------
|      |      |      |      |
|      |      |      |      |
|      |      |      |      |
-----------------------------
-----------------------------
|      |      |      |      |
|    16|     2|     4|      |
|      |      |      |      |
-----------------------------
|      |      |      |      |
|     2|      |     2|      |
|      |      |      |      |
-----------------------------
|      |      |      |      |
|      |      |      |      |
|      |      |      |      |
-----------------------------
|      |      |      |      |
|      |      |      |      |
|      |      |      |      |
-----------------------------
-----------------------------
|      |      |      |      |
|    16|     2|     4|      |
|      |      |      |      |
-----------------------------
|      |      |      |      |
|     4|      |      |      |
|      |      |      |      |
-----------------------------
|      |      |      |      |
|      |      |      |     2|
|      |      |      |      |
-----------------------------
|      |      |      |      |
|      |      |      |      |
|      |      |      |      |
-----------------------------
-----------------------------
|      |      |      |      |
|    16|     2|     4|      |
|      |      |      |      |
-----------------------------
|      |      |      |      |
|     4|      |      |      |
|      |      |      |      |
-----------------------------
|      |      |      |      |
|     2|      |     2|      |
|      |      |      |      |
-----------------------------
|      |      |      |      |
|      |      |      |      |
|      |      |      |      |
-----------------------------
-----------------------------
|      |      |      |      |
|      |      |      |      |
|      |      |      |      |
-----------------------------
|      |      |      |      |
|    16|      |      |      |
|      |      |      |      |
-----------------------------
|      |      |      |      |
|     4|      |     4|      |
|      |      |      |      |
-----------------------------
|      |      |      |      |
|     2|     2|     2|     2|
|      |      |      |      |
-----------------------------
-----------------------------
|      |      |      |      |
|      |      |      |      |
|      |      |      |      |
-----------------------------
|      |      |      |      |
|    16|      |      |      |
|      |      |      |      |
-----------------------------
|      |      |      |      |
|     8|      |      |      |
|      |      |      |      |
-----------------------------
|      |      |      |      |
|     4|     4|      |     2|
|      |      |      |      |
-----------------------------
-----------------------------
|      |      |      |      |
|      |      |      |      |
|      |      |      |      |
-----------------------------
|      |      |      |      |
|    16|      |      |      |
|      |      |      |      |
-----------------------------
|      |      |      |      |
|     8|      |      |      |
|      |      |      |      |
-----------------------------
|      |      |      |      |
|     8|     2|     2|      |
|      |      |      |      |
-----------------------------
-----------------------------
|      |      |      |      |
|     2|      |      |      |
|      |      |      |      |
-----------------------------
|      |      |      |      |
|    16|      |      |      |
|      |      |      |      |
-----------------------------
|      |      |      |      |
|     8|      |      |      |
|      |      |      |      |
-----------------------------
|      |      |      |      |
|     8|     4|      |      |
|      |      |      |      |
-----------------------------
-----------------------------
|      |      |      |      |
|     2|      |      |      |
|      |      |      |      |
-----------------------------
|      |      |      |      |
|    16|      |      |      |
|      |      |      |      |
-----------------------------
|      |      |      |      |
|     8|      |      |      |
|      |      |      |      |
-----------------------------
|      |      |      |      |
|     8|     4|      |     2|
|      |      |      |      |
-----------------------------
-----------------------------
|      |      |      |      |
|      |      |     2|      |
|      |      |      |      |
-----------------------------
|      |      |      |      |
|     2|      |      |      |
|      |      |      |      |
-----------------------------
|      |      |      |      |
|    16|      |      |      |
|      |      |      |      |
-----------------------------
|      |      |      |      |
|    16|     4|      |     2|
|      |      |      |      |
-----------------------------
-----------------------------
|      |      |      |      |
|     2|     4|     2|     2|
|      |      |      |      |
-----------------------------
|      |      |      |      |
|    32|     2|      |      |
|      |      |      |      |
-----------------------------
|      |      |      |      |
|      |      |      |      |
|      |      |      |      |
-----------------------------
|      |      |      |      |
|      |      |      |      |
|      |      |      |      |
-----------------------------
-----------------------------
|      |      |      |      |
|      |     2|     4|     4|
|      |      |      |      |
-----------------------------
|      |      |      |      |
|      |      |    32|     2|
|      |      |      |      |
-----------------------------
|      |      |      |      |
|      |      |      |      |
|      |      |      |      |
-----------------------------
|      |      |      |      |
|      |      |      |     2|
|      |      |      |      |
-----------------------------
-----------------------------
|      |      |      |      |
|     2|     4|     2|     2|
|      |      |      |      |
-----------------------------
|      |      |      |      |
|    32|     2|      |      |
|      |      |      |      |
-----------------------------
|      |      |      |      |
|      |      |      |      |
|      |      |      |      |
-----------------------------
|      |      |      |      |
|      |      |      |      |
|      |      |      |      |
-----------------------------
-----------------------------
|      |      |      |      |
|     2|     4|     4|      |
|      |      |      |      |
-----------------------------
|      |      |      |      |
|    32|     2|      |      |
|      |      |      |      |
-----------------------------
|      |      |      |      |
|      |      |      |      |
|      |      |      |      |
-----------------------------
|      |      |      |      |
|      |     2|      |      |
|      |      |      |      |
-----------------------------
-----------------------------
|      |      |      |      |
|     2|     8|      |      |
|      |      |      |      |
-----------------------------
|      |      |      |      |
|    32|     2|      |      |
|      |      |      |      |
-----------------------------
|      |      |      |      |
|      |     2|      |      |
|      |      |      |      |
-----------------------------
|      |      |      |      |
|     2|      |      |      |
|      |      |      |      |
-----------------------------
-----------------------------
|      |      |      |      |
|     2|      |      |      |
|      |      |      |      |
-----------------------------
|      |      |      |      |
|     2|      |      |      |
|      |      |      |      |
-----------------------------
|      |      |      |      |
|    32|     8|      |      |
|      |      |      |      |
-----------------------------
|      |      |      |      |
|     2|     4|      |      |
|      |      |      |      |
-----------------------------
-----------------------------
|      |      |      |      |
|      |      |     2|     2|
|      |      |      |      |
-----------------------------
|      |      |      |      |
|      |      |      |     2|
|      |      |      |      |
-----------------------------
|      |      |      |      |
|      |      |    32|     8|
|      |      |      |      |
-----------------------------
|      |      |      |      |
|      |      |     2|     4|
|      |      |      |      |
-----------------------------
-----------------------------
|      |      |      |      |
|     2|      |     2|     4|
|      |      |      |      |
-----------------------------
|      |      |      |      |
|      |      |    32|     8|
|      |      |      |      |
-----------------------------
|      |      |      |      |
|      |      |     2|     4|
|      |      |      |      |
-----------------------------
|      |      |      |      |
|      |      |      |      |
|      |      |      |      |
-----------------------------
-----------------------------
|      |      |      |      |
|      |      |      |      |
|      |      |      |      |
-----------------------------
|      |      |      |      |
|      |      |     2|     4|
|      |      |      |      |
-----------------------------
|      |      |      |      |
|      |      |    32|     8|
|      |      |      |      |
-----------------------------
|      |      |      |      |
|     2|     2|     2|     4|
|      |      |      |      |
-----------------------------
-----------------------------
|      |      |      |      |
|     2|      |     2|     4|
|      |      |      |      |
-----------------------------
|      |      |      |      |
|      |      |    32|     8|
|      |      |      |      |
-----------------------------
|      |      |      |      |
|      |      |     2|     4|
|      |      |      |      |
-----------------------------
|      |      |      |      |
|      |      |      |      |
|      |      |      |      |
-----------------------------
-----------------------------
|      |      |      |      |
|      |      |      |      |
|      |      |      |      |
-----------------------------
|      |      |      |      |
|     2|      |     2|     4|
|      |      |      |      |
-----------------------------
|      |      |      |      |
|      |      |    32|     8|
|      |      |      |      |
-----------------------------
|      |      |      |      |
|     2|      |     2|     4|
|      |      |      |      |
-----------------------------
-----------------------------
|      |      |      |      |
|      |      |      |      |
|      |      |      |      |
-----------------------------
|      |      |      |      |
|      |      |     4|     4|
|      |      |      |      |
-----------------------------
|      |      |      |      |
|      |     2|    32|     8|
|      |      |      |      |
-----------------------------
|      |      |      |      |
|      |      |     4|     4|
|      |      |      |      |
-----------------------------
