6544 9904
9904 1690 489 8343 2356 2859
489 8343 2859
489 8343 2859 6070
489 8343 6070 3113 3040 838 4364
489 8343 6070 3113 3040 838 4364
489 8343 3113 838 4364 789 4622 1255 9557
489 8343 3113 838 4364 789 4622 1255
489 8343 3113 838 4364 4622 1255 2168
489 8343 3113 838 4364 4622 1255 2168 3107 5250
838 3107 5250 7578 5704 1168 3103 5222 4549
838 3103 5222 4549 7046 1576 6156 4082 2362 4024 9307 59 918 479 8945 1817
838 3103 5222 4549 7046 1576 6156 4082 2362 4024 9307 59 918 479 8945 6813 9137
838 3103 5222 4549 7046 1576 6156 4082 2362 4024 9307 59 918 479 8945 6813 9137
838 3103 5222 4549 7046 6156 4082 2362 4024 9307 59 918 479 8945 6813 9137 2084 9462
838 3103 5222 7046 6156 2362 4024 9307 59 918 479 8945 9137 2084 9462 1279 5360 3009 3873 7735 5027
838 3103 5222 7046 6156 2362 4024 9307 59 918 479 8945 9137 2084 9462 1279 5360 3009 3873 7735 5027 3707 7093 1213 801
838 3103 5222 7046 6156 2362 4024 59 479 8945 9137 9462 1279 5360 3009 3873 7735 5027 3707 7093 1213 801 2381 8427 3638
838 3103 5222 7046 6156 2362 59 479 8945 9137 9462 1279 5360 3009 3873 7735 5027 3707 1213 801 2381 8427 3638
838 3103 5222 7046 6156 2362 59 479 9137 9462 1279 5360 3009 3873 7735 5027 3707 1213 801 2381 8427 3638
838 3103 5222 7046 6156 2362 59 479 9462 1279 5360 3009 3873 7735 5027 3707 1213 801 2381 8427 3638 8539 7893 7405 3142 3636
838 3103 5222 7046 6156 2362 59 479 9462 1279 5360 3009 3873 7735 5027 3707 1213 801 2381 8427 3638 8539 7893 7405 3142 3636
838 3103 5222 7046 6156 2362 59 479 9462 5360 3009 3873 3707 1213 801 2381 8427 3638 8539 7893 3142 3636 4551 8430 7122 9097 8216 6085 6945
838 3103 5222 7046 6156 2362 59 479 5360 3009 3873 1213 801 2381 8427 3638 8539 3142 3636 4551 8430 7122 9097 8216 6945 2236 5411 200
838 3103 7046 6156 59 5360 3009 3873 1213 801 2381 3638 8539 3142 3636 4551 8430 9097 8216 6945 2236 5411 200 4368 2621 7835 2123 9363 8837 7755
838 3103 7046 6156 59 5360 3009 3873 1213 801 2381 3638 8539 3142 3636 4551 8430 9097 8216 6945 2236 5411 200 4368 2621 7835 2123 9363 8837 7755
838 3103 7046 59 5360 3009 3873 1213 801 2381 3638 3142 3636 4551 8430 9097 8216 6945 2236 5411 4368 2621 7835 9363 8837 7755 3023 7544
838 3103 7046 59 5360 3009 3873 1213 801 2381 3638 3142 4551 8430 9097 8216 6945 2236 5411 4368 2621 7835 9363 8837 7755 3023 1865 5717 5128
3103 7046 59 5360 3009 1213 801 2381 3638 3142 4551 9097 8216 6945 2236 5411 4368 7835 9363 8837 3023 1865 5128 6864 7453 5149 919 7464 4082 6637 1712 5618 697 8736 3314 4859 7856
