9109 4540 2732 5422 4868 1121 156
9109 4540 5422 4868 1121 1716 6076 2602
9109 4540 5422 4868 1121 1716 6076 2602
9109 4868 1121 1716 2602 6901 3916 2660 6371
4868 1716 6901 6371 5926 8063 6786 7569 1977 3264 8873 252 2357
4868 1716 6371 5926 8063 6786 7569 1977 3264 8873 252 2357 3222 8602 3817 8007 7055
4868 6371 5926 8063 6786 7569 1977 3264 8873 252 2357 3222 8602 8007 5778 3857 8755 731 4278 2882 4037 576
4868 6371 5926 8063 7569 1977 3264 8873 252 2357 3222 8007 5778 3857 731 4278 2882 4037 576 7882 1624 1178 7294 787 6208
4868 6371 5926 8063 7569 1977 3264 8873 252 2357 8007 5778 3857 731 4278 2882 4037 576 7882 1624 1178 7294 787 6208 4904 3903
4868 5926 8063 7569 1977 8873 252 2357 8007 3857 731 4278 2882 4037 576 7882 1624 1178 7294 787 6208 4904 1281 4677 3482
4868 5926 8063 7569 1977 8873 252 2357 8007 3857 731 4278 2882 4037 576 7882 1178 7294 787 6208 4904 1281 4677 3482 5668 6049 8176 3079
4868 5926 1977 8873 252 8007 3857 731 4278 2882 4037 576 7882 1178 7294 787 6208 4904 4677 5668 6049 3079 4341 2946 4595 5920 974 5483 2145
4868 5926 1977 8873 8007 731 4278 2882 4037 7882 1178 7294 6208 4904 4677 5668 6049 3079 4341 2946 5920 974 5483 2145 6827 408 2621
4868 5926 1977 8873 731 4278 2882 7882 1178 7294 6208 4904 4677 5668 3079 4341 2946 5920 5483 2145 6827 408 3694 2746 6987
4868 5926 1977 8873 731 4278 2882 7882 1178 7294 6208 4904 4677 5668 3079 4341 2946 5920 5483 2145 6827 408 3694 2746 6987 916 3342 8696
4868 5926 1977 8873 731 4278 2882 7882 1178 7294 6208 4904 4677 5668 3079 2946 5920 5483 2145 6827 408 3694 2746 6987 916 3342 8696
4868 5926 1977 8873 731 4278 2882 7882 1178 7294 6208 4904 4677 5668 3079 2946 5920 5483 2145 6827 408 3694 2746 6987 916 3342 8696
4868 5926 1977 8873 731 4278 2882 1178 7294 6208 4904 4677 5668 3079 5920 5483 2145 6827 408 3694 6987 916 3342 8696 1258 9300 8577 6092 2115 7137 9507 6240
4868 5926 1977 8873 731 4278 2882 7294 6208 4904 4677 5668 3079 5920 5483 2145 6827 408 3694 6987 916 3342 8696 1258 9300 8577 6092 2115 7137 9507 6240 3851 7752 7517 4091 1564 9974 2892
4868 5926 1977 8873 731 4278 2882 7294 6208 4904 4677 5668 3079 5920 5483 2145 6827 408 3694 6987 916 3342 8696 1258 9300 8577 6092 2115 7137 9507 6240 3851 7752 7517 4091 1564 9974 2892 6680 1955 406 6125
4868 5926 1977 8873 4278 2882 7294 6208 4904 4677 5668 3079 5920 2145 6827 408 3694 6987 916 3342 8696 1258 9300 8577 6092 2115 7137 9507 6240 3851 7752 7517 4091 1564 9974 2892 1955 406 6557 7112 8853 5741 8631 4294 9024
4868 5926 1977 8873 4278 2882 7294 6208 4904 4677 5668 3079 5920 2145 6827 408 3694 6987 916 3342 8696 1258 9300 8577 6092 2115 7137 9507 6240 3851 7517 4091 1564 9974 2892 1955 406 6557 7112 8853 5741 8631 4294 9024 5504 2805 6426 8194
4868 5926 1977 8873 4278 2882 7294 6208 4904 4677 3079 5920 2145 6827 408 6987 916 3342 9300 6092 2115 7137 9507 6240 3851 7517 9974 1955 406 6557 8853 5741 8631 4294 9024 5504 2805 6426 8194 9387 3610 6018 793 7633 8697 8932 1902 4550 8604 6585 634 8999 4374 6117 7591 2491 8962 9285 5406 2355
4868 5926 1977 8873 4278 2882 7294 6208 4904 4677 3079 5920 2145 6827 408 6987 916 3342 9300 6092 2115 7137 9507 6240 3851 7517 9974 1955 406 6557 8853 5741 8631 9024 5504 2805 6426 9387 3610 6018 793 7633 8697 8932 1902 4550 8604 6585 634 8999 4374 6117 7591 2491 8962 9285 5406 2355 9854 3013 3494 5748 5713 4813
4868 5926 1977 8873 4278 2882 7294 4904 4677 3079 5920 2145 6827 408 6987 916 3342 9300 6092 2115 7137 9507 3851 7517 9974 1955 406 6557 8853 5741 8631 5504 2805 6426 9387 3610 6018 793 7633 8697 8932 1902 4550 6585 634 8999 4374 6117 7591 2491 8962 9285 5406 2355 9854 3013 3494 5748 5713 9487 3183
4868 5926 1977 8873 4278 2882 7294 4904 4677 3079 5920 2145 6827 408 6987 916 3342 9300 6092 2115 7137 9507 3851 7517 9974 1955 406 6557 8853 5741 8631 5504 2805 6426 9387 3610 6018 793 7633 8697 8932 1902 4550 6585 634 8999 4374 6117 7591 2491 8962 9285 5406 2355 9854 3013 3494 5748 5713 9487 3183 476 1269 4486 12
4868 5926 1977 8873 4278 2882 7294 4904 4677 3079 5920 2145 6827 408 6987 916 3342 9300 6092 2115 7137 9507 3851 7517 9974 1955 406 6557 8853 5741 8631 5504 2805 6426 9387 3610 6018 793 7633 8697 8932 1902 4550 6585 634 8999 4374 7591 2491 8962 9285 5406 2355 9854 3013 3494 5748 5713 9487 3183 476 1269 4486 12 1373 3763 1237 5128 926 5442 3664 5143
4868 5926 1977 8873 4278 2882 7294 4904 3079 5920 2145 6827 408 6987 916 3342 9300 6092 2115 7137 9507 3851 7517 9974 1955 406 6557 8853 5741 8631 5504 2805 6426 9387 3610 6018 793 7633 8697 8932 1902 4550 6585 634 8999 4374 7591 2491 8962 9285 5406 2355 9854 3013 3494 5748 5713 9487 3183 476 1269 4486 12 1373 3763 1237 5128 926 5442 3664 5143 1221 2085 8829
4868 5926 1977 8873 4278 2882 7294 4904 5920 2145 6827 408 6987 916 3342 9300 6092 2115 7137 9507 7517 9974 1955 406 6557 8853 5741 8631 5504 2805 6426 9387 3610 6018 793 7633 8697 8932 1902 4550 6585 634 8999 4374 7591 2491 8962 9285 5406 2355 9854 3013 3494 5748 5713 9487 3183 476 1269 4486 12 1373 3763 1237 5128 926 5442 3664 5143 1221 2085 8829 4421 1181 778 2816 1601
4868 5926 1977 8873 4278 2882 7294 4904 5920 6827 6987 916 3342 9300 6092 2115 7137 9507 9974 1955 406 6557 8853 5741 8631 5504 2805 6426 9387 3610 6018 793 7633 8697 8932 1902 4550 6585 634 8999 4374 7591 2491 8962 9285 5406 2355 9854 3494 5748 5713 9487 3183 476 1269 4486 12 1373 3763 1237 5128 926 5442 3664 5143 1221 2085 8829 4421 1181 2816 1601 7055 1637
4868 5926 1977 8873 4278 2882 7294 4904 5920 6827 6987 916 3342 9300 6092 2115 7137 9507 9974 1955 406 6557 8853 5741 8631 5504 2805 6426 9387 3610 6018 793 7633 8697 8932 1902 4550 6585 634 8999 4374 7591 2491 8962 9285 5406 2355 9854 3494 5748 5713 9487 3183 476 1269 4486 12 1373 3763 1237 5128 926 5442 3664 5143 1221 2085 8829 4421 1181 2816 1601 7055 1637 2376
4868 5926 1977 8873 4278 2882 7294 4904 5920 6827 6987 916 3342 9300 6092 2115 7137 9507 9974 1955 406 6557 8853 5741 8631 5504 6426 9387 3610 6018 793 7633 8697 8932 4550 6585 634 8999 4374 7591 2491 8962 5406 2355 9854 3494 5748 5713 9487 3183 476 1269 4486 12 1373 3763 1237 5128 926 5442 3664 5143 1221 2085 8829 4421 1181 2816 1601 7055 1637 2376 9110
4868 5926 1977 8873 4278 2882 7294 4904 5920 6827 6987 916 3342 9300 6092 2115 7137 9507 9974 1955 406 6557 8853 5741 8631 5504 6426 3610 6018 793 7633 8697 8932 4550 634 8999 4374 7591 2491 8962 5406 2355 9854 3494 5748 5713 9487 3183 476 1269 4486 12 1373 3763 1237 926 5442 3664 5143 1221 2085 8829 4421 1181 2816 1601 7055 1637 2376 9110 5004 2662
4868 5926 1977 8873 4278 2882 7294 4904 6827 6987 916 3342 9300 6092 2115 7137 9507 9974 1955 406 8853 5741 8631 5504 6426 3610 7633 8697 8932 4550 634 8999 4374 7591 2491 8962 5406 2355 9854 3494 5748 5713 9487 1269 4486 12 1373 3763 1237 926 3664 5143 1221 2085 8829 4421 1181 2816 1601 7055 1637 2376 9110 2662 1804 6078 959 3659 3861 9573 8840
4868 5926 1977 8873 4278 2882 4904 6827 6987 916 3342 6092 2115 7137 9507 9974 1955 406 8853 5741 8631 5504 6426 3610 7633 8697 8932 4550 634 8999 4374 7591 8962 5406 2355 9854 3494 5748 5713 9487 1269 4486 12 1373 3763 926 3664 5143 1221 2085 4421 2816 1601 7055 1637 9110 2662 1804 959 3659 3861 9573 8840 5970 8013 5221 9142 4798 5283 1012 5292 1789 2886 5246 5014 4124 2711 9771 6986 8552 7389 2845 9197
4868 5926 1977 8873 4278 2882 4904 6827 6987 916 3342 6092 2115 7137 9507 9974 1955 406 8853 5741 8631 5504 6426 3610 7633 8697 8932 4550 634 8999 4374 7591 8962 5406 2355 3494 5748 9487 1269 4486 12 1373 3763 926 3664 5143 1221 2085 4421 2816 1601 7055 1637 9110 2662 1804 959 3659 3861 9573 8840 5970 8013 5221 9142 4798 5283 1012 5292 1789 2886 5014 4124 2711 9771 6986 8552 7389 2845 9197 181 1259
4868 5926 1977 8873 4278 2882 4904 6827 6987 3342 6092 2115 7137 9507 9974 1955 406 8853 5741 8631 5504 6426 3610 7633 8697 4550 634 8999 4374 7591 8962 5406 2355 3494 5748 9487 1269 4486 12 1373 3763 926 5143 1221 2085 4421 1601 7055 1637 9110 1804 959 3659 3861 9573 8840 5970 8013 5221 9142 4798 5283 1012 5292 1789 2886 5014 2711 9771 6986 8552 7389 2845 9197 181 1259 2754 5802 9268 9698 398 6892 2871 4062 4285 8446 4368
4868 5926 1977 8873 4278 2882 4904 6827 6987 3342 6092 2115 7137 9507 9974 1955 406 8853 5741 8631 5504 6426 3610 7633 8697 4550 634 8999 4374 7591 8962 5406 2355 3494 5748 9487 1269 4486 12 1373 3763 926 5143 1221 2085 4421 1601 7055 1637 9110 1804 959 3659 3861 9573 8840 5970 8013 5221 9142 4798 5283 1012 5292 1789 2886 5014 2711 9771 6986 8552 7389 2845 9197 181 1259 2754 5802 9268 9698 398 6892 2871 4062 4285 8446 4368
