79456 4048
79456 4048 79291 82134
79456 79291 82134 154 95387 96119
79456 79291 96119 22615 31564 97641
79291 97641 89935 89268 43916 46267 56662 20214 45783 95215 57099
79291 97641 89935 89268 43916 46267 56662 20214 45783 95215 57099
79291 97641 89935 89268 43916 46267 56662 20214 45783 95215 57099 39188
97641 89935 89268 43916 46267 56662 20214 45783 95215 57099 39188 84497
97641 89935 43916 46267 56662 20214 45783 95215 57099 39188 84497 71334
97641 43916 20214 45783 95215 39188 84497 3750 40397 77138 78611 83115 71621 83900 19936 7823 69069
97641 43916 20214 45783 95215 39188 84497 3750 40397 77138 78611 83115 71621 83900 19936 7823 67916 61591
97641 43916 20214 95215 84497 3750 40397 77138 78611 83115 71621 83900 19936 67916 95580 64291 91111
97641 43916 20214 95215 84497 3750 40397 78611 83115 71621 83900 19936 67916 95580 64291
43916 20214 95215 84497 3750 40397 83115 71621 83900 19936 95580 64291 87464 46448 95207 39409 27671 63802 85161 72278 7816 84012 46263 4088
43916 20214 95215 3750 40397 83115 71621 19936 95580 64291 87464 46448 39409 27671 63802 85161 72278 7816 84012 46263 4088 68303 19167 37617
43916 20214 95215 3750 83115 71621 19936 64291 87464 46448 27671 72278 7816 84012 46263 4088 68303 19167 37617 54621 70259 74546 60466 45338 72870 30177 22860 23684 78158
43916 3750 83115 71621 19936 87464 46448 7816 84012 46263 4088 68303 19167 37617 70259 74546 60466 45338 72870 30177 22860 23684 78158 21098 70768 62115 80448 81146 83583 73934 94937 62139 27290
43916 3750 83115 71621 19936 87464 46448 7816 84012 46263 4088 68303 19167 37617 70259 74546 60466 45338 72870 30177 22860 23684 78158 21098 70768 62115 80448 81146 73934 94937 62139 27290
43916 3750 83115 71621 19936 87464 46448 7816 84012 4088 68303 19167 37617 70259 74546 60466 45338 72870 30177 22860 23684 21098 62115 80448 81146 73934 94937 62139 27290 73549 7421 92348
43916 3750 83115 71621 87464 46448 7816 84012 4088 68303 19167 37617 70259 74546 60466 45338 72870 22860 23684 21098 62115 80448 81146 73934 94937 27290 73549 7421 92348 88098 61151
43916 3750 83115 71621 87464 46448 7816 4088 68303 19167 37617 70259 74546 60466 45338 72870 22860 21098 62115 80448 81146 73934 94937 27290 73549 7421 88098 61151 36858 14986 41148 37640 48412
43916 3750 83115 71621 87464 46448 7816 4088 68303 19167 37617 70259 74546 60466 45338 72870 22860 21098 62115 80448 81146 73934 94937 27290 73549 7421 88098 61151 36858 14986 41148 37640 48412
43916 3750 83115 71621 87464 46448 7816 68303 19167 70259 60466 45338 72870 22860 21098 62115 80448 81146 73934 94937 27290 73549 7421 88098 61151 36858 14986 41148 37640 48412 91970 80903 14157 96651
43916 3750 83115 71621 87464 46448 7816 68303 19167 70259 60466 45338 72870 22860 21098 62115 80448 81146 73934 94937 27290 73549 7421 88098 61151 36858 14986 41148 37640 48412 91970 80903 14157 96651
43916 3750 83115 19167 70259 60466 45338 72870 62115 81146 27290 73549 88098 61151 36858 14986 37640 91970 14157 96651 49430 83182 60073 39936 38370 56527 3315 20714 87936 75493 84294
43916 3750 83115 19167 70259 60466 45338 72870 62115 81146 27290 73549 88098 61151 36858 14986 37640 91970 14157 96651 49430 83182 39936 38370 56527 3315 20714 87936 75493 84294 23228 74011
43916 83115 19167 70259 72870 62115 81146 27290 73549 88098 61151 14986 37640 91970 96651 49430 39936 38370 20714 87936 75493 74011 29713 16316 52107 90827 29960 90377 61616 45472 39648 89804 42339 41092 67749 48170 58418 11755 91085
43916 83115 19167 70259 72870 62115 81146 27290 73549 88098 61151 14986 37640 91970 96651 49430 39936 38370 20714 87936 75493 74011 29713 16316 52107 90827 29960 90377 61616 45472 39648 89804 42339 41092 67749 48170 58418 11755 91085 256 31929 92919 14554
43916 83115 19167 70259 72870 62115 81146 27290 73549 88098 61151 14986 37640 91970 96651 49430 39936 38370 20714 87936 75493 74011 29713 16316 52107 90827 29960 90377 61616 45472 39648 89804 42339 41092 67749 48170 58418 11755 91085 256 31929 92919 14554 16425 4958 98490 81468 74277
43916 83115 19167 70259 72870 62115 81146 27290 73549 88098 61151 14986 37640 91970 96651 49430 39936 38370 20714 87936 75493 74011 29713 16316 52107 90827 29960 90377 61616 45472 39648 89804 42339 41092 67749 48170 58418 11755 91085 256 31929 92919 14554 16425 4958 98490 81468 74277 48372 50774
43916 83115 70259 72870 62115 81146 27290 73549 88098 61151 14986 91970 96651 49430 39936 87936 75493 74011 29713 16316 52107 90827 29960 90377 61616 45472 39648 89804 42339 67749 48170 58418 11755 91085 256 92919 14554 16425 4958 98490 81468 74277 48372 50774 5553 31933 14040 26346 88652 51685 90698 15007
43916 83115 70259 72870 62115 81146 27290 73549 88098 61151 14986 91970 49430 39936 87936 75493 74011 29713 16316 52107 90827 29960 90377 61616 45472 39648 89804 42339 67749 48170 58418 11755 256 92919 14554 16425 4958 98490 81468 74277 48372 50774 5553 31933 14040 26346 88652 51685 90698 15007 29448 87967
43916 83115 70259 72870 62115 81146 27290 73549 88098 61151 14986 91970 49430 39936 87936 75493 74011 29713 16316 52107 90827 29960 90377 61616 45472 39648 89804 42339 67749 48170 58418 11755 256 92919 14554 16425 4958 98490 81468 74277 48372 50774 5553 31933 14040 26346 88652 51685 90698 15007 29448 87967 13941
43916 83115 70259 72870 62115 81146 27290 88098 61151 14986 91970 49430 39936 87936 75493 74011 29713 16316 52107 90827 29960 90377 61616 45472 39648 89804 42339 67749 48170 58418 11755 256 92919 14554 16425 4958 98490 81468 74277 48372 50774 5553 14040 26346 88652 51685 90698 15007 29448 87967 13941 20991 15183 34803 58243
43916 83115 70259 72870 62115 81146 27290 88098 61151 14986 91970 49430 39936 87936 75493 74011 29713 16316 52107 90827 29960 90377 61616 45472 39648 89804 42339 67749 48170 58418 11755 256 92919 14554 16425 98490 81468 74277 50774 5553 14040 26346 88652 51685 90698 15007 29448 87967 13941 20991 15183 34803 58243 36759 5325 5748 67742 64054
43916 83115 70259 72870 62115 81146 27290 88098 61151 14986 91970 49430 39936 87936 75493 74011 29713 16316 52107 90827 29960 90377 61616 45472 89804 42339 67749 48170 58418 11755 92919 14554 16425 98490 81468 74277 50774 5553 14040 26346 88652 90698 15007 29448 87967 13941 20991 15183 34803 58243 36759 5325 5748 67742 64054 91919 4479
43916 83115 70259 72870 62115 81146 27290 88098 61151 14986 91970 49430 39936 87936 75493 74011 29713 16316 52107 90827 29960 90377 61616 45472 89804 42339 48170 58418 11755 92919 14554 16425 98490 81468 74277 50774 5553 14040 26346 88652 90698 15007 29448 87967 13941 20991 15183 34803 58243 36759 5325 5748 67742 64054 91919 4479 2907 5880 93860 96890 44691 47459 52845
43916 83115 70259 72870 62115 27290 88098 61151 14986 91970 49430 39936 87936 75493 74011 29713 16316 52107 90827 29960 90377 61616 45472 89804 42339 48170 58418 11755 92919 14554 16425 98490 81468 74277 50774 5553 14040 26346 88652 90698 15007 29448 87967 20991 15183 34803 58243 36759 5325 5748 67742 64054 91919 4479 2907 5880 93860 96890 44691 47459 52845 17797 89999 87353 13213 83844 73221
43916 83115 70259 72870 62115 27290 88098 61151 14986 91970 49430 39936 87936 75493 74011 29713 16316 52107 29960 90377 61616 45472 89804 42339 48170 58418 14554 16425 81468 74277 50774 5553 14040 26346 88652 90698 15007 29448 87967 20991 15183 34803 58243 36759 5325 67742 64054 91919 4479 2907 5880 93860 96890 44691 47459 52845 17797 89999 87353 13213 83844 73221 84038
43916 83115 70259 72870 62115 27290 88098 61151 14986 91970 49430 39936 87936 75493 74011 29713 16316 52107 90377 61616 45472 89804 42339 48170 58418 14554 16425 81468 74277 50774 5553 14040 26346 88652 90698 15007 29448 87967 20991 15183 34803 58243 36759 5325 67742 64054 91919 4479 2907 5880 93860 96890 44691 47459 52845 17797 89999 87353 13213 83844 73221 84038 61706 21455
83115 70259 72870 27290 88098 61151 14986 91970 49430 39936 87936 75493 29713 16316 52107 90377 61616 45472 42339 48170 58418 14554 81468 26346 88652 90698 15007 29448 87967 20991 15183 34803 58243 36759 67742 91919 4479 2907 93860 96890 44691 47459 52845 17797 89999 87353 13213 83844 84038 61706 21455 73474 49256 752 31528 27364 1235 35426 42516 65480 27420 90255 92647 98126 86173 23893 64083 18551 22511 21511
83115 70259 72870 27290 88098 61151 14986 91970 49430 39936 87936 75493 29713 16316 52107 90377 61616 45472 42339 48170 58418 14554 81468 26346 88652 90698 15007 29448 87967 20991 15183 34803 58243 36759 67742 91919 4479 2907 93860 96890 44691 47459 52845 17797 89999 87353 13213 83844 84038 61706 21455 73474 49256 752 31528 27364 1235 35426 42516 65480 27420 90255 92647 98126 86173 23893 64083 18551 22511 21511
83115 70259 72870 27290 88098 61151 14986 91970 49430 39936 87936 75493 29713 16316 52107 90377 61616 45472 42339 48170 58418 14554 81468 26346 88652 90698 15007 29448 87967 20991 15183 34803 58243 36759 67742 91919 4479 2907 93860 96890 44691 47459 52845 17797 89999 87353 13213 83844 84038 61706 21455 73474 49256 752 31528 27364 1235 35426 42516 65480 27420 90255 92647 98126 86173 23893 64083 18551 22511 21511 4009 71500 84485
83115 70259 72870 27290 88098 61151 14986 91970 39936 87936 75493 29713 16316 52107 90377 61616 42339 48170 58418 14554 81468 26346 88652 90698 15007 29448 87967 20991 15183 34803 58243 36759 67742 91919 4479 2907 93860 96890 44691 47459 17797 89999 87353 13213 83844 84038 61706 21455 49256 31528 27364 35426 42516 65480 27420 90255 92647 98126 86173 23893 64083 18551 22511 21511 4009 71500 84485 12731 98522 73905 65371 59222 34107 55598
83115 70259 72870 27290 88098 61151 14986 91970 39936 87936 75493 29713 52107 90377 61616 42339 58418 14554 81468 26346 88652 90698 15007 29448 87967 20991 15183 34803 58243 36759 67742 4479 2907 44691 47459 17797 89999 87353 13213 83844 61706 21455 49256 31528 27364 35426 65480 90255 92647 98126 86173 64083 18551 22511 21511 4009 71500 84485 12731 98522 73905 65371 59222 55598 54389 32617 41941 4905 91228 99714 22311 55697 69179 14227 65675 92084 77143 94952 1960 77509 98689 68660 63674
83115 70259 72870 27290 88098 61151 14986 91970 39936 87936 75493 29713 52107 90377 61616 42339 58418 14554 81468 26346 88652 90698 15007 29448 87967 20991 15183 34803 58243 36759 67742 4479 2907 44691 47459 17797 89999 87353 13213 83844 61706 21455 49256 31528 27364 35426 65480 90255 92647 98126 86173 64083 18551 22511 21511 4009 71500 84485 12731 98522 73905 65371 59222 55598 54389 32617 41941 4905 91228 99714 22311 55697 69179 14227 65675 92084 77143 94952 1960 77509 98689 68660 63674
70259 72870 27290 88098 61151 14986 91970 39936 87936 75493 52107 90377 61616 42339 58418 14554 81468 26346 88652 90698 15007 29448 87967 20991 15183 34803 58243 36759 4479 17797 89999 87353 83844 61706 21455 31528 27364 35426 65480 90255 92647 98126 86173 64083 18551 22511 21511 4009 71500 84485 98522 73905 65371 59222 32617 4905 99714 22311 55697 69179 14227 65675 92084 77143 1960 77509 98689 68660 63674 47437 5645 44924 29093 48390 39666 62592 99280 84991 42970 98835 65316 48522 88878
